   1              	 .syntax unified
   2              	 .cpu cortex-m4
   3              	 .eabi_attribute 27,3
   4              	 .fpu fpv4-sp-d16
   5              	 .eabi_attribute 20,1
   6              	 .eabi_attribute 21,1
   7              	 .eabi_attribute 23,3
   8              	 .eabi_attribute 24,1
   9              	 .eabi_attribute 25,1
  10              	 .eabi_attribute 26,1
  11              	 .eabi_attribute 30,4
  12              	 .eabi_attribute 34,1
  13              	 .eabi_attribute 18,4
  14              	 .thumb
  15              	 .file "arm_sin_cos_q31.c"
  16              	 .section .text.arm_sin_cos_q31,"ax",%progbits
  17              	 .align 1
  18              	 .global arm_sin_cos_q31
  19              	 .thumb
  20              	 .thumb_func
  22              	arm_sin_cos_q31:
  23              	 
  24              	 
  25 0000 2DE9F04F 	 push {r4,r5,r6,r7,r8,r9,r10,fp,lr}
  26 0004 C50D     	 lsrs r5,r0,#23
  27 0006 8BB0     	 sub sp,sp,#44
  28 0008 05F18003 	 add r3,r5,#128
  29 000c 0891     	 str r1,[sp,#32]
  30 000e C3F30803 	 ubfx r3,r3,#0,#9
  31 0012 7749     	 ldr r1,.L6
  32 0014 0992     	 str r2,[sp,#36]
  33 0016 51F823E0 	 ldr lr,[r1,r3,lsl#2]
  34 001a 51F825C0 	 ldr ip,[r1,r5,lsl#2]
  35 001e 0133     	 adds r3,r3,#1
  36 0020 A0EBC550 	 sub r0,r0,r5,lsl#23
  37 0024 51F82390 	 ldr r9,[r1,r3,lsl#2]
  38 0028 CCF10003 	 rsb r3,ip,#0
  39 002c 0493     	 str r3,[sp,#16]
  40 002e 6B1C     	 adds r3,r5,#1
  41 0030 0002     	 lsls r0,r0,#8
  42 0032 51F82380 	 ldr r8,[r1,r3,lsl#2]
  43 0036 6F49     	 ldr r1,.L6+4
  44 0038 CEEB0903 	 rsb r3,lr,r9
  45 003c 0593     	 str r3,[sp,#20]
  46 003e 049B     	 ldr r3,[sp,#16]
  47 0040 059D     	 ldr r5,[sp,#20]
  48 0042 C8F10004 	 rsb r4,r8,#0
  49 0046 1E46     	 mov r6,r3
  50 0048 DF17     	 asrs r7,r3,#31
  51 004a CDE90067 	 strd r6,[sp]
  52 004e E317     	 asrs r3,r4,#31
  53 0050 3619     	 adds r6,r6,r4
  54 0052 2246     	 mov r2,r4
  55 0054 5F41     	 adcs r7,r7,r3
  56 0056 CDE90623 	 strd r2,[sp,#24]
  57 005a 0024     	 movs r4,#0
  58 005c A6FB0123 	 umull r2,r3,r6,r1
  59 0060 141B     	 subs r4,r2,r4
  60 0062 01FB0733 	 mla r3,r1,r7,r3
  61 0066 63EB0505 	 sbc r5,r3,r5
  62 006a E60F     	 lsrs r6,r4,#31
  63 006c 46EA4506 	 orr r6,r6,r5,lsl#1
  64 0070 A0FB0623 	 umull r2,r3,r0,r6
  65 0074 CDE90223 	 strd r2,[sp,#8]
  66 0078 EC17     	 asrs r4,r5,#31
  67 007a 4FEAE07B 	 asr fp,r0,#31
  68 007e 039B     	 ldr r3,[sp,#12]
  69 0080 4443     	 muls r4,r0,r4
  70 0082 06FB0B44 	 mla r4,r6,fp,r4
  71 0086 E318     	 adds r3,r4,r3
  72 0088 0393     	 str r3,[sp,#12]
  73 008a 059B     	 ldr r3,[sp,#20]
  74 008c 0324     	 movs r4,#3
  75 008e 83FB0445 	 smull r4,r5,r3,r4
  76 0092 EB07     	 lsls r3,r5,#31
  77 0094 43EA5403 	 orr r3,r3,r4,lsr#1
  78 0098 E207     	 lsls r2,r4,#31
  79 009a DDE90045 	 ldrd r4,[sp]
  80 009e DDE90667 	 ldrd r6,[sp,#24]
  81 00a2 2419     	 adds r4,r4,r4
  82 00a4 6D41     	 adcs r5,r5,r5
  83 00a6 3619     	 adds r6,r6,r4
  84 00a8 6F41     	 adcs r7,r7,r5
  85 00aa 3D46     	 mov r5,r7
  86 00ac A6FB0167 	 umull r6,r7,r6,r1
  87 00b0 961B     	 subs r6,r2,r6
  88 00b2 01FB0577 	 mla r7,r1,r5,r7
  89 00b6 63EB0707 	 sbc r7,r3,r7
  90 00ba DDE90223 	 ldrd r2,[sp,#8]
  91 00be 9219     	 adds r2,r2,r6
  92 00c0 7B41     	 adcs r3,r3,r7
  93 00c2 D40F     	 lsrs r4,r2,#31
  94 00c4 44EA4304 	 orr r4,r4,r3,lsl#1
  95 00c8 DB17     	 asrs r3,r3,#31
  96 00ca 4343     	 muls r3,r0,r3
  97 00cc 04FB0B33 	 mla r3,r4,fp,r3
  98 00d0 A0FB0445 	 umull r4,r5,r0,r4
  99 00d4 1D44     	 add r5,r5,r3
 100 00d6 049B     	 ldr r3,[sp,#16]
 101 00d8 83FB0123 	 smull r2,r3,r3,r1
 102 00dc 1219     	 adds r2,r2,r4
 103 00de 6B41     	 adcs r3,r3,r5
 104 00e0 D60F     	 lsrs r6,r2,#31
 105 00e2 46EA4306 	 orr r6,r6,r3,lsl#1
 106 00e6 DB17     	 asrs r3,r3,#31
 107 00e8 4343     	 muls r3,r0,r3
 108 00ea 06FB0B33 	 mla r3,r6,fp,r3
 109 00ee A0FB0667 	 umull r6,r7,r0,r6
 110 00f2 1F44     	 add r7,r7,r3
 111 00f4 F20F     	 lsrs r2,r6,#31
 112 00f6 7446     	 mov r4,lr
 113 00f8 42EA4702 	 orr r2,r2,r7,lsl#1
 114 00fc 12EB0E02 	 adds r2,r2,lr
 115 0100 4FEAE475 	 asr r5,r4,#31
 116 0104 4FEAE773 	 asr r3,r7,#31
 117 0108 6B41     	 adcs r3,r3,r5
 118 010a B3EBE27F 	 cmp r3,r2,asr#31
 119 010e 1CBF     	 itt ne
 120 0110 DA17     	 asrne r2,r3,#31
 121 0112 82F00042 	 eorne r2,r2,#-2147483648
 122 0116 099B     	 ldr r3,[sp,#36]
 123 0118 18BF     	 it ne
 124 011a D243     	 mvnne r2,r2
 125 011c 1A60     	 str r2,[r3]
 126 011e 4A46     	 mov r2,r9
 127 0120 CCEB0806 	 rsb r6,ip,r8
 128 0124 D317     	 asrs r3,r2,#31
 129 0126 12EB0E08 	 adds r8,r2,lr
 130 012a 43EB0509 	 adc r9,r3,r5
 131 012e CDE90023 	 strd r2,[sp]
 132 0132 A8FB0123 	 umull r2,r3,r8,r1
 133 0136 4FF00008 	 mov r8,#0
 134 013a B2EB0802 	 subs r2,r2,r8
 135 013e 01FB0933 	 mla r3,r1,r9,r3
 136 0142 63EB0603 	 sbc r3,r3,r6
 137 0146 4FEAD278 	 lsr r8,r2,#31
 138 014a 48EA4308 	 orr r8,r8,r3,lsl#1
 139 014e DB17     	 asrs r3,r3,#31
 140 0150 4343     	 muls r3,r0,r3
 141 0152 08FB0B33 	 mla r3,r8,fp,r3
 142 0156 A0FB0889 	 umull r8,r9,r0,r8
 143 015a 9944     	 add r9,r9,r3
 144 015c 0323     	 movs r3,#3
 145 015e 86FB0367 	 smull r6,r7,r6,r3
 146 0162 FB07     	 lsls r3,r7,#31
 147 0164 43EA5603 	 orr r3,r3,r6,lsr#1
 148 0168 F207     	 lsls r2,r6,#31
 149 016a DDE90067 	 ldrd r6,[sp]
 150 016e 1EEB0E04 	 adds r4,lr,lr
 151 0172 6D41     	 adcs r5,r5,r5
 152 0174 3619     	 adds r6,r6,r4
 153 0176 6F41     	 adcs r7,r7,r5
 154 0178 3D46     	 mov r5,r7
 155 017a A6FB0167 	 umull r6,r7,r6,r1
 156 017e 01FB0577 	 mla r7,r1,r5,r7
 157 0182 921B     	 subs r2,r2,r6
 158 0184 63EB0703 	 sbc r3,r3,r7
 159 0188 18EB0208 	 adds r8,r8,r2
 160 018c 49EB0309 	 adc r9,r9,r3
 161 0190 4FEAD872 	 lsr r2,r8,#31
 162 0194 4FEAE974 	 asr r4,r9,#31
 163 0198 42EA4902 	 orr r2,r2,r9,lsl#1
 164 019c 4443     	 muls r4,r0,r4
 165 019e 02FB0B44 	 mla r4,r2,fp,r4
 166 01a2 A0FB0223 	 umull r2,r3,r0,r2
 167 01a6 2344     	 add r3,r3,r4
 168 01a8 8EFB0145 	 smull r4,r5,lr,r1
 169 01ac 1219     	 adds r2,r2,r4
 170 01ae 6B41     	 adcs r3,r3,r5
 171 01b0 D20F     	 lsrs r2,r2,#31
 172 01b2 42EA4302 	 orr r2,r2,r3,lsl#1
 173 01b6 DB17     	 asrs r3,r3,#31
 174 01b8 4343     	 muls r3,r0,r3
 175 01ba 02FB0B33 	 mla r3,r2,fp,r3
 176 01be A0FB0201 	 umull r0,r1,r0,r2
 177 01c2 1944     	 add r1,r1,r3
 178 01c4 C20F     	 lsrs r2,r0,#31
 179 01c6 42EA4102 	 orr r2,r2,r1,lsl#1
 180 01ca 12EB0C02 	 adds r2,r2,ip
 181 01ce 4FEAE173 	 asr r3,r1,#31
 182 01d2 43EBEC73 	 adc r3,r3,ip,asr#31
 183 01d6 B3EBE27F 	 cmp r3,r2,asr#31
 184 01da 1CBF     	 itt ne
 185 01dc DA17     	 asrne r2,r3,#31
 186 01de 82F00042 	 eorne r2,r2,#-2147483648
 187 01e2 089B     	 ldr r3,[sp,#32]
 188 01e4 18BF     	 it ne
 189 01e6 D243     	 mvnne r2,r2
 190 01e8 1A60     	 str r2,[r3]
 191 01ea 0BB0     	 add sp,sp,#44
 192              	 
 193 01ec BDE8F08F 	 pop {r4,r5,r6,r7,r8,r9,r10,fp,pc}
 194              	.L7:
 195              	 .align 2
 196              	.L6:
 197 01f0 00000000 	 .word sinTable_q31
 198 01f4 B51F9201 	 .word 26353589
 200              	 .ident "GCC: (GNU Tools for ARM Embedded Processors) 4.9.3 20141119 (release) [ARM/embedded-4_9-branch revision 218278]"
DEFINED SYMBOLS
                            *ABS*:00000000 arm_sin_cos_q31.c
    {standard input}:17     .text.arm_sin_cos_q31:00000000 $t
    {standard input}:22     .text.arm_sin_cos_q31:00000000 arm_sin_cos_q31
    {standard input}:197    .text.arm_sin_cos_q31:000001f0 $d

UNDEFINED SYMBOLS
sinTable_q31
