   1              	 .syntax unified
   2              	 .cpu cortex-m4
   3              	 .eabi_attribute 27,3
   4              	 .fpu fpv4-sp-d16
   5              	 .eabi_attribute 20,1
   6              	 .eabi_attribute 21,1
   7              	 .eabi_attribute 23,3
   8              	 .eabi_attribute 24,1
   9              	 .eabi_attribute 25,1
  10              	 .eabi_attribute 26,1
  11              	 .eabi_attribute 30,4
  12              	 .eabi_attribute 34,1
  13              	 .eabi_attribute 18,4
  14              	 .thumb
  15              	 .file "arm_pid_reset_q31.c"
  16              	 .section .text.arm_pid_reset_q31,"ax",%progbits
  17              	 .align 1
  18              	 .global arm_pid_reset_q31
  19              	 .thumb
  20              	 .thumb_func
  22              	arm_pid_reset_q31:
  23              	 
  24              	 
  25              	 
  26 0000 0C30     	 adds r0,r0,#12
  27 0002 0021     	 movs r1,#0
  28 0004 0C22     	 movs r2,#12
  29 0006 FFF7FEBF 	 b memset
  31              	 .ident "GCC: (GNU Tools for ARM Embedded Processors) 4.9.3 20141119 (release) [ARM/embedded-4_9-branch revision 218278]"
DEFINED SYMBOLS
                            *ABS*:00000000 arm_pid_reset_q31.c
    {standard input}:17     .text.arm_pid_reset_q31:00000000 $t
    {standard input}:22     .text.arm_pid_reset_q31:00000000 arm_pid_reset_q31

UNDEFINED SYMBOLS
memset
