   1              	 .syntax unified
   2              	 .cpu cortex-m4
   3              	 .eabi_attribute 27,3
   4              	 .fpu fpv4-sp-d16
   5              	 .eabi_attribute 20,1
   6              	 .eabi_attribute 21,1
   7              	 .eabi_attribute 23,3
   8              	 .eabi_attribute 24,1
   9              	 .eabi_attribute 25,1
  10              	 .eabi_attribute 26,1
  11              	 .eabi_attribute 30,4
  12              	 .eabi_attribute 34,1
  13              	 .eabi_attribute 18,4
  14              	 .thumb
  15              	 .file "xmc4_eru.c"
  16              	 .section .text.XMC_ERU_Enable,"ax",%progbits
  17              	 .align 1
  18              	 .global XMC_ERU_Enable
  19              	 .thumb
  20              	 .thumb_func
  22              	XMC_ERU_Enable:
  23              	 
  24              	 
  25              	 
  26 0000 034B     	 ldr r3,.L4
  27 0002 9842     	 cmp r0,r3
  28 0004 03D1     	 bne .L1
  29 0006 4FF48030 	 mov r0,#65536
  30 000a FFF7FEBF 	 b XMC_SCU_RESET_DeassertPeripheralReset
  31              	.L1:
  32 000e 7047     	 bx lr
  33              	.L5:
  34              	 .align 2
  35              	.L4:
  36 0010 00400440 	 .word 1074020352
  38              	 .section .text.XMC_ERU_Disable,"ax",%progbits
  39              	 .align 1
  40              	 .global XMC_ERU_Disable
  41              	 .thumb
  42              	 .thumb_func
  44              	XMC_ERU_Disable:
  45              	 
  46              	 
  47              	 
  48 0000 034B     	 ldr r3,.L8
  49 0002 9842     	 cmp r0,r3
  50 0004 03D1     	 bne .L6
  51 0006 4FF48030 	 mov r0,#65536
  52 000a FFF7FEBF 	 b XMC_SCU_RESET_AssertPeripheralReset
  53              	.L6:
  54 000e 7047     	 bx lr
  55              	.L9:
  56              	 .align 2
  57              	.L8:
  58 0010 00400440 	 .word 1074020352
  60              	 .ident "GCC: (GNU Tools for ARM Embedded Processors) 4.9.3 20141119 (release) [ARM/embedded-4_9-branch revision 218278]"
DEFINED SYMBOLS
                            *ABS*:00000000 xmc4_eru.c
    {standard input}:17     .text.XMC_ERU_Enable:00000000 $t
    {standard input}:22     .text.XMC_ERU_Enable:00000000 XMC_ERU_Enable
    {standard input}:36     .text.XMC_ERU_Enable:00000010 $d
    {standard input}:39     .text.XMC_ERU_Disable:00000000 $t
    {standard input}:44     .text.XMC_ERU_Disable:00000000 XMC_ERU_Disable
    {standard input}:58     .text.XMC_ERU_Disable:00000010 $d

UNDEFINED SYMBOLS
XMC_SCU_RESET_DeassertPeripheralReset
XMC_SCU_RESET_AssertPeripheralReset
