   1              	 .syntax unified
   2              	 .cpu cortex-m4
   3              	 .eabi_attribute 27,3
   4              	 .fpu fpv4-sp-d16
   5              	 .eabi_attribute 20,1
   6              	 .eabi_attribute 21,1
   7              	 .eabi_attribute 23,3
   8              	 .eabi_attribute 24,1
   9              	 .eabi_attribute 25,1
  10              	 .eabi_attribute 26,1
  11              	 .eabi_attribute 30,4
  12              	 .eabi_attribute 34,1
  13              	 .eabi_attribute 18,4
  14              	 .thumb
  15              	 .file "arm_cfft_radix4_q31.c"
  16              	 .section .text.arm_radix4_butterfly_q31,"ax",%progbits
  17              	 .align 1
  18              	 .global arm_radix4_butterfly_q31
  19              	 .thumb
  20              	 .thumb_func
  22              	arm_radix4_butterfly_q31:
  23              	 
  24              	 
  25 0000 2DE9F04F 	 push {r4,r5,r6,r7,r8,r9,r10,fp,lr}
  26 0004 99B0     	 sub sp,sp,#100
  27 0006 4FEA910A 	 lsr r10,r1,#2
  28 000a 1591     	 str r1,[sp,#84]
  29 000c 4FEACA01 	 lsl r1,r10,#3
  30 0010 9346     	 mov fp,r2
  31 0012 4218     	 adds r2,r0,r1
  32 0014 0393     	 str r3,[sp,#12]
  33 0016 5318     	 adds r3,r2,r1
  34 0018 0831     	 adds r1,r1,#8
  35 001a 03F10807 	 add r7,r3,#8
  36 001e 0B44     	 add r3,r3,r1
  37 0020 0399     	 ldr r1,[sp,#12]
  38 0022 0590     	 str r0,[sp,#20]
  39 0024 0901     	 lsls r1,r1,#4
  40 0026 0D91     	 str r1,[sp,#52]
  41 0028 0399     	 ldr r1,[sp,#12]
  42 002a CDF800B0 	 str fp,[sp]
  43 002e C900     	 lsls r1,r1,#3
  44 0030 00F1080C 	 add ip,r0,#8
  45 0034 0398     	 ldr r0,[sp,#12]
  46 0036 0C91     	 str r1,[sp,#48]
  47 0038 1821     	 movs r1,#24
  48 003a 4143     	 muls r1,r0,r1
  49 003c 0832     	 adds r2,r2,#8
  50 003e 0B91     	 str r1,[sp,#44]
  51 0040 CDF804B0 	 str fp,[sp,#4]
  52 0044 CDF808B0 	 str fp,[sp,#8]
  53 0048 CDF810A0 	 str r10,[sp,#16]
  54              	.L2:
  55 004c 57F8080C 	 ldr r0,[r7,#-8]
  56 0050 5CF8081C 	 ldr r1,[ip,#-8]
  57 0054 5CF8044C 	 ldr r4,[ip,#-4]
  58 0058 0011     	 asrs r0,r0,#4
  59 005a 0911     	 asrs r1,r1,#4
  60 005c 0D18     	 adds r5,r1,r0
  61 005e 091A     	 subs r1,r1,r0
  62 0060 0891     	 str r1,[sp,#32]
  63 0062 53F8081C 	 ldr r1,[r3,#-8]
  64 0066 52F8080C 	 ldr r0,[r2,#-8]
  65 006a 0E11     	 asrs r6,r1,#4
  66 006c 2111     	 asrs r1,r4,#4
  67 006e 57F8044C 	 ldr r4,[r7,#-4]
  68 0072 06EB2016 	 add r6,r6,r0,asr#4
  69 0076 2011     	 asrs r0,r4,#4
  70 0078 01EB000E 	 add lr,r1,r0
  71 007c 091A     	 subs r1,r1,r0
  72 007e 0691     	 str r1,[sp,#24]
  73 0080 A919     	 adds r1,r5,r6
  74 0082 4CF8081C 	 str r1,[ip,#-8]
  75 0086 53F8041C 	 ldr r1,[r3,#-4]
  76 008a 52F8040C 	 ldr r0,[r2,#-4]
  77 008e 0C11     	 asrs r4,r1,#4
  78 0090 04EB2014 	 add r4,r4,r0,asr#4
  79 0094 0EEB0401 	 add r1,lr,r4
  80 0098 4CF8041C 	 str r1,[ip,#-4]
  81 009c 53F8040C 	 ldr r0,[r3,#-4]
  82 00a0 AE1B     	 subs r6,r5,r6
  83 00a2 52F8045C 	 ldr r5,[r2,#-4]
  84 00a6 0111     	 asrs r1,r0,#4
  85 00a8 C1EB2511 	 rsb r1,r1,r5,asr#4
  86 00ac 53F8085C 	 ldr r5,[r3,#-8]
  87 00b0 0991     	 str r1,[sp,#36]
  88 00b2 2811     	 asrs r0,r5,#4
  89 00b4 52F8085C 	 ldr r5,[r2,#-8]
  90 00b8 C0EB2511 	 rsb r1,r0,r5,asr#4
  91 00bc 029D     	 ldr r5,[sp,#8]
  92 00be 0A91     	 str r1,[sp,#40]
  93 00c0 2D68     	 ldr r5,[r5]
  94 00c2 0299     	 ldr r1,[sp,#8]
  95 00c4 C4EB0E04 	 rsb r4,r4,lr
  96 00c8 D1F804E0 	 ldr lr,[r1,#4]
  97 00cc 86FB0501 	 smull r0,r1,r6,r5
  98 00d0 CDE90E01 	 strd r0,[sp,#56]
  99 00d4 0F98     	 ldr r0,[sp,#60]
 100 00d6 0899     	 ldr r1,[sp,#32]
 101 00d8 84FB0E89 	 smull r8,r9,r4,lr
 102 00dc 4844     	 add r0,r0,r9
 103 00de 4FEA4008 	 lsl r8,r0,#1
 104 00e2 42F8088C 	 str r8,[r2,#-8]
 105 00e6 84FB0545 	 smull r4,r5,r4,r5
 106 00ea 86FB0E89 	 smull r8,r9,r6,lr
 107 00ee C9EB0504 	 rsb r4,r9,r5
 108 00f2 6400     	 lsls r4,r4,#1
 109 00f4 42F8044C 	 str r4,[r2,#-4]
 110 00f8 099C     	 ldr r4,[sp,#36]
 111 00fa 0E19     	 adds r6,r1,r4
 112 00fc 091B     	 subs r1,r1,r4
 113 00fe 0891     	 str r1,[sp,#32]
 114 0100 069C     	 ldr r4,[sp,#24]
 115 0102 0A99     	 ldr r1,[sp,#40]
 116 0104 C1EB0408 	 rsb r8,r1,r4
 117 0108 2144     	 add r1,r1,r4
 118 010a 019C     	 ldr r4,[sp,#4]
 119 010c 94E80042 	 ldmia r4,{r9,lr}
 120 0110 86FB0945 	 smull r4,r5,r6,r9
 121 0114 CDE90645 	 strd r4,[sp,#24]
 122 0118 0846     	 mov r0,r1
 123 011a 0799     	 ldr r1,[sp,#28]
 124 011c 88FB0E45 	 smull r4,r5,r8,lr
 125 0120 6C18     	 adds r4,r5,r1
 126 0122 6400     	 lsls r4,r4,#1
 127 0124 47F8084C 	 str r4,[r7,#-8]
 128 0128 88FB0989 	 smull r8,r9,r8,r9
 129 012c 86FB0E45 	 smull r4,r5,r6,lr
 130 0130 C5EB0904 	 rsb r4,r5,r9
 131 0134 0099     	 ldr r1,[sp]
 132 0136 6400     	 lsls r4,r4,#1
 133 0138 47F8044C 	 str r4,[r7,#-4]
 134 013c D1F800E0 	 ldr lr,[r1]
 135 0140 4E68     	 ldr r6,[r1,#4]
 136 0142 0899     	 ldr r1,[sp,#32]
 137 0144 80FB0689 	 smull r8,r9,r0,r6
 138 0148 81FB0E45 	 smull r4,r5,r1,lr
 139 014c 09EB0504 	 add r4,r9,r5
 140 0150 6400     	 lsls r4,r4,#1
 141 0152 43F8084C 	 str r4,[r3,#-8]
 142 0156 80FB0E45 	 smull r4,r5,r0,lr
 143 015a 81FB0601 	 smull r0,r1,r1,r6
 144 015e 691A     	 subs r1,r5,r1
 145 0160 4900     	 lsls r1,r1,#1
 146 0162 43F8041C 	 str r1,[r3,#-4]
 147 0166 0D98     	 ldr r0,[sp,#52]
 148 0168 0299     	 ldr r1,[sp,#8]
 149 016a 0144     	 add r1,r1,r0
 150 016c 0291     	 str r1,[sp,#8]
 151 016e 0C98     	 ldr r0,[sp,#48]
 152 0170 0199     	 ldr r1,[sp,#4]
 153 0172 0144     	 add r1,r1,r0
 154 0174 0191     	 str r1,[sp,#4]
 155 0176 0B98     	 ldr r0,[sp,#44]
 156 0178 0099     	 ldr r1,[sp]
 157 017a 0144     	 add r1,r1,r0
 158 017c 0091     	 str r1,[sp]
 159 017e 0499     	 ldr r1,[sp,#16]
 160 0180 0139     	 subs r1,r1,#1
 161 0182 0CF1080C 	 add ip,ip,#8
 162 0186 02F10802 	 add r2,r2,#8
 163 018a 07F10807 	 add r7,r7,#8
 164 018e 03F10803 	 add r3,r3,#8
 165 0192 0491     	 str r1,[sp,#16]
 166 0194 7FF45AAF 	 bne .L2
 167 0198 039B     	 ldr r3,[sp,#12]
 168 019a CDF824A0 	 str r10,[sp,#36]
 169 019e 9B00     	 lsls r3,r3,#2
 170 01a0 0893     	 str r3,[sp,#32]
 171 01a2 CDF808A0 	 str r10,[sp,#8]
 172              	.L3:
 173 01a6 099B     	 ldr r3,[sp,#36]
 174 01a8 042B     	 cmp r3,#4
 175 01aa 40F2CC80 	 bls .L14
 176 01ae 029B     	 ldr r3,[sp,#8]
 177 01b0 9B08     	 lsrs r3,r3,#2
 178 01b2 0A93     	 str r3,[sp,#40]
 179 01b4 DB00     	 lsls r3,r3,#3
 180 01b6 0B93     	 str r3,[sp,#44]
 181 01b8 029B     	 ldr r3,[sp,#8]
 182 01ba DB00     	 lsls r3,r3,#3
 183 01bc 0393     	 str r3,[sp,#12]
 184 01be 059B     	 ldr r3,[sp,#20]
 185 01c0 0493     	 str r3,[sp,#16]
 186 01c2 0023     	 movs r3,#0
 187 01c4 0193     	 str r3,[sp,#4]
 188 01c6 0093     	 str r3,[sp]
 189              	.L4:
 190 01c8 0A9B     	 ldr r3,[sp,#40]
 191 01ca 019A     	 ldr r2,[sp,#4]
 192 01cc 013B     	 subs r3,r3,#1
 193 01ce 9A42     	 cmp r2,r3
 194 01d0 00F2B080 	 bhi .L15
 195 01d4 009B     	 ldr r3,[sp]
 196 01d6 0098     	 ldr r0,[sp]
 197 01d8 5BF83330 	 ldr r3,[fp,r3,lsl#3]
 198 01dc 0C93     	 str r3,[sp,#48]
 199 01de 009B     	 ldr r3,[sp]
 200 01e0 DDF810C0 	 ldr ip,[sp,#16]
 201 01e4 DB00     	 lsls r3,r3,#3
 202 01e6 0BEB0302 	 add r2,fp,r3
 203 01ea 5168     	 ldr r1,[r2,#4]
 204 01ec 0D91     	 str r1,[sp,#52]
 205 01ee 0099     	 ldr r1,[sp]
 206 01f0 1A44     	 add r2,r2,r3
 207 01f2 0901     	 lsls r1,r1,#4
 208 01f4 1344     	 add r3,r3,r2
 209 01f6 5BF80110 	 ldr r1,[fp,r1]
 210 01fa 5B68     	 ldr r3,[r3,#4]
 211 01fc 0E91     	 str r1,[sp,#56]
 212 01fe 5168     	 ldr r1,[r2,#4]
 213 0200 089A     	 ldr r2,[sp,#32]
 214 0202 1493     	 str r3,[sp,#80]
 215 0204 0346     	 mov r3,r0
 216 0206 1344     	 add r3,r3,r2
 217 0208 0B9A     	 ldr r2,[sp,#44]
 218 020a 1091     	 str r1,[sp,#64]
 219 020c 0093     	 str r3,[sp]
 220 020e 1821     	 movs r1,#24
 221 0210 6346     	 mov r3,ip
 222 0212 4143     	 muls r1,r0,r1
 223 0214 1344     	 add r3,r3,r2
 224 0216 9C18     	 adds r4,r3,r2
 225 0218 5BF80110 	 ldr r1,[fp,r1]
 226 021c 1191     	 str r1,[sp,#68]
 227 021e A018     	 adds r0,r4,r2
 228 0220 019A     	 ldr r2,[sp,#4]
 229              	.L12:
 230 0222 0692     	 str r2,[sp,#24]
 231 0224 069A     	 ldr r2,[sp,#24]
 232 0226 1599     	 ldr r1,[sp,#84]
 233 0228 8A42     	 cmp r2,r1
 234 022a 7CD2     	 bcs .L16
 235 022c 2268     	 ldr r2,[r4]
 236 022e DCF80010 	 ldr r1,[ip]
 237 0232 DCF80450 	 ldr r5,[ip,#4]
 238 0236 C2EB0109 	 rsb r9,r2,r1
 239 023a 01EB020E 	 add lr,r1,r2
 240 023e 6268     	 ldr r2,[r4,#4]
 241 0240 1968     	 ldr r1,[r3]
 242 0242 AF18     	 adds r7,r5,r2
 243 0244 AD1A     	 subs r5,r5,r2
 244 0246 0268     	 ldr r2,[r0]
 245 0248 8E18     	 adds r6,r1,r2
 246 024a 0EEB0601 	 add r1,lr,r6
 247 024e 8910     	 asrs r1,r1,#2
 248 0250 CCF80010 	 str r1,[ip]
 249 0254 4268     	 ldr r2,[r0,#4]
 250 0256 5968     	 ldr r1,[r3,#4]
 251 0258 01EB0208 	 add r8,r1,r2
 252 025c C6EB0E0E 	 rsb lr,r6,lr
 253 0260 07EB0806 	 add r6,r7,r8
 254 0264 039A     	 ldr r2,[sp,#12]
 255 0266 B610     	 asrs r6,r6,#2
 256 0268 CCF80460 	 str r6,[ip,#4]
 257 026c 5968     	 ldr r1,[r3,#4]
 258 026e 1E68     	 ldr r6,[r3]
 259 0270 9444     	 add ip,ip,r2
 260 0272 4268     	 ldr r2,[r0,#4]
 261 0274 8A1A     	 subs r2,r1,r2
 262 0276 0168     	 ldr r1,[r0]
 263 0278 1292     	 str r2,[sp,#72]
 264 027a 711A     	 subs r1,r6,r1
 265 027c 0E9E     	 ldr r6,[sp,#56]
 266 027e C8EB0708 	 rsb r8,r8,r7
 267 0282 8EFB0667 	 smull r6,r7,lr,r6
 268 0286 CDE91667 	 strd r6,[sp,#88]
 269 028a 109E     	 ldr r6,[sp,#64]
 270 028c 179A     	 ldr r2,[sp,#92]
 271 028e 88FB0667 	 smull r6,r7,r8,r6
 272 0292 BE18     	 adds r6,r7,r2
 273 0294 0E9A     	 ldr r2,[sp,#56]
 274 0296 7610     	 asrs r6,r6,#1
 275 0298 1E60     	 str r6,[r3]
 276 029a 88FB0267 	 smull r6,r7,r8,r2
 277 029e 109A     	 ldr r2,[sp,#64]
 278 02a0 CDE91667 	 strd r6,[sp,#88]
 279 02a4 8EFB0267 	 smull r6,r7,lr,r2
 280 02a8 179A     	 ldr r2,[sp,#92]
 281 02aa D61B     	 subs r6,r2,r7
 282 02ac 039A     	 ldr r2,[sp,#12]
 283 02ae 7610     	 asrs r6,r6,#1
 284 02b0 5E60     	 str r6,[r3,#4]
 285 02b2 1344     	 add r3,r3,r2
 286 02b4 129A     	 ldr r2,[sp,#72]
 287 02b6 6E1A     	 subs r6,r5,r1
 288 02b8 2944     	 add r1,r1,r5
 289 02ba 0C9D     	 ldr r5,[sp,#48]
 290 02bc 09EB020E 	 add lr,r9,r2
 291 02c0 C2EB0902 	 rsb r2,r2,r9
 292 02c4 8EFB0589 	 smull r8,r9,lr,r5
 293 02c8 0D9D     	 ldr r5,[sp,#52]
 294 02ca CDE91289 	 strd r8,[sp,#72]
 295 02ce 86FB0589 	 smull r8,r9,r6,r5
 296 02d2 139D     	 ldr r5,[sp,#76]
 297 02d4 4D44     	 add r5,r9,r5
 298 02d6 6D10     	 asrs r5,r5,#1
 299 02d8 2560     	 str r5,[r4]
 300 02da 0C9D     	 ldr r5,[sp,#48]
 301 02dc 86FB0567 	 smull r6,r7,r6,r5
 302 02e0 0D9D     	 ldr r5,[sp,#52]
 303 02e2 8EFB0589 	 smull r8,r9,lr,r5
 304 02e6 C9EB0705 	 rsb r5,r9,r7
 305 02ea 6D10     	 asrs r5,r5,#1
 306 02ec 6560     	 str r5,[r4,#4]
 307 02ee 039D     	 ldr r5,[sp,#12]
 308 02f0 2C44     	 add r4,r4,r5
 309 02f2 119D     	 ldr r5,[sp,#68]
 310 02f4 82FB0567 	 smull r6,r7,r2,r5
 311 02f8 149D     	 ldr r5,[sp,#80]
 312 02fa 81FB0589 	 smull r8,r9,r1,r5
 313 02fe 09EB0705 	 add r5,r9,r7
 314 0302 6D10     	 asrs r5,r5,#1
 315 0304 0560     	 str r5,[r0]
 316 0306 119D     	 ldr r5,[sp,#68]
 317 0308 81FB0567 	 smull r6,r7,r1,r5
 318 030c 1499     	 ldr r1,[sp,#80]
 319 030e 82FB0189 	 smull r8,r9,r2,r1
 320 0312 C9EB0702 	 rsb r2,r9,r7
 321 0316 5210     	 asrs r2,r2,#1
 322 0318 4260     	 str r2,[r0,#4]
 323 031a 039A     	 ldr r2,[sp,#12]
 324 031c 0299     	 ldr r1,[sp,#8]
 325 031e 1044     	 add r0,r0,r2
 326 0320 069A     	 ldr r2,[sp,#24]
 327 0322 0A44     	 add r2,r2,r1
 328 0324 7DE7     	 b .L12
 329              	.L16:
 330 0326 019B     	 ldr r3,[sp,#4]
 331 0328 0133     	 adds r3,r3,#1
 332 032a 0193     	 str r3,[sp,#4]
 333 032c 049B     	 ldr r3,[sp,#16]
 334 032e 0833     	 adds r3,r3,#8
 335 0330 0493     	 str r3,[sp,#16]
 336 0332 49E7     	 b .L4
 337              	.L15:
 338 0334 089B     	 ldr r3,[sp,#32]
 339 0336 9B00     	 lsls r3,r3,#2
 340 0338 0893     	 str r3,[sp,#32]
 341 033a 099B     	 ldr r3,[sp,#36]
 342 033c 9B08     	 lsrs r3,r3,#2
 343 033e 0993     	 str r3,[sp,#36]
 344 0340 0A9B     	 ldr r3,[sp,#40]
 345 0342 0293     	 str r3,[sp,#8]
 346 0344 2FE7     	 b .L3
 347              	.L14:
 348 0346 0598     	 ldr r0,[sp,#20]
 349 0348 2030     	 adds r0,r0,#32
 350              	.L9:
 351 034a A0F12001 	 sub r1,r0,#32
 352 034e 91E80E10 	 ldmia r1,{r1,r2,r3,ip}
 353 0352 50F810EC 	 ldr lr,[r0,#-16]
 354 0356 50F8086C 	 ldr r6,[r0,#-8]
 355 035a 50F80C7C 	 ldr r7,[r0,#-12]
 356 035e 50F8044C 	 ldr r4,[r0,#-4]
 357 0362 CD18     	 adds r5,r1,r3
 358 0364 7544     	 add r5,r5,lr
 359 0366 3544     	 add r5,r5,r6
 360 0368 40F8205C 	 str r5,[r0,#-32]
 361 036c 02EB0C05 	 add r5,r2,ip
 362 0370 3D44     	 add r5,r5,r7
 363 0372 2544     	 add r5,r5,r4
 364 0374 40F81C5C 	 str r5,[r0,#-28]
 365 0378 CD1A     	 subs r5,r1,r3
 366 037a 7544     	 add r5,r5,lr
 367 037c AD1B     	 subs r5,r5,r6
 368 037e 40F8185C 	 str r5,[r0,#-24]
 369 0382 CCEB0205 	 rsb r5,ip,r2
 370 0386 3D44     	 add r5,r5,r7
 371 0388 2D1B     	 subs r5,r5,r4
 372 038a 40F8145C 	 str r5,[r0,#-20]
 373 038e 01EB0C05 	 add r5,r1,ip
 374 0392 CEEB0505 	 rsb r5,lr,r5
 375 0396 2D1B     	 subs r5,r5,r4
 376 0398 40F8105C 	 str r5,[r0,#-16]
 377 039c CCEB0101 	 rsb r1,ip,r1
 378 03a0 D51A     	 subs r5,r2,r3
 379 03a2 1A44     	 add r2,r2,r3
 380 03a4 ED1B     	 subs r5,r5,r7
 381 03a6 CEEB0101 	 rsb r1,lr,r1
 382 03aa D31B     	 subs r3,r2,r7
 383 03ac 3544     	 add r5,r5,r6
 384 03ae 2144     	 add r1,r1,r4
 385 03b0 9B1B     	 subs r3,r3,r6
 386 03b2 BAF1010A 	 subs r10,r10,#1
 387 03b6 40F80C5C 	 str r5,[r0,#-12]
 388 03ba 40F8081C 	 str r1,[r0,#-8]
 389 03be 40F8043C 	 str r3,[r0,#-4]
 390 03c2 00F12000 	 add r0,r0,#32
 391 03c6 C0D1     	 bne .L9
 392 03c8 19B0     	 add sp,sp,#100
 393              	 
 394 03ca BDE8F08F 	 pop {r4,r5,r6,r7,r8,r9,r10,fp,pc}
 396              	 .section .text.arm_radix4_butterfly_inverse_q31,"ax",%progbits
 397              	 .align 1
 398              	 .global arm_radix4_butterfly_inverse_q31
 399              	 .thumb
 400              	 .thumb_func
 402              	arm_radix4_butterfly_inverse_q31:
 403              	 
 404              	 
 405 0000 2DE9F04F 	 push {r4,r5,r6,r7,r8,r9,r10,fp,lr}
 406 0004 9BB0     	 sub sp,sp,#108
 407 0006 4FEA910A 	 lsr r10,r1,#2
 408 000a 1591     	 str r1,[sp,#84]
 409 000c 4FEACA01 	 lsl r1,r10,#3
 410 0010 9346     	 mov fp,r2
 411 0012 4218     	 adds r2,r0,r1
 412 0014 0393     	 str r3,[sp,#12]
 413 0016 5318     	 adds r3,r2,r1
 414 0018 0831     	 adds r1,r1,#8
 415 001a 03F10807 	 add r7,r3,#8
 416 001e 0B44     	 add r3,r3,r1
 417 0020 0399     	 ldr r1,[sp,#12]
 418 0022 0490     	 str r0,[sp,#16]
 419 0024 0901     	 lsls r1,r1,#4
 420 0026 0E91     	 str r1,[sp,#56]
 421 0028 0399     	 ldr r1,[sp,#12]
 422 002a CDF800B0 	 str fp,[sp]
 423 002e C900     	 lsls r1,r1,#3
 424 0030 00F1080C 	 add ip,r0,#8
 425 0034 0398     	 ldr r0,[sp,#12]
 426 0036 0B91     	 str r1,[sp,#44]
 427 0038 1821     	 movs r1,#24
 428 003a 4143     	 muls r1,r0,r1
 429 003c 0832     	 adds r2,r2,#8
 430 003e 0A91     	 str r1,[sp,#40]
 431 0040 CDF804B0 	 str fp,[sp,#4]
 432 0044 CDF808B0 	 str fp,[sp,#8]
 433 0048 CDF814A0 	 str r10,[sp,#20]
 434              	.L18:
 435 004c 57F8080C 	 ldr r0,[r7,#-8]
 436 0050 5CF8081C 	 ldr r1,[ip,#-8]
 437 0054 5CF8044C 	 ldr r4,[ip,#-4]
 438 0058 0011     	 asrs r0,r0,#4
 439 005a 0911     	 asrs r1,r1,#4
 440 005c 0D18     	 adds r5,r1,r0
 441 005e 091A     	 subs r1,r1,r0
 442 0060 0891     	 str r1,[sp,#32]
 443 0062 53F8081C 	 ldr r1,[r3,#-8]
 444 0066 52F8080C 	 ldr r0,[r2,#-8]
 445 006a 0E11     	 asrs r6,r1,#4
 446 006c 2111     	 asrs r1,r4,#4
 447 006e 57F8044C 	 ldr r4,[r7,#-4]
 448 0072 06EB2016 	 add r6,r6,r0,asr#4
 449 0076 2011     	 asrs r0,r4,#4
 450 0078 01EB000E 	 add lr,r1,r0
 451 007c 091A     	 subs r1,r1,r0
 452 007e 0691     	 str r1,[sp,#24]
 453 0080 A919     	 adds r1,r5,r6
 454 0082 4CF8081C 	 str r1,[ip,#-8]
 455 0086 53F8041C 	 ldr r1,[r3,#-4]
 456 008a 52F8040C 	 ldr r0,[r2,#-4]
 457 008e 0C11     	 asrs r4,r1,#4
 458 0090 04EB2014 	 add r4,r4,r0,asr#4
 459 0094 0EEB0401 	 add r1,lr,r4
 460 0098 4CF8041C 	 str r1,[ip,#-4]
 461 009c 53F8040C 	 ldr r0,[r3,#-4]
 462 00a0 AE1B     	 subs r6,r5,r6
 463 00a2 52F8045C 	 ldr r5,[r2,#-4]
 464 00a6 0111     	 asrs r1,r0,#4
 465 00a8 C1EB2511 	 rsb r1,r1,r5,asr#4
 466 00ac 53F8085C 	 ldr r5,[r3,#-8]
 467 00b0 0991     	 str r1,[sp,#36]
 468 00b2 2811     	 asrs r0,r5,#4
 469 00b4 52F8085C 	 ldr r5,[r2,#-8]
 470 00b8 0299     	 ldr r1,[sp,#8]
 471 00ba C0EB2510 	 rsb r0,r0,r5,asr#4
 472 00be 029D     	 ldr r5,[sp,#8]
 473 00c0 2D68     	 ldr r5,[r5]
 474 00c2 86FB0589 	 smull r8,r9,r6,r5
 475 00c6 C4EB0E04 	 rsb r4,r4,lr
 476 00ca CDE90C89 	 strd r8,[sp,#48]
 477 00ce D1F804E0 	 ldr lr,[r1,#4]
 478 00d2 0D99     	 ldr r1,[sp,#52]
 479 00d4 84FB0E89 	 smull r8,r9,r4,lr
 480 00d8 C9EB0108 	 rsb r8,r9,r1
 481 00dc 4FEA4808 	 lsl r8,r8,#1
 482 00e0 42F8088C 	 str r8,[r2,#-8]
 483 00e4 84FB0545 	 smull r4,r5,r4,r5
 484 00e8 86FB0E89 	 smull r8,r9,r6,lr
 485 00ec 09EB0504 	 add r4,r9,r5
 486 00f0 6400     	 lsls r4,r4,#1
 487 00f2 42F8044C 	 str r4,[r2,#-4]
 488 00f6 0899     	 ldr r1,[sp,#32]
 489 00f8 099C     	 ldr r4,[sp,#36]
 490 00fa 0E1B     	 subs r6,r1,r4
 491 00fc 0C44     	 add r4,r4,r1
 492 00fe 0894     	 str r4,[sp,#32]
 493 0100 069C     	 ldr r4,[sp,#24]
 494 0102 04EB000E 	 add lr,r4,r0
 495 0106 201A     	 subs r0,r4,r0
 496 0108 019C     	 ldr r4,[sp,#4]
 497 010a D4F80090 	 ldr r9,[r4]
 498 010e D4F80480 	 ldr r8,[r4,#4]
 499 0112 86FB0945 	 smull r4,r5,r6,r9
 500 0116 CDE90645 	 strd r4,[sp,#24]
 501 011a 8EFB0845 	 smull r4,r5,lr,r8
 502 011e 079C     	 ldr r4,[sp,#28]
 503 0120 0099     	 ldr r1,[sp]
 504 0122 641B     	 subs r4,r4,r5
 505 0124 6400     	 lsls r4,r4,#1
 506 0126 47F8084C 	 str r4,[r7,#-8]
 507 012a 8EFB0945 	 smull r4,r5,lr,r9
 508 012e 86FB0889 	 smull r8,r9,r6,r8
 509 0132 09EB0504 	 add r4,r9,r5
 510 0136 6400     	 lsls r4,r4,#1
 511 0138 47F8044C 	 str r4,[r7,#-4]
 512 013c D1F800E0 	 ldr lr,[r1]
 513 0140 4E68     	 ldr r6,[r1,#4]
 514 0142 0899     	 ldr r1,[sp,#32]
 515 0144 80FB0645 	 smull r4,r5,r0,r6
 516 0148 81FB0E89 	 smull r8,r9,r1,lr
 517 014c C5EB0904 	 rsb r4,r5,r9
 518 0150 6400     	 lsls r4,r4,#1
 519 0152 43F8084C 	 str r4,[r3,#-8]
 520 0156 80FB0E45 	 smull r4,r5,r0,lr
 521 015a 81FB0601 	 smull r0,r1,r1,r6
 522 015e 2944     	 add r1,r1,r5
 523 0160 4900     	 lsls r1,r1,#1
 524 0162 43F8041C 	 str r1,[r3,#-4]
 525 0166 0E98     	 ldr r0,[sp,#56]
 526 0168 0299     	 ldr r1,[sp,#8]
 527 016a 0144     	 add r1,r1,r0
 528 016c 0291     	 str r1,[sp,#8]
 529 016e 0B98     	 ldr r0,[sp,#44]
 530 0170 0199     	 ldr r1,[sp,#4]
 531 0172 0144     	 add r1,r1,r0
 532 0174 0191     	 str r1,[sp,#4]
 533 0176 0A98     	 ldr r0,[sp,#40]
 534 0178 0099     	 ldr r1,[sp]
 535 017a 0144     	 add r1,r1,r0
 536 017c 0091     	 str r1,[sp]
 537 017e 0599     	 ldr r1,[sp,#20]
 538 0180 0139     	 subs r1,r1,#1
 539 0182 0CF1080C 	 add ip,ip,#8
 540 0186 02F10802 	 add r2,r2,#8
 541 018a 07F10807 	 add r7,r7,#8
 542 018e 03F10803 	 add r3,r3,#8
 543 0192 0591     	 str r1,[sp,#20]
 544 0194 7FF45AAF 	 bne .L18
 545 0198 039B     	 ldr r3,[sp,#12]
 546 019a CDF818A0 	 str r10,[sp,#24]
 547 019e 9B00     	 lsls r3,r3,#2
 548 01a0 0593     	 str r3,[sp,#20]
 549 01a2 CDF804A0 	 str r10,[sp,#4]
 550              	.L19:
 551 01a6 069B     	 ldr r3,[sp,#24]
 552 01a8 042B     	 cmp r3,#4
 553 01aa 40F2CC80 	 bls .L29
 554 01ae 019B     	 ldr r3,[sp,#4]
 555 01b0 9B08     	 lsrs r3,r3,#2
 556 01b2 0993     	 str r3,[sp,#36]
 557 01b4 DB00     	 lsls r3,r3,#3
 558 01b6 0A93     	 str r3,[sp,#40]
 559 01b8 019B     	 ldr r3,[sp,#4]
 560 01ba DB00     	 lsls r3,r3,#3
 561 01bc 0293     	 str r3,[sp,#8]
 562 01be 049B     	 ldr r3,[sp,#16]
 563 01c0 0393     	 str r3,[sp,#12]
 564 01c2 0023     	 movs r3,#0
 565 01c4 0093     	 str r3,[sp]
 566 01c6 9E46     	 mov lr,r3
 567              	.L20:
 568 01c8 099B     	 ldr r3,[sp,#36]
 569 01ca 009A     	 ldr r2,[sp]
 570 01cc 013B     	 subs r3,r3,#1
 571 01ce 9A42     	 cmp r2,r3
 572 01d0 00F2B080 	 bhi .L30
 573 01d4 5BF83E30 	 ldr r3,[fp,lr,lsl#3]
 574 01d8 0B93     	 str r3,[sp,#44]
 575 01da 4FEACE03 	 lsl r3,lr,#3
 576 01de 0BEB0302 	 add r2,fp,r3
 577 01e2 DDF80CC0 	 ldr ip,[sp,#12]
 578 01e6 5168     	 ldr r1,[r2,#4]
 579 01e8 0E91     	 str r1,[sp,#56]
 580 01ea 1A44     	 add r2,r2,r3
 581 01ec 4FEA0E11 	 lsl r1,lr,#4
 582 01f0 1344     	 add r3,r3,r2
 583 01f2 5BF80110 	 ldr r1,[fp,r1]
 584 01f6 5B68     	 ldr r3,[r3,#4]
 585 01f8 0C91     	 str r1,[sp,#48]
 586 01fa 1193     	 str r3,[sp,#68]
 587 01fc 5168     	 ldr r1,[r2,#4]
 588 01fe 059B     	 ldr r3,[sp,#20]
 589 0200 0A9A     	 ldr r2,[sp,#40]
 590 0202 0F91     	 str r1,[sp,#60]
 591 0204 1821     	 movs r1,#24
 592 0206 01FB0EF1 	 mul r1,r1,lr
 593 020a 9E44     	 add lr,lr,r3
 594 020c 6346     	 mov r3,ip
 595 020e 1344     	 add r3,r3,r2
 596 0210 9C18     	 adds r4,r3,r2
 597 0212 5BF80110 	 ldr r1,[fp,r1]
 598 0216 1091     	 str r1,[sp,#64]
 599 0218 A018     	 adds r0,r4,r2
 600 021a 009A     	 ldr r2,[sp]
 601              	.L28:
 602 021c 0892     	 str r2,[sp,#32]
 603 021e 089A     	 ldr r2,[sp,#32]
 604 0220 1599     	 ldr r1,[sp,#84]
 605 0222 8A42     	 cmp r2,r1
 606 0224 7FD2     	 bcs .L31
 607 0226 2268     	 ldr r2,[r4]
 608 0228 DCF80010 	 ldr r1,[ip]
 609 022c DCF80450 	 ldr r5,[ip,#4]
 610 0230 8E18     	 adds r6,r1,r2
 611 0232 C2EB0109 	 rsb r9,r2,r1
 612 0236 6268     	 ldr r2,[r4,#4]
 613 0238 1968     	 ldr r1,[r3]
 614 023a AF18     	 adds r7,r5,r2
 615 023c AD1A     	 subs r5,r5,r2
 616 023e 0268     	 ldr r2,[r0]
 617 0240 01EB0208 	 add r8,r1,r2
 618 0244 06EB0801 	 add r1,r6,r8
 619 0248 8910     	 asrs r1,r1,#2
 620 024a CCF80010 	 str r1,[ip]
 621 024e 4268     	 ldr r2,[r0,#4]
 622 0250 5968     	 ldr r1,[r3,#4]
 623 0252 C8EB0608 	 rsb r8,r8,r6
 624 0256 8E18     	 adds r6,r1,r2
 625 0258 B919     	 adds r1,r7,r6
 626 025a 029A     	 ldr r2,[sp,#8]
 627 025c 8910     	 asrs r1,r1,#2
 628 025e CCF80410 	 str r1,[ip,#4]
 629 0262 9444     	 add ip,ip,r2
 630 0264 BA1B     	 subs r2,r7,r6
 631 0266 1292     	 str r2,[sp,#72]
 632 0268 5968     	 ldr r1,[r3,#4]
 633 026a 4268     	 ldr r2,[r0,#4]
 634 026c 1E68     	 ldr r6,[r3]
 635 026e 891A     	 subs r1,r1,r2
 636 0270 0268     	 ldr r2,[r0]
 637 0272 B21A     	 subs r2,r6,r2
 638 0274 0C9E     	 ldr r6,[sp,#48]
 639 0276 1492     	 str r2,[sp,#80]
 640 0278 88FB0667 	 smull r6,r7,r8,r6
 641 027c CDE91667 	 strd r6,[sp,#88]
 642 0280 129A     	 ldr r2,[sp,#72]
 643 0282 0F9E     	 ldr r6,[sp,#60]
 644 0284 82FB0667 	 smull r6,r7,r2,r6
 645 0288 CDE91867 	 strd r6,[sp,#96]
 646 028c 199A     	 ldr r2,[sp,#100]
 647 028e 179E     	 ldr r6,[sp,#92]
 648 0290 B61A     	 subs r6,r6,r2
 649 0292 7610     	 asrs r6,r6,#1
 650 0294 1E60     	 str r6,[r3]
 651 0296 0C9A     	 ldr r2,[sp,#48]
 652 0298 129E     	 ldr r6,[sp,#72]
 653 029a 86FB0267 	 smull r6,r7,r6,r2
 654 029e 0F9A     	 ldr r2,[sp,#60]
 655 02a0 CDE91267 	 strd r6,[sp,#72]
 656 02a4 88FB0267 	 smull r6,r7,r8,r2
 657 02a8 139E     	 ldr r6,[sp,#76]
 658 02aa 029A     	 ldr r2,[sp,#8]
 659 02ac 3E44     	 add r6,r6,r7
 660 02ae 7610     	 asrs r6,r6,#1
 661 02b0 5E60     	 str r6,[r3,#4]
 662 02b2 1344     	 add r3,r3,r2
 663 02b4 149A     	 ldr r2,[sp,#80]
 664 02b6 C1EB0908 	 rsb r8,r1,r9
 665 02ba 4944     	 add r1,r1,r9
 666 02bc 05EB0209 	 add r9,r5,r2
 667 02c0 AA1A     	 subs r2,r5,r2
 668 02c2 0B9D     	 ldr r5,[sp,#44]
 669 02c4 88FB0567 	 smull r6,r7,r8,r5
 670 02c8 0E9D     	 ldr r5,[sp,#56]
 671 02ca CDE91267 	 strd r6,[sp,#72]
 672 02ce 89FB0567 	 smull r6,r7,r9,r5
 673 02d2 139D     	 ldr r5,[sp,#76]
 674 02d4 ED1B     	 subs r5,r5,r7
 675 02d6 6D10     	 asrs r5,r5,#1
 676 02d8 2560     	 str r5,[r4]
 677 02da 0B9D     	 ldr r5,[sp,#44]
 678 02dc 89FB0567 	 smull r6,r7,r9,r5
 679 02e0 0E9D     	 ldr r5,[sp,#56]
 680 02e2 88FB0589 	 smull r8,r9,r8,r5
 681 02e6 09EB0705 	 add r5,r9,r7
 682 02ea 6D10     	 asrs r5,r5,#1
 683 02ec 6560     	 str r5,[r4,#4]
 684 02ee 029D     	 ldr r5,[sp,#8]
 685 02f0 2C44     	 add r4,r4,r5
 686 02f2 109D     	 ldr r5,[sp,#64]
 687 02f4 81FB0589 	 smull r8,r9,r1,r5
 688 02f8 119D     	 ldr r5,[sp,#68]
 689 02fa 82FB0567 	 smull r6,r7,r2,r5
 690 02fe C7EB0905 	 rsb r5,r7,r9
 691 0302 6D10     	 asrs r5,r5,#1
 692 0304 0560     	 str r5,[r0]
 693 0306 109D     	 ldr r5,[sp,#64]
 694 0308 82FB0567 	 smull r6,r7,r2,r5
 695 030c 119A     	 ldr r2,[sp,#68]
 696 030e 81FB0289 	 smull r8,r9,r1,r2
 697 0312 09EB0702 	 add r2,r9,r7
 698 0316 5210     	 asrs r2,r2,#1
 699 0318 4260     	 str r2,[r0,#4]
 700 031a 029A     	 ldr r2,[sp,#8]
 701 031c 0199     	 ldr r1,[sp,#4]
 702 031e 1044     	 add r0,r0,r2
 703 0320 089A     	 ldr r2,[sp,#32]
 704 0322 0A44     	 add r2,r2,r1
 705 0324 7AE7     	 b .L28
 706              	.L31:
 707 0326 009B     	 ldr r3,[sp]
 708 0328 0133     	 adds r3,r3,#1
 709 032a 0093     	 str r3,[sp]
 710 032c 039B     	 ldr r3,[sp,#12]
 711 032e 0833     	 adds r3,r3,#8
 712 0330 0393     	 str r3,[sp,#12]
 713 0332 49E7     	 b .L20
 714              	.L30:
 715 0334 059B     	 ldr r3,[sp,#20]
 716 0336 9B00     	 lsls r3,r3,#2
 717 0338 0593     	 str r3,[sp,#20]
 718 033a 069B     	 ldr r3,[sp,#24]
 719 033c 9B08     	 lsrs r3,r3,#2
 720 033e 0693     	 str r3,[sp,#24]
 721 0340 099B     	 ldr r3,[sp,#36]
 722 0342 0193     	 str r3,[sp,#4]
 723 0344 2FE7     	 b .L19
 724              	.L29:
 725 0346 0498     	 ldr r0,[sp,#16]
 726 0348 2030     	 adds r0,r0,#32
 727              	.L25:
 728 034a 50F8202C 	 ldr r2,[r0,#-32]
 729 034e 50F8187C 	 ldr r7,[r0,#-24]
 730 0352 50F810CC 	 ldr ip,[r0,#-16]
 731 0356 50F8143C 	 ldr r3,[r0,#-20]
 732 035a 50F81C1C 	 ldr r1,[r0,#-28]
 733 035e 50F80C6C 	 ldr r6,[r0,#-12]
 734 0362 10E91040 	 ldmdb r0,{r4,lr}
 735 0366 D519     	 adds r5,r2,r7
 736 0368 6544     	 add r5,r5,ip
 737 036a 2544     	 add r5,r5,r4
 738 036c 40F8205C 	 str r5,[r0,#-32]
 739 0370 CD18     	 adds r5,r1,r3
 740 0372 3544     	 add r5,r5,r6
 741 0374 7544     	 add r5,r5,lr
 742 0376 40F81C5C 	 str r5,[r0,#-28]
 743 037a D51B     	 subs r5,r2,r7
 744 037c 6544     	 add r5,r5,ip
 745 037e 2D1B     	 subs r5,r5,r4
 746 0380 40F8185C 	 str r5,[r0,#-24]
 747 0384 CD1A     	 subs r5,r1,r3
 748 0386 3544     	 add r5,r5,r6
 749 0388 CEEB0505 	 rsb r5,lr,r5
 750 038c 40F8145C 	 str r5,[r0,#-20]
 751 0390 D51A     	 subs r5,r2,r3
 752 0392 CCEB0505 	 rsb r5,ip,r5
 753 0396 7544     	 add r5,r5,lr
 754 0398 40F8105C 	 str r5,[r0,#-16]
 755 039c 1A44     	 add r2,r2,r3
 756 039e CD19     	 adds r5,r1,r7
 757 03a0 C91B     	 subs r1,r1,r7
 758 03a2 AD1B     	 subs r5,r5,r6
 759 03a4 CCEB0203 	 rsb r3,ip,r2
 760 03a8 891B     	 subs r1,r1,r6
 761 03aa 2D1B     	 subs r5,r5,r4
 762 03ac CEEB0303 	 rsb r3,lr,r3
 763 03b0 2144     	 add r1,r1,r4
 764 03b2 BAF1010A 	 subs r10,r10,#1
 765 03b6 40F80C5C 	 str r5,[r0,#-12]
 766 03ba 40F8083C 	 str r3,[r0,#-8]
 767 03be 40F8041C 	 str r1,[r0,#-4]
 768 03c2 00F12000 	 add r0,r0,#32
 769 03c6 C0D1     	 bne .L25
 770 03c8 1BB0     	 add sp,sp,#108
 771              	 
 772 03ca BDE8F08F 	 pop {r4,r5,r6,r7,r8,r9,r10,fp,pc}
 774              	 .section .text.arm_cfft_radix4_q31,"ax",%progbits
 775              	 .align 1
 776              	 .global arm_cfft_radix4_q31
 777              	 .thumb
 778              	 .thumb_func
 780              	arm_cfft_radix4_q31:
 781              	 
 782              	 
 783 0000 70B5     	 push {r4,r5,r6,lr}
 784 0002 8378     	 ldrb r3,[r0,#2]
 785 0004 0446     	 mov r4,r0
 786 0006 012B     	 cmp r3,#1
 787 0008 0D46     	 mov r5,r1
 788 000a 0846     	 mov r0,r1
 789 000c A389     	 ldrh r3,[r4,#12]
 790 000e 2188     	 ldrh r1,[r4]
 791 0010 6268     	 ldr r2,[r4,#4]
 792 0012 02D1     	 bne .L33
 793 0014 FFF7FEFF 	 bl arm_radix4_butterfly_inverse_q31
 794 0018 01E0     	 b .L34
 795              	.L33:
 796 001a FFF7FEFF 	 bl arm_radix4_butterfly_q31
 797              	.L34:
 798 001e E378     	 ldrb r3,[r4,#3]
 799 0020 012B     	 cmp r3,#1
 800 0022 07D1     	 bne .L32
 801 0024 2846     	 mov r0,r5
 802 0026 2188     	 ldrh r1,[r4]
 803 0028 E289     	 ldrh r2,[r4,#14]
 804 002a A368     	 ldr r3,[r4,#8]
 805 002c BDE87040 	 pop {r4,r5,r6,lr}
 806 0030 FFF7FEBF 	 b arm_bitreversal_q31
 807              	.L32:
 808 0034 70BD     	 pop {r4,r5,r6,pc}
 810              	 .ident "GCC: (GNU Tools for ARM Embedded Processors) 4.9.3 20141119 (release) [ARM/embedded-4_9-branch revision 218278]"
DEFINED SYMBOLS
                            *ABS*:00000000 arm_cfft_radix4_q31.c
    {standard input}:17     .text.arm_radix4_butterfly_q31:00000000 $t
    {standard input}:22     .text.arm_radix4_butterfly_q31:00000000 arm_radix4_butterfly_q31
    {standard input}:397    .text.arm_radix4_butterfly_inverse_q31:00000000 $t
    {standard input}:402    .text.arm_radix4_butterfly_inverse_q31:00000000 arm_radix4_butterfly_inverse_q31
    {standard input}:775    .text.arm_cfft_radix4_q31:00000000 $t
    {standard input}:780    .text.arm_cfft_radix4_q31:00000000 arm_cfft_radix4_q31

UNDEFINED SYMBOLS
arm_bitreversal_q31
