   1              	 .syntax unified
   2              	 .cpu cortex-m4
   3              	 .eabi_attribute 27,3
   4              	 .fpu fpv4-sp-d16
   5              	 .eabi_attribute 20,1
   6              	 .eabi_attribute 21,1
   7              	 .eabi_attribute 23,3
   8              	 .eabi_attribute 24,1
   9              	 .eabi_attribute 25,1
  10              	 .eabi_attribute 26,1
  11              	 .eabi_attribute 30,4
  12              	 .eabi_attribute 34,1
  13              	 .eabi_attribute 18,4
  14              	 .thumb
  15              	 .file "arm_cfft_radix8_f32.c"
  16              	 .section .text.arm_radix8_butterfly_f32,"ax",%progbits
  17              	 .align 1
  18              	 .global arm_radix8_butterfly_f32
  19              	 .thumb
  20              	 .thumb_func
  22              	arm_radix8_butterfly_f32:
  23              	 
  24              	 
  25 0000 2DE9F04F 	 push {r4,r5,r6,r7,r8,r9,r10,fp,lr}
  26 0004 2DED108B 	 fstmfdd sp!,{d8,d9,d10,d11,d12,d13,d14,d15}
  27 0008 9BB0     	 sub sp,sp,#108
  28 000a 9B46     	 mov fp,r3
  29 000c 0C91     	 str r1,[sp,#48]
  30 000e 0192     	 str r2,[sp,#4]
  31 0010 0391     	 str r1,[sp,#12]
  32              	.L6:
  33 0012 039B     	 ldr r3,[sp,#12]
  34 0014 DB08     	 lsrs r3,r3,#3
  35 0016 0093     	 str r3,[sp]
  36 0018 009A     	 ldr r2,[sp]
  37 001a 039B     	 ldr r3,[sp,#12]
  38 001c D100     	 lsls r1,r2,#3
  39 001e 0B91     	 str r1,[sp,#44]
  40 0020 00EB010E 	 add lr,r0,r1
  41 0024 1101     	 lsls r1,r2,#4
  42 0026 1491     	 str r1,[sp,#80]
  43 0028 0B99     	 ldr r1,[sp,#44]
  44 002a 02EB4204 	 add r4,r2,r2,lsl#1
  45 002e 0EEB0108 	 add r8,lr,r1
  46 0032 A118     	 adds r1,r4,r2
  47 0034 00EBC107 	 add r7,r0,r1,lsl#3
  48 0038 1144     	 add r1,r1,r2
  49 003a 00EBC106 	 add r6,r0,r1,lsl#3
  50 003e 1144     	 add r1,r1,r2
  51 0040 00EBC105 	 add r5,r0,r1,lsl#3
  52 0044 1144     	 add r1,r1,r2
  53 0046 00EBC404 	 add r4,r0,r4,lsl#3
  54 004a 00EBC101 	 add r1,r0,r1,lsl#3
  55 004e DB00     	 lsls r3,r3,#3
  56 0050 00F1040C 	 add ip,r0,#4
  57 0054 0437     	 adds r7,r7,#4
  58 0056 0436     	 adds r6,r6,#4
  59 0058 0435     	 adds r5,r5,#4
  60 005a 0434     	 adds r4,r4,#4
  61 005c 0431     	 adds r1,r1,#4
  62 005e 4FF00009 	 mov r9,#0
  63              	.L2:
  64 0062 57ED017A 	 flds s15,[r7,#-4]
  65 0066 1CED016A 	 flds s12,[ip,#-4]
  66 006a DEED005A 	 flds s11,[lr]
  67 006e 55ED016A 	 flds s13,[r5,#-4]
  68 0072 14ED013A 	 flds s6,[r4,#-4]
  69 0076 039A     	 ldr r2,[sp,#12]
  70 0078 36EE277A 	 fadds s14,s12,s15
  71 007c 36EE676A 	 fsubs s12,s12,s15
  72 0080 56ED017A 	 flds s15,[r6,#-4]
  73 0084 35EEA75A 	 fadds s10,s11,s15
  74 0088 75EEE73A 	 fsubs s7,s11,s15
  75 008c D8ED005A 	 flds s11,[r8]
  76 0090 75EEA67A 	 fadds s15,s11,s13
  77 0094 75EEE64A 	 fsubs s9,s11,s13
  78 0098 51ED015A 	 flds s11,[r1,#-4]
  79 009c 73EE256A 	 fadds s13,s6,s11
  80 00a0 77EE671A 	 fsubs s3,s14,s15
  81 00a4 77EE277A 	 fadds s15,s14,s15
  82 00a8 35EE267A 	 fadds s14,s10,s13
  83 00ac 35EE661A 	 fsubs s2,s10,s13
  84 00b0 77EE876A 	 fadds s13,s15,s14
  85 00b4 77EEC77A 	 fsubs s15,s15,s14
  86 00b8 4CED016A 	 fsts s13,[ip,#-4]
  87 00bc 47ED017A 	 fsts s15,[r7,#-4]
  88 00c0 DCED006A 	 flds s13,[ip]
  89 00c4 D7ED007A 	 flds s15,[r7]
  90 00c8 96ED007A 	 flds s14,[r6]
  91 00cc 98ED014A 	 flds s8,[r8,#4]
  92 00d0 91ED002A 	 flds s4,[r1]
  93 00d4 36EEA75A 	 fadds s10,s13,s15
  94 00d8 76EEE76A 	 fsubs s13,s13,s15
  95 00dc DEED017A 	 flds s15,[lr,#4]
  96 00e0 77EE872A 	 fadds s5,s15,s14
  97 00e4 77EEC77A 	 fsubs s15,s15,s14
  98 00e8 95ED007A 	 flds s14,[r5]
  99 00ec 33EE653A 	 fsubs s6,s6,s11
 100 00f0 74EE075A 	 fadds s11,s8,s14
 101 00f4 34EE474A 	 fsubs s8,s8,s14
 102 00f8 94ED007A 	 flds s14,[r4]
 103 00fc 37EE020A 	 fadds s0,s14,s4
 104 0100 37EE427A 	 fsubs s14,s14,s4
 105 0104 35EE652A 	 fsubs s4,s10,s11
 106 0108 75EE255A 	 fadds s11,s10,s11
 107 010c 32EE805A 	 fadds s10,s5,s0
 108 0110 72EEC00A 	 fsubs s1,s5,s0
 109 0114 75EE852A 	 fadds s5,s11,s10
 110 0118 75EEC55A 	 fsubs s11,s11,s10
 111 011c CCED002A 	 fsts s5,[ip]
 112 0120 C7ED005A 	 fsts s11,[r7]
 113 0124 71EEA05A 	 fadds s11,s3,s1
 114 0128 71EEE01A 	 fsubs s3,s3,s1
 115 012c C8ED005A 	 fsts s11,[r8]
 116 0130 72EE415A 	 fsubs s11,s4,s2
 117 0134 45ED011A 	 fsts s3,[r5,#-4]
 118 0138 77EEC72A 	 fsubs s5,s15,s14
 119 013c C8ED015A 	 fsts s11,[r8,#4]
 120 0140 37EE877A 	 fadds s14,s15,s14
 121 0144 73EE835A 	 fadds s11,s7,s6
 122 0148 DFED787A 	 flds s15,.L11
 123 014c 33EEC35A 	 fsubs s10,s7,s6
 124 0150 B0EE643A 	 fcpys s6,s9
 125 0154 E5EEA74A 	 vfma.f32 s9,s11,s15
 126 0158 9144     	 add r9,r9,r2
 127 015a 9844     	 add r8,r8,r3
 128 015c A5EEE73A 	 vfms.f32 s6,s11,s15
 129 0160 9C44     	 add ip,ip,r3
 130 0162 1F44     	 add r7,r7,r3
 131 0164 F0EE645A 	 fcpys s11,s9
 132 0168 F0EE463A 	 fcpys s7,s12
 133 016c F0EE444A 	 fcpys s9,s8
 134 0170 A7EE274A 	 vfma.f32 s8,s14,s15
 135 0174 E5EE673A 	 vfms.f32 s7,s10,s15
 136 0178 A5EE276A 	 vfma.f32 s12,s10,s15
 137 017c E7EE674A 	 vfms.f32 s9,s14,s15
 138 0180 B0EE665A 	 fcpys s10,s13
 139 0184 E2EEA76A 	 vfma.f32 s13,s5,s15
 140 0188 B0EE447A 	 fcpys s14,s8
 141 018c A2EEE75A 	 vfms.f32 s10,s5,s15
 142 0190 36EE044A 	 fadds s8,s12,s8
 143 0194 32EE012A 	 fadds s4,s4,s2
 144 0198 36EE476A 	 fsubs s12,s12,s14
 145 019c 33EEA47A 	 fadds s14,s7,s9
 146 01a0 85ED002A 	 fsts s4,[r5]
 147 01a4 73EEE43A 	 fsubs s7,s7,s9
 148 01a8 8EED004A 	 fsts s8,[lr]
 149 01ac 01ED016A 	 fsts s12,[r1,#-4]
 150 01b0 06ED017A 	 fsts s14,[r6,#-4]
 151 01b4 36EEE57A 	 fsubs s14,s13,s11
 152 01b8 44ED013A 	 fsts s7,[r4,#-4]
 153 01bc 76EEA56A 	 fadds s13,s13,s11
 154 01c0 8EED017A 	 fsts s14,[lr,#4]
 155 01c4 35EE437A 	 fsubs s14,s10,s6
 156 01c8 35EE035A 	 fadds s10,s10,s6
 157 01cc C1ED006A 	 fsts s13,[r1]
 158 01d0 86ED007A 	 fsts s14,[r6]
 159 01d4 84ED005A 	 fsts s10,[r4]
 160 01d8 0C9A     	 ldr r2,[sp,#48]
 161 01da 9145     	 cmp r9,r2
 162 01dc 9E44     	 add lr,lr,r3
 163 01de 1E44     	 add r6,r6,r3
 164 01e0 1D44     	 add r5,r5,r3
 165 01e2 1C44     	 add r4,r4,r3
 166 01e4 1944     	 add r1,r1,r3
 167 01e6 F0EE676A 	 fcpys s13,s15
 168 01ea FFF43AAF 	 bcc .L2
 169 01ee 009A     	 ldr r2,[sp]
 170 01f0 072A     	 cmp r2,#7
 171 01f2 40F2C581 	 bls .L1
 172 01f6 4FEACB02 	 lsl r2,fp,#3
 173 01fa 0D92     	 str r2,[sp,#52]
 174 01fc 0D99     	 ldr r1,[sp,#52]
 175 01fe 019A     	 ldr r2,[sp,#4]
 176 0200 0A44     	 add r2,r2,r1
 177 0202 0492     	 str r2,[sp,#16]
 178 0204 4FEA0B12 	 lsl r2,fp,#4
 179 0208 0E92     	 str r2,[sp,#56]
 180 020a 0E99     	 ldr r1,[sp,#56]
 181 020c 019A     	 ldr r2,[sp,#4]
 182 020e 0A44     	 add r2,r2,r1
 183 0210 0BEB4B01 	 add r1,fp,fp,lsl#1
 184 0214 0592     	 str r2,[sp,#20]
 185 0216 CA00     	 lsls r2,r1,#3
 186 0218 0F92     	 str r2,[sp,#60]
 187 021a 0F9C     	 ldr r4,[sp,#60]
 188 021c 019A     	 ldr r2,[sp,#4]
 189 021e 5944     	 add r1,r1,fp
 190 0220 2244     	 add r2,r2,r4
 191 0222 0792     	 str r2,[sp,#28]
 192 0224 CA00     	 lsls r2,r1,#3
 193 0226 1392     	 str r2,[sp,#76]
 194 0228 139C     	 ldr r4,[sp,#76]
 195 022a 019A     	 ldr r2,[sp,#4]
 196 022c 5944     	 add r1,r1,fp
 197 022e 2244     	 add r2,r2,r4
 198 0230 0692     	 str r2,[sp,#24]
 199 0232 CA00     	 lsls r2,r1,#3
 200 0234 1292     	 str r2,[sp,#72]
 201 0236 129C     	 ldr r4,[sp,#72]
 202 0238 019A     	 ldr r2,[sp,#4]
 203 023a 5944     	 add r1,r1,fp
 204 023c 2244     	 add r2,r2,r4
 205 023e 0A92     	 str r2,[sp,#40]
 206 0240 CA00     	 lsls r2,r1,#3
 207 0242 1192     	 str r2,[sp,#68]
 208 0244 119C     	 ldr r4,[sp,#68]
 209 0246 019A     	 ldr r2,[sp,#4]
 210 0248 5944     	 add r1,r1,fp
 211 024a 2244     	 add r2,r2,r4
 212 024c 0992     	 str r2,[sp,#36]
 213 024e CA00     	 lsls r2,r1,#3
 214 0250 1092     	 str r2,[sp,#64]
 215 0252 1099     	 ldr r1,[sp,#64]
 216 0254 019A     	 ldr r2,[sp,#4]
 217 0256 0A44     	 add r2,r2,r1
 218 0258 0892     	 str r2,[sp,#32]
 219 025a 009A     	 ldr r2,[sp]
 220 025c 5201     	 lsls r2,r2,#5
 221 025e 1992     	 str r2,[sp,#100]
 222 0260 009A     	 ldr r2,[sp]
 223 0262 2821     	 movs r1,#40
 224 0264 4A43     	 muls r2,r1,r2
 225 0266 1892     	 str r2,[sp,#96]
 226 0268 009A     	 ldr r2,[sp]
 227 026a 3021     	 movs r1,#48
 228 026c 4A43     	 muls r2,r1,r2
 229 026e 1792     	 str r2,[sp,#92]
 230 0270 009A     	 ldr r2,[sp]
 231 0272 1821     	 movs r1,#24
 232 0274 4A43     	 muls r2,r1,r2
 233 0276 1692     	 str r2,[sp,#88]
 234 0278 009A     	 ldr r2,[sp]
 235 027a 3821     	 movs r1,#56
 236 027c 4A43     	 muls r2,r1,r2
 237 027e 1592     	 str r2,[sp,#84]
 238 0280 4FF00008 	 mov r8,#0
 239 0284 4FF00109 	 mov r9,#1
 240              	.L5:
 241 0288 049A     	 ldr r2,[sp,#16]
 242 028a D2ED001A 	 flds s3,[r2]
 243 028e 059A     	 ldr r2,[sp,#20]
 244 0290 92ED008A 	 flds s16,[r2]
 245 0294 079A     	 ldr r2,[sp,#28]
 246 0296 D2ED004A 	 flds s9,[r2]
 247 029a 069A     	 ldr r2,[sp,#24]
 248 029c 92ED009A 	 flds s18,[r2]
 249 02a0 0A9A     	 ldr r2,[sp,#40]
 250 02a2 D2ED003A 	 flds s7,[r2]
 251 02a6 099A     	 ldr r2,[sp,#36]
 252 02a8 D2ED000A 	 flds s1,[r2]
 253 02ac 089A     	 ldr r2,[sp,#32]
 254 02ae D2ED002A 	 flds s5,[r2]
 255 02b2 049A     	 ldr r2,[sp,#16]
 256 02b4 92ED011A 	 flds s2,[r2,#4]
 257 02b8 059A     	 ldr r2,[sp,#20]
 258 02ba D2ED018A 	 flds s17,[r2,#4]
 259 02be 079A     	 ldr r2,[sp,#28]
 260 02c0 92ED014A 	 flds s8,[r2,#4]
 261 02c4 069A     	 ldr r2,[sp,#24]
 262 02c6 D2ED019A 	 flds s19,[r2,#4]
 263 02ca 0A9A     	 ldr r2,[sp,#40]
 264 02cc 92ED013A 	 flds s6,[r2,#4]
 265 02d0 099A     	 ldr r2,[sp,#36]
 266 02d2 92ED010A 	 flds s0,[r2,#4]
 267 02d6 089A     	 ldr r2,[sp,#32]
 268 02d8 92ED012A 	 flds s4,[r2,#4]
 269 02dc 199A     	 ldr r2,[sp,#100]
 270 02de 02F10C0C 	 add ip,r2,#12
 271 02e2 0B9A     	 ldr r2,[sp,#44]
 272 02e4 02F10C0E 	 add lr,r2,#12
 273 02e8 189A     	 ldr r2,[sp,#96]
 274 02ea 02F10C07 	 add r7,r2,#12
 275 02ee 149A     	 ldr r2,[sp,#80]
 276 02f0 02F10C06 	 add r6,r2,#12
 277 02f4 179A     	 ldr r2,[sp,#92]
 278 02f6 02F10C05 	 add r5,r2,#12
 279 02fa 169A     	 ldr r2,[sp,#88]
 280 02fc 02F10C04 	 add r4,r2,#12
 281 0300 159A     	 ldr r2,[sp,#84]
 282 0302 02F10C01 	 add r1,r2,#12
 283 0306 4144     	 add r1,r1,r8
 284 0308 0A18     	 adds r2,r1,r0
 285 030a C444     	 add ip,ip,r8
 286 030c C644     	 add lr,lr,r8
 287 030e 4744     	 add r7,r7,r8
 288 0310 4644     	 add r6,r6,r8
 289 0312 4544     	 add r5,r5,r8
 290 0314 4444     	 add r4,r4,r8
 291 0316 00EBC90A 	 add r10,r0,r9,lsl#3
 292 031a 8444     	 add ip,ip,r0
 293 031c 8644     	 add lr,lr,r0
 294 031e 0744     	 add r7,r7,r0
 295 0320 0644     	 add r6,r6,r0
 296 0322 0544     	 add r5,r5,r0
 297 0324 0444     	 add r4,r4,r0
 298 0326 0292     	 str r2,[sp,#8]
 299 0328 4946     	 mov r1,r9
 300 032a 01E0     	 b .L12
 301              	.L13:
 302              	 .align 2
 303              	.L11:
 304 032c F304353F 	 .word 1060439283
 305              	.L12:
 306              	.L4:
 307 0330 5CED017A 	 flds s15,[ip,#-4]
 308 0334 5EED01AA 	 flds s21,[lr,#-4]
 309 0338 17ED017A 	 flds s14,[r7,#-4]
 310 033c 9AED00AA 	 flds s20,[r10]
 311 0340 56ED015A 	 flds s11,[r6,#-4]
 312 0344 029A     	 ldr r2,[sp,#8]
 313 0346 9AED01BA 	 flds s22,[r10,#4]
 314 034a 3AEEC7CA 	 fsubs s24,s21,s14
 315 034e 3AEE275A 	 fadds s10,s20,s15
 316 0352 3AEE67AA 	 fsubs s20,s20,s15
 317 0356 7AEE877A 	 fadds s15,s21,s14
 318 035a 15ED017A 	 flds s14,[r5,#-4]
 319 035e 54ED01AA 	 flds s21,[r4,#-4]
 320 0362 35EE876A 	 fadds s12,s11,s14
 321 0366 75EEC7BA 	 fsubs s23,s11,s14
 322 036a 52ED015A 	 flds s11,[r2,#-4]
 323 036e 3AEEA57A 	 fadds s14,s21,s11
 324 0372 75EE46EA 	 fsubs s29,s10,s12
 325 0376 37EEC7EA 	 fsubs s28,s15,s14
 326 037a 35EE065A 	 fadds s10,s10,s12
 327 037e 77EE877A 	 fadds s15,s15,s14
 328 0382 7AEEE5AA 	 fsubs s21,s21,s11
 329 0386 35EE277A 	 fadds s14,s10,s15
 330 038a 8AED007A 	 fsts s14,[r10]
 331 038e 35EE677A 	 fsubs s14,s10,s15
 332 0392 DCED007A 	 flds s15,[ip]
 333 0396 9EED006A 	 flds s12,[lr]
 334 039a 94ED00DA 	 flds s26,[r4]
 335 039e 3BEE275A 	 fadds s10,s22,s15
 336 03a2 3BEE67BA 	 fsubs s22,s22,s15
 337 03a6 D7ED007A 	 flds s15,[r7]
 338 03aa 76EE27DA 	 fadds s27,s12,s15
 339 03ae 76EE67CA 	 fsubs s25,s12,s15
 340 03b2 96ED006A 	 flds s12,[r6]
 341 03b6 D5ED007A 	 flds s15,[r5]
 342 03ba 76EE27FA 	 fadds s31,s12,s15
 343 03be 76EE677A 	 fsubs s15,s12,s15
 344 03c2 92ED006A 	 flds s12,[r2]
 345 03c6 7DEE065A 	 fadds s11,s26,s12
 346 03ca 35EE6FFA 	 fsubs s30,s10,s31
 347 03ce 75EE2FFA 	 fadds s31,s10,s31
 348 03d2 3DEEA55A 	 fadds s10,s27,s11
 349 03d6 3DEE46DA 	 fsubs s26,s26,s12
 350 03da 3DEEE56A 	 fsubs s12,s27,s11
 351 03de 7FEE85DA 	 fadds s27,s31,s10
 352 03e2 7EEE865A 	 fadds s11,s29,s12
 353 03e6 CAED01DA 	 fsts s27,[r10,#4]
 354 03ea 7FEEC5DA 	 fsubs s27,s31,s10
 355 03ee 3EEEC66A 	 fsubs s12,s29,s12
 356 03f2 29EEAD5A 	 fmuls s10,s19,s27
 357 03f6 7FEE4EEA 	 fsubs s29,s30,s28
 358 03fa A9EE075A 	 vfma.f32 s10,s18,s14
 359 03fe 9A44     	 add r10,r10,r3
 360 0400 3FEE0EEA 	 fadds s28,s30,s28
 361 0404 0CED015A 	 fsts s10,[ip,#-4]
 362 0408 27EE695A 	 fnmuls s10,s14,s19
 363 040c 28EEAE7A 	 fmuls s14,s17,s29
 364 0410 A9EE2D5A 	 vfma.f32 s10,s18,s27
 365 0414 A8EE257A 	 vfma.f32 s14,s16,s11
 366 0418 8CED005A 	 fsts s10,[ip]
 367 041c 06ED017A 	 fsts s14,[r6,#-4]
 368 0420 20EE0E7A 	 fmuls s14,s0,s28
 369 0424 65EEE85A 	 fnmuls s11,s11,s17
 370 0428 A0EE867A 	 vfma.f32 s14,s1,s12
 371 042c 9C44     	 add ip,ip,r3
 372 042e 26EE406A 	 fnmuls s12,s12,s0
 373 0432 E8EE2E5A 	 vfma.f32 s11,s16,s29
 374 0436 A0EE8E6A 	 vfma.f32 s12,s1,s28
 375 043a C6ED005A 	 fsts s11,[r6]
 376 043e 7CEE6A5A 	 fsubs s11,s24,s21
 377 0442 05ED017A 	 fsts s14,[r5,#-4]
 378 0446 85ED006A 	 fsts s12,[r5]
 379 044a 7CEE2AAA 	 fadds s21,s24,s21
 380 044e 3CEECD7A 	 fsubs s14,s25,s26
 381 0452 3CEE8D6A 	 fadds s12,s25,s26
 382 0456 F0EE4ACA 	 fcpys s25,s20
 383 045a E5EEE6CA 	 vfms.f32 s25,s11,s13
 384 045e 1E44     	 add r6,r6,r3
 385 0460 1D44     	 add r5,r5,r3
 386 0462 A5EEA6AA 	 vfma.f32 s20,s11,s13
 387 0466 B0EE6BCA 	 fcpys s24,s23
 388 046a F0EE6B5A 	 fcpys s11,s23
 389 046e EAEEA65A 	 vfma.f32 s11,s21,s13
 390 0472 AAEEE6CA 	 vfms.f32 s24,s21,s13
 391 0476 F0EE4BAA 	 fcpys s21,s22
 392 047a A7EE26BA 	 vfma.f32 s22,s14,s13
 393 047e E7EE66AA 	 vfms.f32 s21,s14,s13
 394 0482 B0EE4B7A 	 fcpys s14,s22
 395 0486 B0EE67BA 	 fcpys s22,s15
 396 048a A6EE66BA 	 vfms.f32 s22,s12,s13
 397 048e E6EE267A 	 vfma.f32 s15,s12,s13
 398 0492 77EE65BA 	 fsubs s23,s14,s11
 399 0496 3AEE276A 	 fadds s12,s20,s15
 400 049a 37EE257A 	 fadds s14,s14,s11
 401 049e 7AEE677A 	 fsubs s15,s20,s15
 402 04a2 3CEECB5A 	 fsubs s10,s25,s22
 403 04a6 3CEE8BAA 	 fadds s20,s25,s22
 404 04aa 7AEE8C5A 	 fadds s11,s21,s24
 405 04ae 3AEECCBA 	 fsubs s22,s21,s24
 406 04b2 61EE2BAA 	 fmuls s21,s2,s23
 407 04b6 E1EE86AA 	 vfma.f32 s21,s3,s12
 408 04ba 26EE416A 	 fnmuls s12,s12,s2
 409 04be 4EED01AA 	 fsts s21,[lr,#-4]
 410 04c2 A1EEAB6A 	 vfma.f32 s12,s3,s23
 411 04c6 8EED006A 	 fsts s12,[lr]
 412 04ca 22EE076A 	 fmuls s12,s4,s14
 413 04ce 9E44     	 add lr,lr,r3
 414 04d0 A2EEA76A 	 vfma.f32 s12,s5,s15
 415 04d4 02ED016A 	 fsts s12,[r2,#-4]
 416 04d8 27EEC26A 	 fnmuls s12,s15,s4
 417 04dc 63EE0B7A 	 fmuls s15,s6,s22
 418 04e0 A2EE876A 	 vfma.f32 s12,s5,s14
 419 04e4 E3EE8A7A 	 vfma.f32 s15,s7,s20
 420 04e8 82ED006A 	 fsts s12,[r2]
 421 04ec 2AEE437A 	 fnmuls s14,s20,s6
 422 04f0 47ED017A 	 fsts s15,[r7,#-4]
 423 04f4 64EE257A 	 fmuls s15,s8,s11
 424 04f8 A3EE8B7A 	 vfma.f32 s14,s7,s22
 425 04fc E4EE857A 	 vfma.f32 s15,s9,s10
 426 0500 87ED007A 	 fsts s14,[r7]
 427 0504 44ED017A 	 fsts s15,[r4,#-4]
 428 0508 65EE447A 	 fnmuls s15,s10,s8
 429 050c 1F44     	 add r7,r7,r3
 430 050e E4EEA57A 	 vfma.f32 s15,s9,s11
 431 0512 C4ED007A 	 fsts s15,[r4]
 432 0516 039A     	 ldr r2,[sp,#12]
 433 0518 1144     	 add r1,r1,r2
 434 051a 029A     	 ldr r2,[sp,#8]
 435 051c 1A44     	 add r2,r2,r3
 436 051e 0292     	 str r2,[sp,#8]
 437 0520 0C9A     	 ldr r2,[sp,#48]
 438 0522 9142     	 cmp r1,r2
 439 0524 1C44     	 add r4,r4,r3
 440 0526 FFF403AF 	 bcc .L4
 441 052a 049A     	 ldr r2,[sp,#16]
 442 052c 0D99     	 ldr r1,[sp,#52]
 443 052e 0A44     	 add r2,r2,r1
 444 0530 0492     	 str r2,[sp,#16]
 445 0532 0E99     	 ldr r1,[sp,#56]
 446 0534 059A     	 ldr r2,[sp,#20]
 447 0536 0A44     	 add r2,r2,r1
 448 0538 0592     	 str r2,[sp,#20]
 449 053a 0F99     	 ldr r1,[sp,#60]
 450 053c 079A     	 ldr r2,[sp,#28]
 451 053e 0A44     	 add r2,r2,r1
 452 0540 0792     	 str r2,[sp,#28]
 453 0542 1399     	 ldr r1,[sp,#76]
 454 0544 069A     	 ldr r2,[sp,#24]
 455 0546 0A44     	 add r2,r2,r1
 456 0548 0692     	 str r2,[sp,#24]
 457 054a 1299     	 ldr r1,[sp,#72]
 458 054c 0A9A     	 ldr r2,[sp,#40]
 459 054e 0A44     	 add r2,r2,r1
 460 0550 0A92     	 str r2,[sp,#40]
 461 0552 1199     	 ldr r1,[sp,#68]
 462 0554 099A     	 ldr r2,[sp,#36]
 463 0556 0A44     	 add r2,r2,r1
 464 0558 0992     	 str r2,[sp,#36]
 465 055a 1099     	 ldr r1,[sp,#64]
 466 055c 089A     	 ldr r2,[sp,#32]
 467 055e 0A44     	 add r2,r2,r1
 468 0560 0892     	 str r2,[sp,#32]
 469 0562 009A     	 ldr r2,[sp]
 470 0564 09F10109 	 add r9,r9,#1
 471 0568 9145     	 cmp r9,r2
 472 056a 08F10808 	 add r8,r8,#8
 473 056e 7FF48BAE 	 bne .L5
 474 0572 4FEACB03 	 lsl r3,fp,#3
 475 0576 1FFA83FB 	 uxth fp,r3
 476 057a CDF80C90 	 str r9,[sp,#12]
 477 057e 48E5     	 b .L6
 478              	.L1:
 479 0580 1BB0     	 add sp,sp,#108
 480              	 
 481 0582 BDEC108B 	 fldmfdd sp!,{d8-d15}
 482 0586 BDE8F08F 	 pop {r4,r5,r6,r7,r8,r9,r10,fp,pc}
 484 058a 00BF     	 .ident "GCC: (GNU Tools for ARM Embedded Processors) 4.9.3 20141119 (release) [ARM/embedded-4_9-branch revision 218278]"
DEFINED SYMBOLS
                            *ABS*:00000000 arm_cfft_radix8_f32.c
    {standard input}:17     .text.arm_radix8_butterfly_f32:00000000 $t
    {standard input}:22     .text.arm_radix8_butterfly_f32:00000000 arm_radix8_butterfly_f32
    {standard input}:304    .text.arm_radix8_butterfly_f32:0000032c $d
    {standard input}:307    .text.arm_radix8_butterfly_f32:00000330 $t

NO UNDEFINED SYMBOLS
