   1              	 .syntax unified
   2              	 .cpu cortex-m4
   3              	 .eabi_attribute 27,3
   4              	 .fpu fpv4-sp-d16
   5              	 .eabi_attribute 20,1
   6              	 .eabi_attribute 21,1
   7              	 .eabi_attribute 23,3
   8              	 .eabi_attribute 24,1
   9              	 .eabi_attribute 25,1
  10              	 .eabi_attribute 26,1
  11              	 .eabi_attribute 30,6
  12              	 .eabi_attribute 34,1
  13              	 .eabi_attribute 18,4
  14              	 .thumb
  15              	 .file "interrupt_conf.c"
  16              	 .text
  17              	.Ltext0:
  18              	 .cfi_sections .debug_frame
  19              	 .global LOOP_CYCLE
  20              	 .section .rodata.LOOP_CYCLE,"a",%progbits
  21              	 .align 2
  24              	LOOP_CYCLE:
  25 0000 3F       	 .byte 63
  26 0001 3F       	 .byte 63
  27 0002 00       	 .byte 0
  28 0003 01       	 .byte 1
  29              	 .text
  30              	.Letext0:
  31              	 .file 1 "c:\\program files (x86)\\dave\\eclipse\\arm-gcc-49\\arm-none-eabi\\include\\machine\\_default_types.h"
  32              	 .file 2 "c:\\program files (x86)\\dave\\eclipse\\arm-gcc-49\\arm-none-eabi\\include\\stdint.h"
  33              	 .file 3 "C:/Users/VMORAIS/Documents/DAVE_WS/1p_inverter_200V/Libraries/CMSIS/Infineon/XMC4500_series/Include/XMC4500.h"
  34              	 .file 4 "../Dave/Generated/INTERRUPT/interrupt.h"
  35              	 .file 5 "C:/Users/VMORAIS/Documents/DAVE_WS/1p_inverter_200V/Libraries/CMSIS/Include/core_cm4.h"
  36              	 .file 6 "../Dave/Generated/INTERRUPT/interrupt_conf.c"
DEFINED SYMBOLS
                            *ABS*:00000000 interrupt_conf.c
    {standard input}:24     .rodata.LOOP_CYCLE:00000000 LOOP_CYCLE
    {standard input}:21     .rodata.LOOP_CYCLE:00000000 $d

NO UNDEFINED SYMBOLS
