   1              	 .syntax unified
   2              	 .cpu cortex-m4
   3              	 .eabi_attribute 27,3
   4              	 .fpu fpv4-sp-d16
   5              	 .eabi_attribute 20,1
   6              	 .eabi_attribute 21,1
   7              	 .eabi_attribute 23,3
   8              	 .eabi_attribute 24,1
   9              	 .eabi_attribute 25,1
  10              	 .eabi_attribute 26,1
  11              	 .eabi_attribute 30,6
  12              	 .eabi_attribute 34,1
  13              	 .eabi_attribute 18,4
  14              	 .thumb
  15              	 .file "arm_sin_q15.c"
  16              	 .text
  17              	.Ltext0:
  18              	 .cfi_sections .debug_frame
  19              	 .section .text.arm_sin_q15,"ax",%progbits
  20              	 .align 2
  21              	 .global arm_sin_q15
  22              	 .thumb
  23              	 .thumb_func
  25              	arm_sin_q15:
  26              	.LFB135:
  27              	 .file 1 "../Dave/Generated/CMSIS_DSP/FastMathFunctions/arm_sin_q15.c"
   1:../Dave/Generated/CMSIS_DSP/FastMathFunctions/arm_sin_q15.c **** /* ----------------------------------------------------------------------
   2:../Dave/Generated/CMSIS_DSP/FastMathFunctions/arm_sin_q15.c ****  * Project:      CMSIS DSP Library
   3:../Dave/Generated/CMSIS_DSP/FastMathFunctions/arm_sin_q15.c ****  * Title:        arm_sin_q15.c
   4:../Dave/Generated/CMSIS_DSP/FastMathFunctions/arm_sin_q15.c ****  * Description:  Fast sine calculation for Q15 values
   5:../Dave/Generated/CMSIS_DSP/FastMathFunctions/arm_sin_q15.c ****  *
   6:../Dave/Generated/CMSIS_DSP/FastMathFunctions/arm_sin_q15.c ****  * $Date:        27. January 2017
   7:../Dave/Generated/CMSIS_DSP/FastMathFunctions/arm_sin_q15.c ****  * $Revision:    V.1.5.1
   8:../Dave/Generated/CMSIS_DSP/FastMathFunctions/arm_sin_q15.c ****  *
   9:../Dave/Generated/CMSIS_DSP/FastMathFunctions/arm_sin_q15.c ****  * Target Processor: Cortex-M cores
  10:../Dave/Generated/CMSIS_DSP/FastMathFunctions/arm_sin_q15.c ****  * -------------------------------------------------------------------- */
  11:../Dave/Generated/CMSIS_DSP/FastMathFunctions/arm_sin_q15.c **** /*
  12:../Dave/Generated/CMSIS_DSP/FastMathFunctions/arm_sin_q15.c ****  * Copyright (C) 2010-2017 ARM Limited or its affiliates. All rights reserved.
  13:../Dave/Generated/CMSIS_DSP/FastMathFunctions/arm_sin_q15.c ****  *
  14:../Dave/Generated/CMSIS_DSP/FastMathFunctions/arm_sin_q15.c ****  * SPDX-License-Identifier: Apache-2.0
  15:../Dave/Generated/CMSIS_DSP/FastMathFunctions/arm_sin_q15.c ****  *
  16:../Dave/Generated/CMSIS_DSP/FastMathFunctions/arm_sin_q15.c ****  * Licensed under the Apache License, Version 2.0 (the License); you may
  17:../Dave/Generated/CMSIS_DSP/FastMathFunctions/arm_sin_q15.c ****  * not use this file except in compliance with the License.
  18:../Dave/Generated/CMSIS_DSP/FastMathFunctions/arm_sin_q15.c ****  * You may obtain a copy of the License at
  19:../Dave/Generated/CMSIS_DSP/FastMathFunctions/arm_sin_q15.c ****  *
  20:../Dave/Generated/CMSIS_DSP/FastMathFunctions/arm_sin_q15.c ****  * www.apache.org/licenses/LICENSE-2.0
  21:../Dave/Generated/CMSIS_DSP/FastMathFunctions/arm_sin_q15.c ****  *
  22:../Dave/Generated/CMSIS_DSP/FastMathFunctions/arm_sin_q15.c ****  * Unless required by applicable law or agreed to in writing, software
  23:../Dave/Generated/CMSIS_DSP/FastMathFunctions/arm_sin_q15.c ****  * distributed under the License is distributed on an AS IS BASIS, WITHOUT
  24:../Dave/Generated/CMSIS_DSP/FastMathFunctions/arm_sin_q15.c ****  * WARRANTIES OR CONDITIONS OF ANY KIND, either express or implied.
  25:../Dave/Generated/CMSIS_DSP/FastMathFunctions/arm_sin_q15.c ****  * See the License for the specific language governing permissions and
  26:../Dave/Generated/CMSIS_DSP/FastMathFunctions/arm_sin_q15.c ****  * limitations under the License.
  27:../Dave/Generated/CMSIS_DSP/FastMathFunctions/arm_sin_q15.c ****  */
  28:../Dave/Generated/CMSIS_DSP/FastMathFunctions/arm_sin_q15.c **** 
  29:../Dave/Generated/CMSIS_DSP/FastMathFunctions/arm_sin_q15.c **** #include "CMSIS_DSP/cmsis_dsp.h"
  30:../Dave/Generated/CMSIS_DSP/FastMathFunctions/arm_sin_q15.c **** #include "CMSIS_DSP/arm_common_tables.h"
  31:../Dave/Generated/CMSIS_DSP/FastMathFunctions/arm_sin_q15.c **** 
  32:../Dave/Generated/CMSIS_DSP/FastMathFunctions/arm_sin_q15.c **** /**
  33:../Dave/Generated/CMSIS_DSP/FastMathFunctions/arm_sin_q15.c ****  * @ingroup groupFastMath
  34:../Dave/Generated/CMSIS_DSP/FastMathFunctions/arm_sin_q15.c ****  */
  35:../Dave/Generated/CMSIS_DSP/FastMathFunctions/arm_sin_q15.c **** 
  36:../Dave/Generated/CMSIS_DSP/FastMathFunctions/arm_sin_q15.c ****  /**
  37:../Dave/Generated/CMSIS_DSP/FastMathFunctions/arm_sin_q15.c ****  * @addtogroup sin
  38:../Dave/Generated/CMSIS_DSP/FastMathFunctions/arm_sin_q15.c ****  * @{
  39:../Dave/Generated/CMSIS_DSP/FastMathFunctions/arm_sin_q15.c ****  */
  40:../Dave/Generated/CMSIS_DSP/FastMathFunctions/arm_sin_q15.c **** 
  41:../Dave/Generated/CMSIS_DSP/FastMathFunctions/arm_sin_q15.c **** /**
  42:../Dave/Generated/CMSIS_DSP/FastMathFunctions/arm_sin_q15.c ****  * @brief Fast approximation to the trigonometric sine function for Q15 data.
  43:../Dave/Generated/CMSIS_DSP/FastMathFunctions/arm_sin_q15.c ****  * @param[in] x Scaled input value in radians.
  44:../Dave/Generated/CMSIS_DSP/FastMathFunctions/arm_sin_q15.c ****  * @return  sin(x).
  45:../Dave/Generated/CMSIS_DSP/FastMathFunctions/arm_sin_q15.c ****  *
  46:../Dave/Generated/CMSIS_DSP/FastMathFunctions/arm_sin_q15.c ****  * The Q15 input value is in the range [0 +0.9999] and is mapped to a radian value in the range [0 
  47:../Dave/Generated/CMSIS_DSP/FastMathFunctions/arm_sin_q15.c ****  */
  48:../Dave/Generated/CMSIS_DSP/FastMathFunctions/arm_sin_q15.c **** 
  49:../Dave/Generated/CMSIS_DSP/FastMathFunctions/arm_sin_q15.c **** q15_t arm_sin_q15(
  50:../Dave/Generated/CMSIS_DSP/FastMathFunctions/arm_sin_q15.c ****   q15_t x)
  51:../Dave/Generated/CMSIS_DSP/FastMathFunctions/arm_sin_q15.c **** {
  28              	 .loc 1 51 0
  29              	 .cfi_startproc
  30              	 
  31              	 
  32              	 
  33 0000 80B4     	 push {r7}
  34              	.LCFI0:
  35              	 .cfi_def_cfa_offset 4
  36              	 .cfi_offset 7,-4
  37 0002 87B0     	 sub sp,sp,#28
  38              	.LCFI1:
  39              	 .cfi_def_cfa_offset 32
  40 0004 00AF     	 add r7,sp,#0
  41              	.LCFI2:
  42              	 .cfi_def_cfa_register 7
  43 0006 0346     	 mov r3,r0
  44 0008 FB80     	 strh r3,[r7,#6]
  52:../Dave/Generated/CMSIS_DSP/FastMathFunctions/arm_sin_q15.c ****   q15_t sinVal;                                  /* Temporary variables for input, output */
  53:../Dave/Generated/CMSIS_DSP/FastMathFunctions/arm_sin_q15.c ****   int32_t index;                                 /* Index variables */
  54:../Dave/Generated/CMSIS_DSP/FastMathFunctions/arm_sin_q15.c ****   q15_t a, b;                                    /* Four nearest output values */
  55:../Dave/Generated/CMSIS_DSP/FastMathFunctions/arm_sin_q15.c ****   q15_t fract;                                   /* Temporary values for fractional values */
  56:../Dave/Generated/CMSIS_DSP/FastMathFunctions/arm_sin_q15.c **** 
  57:../Dave/Generated/CMSIS_DSP/FastMathFunctions/arm_sin_q15.c ****   /* Calculate the nearest index */
  58:../Dave/Generated/CMSIS_DSP/FastMathFunctions/arm_sin_q15.c ****   index = (uint32_t)x >> FAST_MATH_Q15_SHIFT;
  45              	 .loc 1 58 0
  46 000a B7F90630 	 ldrsh r3,[r7,#6]
  47 000e 9B09     	 lsrs r3,r3,#6
  48 0010 7B61     	 str r3,[r7,#20]
  59:../Dave/Generated/CMSIS_DSP/FastMathFunctions/arm_sin_q15.c **** 
  60:../Dave/Generated/CMSIS_DSP/FastMathFunctions/arm_sin_q15.c ****   /* Calculation of fractional value */
  61:../Dave/Generated/CMSIS_DSP/FastMathFunctions/arm_sin_q15.c ****   fract = (x - (index << FAST_MATH_Q15_SHIFT)) << 9;
  49              	 .loc 1 61 0
  50 0012 B7F90620 	 ldrsh r2,[r7,#6]
  51 0016 7B69     	 ldr r3,[r7,#20]
  52 0018 9B01     	 lsls r3,r3,#6
  53 001a D31A     	 subs r3,r2,r3
  54 001c 5B02     	 lsls r3,r3,#9
  55 001e 7B82     	 strh r3,[r7,#18]
  62:../Dave/Generated/CMSIS_DSP/FastMathFunctions/arm_sin_q15.c **** 
  63:../Dave/Generated/CMSIS_DSP/FastMathFunctions/arm_sin_q15.c ****   /* Read two nearest values of input value from the sin table */
  64:../Dave/Generated/CMSIS_DSP/FastMathFunctions/arm_sin_q15.c ****   a = sinTable_q15[index];
  56              	 .loc 1 64 0
  57 0020 154A     	 ldr r2,.L3
  58 0022 7B69     	 ldr r3,[r7,#20]
  59 0024 32F81330 	 ldrh r3,[r2,r3,lsl#1]
  60 0028 3B82     	 strh r3,[r7,#16]
  65:../Dave/Generated/CMSIS_DSP/FastMathFunctions/arm_sin_q15.c ****   b = sinTable_q15[index+1];
  61              	 .loc 1 65 0
  62 002a 7B69     	 ldr r3,[r7,#20]
  63 002c 0133     	 adds r3,r3,#1
  64 002e 124A     	 ldr r2,.L3
  65 0030 32F81330 	 ldrh r3,[r2,r3,lsl#1]
  66 0034 FB81     	 strh r3,[r7,#14]
  66:../Dave/Generated/CMSIS_DSP/FastMathFunctions/arm_sin_q15.c **** 
  67:../Dave/Generated/CMSIS_DSP/FastMathFunctions/arm_sin_q15.c ****   /* Linear interpolation process */
  68:../Dave/Generated/CMSIS_DSP/FastMathFunctions/arm_sin_q15.c ****   sinVal = (q31_t)(0x8000-fract)*a >> 16;
  67              	 .loc 1 68 0
  68 0036 B7F91230 	 ldrsh r3,[r7,#18]
  69 003a C3F50043 	 rsb r3,r3,#32768
  70 003e B7F91020 	 ldrsh r2,[r7,#16]
  71 0042 02FB03F3 	 mul r3,r2,r3
  72 0046 1B14     	 asrs r3,r3,#16
  73 0048 BB81     	 strh r3,[r7,#12]
  69:../Dave/Generated/CMSIS_DSP/FastMathFunctions/arm_sin_q15.c ****   sinVal = (q15_t)((((q31_t)sinVal << 16) + ((q31_t)fract*b)) >> 16);
  74              	 .loc 1 69 0
  75 004a B7F90C30 	 ldrsh r3,[r7,#12]
  76 004e 1A04     	 lsls r2,r3,#16
  77 0050 B7F91230 	 ldrsh r3,[r7,#18]
  78 0054 B7F90E10 	 ldrsh r1,[r7,#14]
  79 0058 01FB03F3 	 mul r3,r1,r3
  80 005c 1344     	 add r3,r3,r2
  81 005e 1B14     	 asrs r3,r3,#16
  82 0060 BB81     	 strh r3,[r7,#12]
  70:../Dave/Generated/CMSIS_DSP/FastMathFunctions/arm_sin_q15.c **** 
  71:../Dave/Generated/CMSIS_DSP/FastMathFunctions/arm_sin_q15.c ****   return sinVal << 1;
  83              	 .loc 1 71 0
  84 0062 B7F90C30 	 ldrsh r3,[r7,#12]
  85 0066 5B00     	 lsls r3,r3,#1
  86 0068 9BB2     	 uxth r3,r3
  87 006a 1BB2     	 sxth r3,r3
  72:../Dave/Generated/CMSIS_DSP/FastMathFunctions/arm_sin_q15.c **** }
  88              	 .loc 1 72 0
  89 006c 1846     	 mov r0,r3
  90 006e 1C37     	 adds r7,r7,#28
  91              	.LCFI3:
  92              	 .cfi_def_cfa_offset 4
  93 0070 BD46     	 mov sp,r7
  94              	.LCFI4:
  95              	 .cfi_def_cfa_register 13
  96              	 
  97 0072 5DF8047B 	 ldr r7,[sp],#4
  98              	.LCFI5:
  99              	 .cfi_restore 7
 100              	 .cfi_def_cfa_offset 0
 101 0076 7047     	 bx lr
 102              	.L4:
 103              	 .align 2
 104              	.L3:
 105 0078 00000000 	 .word sinTable_q15
 106              	 .cfi_endproc
 107              	.LFE135:
 109              	 .text
 110              	.Letext0:
 111              	 .file 2 "c:\\program files (x86)\\dave\\eclipse\\arm-gcc-49\\arm-none-eabi\\include\\machine\\_default_types.h"
 112              	 .file 3 "c:\\program files (x86)\\dave\\eclipse\\arm-gcc-49\\arm-none-eabi\\include\\stdint.h"
 113              	 .file 4 "C:/Users/VMORAIS/Documents/DAVE_WS/1p_inverter_200V/Dave/Generated/CMSIS_DSP/arm_math.h"
 114              	 .file 5 "C:/Users/VMORAIS/Documents/DAVE_WS/1p_inverter_200V/Dave/Generated/CMSIS_DSP/arm_common_tables.h"
DEFINED SYMBOLS
                            *ABS*:00000000 arm_sin_q15.c
    {standard input}:20     .text.arm_sin_q15:00000000 $t
    {standard input}:25     .text.arm_sin_q15:00000000 arm_sin_q15
    {standard input}:105    .text.arm_sin_q15:00000078 $d
                     .debug_frame:00000010 $d

UNDEFINED SYMBOLS
sinTable_q15
