   1              	 .syntax unified
   2              	 .cpu cortex-m4
   3              	 .eabi_attribute 27,3
   4              	 .fpu fpv4-sp-d16
   5              	 .eabi_attribute 20,1
   6              	 .eabi_attribute 21,1
   7              	 .eabi_attribute 23,3
   8              	 .eabi_attribute 24,1
   9              	 .eabi_attribute 25,1
  10              	 .eabi_attribute 26,1
  11              	 .eabi_attribute 30,6
  12              	 .eabi_attribute 34,1
  13              	 .eabi_attribute 18,4
  14              	 .thumb
  15              	 .file "arm_pid_reset_q15.c"
  16              	 .text
  17              	.Ltext0:
  18              	 .cfi_sections .debug_frame
  19              	 .section .text.arm_pid_reset_q15,"ax",%progbits
  20              	 .align 2
  21              	 .global arm_pid_reset_q15
  22              	 .thumb
  23              	 .thumb_func
  25              	arm_pid_reset_q15:
  26              	.LFB135:
  27              	 .file 1 "../Dave/Generated/CMSIS_DSP/ControllerFunctions/arm_pid_reset_q15.c"
   1:../Dave/Generated/CMSIS_DSP/ControllerFunctions/arm_pid_reset_q15.c **** /* ----------------------------------------------------------------------
   2:../Dave/Generated/CMSIS_DSP/ControllerFunctions/arm_pid_reset_q15.c ****  * Project:      CMSIS DSP Library
   3:../Dave/Generated/CMSIS_DSP/ControllerFunctions/arm_pid_reset_q15.c ****  * Title:        arm_pid_reset_q15.c
   4:../Dave/Generated/CMSIS_DSP/ControllerFunctions/arm_pid_reset_q15.c ****  * Description:  Q15 PID Control reset function
   5:../Dave/Generated/CMSIS_DSP/ControllerFunctions/arm_pid_reset_q15.c ****  *
   6:../Dave/Generated/CMSIS_DSP/ControllerFunctions/arm_pid_reset_q15.c ****  * $Date:        27. January 2017
   7:../Dave/Generated/CMSIS_DSP/ControllerFunctions/arm_pid_reset_q15.c ****  * $Revision:    V.1.5.1
   8:../Dave/Generated/CMSIS_DSP/ControllerFunctions/arm_pid_reset_q15.c ****  *
   9:../Dave/Generated/CMSIS_DSP/ControllerFunctions/arm_pid_reset_q15.c ****  * Target Processor: Cortex-M cores
  10:../Dave/Generated/CMSIS_DSP/ControllerFunctions/arm_pid_reset_q15.c ****  * -------------------------------------------------------------------- */
  11:../Dave/Generated/CMSIS_DSP/ControllerFunctions/arm_pid_reset_q15.c **** /*
  12:../Dave/Generated/CMSIS_DSP/ControllerFunctions/arm_pid_reset_q15.c ****  * Copyright (C) 2010-2017 ARM Limited or its affiliates. All rights reserved.
  13:../Dave/Generated/CMSIS_DSP/ControllerFunctions/arm_pid_reset_q15.c ****  *
  14:../Dave/Generated/CMSIS_DSP/ControllerFunctions/arm_pid_reset_q15.c ****  * SPDX-License-Identifier: Apache-2.0
  15:../Dave/Generated/CMSIS_DSP/ControllerFunctions/arm_pid_reset_q15.c ****  *
  16:../Dave/Generated/CMSIS_DSP/ControllerFunctions/arm_pid_reset_q15.c ****  * Licensed under the Apache License, Version 2.0 (the License); you may
  17:../Dave/Generated/CMSIS_DSP/ControllerFunctions/arm_pid_reset_q15.c ****  * not use this file except in compliance with the License.
  18:../Dave/Generated/CMSIS_DSP/ControllerFunctions/arm_pid_reset_q15.c ****  * You may obtain a copy of the License at
  19:../Dave/Generated/CMSIS_DSP/ControllerFunctions/arm_pid_reset_q15.c ****  *
  20:../Dave/Generated/CMSIS_DSP/ControllerFunctions/arm_pid_reset_q15.c ****  * www.apache.org/licenses/LICENSE-2.0
  21:../Dave/Generated/CMSIS_DSP/ControllerFunctions/arm_pid_reset_q15.c ****  *
  22:../Dave/Generated/CMSIS_DSP/ControllerFunctions/arm_pid_reset_q15.c ****  * Unless required by applicable law or agreed to in writing, software
  23:../Dave/Generated/CMSIS_DSP/ControllerFunctions/arm_pid_reset_q15.c ****  * distributed under the License is distributed on an AS IS BASIS, WITHOUT
  24:../Dave/Generated/CMSIS_DSP/ControllerFunctions/arm_pid_reset_q15.c ****  * WARRANTIES OR CONDITIONS OF ANY KIND, either express or implied.
  25:../Dave/Generated/CMSIS_DSP/ControllerFunctions/arm_pid_reset_q15.c ****  * See the License for the specific language governing permissions and
  26:../Dave/Generated/CMSIS_DSP/ControllerFunctions/arm_pid_reset_q15.c ****  * limitations under the License.
  27:../Dave/Generated/CMSIS_DSP/ControllerFunctions/arm_pid_reset_q15.c ****  */
  28:../Dave/Generated/CMSIS_DSP/ControllerFunctions/arm_pid_reset_q15.c **** 
  29:../Dave/Generated/CMSIS_DSP/ControllerFunctions/arm_pid_reset_q15.c **** #include "CMSIS_DSP/cmsis_dsp.h"
  30:../Dave/Generated/CMSIS_DSP/ControllerFunctions/arm_pid_reset_q15.c **** 
  31:../Dave/Generated/CMSIS_DSP/ControllerFunctions/arm_pid_reset_q15.c ****  /**
  32:../Dave/Generated/CMSIS_DSP/ControllerFunctions/arm_pid_reset_q15.c ****  * @addtogroup PID
  33:../Dave/Generated/CMSIS_DSP/ControllerFunctions/arm_pid_reset_q15.c ****  * @{
  34:../Dave/Generated/CMSIS_DSP/ControllerFunctions/arm_pid_reset_q15.c ****  */
  35:../Dave/Generated/CMSIS_DSP/ControllerFunctions/arm_pid_reset_q15.c **** 
  36:../Dave/Generated/CMSIS_DSP/ControllerFunctions/arm_pid_reset_q15.c **** /**
  37:../Dave/Generated/CMSIS_DSP/ControllerFunctions/arm_pid_reset_q15.c **** * @brief  Reset function for the Q15 PID Control.
  38:../Dave/Generated/CMSIS_DSP/ControllerFunctions/arm_pid_reset_q15.c **** * @param[in] *S		Instance pointer of PID control data structure.
  39:../Dave/Generated/CMSIS_DSP/ControllerFunctions/arm_pid_reset_q15.c **** * @return none.
  40:../Dave/Generated/CMSIS_DSP/ControllerFunctions/arm_pid_reset_q15.c **** * \par Description:
  41:../Dave/Generated/CMSIS_DSP/ControllerFunctions/arm_pid_reset_q15.c **** * The function resets the state buffer to zeros.
  42:../Dave/Generated/CMSIS_DSP/ControllerFunctions/arm_pid_reset_q15.c **** */
  43:../Dave/Generated/CMSIS_DSP/ControllerFunctions/arm_pid_reset_q15.c **** void arm_pid_reset_q15(
  44:../Dave/Generated/CMSIS_DSP/ControllerFunctions/arm_pid_reset_q15.c ****   arm_pid_instance_q15 * S)
  45:../Dave/Generated/CMSIS_DSP/ControllerFunctions/arm_pid_reset_q15.c **** {
  28              	 .loc 1 45 0
  29              	 .cfi_startproc
  30              	 
  31              	 
  32 0000 80B5     	 push {r7,lr}
  33              	.LCFI0:
  34              	 .cfi_def_cfa_offset 8
  35              	 .cfi_offset 7,-8
  36              	 .cfi_offset 14,-4
  37 0002 82B0     	 sub sp,sp,#8
  38              	.LCFI1:
  39              	 .cfi_def_cfa_offset 16
  40 0004 00AF     	 add r7,sp,#0
  41              	.LCFI2:
  42              	 .cfi_def_cfa_register 7
  43 0006 7860     	 str r0,[r7,#4]
  46:../Dave/Generated/CMSIS_DSP/ControllerFunctions/arm_pid_reset_q15.c ****   /* Reset state to zero, The size will be always 3 samples */
  47:../Dave/Generated/CMSIS_DSP/ControllerFunctions/arm_pid_reset_q15.c ****   memset(S->state, 0, 3u * sizeof(q15_t));
  44              	 .loc 1 47 0
  45 0008 7B68     	 ldr r3,[r7,#4]
  46 000a 0833     	 adds r3,r3,#8
  47 000c 1846     	 mov r0,r3
  48 000e 0021     	 movs r1,#0
  49 0010 0622     	 movs r2,#6
  50 0012 FFF7FEFF 	 bl memset
  48:../Dave/Generated/CMSIS_DSP/ControllerFunctions/arm_pid_reset_q15.c **** }
  51              	 .loc 1 48 0
  52 0016 0837     	 adds r7,r7,#8
  53              	.LCFI3:
  54              	 .cfi_def_cfa_offset 8
  55 0018 BD46     	 mov sp,r7
  56              	.LCFI4:
  57              	 .cfi_def_cfa_register 13
  58              	 
  59 001a 80BD     	 pop {r7,pc}
  60              	 .cfi_endproc
  61              	.LFE135:
  63              	 .text
  64              	.Letext0:
  65              	 .file 2 "c:\\program files (x86)\\dave\\eclipse\\arm-gcc-49\\arm-none-eabi\\include\\machine\\_default_types.h"
  66              	 .file 3 "c:\\program files (x86)\\dave\\eclipse\\arm-gcc-49\\arm-none-eabi\\include\\stdint.h"
  67              	 .file 4 "F:/Projects/20190909 - 3phase_inverter/3phase_inverter/4. Software_WS/OL_VSC_vitor/Dave/Generated/CMSIS_DSP/arm_math.h"
DEFINED SYMBOLS
                            *ABS*:00000000 arm_pid_reset_q15.c
    {standard input}:20     .text.arm_pid_reset_q15:00000000 $t
    {standard input}:25     .text.arm_pid_reset_q15:00000000 arm_pid_reset_q15
                     .debug_frame:00000010 $d

UNDEFINED SYMBOLS
memset
