Change Component Designator: OldDesignator=U2 NewDesignator=U3
Change Component Designator: OldDesignator=U3 NewDesignator=U5
Added Component: Designator=U2(connector1x2_parafuso)
Add component. Clean all parameters for all variants
Add component (AddParameter): Name = "Price"; Value = "0,24"; VariantName = "[No Variations]"
Add component (AddParameter): Name = "RS VPN"; Value = "896-6696"; VariantName = "[No Variations]"
Added Component: Designator=U4(connector1x2_parafuso)
Add component. Clean all parameters for all variants
Add component (AddParameter): Name = "Price"; Value = "0,24"; VariantName = "[No Variations]"
Add component (AddParameter): Name = "RS VPN"; Value = "896-6696"; VariantName = "[No Variations]"
Added Component: Designator=U6(connector1x2_parafuso)
Add component. Clean all parameters for all variants
Add component (AddParameter): Name = "Price"; Value = "0,24"; VariantName = "[No Variations]"
Add component (AddParameter): Name = "RS VPN"; Value = "896-6696"; VariantName = "[No Variations]"
Added Pin To Net: NetName=NetCC1_3 Pin=U2-1
Added Pin To Net: NetName=NetCC1_3 Pin=U2-2
Added Pin To Net: NetName=NetCC2_3 Pin=U4-1
Added Pin To Net: NetName=NetCC2_3 Pin=U4-2
Added Pin To Net: NetName=NetCC3_3 Pin=U6-1
Added Pin To Net: NetName=NetCC3_3 Pin=U6-2
Added Member To Class: ClassName=filtro_rev4 Member=Component U4 P 2p 5mm
Added Member To Class: ClassName=filtro_rev4 Member=Component U5 P 2p 5mm
Added Member To Class: ClassName=filtro_rev4 Member=Component U6 P 2p 5mm
