Added Component: Designator=C1(CAPC_0805)
Add component. Clean all parameters for all variants
Add component (AddParameter): Name = "Mouser VPN"; Value = "963-TMK212BBJ106KG-T"; VariantName = "[No Variations]"
Add component (AddParameter): Name = "Price"; Value = "0,162"; VariantName = "[No Variations]"
Added Component: Designator=C3(CAPC_0805)
Add component. Clean all parameters for all variants
Add component (AddParameter): Name = "Mouser VPN"; Value = "963-TMK212BBJ106KG-T"; VariantName = "[No Variations]"
Add component (AddParameter): Name = "Price"; Value = "0,162"; VariantName = "[No Variations]"
Added Component: Designator=C5(CAPC_0805)
Add component. Clean all parameters for all variants
Add component (AddParameter): Name = "Mouser VPN"; Value = "963-TMK212BBJ106KG-T"; VariantName = "[No Variations]"
Add component (AddParameter): Name = "Price"; Value = "0,162"; VariantName = "[No Variations]"
Added Component: Designator=CC1(CC6303_SOP8)
Add component. Clean all parameters for all variants
Add component (AddParameter): Name = "Mouser VPN"; Value = "630-ACHS-7123-000E"; VariantName = "[No Variations]"
Add component (AddParameter): Name = "Price"; Value = "3,47"; VariantName = "[No Variations]"
Added Component: Designator=CC2(CC6303_SOP8)
Add component. Clean all parameters for all variants
Add component (AddParameter): Name = "Mouser VPN"; Value = "630-ACHS-7123-000E"; VariantName = "[No Variations]"
Add component (AddParameter): Name = "Price"; Value = "3,47"; VariantName = "[No Variations]"
Added Component: Designator=CC3(CC6303_SOP8)
Add component. Clean all parameters for all variants
Add component (AddParameter): Name = "Mouser VPN"; Value = "630-ACHS-7123-000E"; VariantName = "[No Variations]"
Add component (AddParameter): Name = "Price"; Value = "3,47"; VariantName = "[No Variations]"
Added Component: Designator=P1(MOLEX_3p_105431_1103)
Add component. Clean all parameters for all variants
Add component (AddParameter): Name = "Mouser VPN"; Value = "538-87937-0800"; VariantName = "[No Variations]"
Add component (AddParameter): Name = "Price"; Value = "0,621"; VariantName = "[No Variations]"
Added Component: Designator=P2(MOLEX_3p_105431_1103)
Add component. Clean all parameters for all variants
Add component (AddParameter): Name = "Mouser VPN"; Value = "538-87937-0800"; VariantName = "[No Variations]"
Add component (AddParameter): Name = "Price"; Value = "0,621"; VariantName = "[No Variations]"
Added Component: Designator=P3(MOLEX_3p_105431_1103)
Add component. Clean all parameters for all variants
Add component (AddParameter): Name = "Mouser VPN"; Value = "538-87937-0800"; VariantName = "[No Variations]"
Add component (AddParameter): Name = "Price"; Value = "0,621"; VariantName = "[No Variations]"
Added Component: Designator=U1(connector1x2_parafuso)
Add component. Clean all parameters for all variants
Add component (AddParameter): Name = "Price"; Value = "0,24"; VariantName = "[No Variations]"
Add component (AddParameter): Name = "RS VPN"; Value = "896-6696"; VariantName = "[No Variations]"
Added Component: Designator=U2(connector1x2_parafuso)
Add component. Clean all parameters for all variants
Add component (AddParameter): Name = "Price"; Value = "0,24"; VariantName = "[No Variations]"
Add component (AddParameter): Name = "RS VPN"; Value = "896-6696"; VariantName = "[No Variations]"
Added Component: Designator=U3(connector1x2_parafuso)
Add component. Clean all parameters for all variants
Add component (AddParameter): Name = "Price"; Value = "0,24"; VariantName = "[No Variations]"
Add component (AddParameter): Name = "RS VPN"; Value = "896-6696"; VariantName = "[No Variations]"
Added Pin To Net: NetName=5gnd1 Pin=C1-1
Added Pin To Net: NetName=5VDC1 Pin=C1-2
Added Pin To Net: NetName=5gnd1 Pin=C3-1
Added Pin To Net: NetName=5VDC1 Pin=C3-2
Added Pin To Net: NetName=5gnd1 Pin=C5-1
Added Pin To Net: NetName=5VDC1 Pin=C5-2
Added Pin To Net: NetName=NetCC1_3 Pin=CC1-3
Added Pin To Net: NetName=NetCC1_3 Pin=CC1-4
Added Pin To Net: NetName=5gnd1 Pin=CC1-5
Added Pin To Net: NetName=I_U Pin=CC1-7
Added Pin To Net: NetName=5VDC1 Pin=CC1-8
Added Pin To Net: NetName=NetCC2_3 Pin=CC2-3
Added Pin To Net: NetName=NetCC2_3 Pin=CC2-4
Added Pin To Net: NetName=5gnd1 Pin=CC2-5
Added Pin To Net: NetName=I_U Pin=CC2-7
Added Pin To Net: NetName=5VDC1 Pin=CC2-8
Added Pin To Net: NetName=NetCC3_3 Pin=CC3-3
Added Pin To Net: NetName=NetCC3_3 Pin=CC3-4
Added Pin To Net: NetName=5gnd1 Pin=CC3-5
Added Pin To Net: NetName=I_U Pin=CC3-7
Added Pin To Net: NetName=5VDC1 Pin=CC3-8
Added Pin To Net: NetName=5VDC1 Pin=P1-1
Added Pin To Net: NetName=5VDC1 Pin=P1-1
Added Pin To Net: NetName=I_U Pin=P1-2
Added Pin To Net: NetName=I_U Pin=P1-2
Added Pin To Net: NetName=5gnd1 Pin=P1-3
Added Pin To Net: NetName=5gnd1 Pin=P1-3
Added Pin To Net: NetName=5VDC1 Pin=P2-1
Added Pin To Net: NetName=5VDC1 Pin=P2-1
Added Pin To Net: NetName=I_U Pin=P2-2
Added Pin To Net: NetName=I_U Pin=P2-2
Added Pin To Net: NetName=5gnd1 Pin=P2-3
Added Pin To Net: NetName=5gnd1 Pin=P2-3
Added Pin To Net: NetName=5VDC1 Pin=P3-1
Added Pin To Net: NetName=5VDC1 Pin=P3-1
Added Pin To Net: NetName=I_U Pin=P3-2
Added Pin To Net: NetName=I_U Pin=P3-2
Added Pin To Net: NetName=5gnd1 Pin=P3-3
Added Pin To Net: NetName=5gnd1 Pin=P3-3
Added Net: Name=GRID_N
Added Pin To Net: NetName=INDUCTOR_Ph_A Pin=CC1-1
Added Pin To Net: NetName=INDUCTOR_Ph_A Pin=CC1-2
Added Pin To Net: NetName=INDUCTOR_Ph_A Pin=U1-1
Added Pin To Net: NetName=INDUCTOR_Ph_A Pin=U1-2
Added Net: Name=INDUCTOR_Ph_A
Added Pin To Net: NetName=INDUCTOR_Ph_B Pin=CC2-1
Added Pin To Net: NetName=INDUCTOR_Ph_B Pin=CC2-2
Added Pin To Net: NetName=INDUCTOR_Ph_B Pin=U2-1
Added Pin To Net: NetName=INDUCTOR_Ph_B Pin=U2-2
Added Net: Name=INDUCTOR_Ph_B
Added Pin To Net: NetName=INDUCTOR_Ph_C Pin=CC3-1
Added Pin To Net: NetName=INDUCTOR_Ph_C Pin=CC3-2
Added Pin To Net: NetName=INDUCTOR_Ph_C Pin=U3-1
Added Pin To Net: NetName=INDUCTOR_Ph_C Pin=U3-2
Added Net: Name=INDUCTOR_Ph_C
Added Net: Name=NetC2_2
Change Class Name : Old Net Name=inversor_rev4 New Net Name=filtro_rev4
Added Member To Class: ClassName=filtro_rev4 Member=Component C1 C 10uF 0805 MLCC 25V X5R
Added Member To Class: ClassName=filtro_rev4 Member=Component C3 C 10uF 0805 MLCC 25V X5R
Added Member To Class: ClassName=filtro_rev4 Member=Component C5 C 10uF 0805 MLCC 25V X5R
Added Member To Class: ClassName=filtro_rev4 Member=Component CC1 IC CC 30A SO-8
Added Member To Class: ClassName=filtro_rev4 Member=Component CC2 IC CC 30A SO-8
Added Member To Class: ClassName=filtro_rev4 Member=Component CC3 IC CC 30A SO-8
Added Member To Class: ClassName=filtro_rev4 Member=Component P1 P 8p 2.54 SR DW 3P
Added Member To Class: ClassName=filtro_rev4 Member=Component P2 P 8p 2.54 SR DW 3P
Added Member To Class: ClassName=filtro_rev4 Member=Component P3 P 8p 2.54 SR DW 3P
Added Member To Class: ClassName=filtro_rev4 Member=Component U1 P 2p 5mm
Added Member To Class: ClassName=filtro_rev4 Member=Component U2 P 2p 5mm
Added Member To Class: ClassName=filtro_rev4 Member=Component U3 P 2p 5mm
Added Room: Name=filtro_rev4
