   1              	 .syntax unified
   2              	 .cpu cortex-m4
   3              	 .eabi_attribute 27,3
   4              	 .fpu fpv4-sp-d16
   5              	 .eabi_attribute 20,1
   6              	 .eabi_attribute 21,1
   7              	 .eabi_attribute 23,3
   8              	 .eabi_attribute 24,1
   9              	 .eabi_attribute 25,1
  10              	 .eabi_attribute 26,1
  11              	 .eabi_attribute 30,6
  12              	 .eabi_attribute 34,1
  13              	 .eabi_attribute 18,4
  14              	 .thumb
  15              	 .file "arm_fir_decimate_init_f32.c"
  16              	 .text
  17              	.Ltext0:
  18              	 .cfi_sections .debug_frame
  19              	 .section .text.arm_fir_decimate_init_f32,"ax",%progbits
  20              	 .align 2
  21              	 .global arm_fir_decimate_init_f32
  22              	 .thumb
  23              	 .thumb_func
  25              	arm_fir_decimate_init_f32:
  26              	.LFB135:
  27              	 .file 1 "../Dave/Generated/CMSIS_DSP/FilteringFunctions/arm_fir_decimate_init_f32.c"
   1:../Dave/Generated/CMSIS_DSP/FilteringFunctions/arm_fir_decimate_init_f32.c **** /* ----------------------------------------------------------------------
   2:../Dave/Generated/CMSIS_DSP/FilteringFunctions/arm_fir_decimate_init_f32.c ****  * Project:      CMSIS DSP Library
   3:../Dave/Generated/CMSIS_DSP/FilteringFunctions/arm_fir_decimate_init_f32.c ****  * Title:        arm_fir_decimate_init_f32.c
   4:../Dave/Generated/CMSIS_DSP/FilteringFunctions/arm_fir_decimate_init_f32.c ****  * Description:  Floating-point FIR Decimator initialization function
   5:../Dave/Generated/CMSIS_DSP/FilteringFunctions/arm_fir_decimate_init_f32.c ****  *
   6:../Dave/Generated/CMSIS_DSP/FilteringFunctions/arm_fir_decimate_init_f32.c ****  * $Date:        27. January 2017
   7:../Dave/Generated/CMSIS_DSP/FilteringFunctions/arm_fir_decimate_init_f32.c ****  * $Revision:    V.1.5.1
   8:../Dave/Generated/CMSIS_DSP/FilteringFunctions/arm_fir_decimate_init_f32.c ****  *
   9:../Dave/Generated/CMSIS_DSP/FilteringFunctions/arm_fir_decimate_init_f32.c ****  * Target Processor: Cortex-M cores
  10:../Dave/Generated/CMSIS_DSP/FilteringFunctions/arm_fir_decimate_init_f32.c ****  * -------------------------------------------------------------------- */
  11:../Dave/Generated/CMSIS_DSP/FilteringFunctions/arm_fir_decimate_init_f32.c **** /*
  12:../Dave/Generated/CMSIS_DSP/FilteringFunctions/arm_fir_decimate_init_f32.c ****  * Copyright (C) 2010-2017 ARM Limited or its affiliates. All rights reserved.
  13:../Dave/Generated/CMSIS_DSP/FilteringFunctions/arm_fir_decimate_init_f32.c ****  *
  14:../Dave/Generated/CMSIS_DSP/FilteringFunctions/arm_fir_decimate_init_f32.c ****  * SPDX-License-Identifier: Apache-2.0
  15:../Dave/Generated/CMSIS_DSP/FilteringFunctions/arm_fir_decimate_init_f32.c ****  *
  16:../Dave/Generated/CMSIS_DSP/FilteringFunctions/arm_fir_decimate_init_f32.c ****  * Licensed under the Apache License, Version 2.0 (the License); you may
  17:../Dave/Generated/CMSIS_DSP/FilteringFunctions/arm_fir_decimate_init_f32.c ****  * not use this file except in compliance with the License.
  18:../Dave/Generated/CMSIS_DSP/FilteringFunctions/arm_fir_decimate_init_f32.c ****  * You may obtain a copy of the License at
  19:../Dave/Generated/CMSIS_DSP/FilteringFunctions/arm_fir_decimate_init_f32.c ****  *
  20:../Dave/Generated/CMSIS_DSP/FilteringFunctions/arm_fir_decimate_init_f32.c ****  * www.apache.org/licenses/LICENSE-2.0
  21:../Dave/Generated/CMSIS_DSP/FilteringFunctions/arm_fir_decimate_init_f32.c ****  *
  22:../Dave/Generated/CMSIS_DSP/FilteringFunctions/arm_fir_decimate_init_f32.c ****  * Unless required by applicable law or agreed to in writing, software
  23:../Dave/Generated/CMSIS_DSP/FilteringFunctions/arm_fir_decimate_init_f32.c ****  * distributed under the License is distributed on an AS IS BASIS, WITHOUT
  24:../Dave/Generated/CMSIS_DSP/FilteringFunctions/arm_fir_decimate_init_f32.c ****  * WARRANTIES OR CONDITIONS OF ANY KIND, either express or implied.
  25:../Dave/Generated/CMSIS_DSP/FilteringFunctions/arm_fir_decimate_init_f32.c ****  * See the License for the specific language governing permissions and
  26:../Dave/Generated/CMSIS_DSP/FilteringFunctions/arm_fir_decimate_init_f32.c ****  * limitations under the License.
  27:../Dave/Generated/CMSIS_DSP/FilteringFunctions/arm_fir_decimate_init_f32.c ****  */
  28:../Dave/Generated/CMSIS_DSP/FilteringFunctions/arm_fir_decimate_init_f32.c **** 
  29:../Dave/Generated/CMSIS_DSP/FilteringFunctions/arm_fir_decimate_init_f32.c **** #include "CMSIS_DSP/cmsis_dsp.h"
  30:../Dave/Generated/CMSIS_DSP/FilteringFunctions/arm_fir_decimate_init_f32.c **** 
  31:../Dave/Generated/CMSIS_DSP/FilteringFunctions/arm_fir_decimate_init_f32.c **** /**
  32:../Dave/Generated/CMSIS_DSP/FilteringFunctions/arm_fir_decimate_init_f32.c ****  * @ingroup groupFilters
  33:../Dave/Generated/CMSIS_DSP/FilteringFunctions/arm_fir_decimate_init_f32.c ****  */
  34:../Dave/Generated/CMSIS_DSP/FilteringFunctions/arm_fir_decimate_init_f32.c **** 
  35:../Dave/Generated/CMSIS_DSP/FilteringFunctions/arm_fir_decimate_init_f32.c **** /**
  36:../Dave/Generated/CMSIS_DSP/FilteringFunctions/arm_fir_decimate_init_f32.c ****  * @addtogroup FIR_decimate
  37:../Dave/Generated/CMSIS_DSP/FilteringFunctions/arm_fir_decimate_init_f32.c ****  * @{
  38:../Dave/Generated/CMSIS_DSP/FilteringFunctions/arm_fir_decimate_init_f32.c ****  */
  39:../Dave/Generated/CMSIS_DSP/FilteringFunctions/arm_fir_decimate_init_f32.c **** 
  40:../Dave/Generated/CMSIS_DSP/FilteringFunctions/arm_fir_decimate_init_f32.c **** /**
  41:../Dave/Generated/CMSIS_DSP/FilteringFunctions/arm_fir_decimate_init_f32.c ****  * @brief  Initialization function for the floating-point FIR decimator.
  42:../Dave/Generated/CMSIS_DSP/FilteringFunctions/arm_fir_decimate_init_f32.c ****  * @param[in,out] *S points to an instance of the floating-point FIR decimator structure.
  43:../Dave/Generated/CMSIS_DSP/FilteringFunctions/arm_fir_decimate_init_f32.c ****  * @param[in] numTaps  number of coefficients in the filter.
  44:../Dave/Generated/CMSIS_DSP/FilteringFunctions/arm_fir_decimate_init_f32.c ****  * @param[in] M  decimation factor.
  45:../Dave/Generated/CMSIS_DSP/FilteringFunctions/arm_fir_decimate_init_f32.c ****  * @param[in] *pCoeffs points to the filter coefficients.
  46:../Dave/Generated/CMSIS_DSP/FilteringFunctions/arm_fir_decimate_init_f32.c ****  * @param[in] *pState points to the state buffer.
  47:../Dave/Generated/CMSIS_DSP/FilteringFunctions/arm_fir_decimate_init_f32.c ****  * @param[in] blockSize number of input samples to process per call.
  48:../Dave/Generated/CMSIS_DSP/FilteringFunctions/arm_fir_decimate_init_f32.c ****  * @return    The function returns ARM_MATH_SUCCESS if initialization was successful or ARM_MATH_LE
  49:../Dave/Generated/CMSIS_DSP/FilteringFunctions/arm_fir_decimate_init_f32.c ****  * <code>blockSize</code> is not a multiple of <code>M</code>.
  50:../Dave/Generated/CMSIS_DSP/FilteringFunctions/arm_fir_decimate_init_f32.c ****  *
  51:../Dave/Generated/CMSIS_DSP/FilteringFunctions/arm_fir_decimate_init_f32.c ****  * <b>Description:</b>
  52:../Dave/Generated/CMSIS_DSP/FilteringFunctions/arm_fir_decimate_init_f32.c ****  * \par
  53:../Dave/Generated/CMSIS_DSP/FilteringFunctions/arm_fir_decimate_init_f32.c ****  * <code>pCoeffs</code> points to the array of filter coefficients stored in time reversed order:
  54:../Dave/Generated/CMSIS_DSP/FilteringFunctions/arm_fir_decimate_init_f32.c ****  * <pre>
  55:../Dave/Generated/CMSIS_DSP/FilteringFunctions/arm_fir_decimate_init_f32.c ****  *    {b[numTaps-1], b[numTaps-2], b[N-2], ..., b[1], b[0]}
  56:../Dave/Generated/CMSIS_DSP/FilteringFunctions/arm_fir_decimate_init_f32.c ****  * </pre>
  57:../Dave/Generated/CMSIS_DSP/FilteringFunctions/arm_fir_decimate_init_f32.c ****  * \par
  58:../Dave/Generated/CMSIS_DSP/FilteringFunctions/arm_fir_decimate_init_f32.c ****  * <code>pState</code> points to the array of state variables.
  59:../Dave/Generated/CMSIS_DSP/FilteringFunctions/arm_fir_decimate_init_f32.c ****  * <code>pState</code> is of length <code>numTaps+blockSize-1</code> words where <code>blockSize</c
  60:../Dave/Generated/CMSIS_DSP/FilteringFunctions/arm_fir_decimate_init_f32.c ****  * <code>M</code> is the decimation factor.
  61:../Dave/Generated/CMSIS_DSP/FilteringFunctions/arm_fir_decimate_init_f32.c ****  */
  62:../Dave/Generated/CMSIS_DSP/FilteringFunctions/arm_fir_decimate_init_f32.c **** 
  63:../Dave/Generated/CMSIS_DSP/FilteringFunctions/arm_fir_decimate_init_f32.c **** arm_status arm_fir_decimate_init_f32(
  64:../Dave/Generated/CMSIS_DSP/FilteringFunctions/arm_fir_decimate_init_f32.c ****   arm_fir_decimate_instance_f32 * S,
  65:../Dave/Generated/CMSIS_DSP/FilteringFunctions/arm_fir_decimate_init_f32.c ****   uint16_t numTaps,
  66:../Dave/Generated/CMSIS_DSP/FilteringFunctions/arm_fir_decimate_init_f32.c ****   uint8_t M,
  67:../Dave/Generated/CMSIS_DSP/FilteringFunctions/arm_fir_decimate_init_f32.c ****   float32_t * pCoeffs,
  68:../Dave/Generated/CMSIS_DSP/FilteringFunctions/arm_fir_decimate_init_f32.c ****   float32_t * pState,
  69:../Dave/Generated/CMSIS_DSP/FilteringFunctions/arm_fir_decimate_init_f32.c ****   uint32_t blockSize)
  70:../Dave/Generated/CMSIS_DSP/FilteringFunctions/arm_fir_decimate_init_f32.c **** {
  28              	 .loc 1 70 0
  29              	 .cfi_startproc
  30              	 
  31              	 
  32 0000 80B5     	 push {r7,lr}
  33              	.LCFI0:
  34              	 .cfi_def_cfa_offset 8
  35              	 .cfi_offset 7,-8
  36              	 .cfi_offset 14,-4
  37 0002 86B0     	 sub sp,sp,#24
  38              	.LCFI1:
  39              	 .cfi_def_cfa_offset 32
  40 0004 00AF     	 add r7,sp,#0
  41              	.LCFI2:
  42              	 .cfi_def_cfa_register 7
  43 0006 F860     	 str r0,[r7,#12]
  44 0008 7B60     	 str r3,[r7,#4]
  45 000a 0B46     	 mov r3,r1
  46 000c 7B81     	 strh r3,[r7,#10]
  47 000e 1346     	 mov r3,r2
  48 0010 7B72     	 strb r3,[r7,#9]
  71:../Dave/Generated/CMSIS_DSP/FilteringFunctions/arm_fir_decimate_init_f32.c ****   arm_status status;
  72:../Dave/Generated/CMSIS_DSP/FilteringFunctions/arm_fir_decimate_init_f32.c **** 
  73:../Dave/Generated/CMSIS_DSP/FilteringFunctions/arm_fir_decimate_init_f32.c ****   /* The size of the input block must be a multiple of the decimation factor */
  74:../Dave/Generated/CMSIS_DSP/FilteringFunctions/arm_fir_decimate_init_f32.c ****   if ((blockSize % M) != 0u)
  49              	 .loc 1 74 0
  50 0012 7A7A     	 ldrb r2,[r7,#9]
  51 0014 7B6A     	 ldr r3,[r7,#36]
  52 0016 B3FBF2F1 	 udiv r1,r3,r2
  53 001a 02FB01F2 	 mul r2,r2,r1
  54 001e 9B1A     	 subs r3,r3,r2
  55 0020 002B     	 cmp r3,#0
  56 0022 02D0     	 beq .L2
  75:../Dave/Generated/CMSIS_DSP/FilteringFunctions/arm_fir_decimate_init_f32.c ****   {
  76:../Dave/Generated/CMSIS_DSP/FilteringFunctions/arm_fir_decimate_init_f32.c ****     /* Set status as ARM_MATH_LENGTH_ERROR */
  77:../Dave/Generated/CMSIS_DSP/FilteringFunctions/arm_fir_decimate_init_f32.c ****     status = ARM_MATH_LENGTH_ERROR;
  57              	 .loc 1 77 0
  58 0024 FE23     	 movs r3,#254
  59 0026 FB75     	 strb r3,[r7,#23]
  60 0028 19E0     	 b .L3
  61              	.L2:
  78:../Dave/Generated/CMSIS_DSP/FilteringFunctions/arm_fir_decimate_init_f32.c ****   }
  79:../Dave/Generated/CMSIS_DSP/FilteringFunctions/arm_fir_decimate_init_f32.c ****   else
  80:../Dave/Generated/CMSIS_DSP/FilteringFunctions/arm_fir_decimate_init_f32.c ****   {
  81:../Dave/Generated/CMSIS_DSP/FilteringFunctions/arm_fir_decimate_init_f32.c ****     /* Assign filter taps */
  82:../Dave/Generated/CMSIS_DSP/FilteringFunctions/arm_fir_decimate_init_f32.c ****     S->numTaps = numTaps;
  62              	 .loc 1 82 0
  63 002a FB68     	 ldr r3,[r7,#12]
  64 002c 7A89     	 ldrh r2,[r7,#10]
  65 002e 5A80     	 strh r2,[r3,#2]
  83:../Dave/Generated/CMSIS_DSP/FilteringFunctions/arm_fir_decimate_init_f32.c **** 
  84:../Dave/Generated/CMSIS_DSP/FilteringFunctions/arm_fir_decimate_init_f32.c ****     /* Assign coefficient pointer */
  85:../Dave/Generated/CMSIS_DSP/FilteringFunctions/arm_fir_decimate_init_f32.c ****     S->pCoeffs = pCoeffs;
  66              	 .loc 1 85 0
  67 0030 FB68     	 ldr r3,[r7,#12]
  68 0032 7A68     	 ldr r2,[r7,#4]
  69 0034 5A60     	 str r2,[r3,#4]
  86:../Dave/Generated/CMSIS_DSP/FilteringFunctions/arm_fir_decimate_init_f32.c **** 
  87:../Dave/Generated/CMSIS_DSP/FilteringFunctions/arm_fir_decimate_init_f32.c ****     /* Clear state buffer and size is always (blockSize + numTaps - 1) */
  88:../Dave/Generated/CMSIS_DSP/FilteringFunctions/arm_fir_decimate_init_f32.c ****     memset(pState, 0, (numTaps + (blockSize - 1u)) * sizeof(float32_t));
  70              	 .loc 1 88 0
  71 0036 7A89     	 ldrh r2,[r7,#10]
  72 0038 7B6A     	 ldr r3,[r7,#36]
  73 003a 1344     	 add r3,r3,r2
  74 003c 03F18043 	 add r3,r3,#1073741824
  75 0040 013B     	 subs r3,r3,#1
  76 0042 9B00     	 lsls r3,r3,#2
  77 0044 386A     	 ldr r0,[r7,#32]
  78 0046 0021     	 movs r1,#0
  79 0048 1A46     	 mov r2,r3
  80 004a FFF7FEFF 	 bl memset
  89:../Dave/Generated/CMSIS_DSP/FilteringFunctions/arm_fir_decimate_init_f32.c **** 
  90:../Dave/Generated/CMSIS_DSP/FilteringFunctions/arm_fir_decimate_init_f32.c ****     /* Assign state pointer */
  91:../Dave/Generated/CMSIS_DSP/FilteringFunctions/arm_fir_decimate_init_f32.c ****     S->pState = pState;
  81              	 .loc 1 91 0
  82 004e FB68     	 ldr r3,[r7,#12]
  83 0050 3A6A     	 ldr r2,[r7,#32]
  84 0052 9A60     	 str r2,[r3,#8]
  92:../Dave/Generated/CMSIS_DSP/FilteringFunctions/arm_fir_decimate_init_f32.c **** 
  93:../Dave/Generated/CMSIS_DSP/FilteringFunctions/arm_fir_decimate_init_f32.c ****     /* Assign Decimation Factor */
  94:../Dave/Generated/CMSIS_DSP/FilteringFunctions/arm_fir_decimate_init_f32.c ****     S->M = M;
  85              	 .loc 1 94 0
  86 0054 FB68     	 ldr r3,[r7,#12]
  87 0056 7A7A     	 ldrb r2,[r7,#9]
  88 0058 1A70     	 strb r2,[r3]
  95:../Dave/Generated/CMSIS_DSP/FilteringFunctions/arm_fir_decimate_init_f32.c **** 
  96:../Dave/Generated/CMSIS_DSP/FilteringFunctions/arm_fir_decimate_init_f32.c ****     status = ARM_MATH_SUCCESS;
  89              	 .loc 1 96 0
  90 005a 0023     	 movs r3,#0
  91 005c FB75     	 strb r3,[r7,#23]
  92              	.L3:
  97:../Dave/Generated/CMSIS_DSP/FilteringFunctions/arm_fir_decimate_init_f32.c ****   }
  98:../Dave/Generated/CMSIS_DSP/FilteringFunctions/arm_fir_decimate_init_f32.c **** 
  99:../Dave/Generated/CMSIS_DSP/FilteringFunctions/arm_fir_decimate_init_f32.c ****   return (status);
  93              	 .loc 1 99 0
  94 005e FB7D     	 ldrb r3,[r7,#23]
  95 0060 5BB2     	 sxtb r3,r3
 100:../Dave/Generated/CMSIS_DSP/FilteringFunctions/arm_fir_decimate_init_f32.c **** 
 101:../Dave/Generated/CMSIS_DSP/FilteringFunctions/arm_fir_decimate_init_f32.c **** }
  96              	 .loc 1 101 0
  97 0062 1846     	 mov r0,r3
  98 0064 1837     	 adds r7,r7,#24
  99              	.LCFI3:
 100              	 .cfi_def_cfa_offset 8
 101 0066 BD46     	 mov sp,r7
 102              	.LCFI4:
 103              	 .cfi_def_cfa_register 13
 104              	 
 105 0068 80BD     	 pop {r7,pc}
 106              	 .cfi_endproc
 107              	.LFE135:
 109 006a 00BF     	 .text
 110              	.Letext0:
 111              	 .file 2 "c:\\program files (x86)\\dave\\eclipse\\arm-gcc-49\\arm-none-eabi\\include\\machine\\_default_types.h"
 112              	 .file 3 "c:\\program files (x86)\\dave\\eclipse\\arm-gcc-49\\arm-none-eabi\\include\\stdint.h"
 113              	 .file 4 "F:/Projects/20190909 - 3phase_inverter/3phase_inverter/4. Software_WS/OL_VSC_vitor/Dave/Generated/CMSIS_DSP/arm_math.h"
DEFINED SYMBOLS
                            *ABS*:00000000 arm_fir_decimate_init_f32.c
    {standard input}:20     .text.arm_fir_decimate_init_f32:00000000 $t
    {standard input}:25     .text.arm_fir_decimate_init_f32:00000000 arm_fir_decimate_init_f32
                     .debug_frame:00000010 $d

UNDEFINED SYMBOLS
memset
