   1              	 .syntax unified
   2              	 .cpu cortex-m4
   3              	 .eabi_attribute 27,3
   4              	 .fpu fpv4-sp-d16
   5              	 .eabi_attribute 20,1
   6              	 .eabi_attribute 21,1
   7              	 .eabi_attribute 23,3
   8              	 .eabi_attribute 24,1
   9              	 .eabi_attribute 25,1
  10              	 .eabi_attribute 26,1
  11              	 .eabi_attribute 30,6
  12              	 .eabi_attribute 34,1
  13              	 .eabi_attribute 18,4
  14              	 .thumb
  15              	 .file "arm_fir_interpolate_init_f32.c"
  16              	 .text
  17              	.Ltext0:
  18              	 .cfi_sections .debug_frame
  19              	 .section .text.arm_fir_interpolate_init_f32,"ax",%progbits
  20              	 .align 2
  21              	 .global arm_fir_interpolate_init_f32
  22              	 .thumb
  23              	 .thumb_func
  25              	arm_fir_interpolate_init_f32:
  26              	.LFB135:
  27              	 .file 1 "../Dave/Generated/CMSIS_DSP/FilteringFunctions/arm_fir_interpolate_init_f32.c"
   1:../Dave/Generated/CMSIS_DSP/FilteringFunctions/arm_fir_interpolate_init_f32.c **** /* ----------------------------------------------------------------------
   2:../Dave/Generated/CMSIS_DSP/FilteringFunctions/arm_fir_interpolate_init_f32.c ****  * Project:      CMSIS DSP Library
   3:../Dave/Generated/CMSIS_DSP/FilteringFunctions/arm_fir_interpolate_init_f32.c ****  * Title:        arm_fir_interpolate_init_f32.c
   4:../Dave/Generated/CMSIS_DSP/FilteringFunctions/arm_fir_interpolate_init_f32.c ****  * Description:  Floating-point FIR interpolator initialization function
   5:../Dave/Generated/CMSIS_DSP/FilteringFunctions/arm_fir_interpolate_init_f32.c ****  *
   6:../Dave/Generated/CMSIS_DSP/FilteringFunctions/arm_fir_interpolate_init_f32.c ****  * $Date:        27. January 2017
   7:../Dave/Generated/CMSIS_DSP/FilteringFunctions/arm_fir_interpolate_init_f32.c ****  * $Revision:    V.1.5.1
   8:../Dave/Generated/CMSIS_DSP/FilteringFunctions/arm_fir_interpolate_init_f32.c ****  *
   9:../Dave/Generated/CMSIS_DSP/FilteringFunctions/arm_fir_interpolate_init_f32.c ****  * Target Processor: Cortex-M cores
  10:../Dave/Generated/CMSIS_DSP/FilteringFunctions/arm_fir_interpolate_init_f32.c ****  * -------------------------------------------------------------------- */
  11:../Dave/Generated/CMSIS_DSP/FilteringFunctions/arm_fir_interpolate_init_f32.c **** /*
  12:../Dave/Generated/CMSIS_DSP/FilteringFunctions/arm_fir_interpolate_init_f32.c ****  * Copyright (C) 2010-2017 ARM Limited or its affiliates. All rights reserved.
  13:../Dave/Generated/CMSIS_DSP/FilteringFunctions/arm_fir_interpolate_init_f32.c ****  *
  14:../Dave/Generated/CMSIS_DSP/FilteringFunctions/arm_fir_interpolate_init_f32.c ****  * SPDX-License-Identifier: Apache-2.0
  15:../Dave/Generated/CMSIS_DSP/FilteringFunctions/arm_fir_interpolate_init_f32.c ****  *
  16:../Dave/Generated/CMSIS_DSP/FilteringFunctions/arm_fir_interpolate_init_f32.c ****  * Licensed under the Apache License, Version 2.0 (the License); you may
  17:../Dave/Generated/CMSIS_DSP/FilteringFunctions/arm_fir_interpolate_init_f32.c ****  * not use this file except in compliance with the License.
  18:../Dave/Generated/CMSIS_DSP/FilteringFunctions/arm_fir_interpolate_init_f32.c ****  * You may obtain a copy of the License at
  19:../Dave/Generated/CMSIS_DSP/FilteringFunctions/arm_fir_interpolate_init_f32.c ****  *
  20:../Dave/Generated/CMSIS_DSP/FilteringFunctions/arm_fir_interpolate_init_f32.c ****  * www.apache.org/licenses/LICENSE-2.0
  21:../Dave/Generated/CMSIS_DSP/FilteringFunctions/arm_fir_interpolate_init_f32.c ****  *
  22:../Dave/Generated/CMSIS_DSP/FilteringFunctions/arm_fir_interpolate_init_f32.c ****  * Unless required by applicable law or agreed to in writing, software
  23:../Dave/Generated/CMSIS_DSP/FilteringFunctions/arm_fir_interpolate_init_f32.c ****  * distributed under the License is distributed on an AS IS BASIS, WITHOUT
  24:../Dave/Generated/CMSIS_DSP/FilteringFunctions/arm_fir_interpolate_init_f32.c ****  * WARRANTIES OR CONDITIONS OF ANY KIND, either express or implied.
  25:../Dave/Generated/CMSIS_DSP/FilteringFunctions/arm_fir_interpolate_init_f32.c ****  * See the License for the specific language governing permissions and
  26:../Dave/Generated/CMSIS_DSP/FilteringFunctions/arm_fir_interpolate_init_f32.c ****  * limitations under the License.
  27:../Dave/Generated/CMSIS_DSP/FilteringFunctions/arm_fir_interpolate_init_f32.c ****  */
  28:../Dave/Generated/CMSIS_DSP/FilteringFunctions/arm_fir_interpolate_init_f32.c **** 
  29:../Dave/Generated/CMSIS_DSP/FilteringFunctions/arm_fir_interpolate_init_f32.c **** #include "CMSIS_DSP/cmsis_dsp.h"
  30:../Dave/Generated/CMSIS_DSP/FilteringFunctions/arm_fir_interpolate_init_f32.c **** 
  31:../Dave/Generated/CMSIS_DSP/FilteringFunctions/arm_fir_interpolate_init_f32.c **** /**
  32:../Dave/Generated/CMSIS_DSP/FilteringFunctions/arm_fir_interpolate_init_f32.c ****  * @ingroup groupFilters
  33:../Dave/Generated/CMSIS_DSP/FilteringFunctions/arm_fir_interpolate_init_f32.c ****  */
  34:../Dave/Generated/CMSIS_DSP/FilteringFunctions/arm_fir_interpolate_init_f32.c **** 
  35:../Dave/Generated/CMSIS_DSP/FilteringFunctions/arm_fir_interpolate_init_f32.c **** /**
  36:../Dave/Generated/CMSIS_DSP/FilteringFunctions/arm_fir_interpolate_init_f32.c ****  * @addtogroup FIR_Interpolate
  37:../Dave/Generated/CMSIS_DSP/FilteringFunctions/arm_fir_interpolate_init_f32.c ****  * @{
  38:../Dave/Generated/CMSIS_DSP/FilteringFunctions/arm_fir_interpolate_init_f32.c ****  */
  39:../Dave/Generated/CMSIS_DSP/FilteringFunctions/arm_fir_interpolate_init_f32.c **** 
  40:../Dave/Generated/CMSIS_DSP/FilteringFunctions/arm_fir_interpolate_init_f32.c **** /**
  41:../Dave/Generated/CMSIS_DSP/FilteringFunctions/arm_fir_interpolate_init_f32.c ****  * @brief  Initialization function for the floating-point FIR interpolator.
  42:../Dave/Generated/CMSIS_DSP/FilteringFunctions/arm_fir_interpolate_init_f32.c ****  * @param[in,out] *S        points to an instance of the floating-point FIR interpolator structure.
  43:../Dave/Generated/CMSIS_DSP/FilteringFunctions/arm_fir_interpolate_init_f32.c ****  * @param[in]     L         upsample factor.
  44:../Dave/Generated/CMSIS_DSP/FilteringFunctions/arm_fir_interpolate_init_f32.c ****  * @param[in]     numTaps   number of filter coefficients in the filter.
  45:../Dave/Generated/CMSIS_DSP/FilteringFunctions/arm_fir_interpolate_init_f32.c ****  * @param[in]     *pCoeffs  points to the filter coefficient buffer.
  46:../Dave/Generated/CMSIS_DSP/FilteringFunctions/arm_fir_interpolate_init_f32.c ****  * @param[in]     *pState   points to the state buffer.
  47:../Dave/Generated/CMSIS_DSP/FilteringFunctions/arm_fir_interpolate_init_f32.c ****  * @param[in]     blockSize number of input samples to process per call.
  48:../Dave/Generated/CMSIS_DSP/FilteringFunctions/arm_fir_interpolate_init_f32.c ****  * @return        The function returns ARM_MATH_SUCCESS if initialization was successful or ARM_MAT
  49:../Dave/Generated/CMSIS_DSP/FilteringFunctions/arm_fir_interpolate_init_f32.c ****  * the filter length <code>numTaps</code> is not a multiple of the interpolation factor <code>L</co
  50:../Dave/Generated/CMSIS_DSP/FilteringFunctions/arm_fir_interpolate_init_f32.c ****  *
  51:../Dave/Generated/CMSIS_DSP/FilteringFunctions/arm_fir_interpolate_init_f32.c ****  * <b>Description:</b>
  52:../Dave/Generated/CMSIS_DSP/FilteringFunctions/arm_fir_interpolate_init_f32.c ****  * \par
  53:../Dave/Generated/CMSIS_DSP/FilteringFunctions/arm_fir_interpolate_init_f32.c ****  * <code>pCoeffs</code> points to the array of filter coefficients stored in time reversed order:
  54:../Dave/Generated/CMSIS_DSP/FilteringFunctions/arm_fir_interpolate_init_f32.c ****  * <pre>
  55:../Dave/Generated/CMSIS_DSP/FilteringFunctions/arm_fir_interpolate_init_f32.c ****  *    {b[numTaps-1], b[numTaps-2], b[numTaps-2], ..., b[1], b[0]}
  56:../Dave/Generated/CMSIS_DSP/FilteringFunctions/arm_fir_interpolate_init_f32.c ****  * </pre>
  57:../Dave/Generated/CMSIS_DSP/FilteringFunctions/arm_fir_interpolate_init_f32.c ****  * The length of the filter <code>numTaps</code> must be a multiple of the interpolation factor <co
  58:../Dave/Generated/CMSIS_DSP/FilteringFunctions/arm_fir_interpolate_init_f32.c ****  * \par
  59:../Dave/Generated/CMSIS_DSP/FilteringFunctions/arm_fir_interpolate_init_f32.c ****  * <code>pState</code> points to the array of state variables.
  60:../Dave/Generated/CMSIS_DSP/FilteringFunctions/arm_fir_interpolate_init_f32.c ****  * <code>pState</code> is of length <code>(numTaps/L)+blockSize-1</code> words
  61:../Dave/Generated/CMSIS_DSP/FilteringFunctions/arm_fir_interpolate_init_f32.c ****  * where <code>blockSize</code> is the number of input samples processed by each call to <code>arm_
  62:../Dave/Generated/CMSIS_DSP/FilteringFunctions/arm_fir_interpolate_init_f32.c ****  */
  63:../Dave/Generated/CMSIS_DSP/FilteringFunctions/arm_fir_interpolate_init_f32.c **** 
  64:../Dave/Generated/CMSIS_DSP/FilteringFunctions/arm_fir_interpolate_init_f32.c **** arm_status arm_fir_interpolate_init_f32(
  65:../Dave/Generated/CMSIS_DSP/FilteringFunctions/arm_fir_interpolate_init_f32.c ****   arm_fir_interpolate_instance_f32 * S,
  66:../Dave/Generated/CMSIS_DSP/FilteringFunctions/arm_fir_interpolate_init_f32.c ****   uint8_t L,
  67:../Dave/Generated/CMSIS_DSP/FilteringFunctions/arm_fir_interpolate_init_f32.c ****   uint16_t numTaps,
  68:../Dave/Generated/CMSIS_DSP/FilteringFunctions/arm_fir_interpolate_init_f32.c ****   float32_t * pCoeffs,
  69:../Dave/Generated/CMSIS_DSP/FilteringFunctions/arm_fir_interpolate_init_f32.c ****   float32_t * pState,
  70:../Dave/Generated/CMSIS_DSP/FilteringFunctions/arm_fir_interpolate_init_f32.c ****   uint32_t blockSize)
  71:../Dave/Generated/CMSIS_DSP/FilteringFunctions/arm_fir_interpolate_init_f32.c **** {
  28              	 .loc 1 71 0
  29              	 .cfi_startproc
  30              	 
  31              	 
  32 0000 80B5     	 push {r7,lr}
  33              	.LCFI0:
  34              	 .cfi_def_cfa_offset 8
  35              	 .cfi_offset 7,-8
  36              	 .cfi_offset 14,-4
  37 0002 86B0     	 sub sp,sp,#24
  38              	.LCFI1:
  39              	 .cfi_def_cfa_offset 32
  40 0004 00AF     	 add r7,sp,#0
  41              	.LCFI2:
  42              	 .cfi_def_cfa_register 7
  43 0006 F860     	 str r0,[r7,#12]
  44 0008 7B60     	 str r3,[r7,#4]
  45 000a 0B46     	 mov r3,r1
  46 000c FB72     	 strb r3,[r7,#11]
  47 000e 1346     	 mov r3,r2
  48 0010 3B81     	 strh r3,[r7,#8]
  72:../Dave/Generated/CMSIS_DSP/FilteringFunctions/arm_fir_interpolate_init_f32.c ****   arm_status status;
  73:../Dave/Generated/CMSIS_DSP/FilteringFunctions/arm_fir_interpolate_init_f32.c **** 
  74:../Dave/Generated/CMSIS_DSP/FilteringFunctions/arm_fir_interpolate_init_f32.c ****   /* The filter length must be a multiple of the interpolation factor */
  75:../Dave/Generated/CMSIS_DSP/FilteringFunctions/arm_fir_interpolate_init_f32.c ****   if ((numTaps % L) != 0u)
  49              	 .loc 1 75 0
  50 0012 3B89     	 ldrh r3,[r7,#8]
  51 0014 FA7A     	 ldrb r2,[r7,#11]
  52 0016 93FBF2F1 	 sdiv r1,r3,r2
  53 001a 02FB01F2 	 mul r2,r2,r1
  54 001e 9B1A     	 subs r3,r3,r2
  55 0020 002B     	 cmp r3,#0
  56 0022 02D0     	 beq .L2
  76:../Dave/Generated/CMSIS_DSP/FilteringFunctions/arm_fir_interpolate_init_f32.c ****   {
  77:../Dave/Generated/CMSIS_DSP/FilteringFunctions/arm_fir_interpolate_init_f32.c ****     /* Set status as ARM_MATH_LENGTH_ERROR */
  78:../Dave/Generated/CMSIS_DSP/FilteringFunctions/arm_fir_interpolate_init_f32.c ****     status = ARM_MATH_LENGTH_ERROR;
  57              	 .loc 1 78 0
  58 0024 FE23     	 movs r3,#254
  59 0026 FB75     	 strb r3,[r7,#23]
  60 0028 1FE0     	 b .L3
  61              	.L2:
  79:../Dave/Generated/CMSIS_DSP/FilteringFunctions/arm_fir_interpolate_init_f32.c ****   }
  80:../Dave/Generated/CMSIS_DSP/FilteringFunctions/arm_fir_interpolate_init_f32.c ****   else
  81:../Dave/Generated/CMSIS_DSP/FilteringFunctions/arm_fir_interpolate_init_f32.c ****   {
  82:../Dave/Generated/CMSIS_DSP/FilteringFunctions/arm_fir_interpolate_init_f32.c **** 
  83:../Dave/Generated/CMSIS_DSP/FilteringFunctions/arm_fir_interpolate_init_f32.c ****     /* Assign coefficient pointer */
  84:../Dave/Generated/CMSIS_DSP/FilteringFunctions/arm_fir_interpolate_init_f32.c ****     S->pCoeffs = pCoeffs;
  62              	 .loc 1 84 0
  63 002a FB68     	 ldr r3,[r7,#12]
  64 002c 7A68     	 ldr r2,[r7,#4]
  65 002e 5A60     	 str r2,[r3,#4]
  85:../Dave/Generated/CMSIS_DSP/FilteringFunctions/arm_fir_interpolate_init_f32.c **** 
  86:../Dave/Generated/CMSIS_DSP/FilteringFunctions/arm_fir_interpolate_init_f32.c ****     /* Assign Interpolation factor */
  87:../Dave/Generated/CMSIS_DSP/FilteringFunctions/arm_fir_interpolate_init_f32.c ****     S->L = L;
  66              	 .loc 1 87 0
  67 0030 FB68     	 ldr r3,[r7,#12]
  68 0032 FA7A     	 ldrb r2,[r7,#11]
  69 0034 1A70     	 strb r2,[r3]
  88:../Dave/Generated/CMSIS_DSP/FilteringFunctions/arm_fir_interpolate_init_f32.c **** 
  89:../Dave/Generated/CMSIS_DSP/FilteringFunctions/arm_fir_interpolate_init_f32.c ****     /* Assign polyPhaseLength */
  90:../Dave/Generated/CMSIS_DSP/FilteringFunctions/arm_fir_interpolate_init_f32.c ****     S->phaseLength = numTaps / L;
  70              	 .loc 1 90 0
  71 0036 3A89     	 ldrh r2,[r7,#8]
  72 0038 FB7A     	 ldrb r3,[r7,#11]
  73 003a 92FBF3F3 	 sdiv r3,r2,r3
  74 003e 9AB2     	 uxth r2,r3
  75 0040 FB68     	 ldr r3,[r7,#12]
  76 0042 5A80     	 strh r2,[r3,#2]
  91:../Dave/Generated/CMSIS_DSP/FilteringFunctions/arm_fir_interpolate_init_f32.c **** 
  92:../Dave/Generated/CMSIS_DSP/FilteringFunctions/arm_fir_interpolate_init_f32.c ****     /* Clear state buffer and size of state array is always phaseLength + blockSize - 1 */
  93:../Dave/Generated/CMSIS_DSP/FilteringFunctions/arm_fir_interpolate_init_f32.c ****     memset(pState, 0,
  94:../Dave/Generated/CMSIS_DSP/FilteringFunctions/arm_fir_interpolate_init_f32.c ****            (blockSize +
  95:../Dave/Generated/CMSIS_DSP/FilteringFunctions/arm_fir_interpolate_init_f32.c ****             ((uint32_t) S->phaseLength - 1u)) * sizeof(float32_t));
  77              	 .loc 1 95 0
  78 0044 FB68     	 ldr r3,[r7,#12]
  79 0046 5B88     	 ldrh r3,[r3,#2]
  80 0048 1A46     	 mov r2,r3
  94:../Dave/Generated/CMSIS_DSP/FilteringFunctions/arm_fir_interpolate_init_f32.c ****             ((uint32_t) S->phaseLength - 1u)) * sizeof(float32_t));
  81              	 .loc 1 94 0
  82 004a 7B6A     	 ldr r3,[r7,#36]
  83 004c 1344     	 add r3,r3,r2
  93:../Dave/Generated/CMSIS_DSP/FilteringFunctions/arm_fir_interpolate_init_f32.c ****            (blockSize +
  84              	 .loc 1 93 0
  85 004e 03F18043 	 add r3,r3,#1073741824
  86 0052 013B     	 subs r3,r3,#1
  87              	 .loc 1 95 0
  88 0054 9B00     	 lsls r3,r3,#2
  93:../Dave/Generated/CMSIS_DSP/FilteringFunctions/arm_fir_interpolate_init_f32.c ****            (blockSize +
  89              	 .loc 1 93 0
  90 0056 386A     	 ldr r0,[r7,#32]
  91 0058 0021     	 movs r1,#0
  92 005a 1A46     	 mov r2,r3
  93 005c FFF7FEFF 	 bl memset
  96:../Dave/Generated/CMSIS_DSP/FilteringFunctions/arm_fir_interpolate_init_f32.c **** 
  97:../Dave/Generated/CMSIS_DSP/FilteringFunctions/arm_fir_interpolate_init_f32.c ****     /* Assign state pointer */
  98:../Dave/Generated/CMSIS_DSP/FilteringFunctions/arm_fir_interpolate_init_f32.c ****     S->pState = pState;
  94              	 .loc 1 98 0
  95 0060 FB68     	 ldr r3,[r7,#12]
  96 0062 3A6A     	 ldr r2,[r7,#32]
  97 0064 9A60     	 str r2,[r3,#8]
  99:../Dave/Generated/CMSIS_DSP/FilteringFunctions/arm_fir_interpolate_init_f32.c **** 
 100:../Dave/Generated/CMSIS_DSP/FilteringFunctions/arm_fir_interpolate_init_f32.c ****     status = ARM_MATH_SUCCESS;
  98              	 .loc 1 100 0
  99 0066 0023     	 movs r3,#0
 100 0068 FB75     	 strb r3,[r7,#23]
 101              	.L3:
 101:../Dave/Generated/CMSIS_DSP/FilteringFunctions/arm_fir_interpolate_init_f32.c ****   }
 102:../Dave/Generated/CMSIS_DSP/FilteringFunctions/arm_fir_interpolate_init_f32.c **** 
 103:../Dave/Generated/CMSIS_DSP/FilteringFunctions/arm_fir_interpolate_init_f32.c ****   return (status);
 102              	 .loc 1 103 0
 103 006a FB7D     	 ldrb r3,[r7,#23]
 104 006c 5BB2     	 sxtb r3,r3
 104:../Dave/Generated/CMSIS_DSP/FilteringFunctions/arm_fir_interpolate_init_f32.c **** 
 105:../Dave/Generated/CMSIS_DSP/FilteringFunctions/arm_fir_interpolate_init_f32.c **** }
 105              	 .loc 1 105 0
 106 006e 1846     	 mov r0,r3
 107 0070 1837     	 adds r7,r7,#24
 108              	.LCFI3:
 109              	 .cfi_def_cfa_offset 8
 110 0072 BD46     	 mov sp,r7
 111              	.LCFI4:
 112              	 .cfi_def_cfa_register 13
 113              	 
 114 0074 80BD     	 pop {r7,pc}
 115              	 .cfi_endproc
 116              	.LFE135:
 118 0076 00BF     	 .text
 119              	.Letext0:
 120              	 .file 2 "c:\\program files (x86)\\dave\\eclipse\\arm-gcc-49\\arm-none-eabi\\include\\machine\\_default_types.h"
 121              	 .file 3 "c:\\program files (x86)\\dave\\eclipse\\arm-gcc-49\\arm-none-eabi\\include\\stdint.h"
 122              	 .file 4 "F:/Projects/20190909 - 3phase_inverter/3phase_inverter/4. Software_WS/OL_VSC_vitor/Dave/Generated/CMSIS_DSP/arm_math.h"
DEFINED SYMBOLS
                            *ABS*:00000000 arm_fir_interpolate_init_f32.c
    {standard input}:20     .text.arm_fir_interpolate_init_f32:00000000 $t
    {standard input}:25     .text.arm_fir_interpolate_init_f32:00000000 arm_fir_interpolate_init_f32
                     .debug_frame:00000010 $d

UNDEFINED SYMBOLS
memset
