   1              	 .syntax unified
   2              	 .cpu cortex-m4
   3              	 .eabi_attribute 27,3
   4              	 .fpu fpv4-sp-d16
   5              	 .eabi_attribute 20,1
   6              	 .eabi_attribute 21,1
   7              	 .eabi_attribute 23,3
   8              	 .eabi_attribute 24,1
   9              	 .eabi_attribute 25,1
  10              	 .eabi_attribute 26,1
  11              	 .eabi_attribute 30,6
  12              	 .eabi_attribute 34,1
  13              	 .eabi_attribute 18,4
  14              	 .thumb
  15              	 .file "arm_fir_init_q7.c"
  16              	 .text
  17              	.Ltext0:
  18              	 .cfi_sections .debug_frame
  19              	 .section .text.arm_fir_init_q7,"ax",%progbits
  20              	 .align 2
  21              	 .global arm_fir_init_q7
  22              	 .thumb
  23              	 .thumb_func
  25              	arm_fir_init_q7:
  26              	.LFB135:
  27              	 .file 1 "../Dave/Generated/CMSIS_DSP/FilteringFunctions/arm_fir_init_q7.c"
   1:../Dave/Generated/CMSIS_DSP/FilteringFunctions/arm_fir_init_q7.c **** /* ----------------------------------------------------------------------
   2:../Dave/Generated/CMSIS_DSP/FilteringFunctions/arm_fir_init_q7.c ****  * Project:      CMSIS DSP Library
   3:../Dave/Generated/CMSIS_DSP/FilteringFunctions/arm_fir_init_q7.c ****  * Title:        arm_fir_init_q7.c
   4:../Dave/Generated/CMSIS_DSP/FilteringFunctions/arm_fir_init_q7.c ****  * Description:  Q7 FIR filter initialization function
   5:../Dave/Generated/CMSIS_DSP/FilteringFunctions/arm_fir_init_q7.c ****  *
   6:../Dave/Generated/CMSIS_DSP/FilteringFunctions/arm_fir_init_q7.c ****  * $Date:        27. January 2017
   7:../Dave/Generated/CMSIS_DSP/FilteringFunctions/arm_fir_init_q7.c ****  * $Revision:    V.1.5.1
   8:../Dave/Generated/CMSIS_DSP/FilteringFunctions/arm_fir_init_q7.c ****  *
   9:../Dave/Generated/CMSIS_DSP/FilteringFunctions/arm_fir_init_q7.c ****  * Target Processor: Cortex-M cores
  10:../Dave/Generated/CMSIS_DSP/FilteringFunctions/arm_fir_init_q7.c ****  * -------------------------------------------------------------------- */
  11:../Dave/Generated/CMSIS_DSP/FilteringFunctions/arm_fir_init_q7.c **** /*
  12:../Dave/Generated/CMSIS_DSP/FilteringFunctions/arm_fir_init_q7.c ****  * Copyright (C) 2010-2017 ARM Limited or its affiliates. All rights reserved.
  13:../Dave/Generated/CMSIS_DSP/FilteringFunctions/arm_fir_init_q7.c ****  *
  14:../Dave/Generated/CMSIS_DSP/FilteringFunctions/arm_fir_init_q7.c ****  * SPDX-License-Identifier: Apache-2.0
  15:../Dave/Generated/CMSIS_DSP/FilteringFunctions/arm_fir_init_q7.c ****  *
  16:../Dave/Generated/CMSIS_DSP/FilteringFunctions/arm_fir_init_q7.c ****  * Licensed under the Apache License, Version 2.0 (the License); you may
  17:../Dave/Generated/CMSIS_DSP/FilteringFunctions/arm_fir_init_q7.c ****  * not use this file except in compliance with the License.
  18:../Dave/Generated/CMSIS_DSP/FilteringFunctions/arm_fir_init_q7.c ****  * You may obtain a copy of the License at
  19:../Dave/Generated/CMSIS_DSP/FilteringFunctions/arm_fir_init_q7.c ****  *
  20:../Dave/Generated/CMSIS_DSP/FilteringFunctions/arm_fir_init_q7.c ****  * www.apache.org/licenses/LICENSE-2.0
  21:../Dave/Generated/CMSIS_DSP/FilteringFunctions/arm_fir_init_q7.c ****  *
  22:../Dave/Generated/CMSIS_DSP/FilteringFunctions/arm_fir_init_q7.c ****  * Unless required by applicable law or agreed to in writing, software
  23:../Dave/Generated/CMSIS_DSP/FilteringFunctions/arm_fir_init_q7.c ****  * distributed under the License is distributed on an AS IS BASIS, WITHOUT
  24:../Dave/Generated/CMSIS_DSP/FilteringFunctions/arm_fir_init_q7.c ****  * WARRANTIES OR CONDITIONS OF ANY KIND, either express or implied.
  25:../Dave/Generated/CMSIS_DSP/FilteringFunctions/arm_fir_init_q7.c ****  * See the License for the specific language governing permissions and
  26:../Dave/Generated/CMSIS_DSP/FilteringFunctions/arm_fir_init_q7.c ****  * limitations under the License.
  27:../Dave/Generated/CMSIS_DSP/FilteringFunctions/arm_fir_init_q7.c ****  */
  28:../Dave/Generated/CMSIS_DSP/FilteringFunctions/arm_fir_init_q7.c **** 
  29:../Dave/Generated/CMSIS_DSP/FilteringFunctions/arm_fir_init_q7.c **** #include "CMSIS_DSP/cmsis_dsp.h"
  30:../Dave/Generated/CMSIS_DSP/FilteringFunctions/arm_fir_init_q7.c **** 
  31:../Dave/Generated/CMSIS_DSP/FilteringFunctions/arm_fir_init_q7.c **** /**
  32:../Dave/Generated/CMSIS_DSP/FilteringFunctions/arm_fir_init_q7.c ****  * @ingroup groupFilters
  33:../Dave/Generated/CMSIS_DSP/FilteringFunctions/arm_fir_init_q7.c ****  */
  34:../Dave/Generated/CMSIS_DSP/FilteringFunctions/arm_fir_init_q7.c **** 
  35:../Dave/Generated/CMSIS_DSP/FilteringFunctions/arm_fir_init_q7.c **** /**
  36:../Dave/Generated/CMSIS_DSP/FilteringFunctions/arm_fir_init_q7.c ****  * @addtogroup FIR
  37:../Dave/Generated/CMSIS_DSP/FilteringFunctions/arm_fir_init_q7.c ****  * @{
  38:../Dave/Generated/CMSIS_DSP/FilteringFunctions/arm_fir_init_q7.c ****  */
  39:../Dave/Generated/CMSIS_DSP/FilteringFunctions/arm_fir_init_q7.c **** /**
  40:../Dave/Generated/CMSIS_DSP/FilteringFunctions/arm_fir_init_q7.c ****  * @param[in,out] *S points to an instance of the Q7 FIR filter structure.
  41:../Dave/Generated/CMSIS_DSP/FilteringFunctions/arm_fir_init_q7.c ****  * @param[in] 	  numTaps  Number of filter coefficients in the filter.
  42:../Dave/Generated/CMSIS_DSP/FilteringFunctions/arm_fir_init_q7.c ****  * @param[in] 	  *pCoeffs points to the filter coefficients buffer.
  43:../Dave/Generated/CMSIS_DSP/FilteringFunctions/arm_fir_init_q7.c ****  * @param[in]     *pState points to the state buffer.
  44:../Dave/Generated/CMSIS_DSP/FilteringFunctions/arm_fir_init_q7.c ****  * @param[in]     blockSize number of samples that are processed per call.
  45:../Dave/Generated/CMSIS_DSP/FilteringFunctions/arm_fir_init_q7.c ****  * @return     	  none
  46:../Dave/Generated/CMSIS_DSP/FilteringFunctions/arm_fir_init_q7.c ****  *
  47:../Dave/Generated/CMSIS_DSP/FilteringFunctions/arm_fir_init_q7.c ****  * <b>Description:</b>
  48:../Dave/Generated/CMSIS_DSP/FilteringFunctions/arm_fir_init_q7.c ****  * \par
  49:../Dave/Generated/CMSIS_DSP/FilteringFunctions/arm_fir_init_q7.c ****  * <code>pCoeffs</code> points to the array of filter coefficients stored in time reversed order:
  50:../Dave/Generated/CMSIS_DSP/FilteringFunctions/arm_fir_init_q7.c ****  * <pre>
  51:../Dave/Generated/CMSIS_DSP/FilteringFunctions/arm_fir_init_q7.c ****  *    {b[numTaps-1], b[numTaps-2], b[N-2], ..., b[1], b[0]}
  52:../Dave/Generated/CMSIS_DSP/FilteringFunctions/arm_fir_init_q7.c ****  * </pre>
  53:../Dave/Generated/CMSIS_DSP/FilteringFunctions/arm_fir_init_q7.c ****  * \par
  54:../Dave/Generated/CMSIS_DSP/FilteringFunctions/arm_fir_init_q7.c ****  * <code>pState</code> points to the array of state variables.
  55:../Dave/Generated/CMSIS_DSP/FilteringFunctions/arm_fir_init_q7.c ****  * <code>pState</code> is of length <code>numTaps+blockSize-1</code> samples, where <code>blockSize
  56:../Dave/Generated/CMSIS_DSP/FilteringFunctions/arm_fir_init_q7.c ****  */
  57:../Dave/Generated/CMSIS_DSP/FilteringFunctions/arm_fir_init_q7.c **** 
  58:../Dave/Generated/CMSIS_DSP/FilteringFunctions/arm_fir_init_q7.c **** void arm_fir_init_q7(
  59:../Dave/Generated/CMSIS_DSP/FilteringFunctions/arm_fir_init_q7.c ****   arm_fir_instance_q7 * S,
  60:../Dave/Generated/CMSIS_DSP/FilteringFunctions/arm_fir_init_q7.c ****   uint16_t numTaps,
  61:../Dave/Generated/CMSIS_DSP/FilteringFunctions/arm_fir_init_q7.c ****   q7_t * pCoeffs,
  62:../Dave/Generated/CMSIS_DSP/FilteringFunctions/arm_fir_init_q7.c ****   q7_t * pState,
  63:../Dave/Generated/CMSIS_DSP/FilteringFunctions/arm_fir_init_q7.c ****   uint32_t blockSize)
  64:../Dave/Generated/CMSIS_DSP/FilteringFunctions/arm_fir_init_q7.c **** {
  28              	 .loc 1 64 0
  29              	 .cfi_startproc
  30              	 
  31              	 
  32 0000 80B5     	 push {r7,lr}
  33              	.LCFI0:
  34              	 .cfi_def_cfa_offset 8
  35              	 .cfi_offset 7,-8
  36              	 .cfi_offset 14,-4
  37 0002 84B0     	 sub sp,sp,#16
  38              	.LCFI1:
  39              	 .cfi_def_cfa_offset 24
  40 0004 00AF     	 add r7,sp,#0
  41              	.LCFI2:
  42              	 .cfi_def_cfa_register 7
  43 0006 F860     	 str r0,[r7,#12]
  44 0008 7A60     	 str r2,[r7,#4]
  45 000a 3B60     	 str r3,[r7]
  46 000c 0B46     	 mov r3,r1
  47 000e 7B81     	 strh r3,[r7,#10]
  65:../Dave/Generated/CMSIS_DSP/FilteringFunctions/arm_fir_init_q7.c **** 
  66:../Dave/Generated/CMSIS_DSP/FilteringFunctions/arm_fir_init_q7.c ****   /* Assign filter taps */
  67:../Dave/Generated/CMSIS_DSP/FilteringFunctions/arm_fir_init_q7.c ****   S->numTaps = numTaps;
  48              	 .loc 1 67 0
  49 0010 FB68     	 ldr r3,[r7,#12]
  50 0012 7A89     	 ldrh r2,[r7,#10]
  51 0014 1A80     	 strh r2,[r3]
  68:../Dave/Generated/CMSIS_DSP/FilteringFunctions/arm_fir_init_q7.c **** 
  69:../Dave/Generated/CMSIS_DSP/FilteringFunctions/arm_fir_init_q7.c ****   /* Assign coefficient pointer */
  70:../Dave/Generated/CMSIS_DSP/FilteringFunctions/arm_fir_init_q7.c ****   S->pCoeffs = pCoeffs;
  52              	 .loc 1 70 0
  53 0016 FB68     	 ldr r3,[r7,#12]
  54 0018 7A68     	 ldr r2,[r7,#4]
  55 001a 9A60     	 str r2,[r3,#8]
  71:../Dave/Generated/CMSIS_DSP/FilteringFunctions/arm_fir_init_q7.c **** 
  72:../Dave/Generated/CMSIS_DSP/FilteringFunctions/arm_fir_init_q7.c ****   /* Clear the state buffer.  The size is always (blockSize + numTaps - 1) */
  73:../Dave/Generated/CMSIS_DSP/FilteringFunctions/arm_fir_init_q7.c ****   memset(pState, 0, (numTaps + (blockSize - 1u)) * sizeof(q7_t));
  56              	 .loc 1 73 0
  57 001c 7A89     	 ldrh r2,[r7,#10]
  58 001e BB69     	 ldr r3,[r7,#24]
  59 0020 1344     	 add r3,r3,r2
  60 0022 013B     	 subs r3,r3,#1
  61 0024 3868     	 ldr r0,[r7]
  62 0026 0021     	 movs r1,#0
  63 0028 1A46     	 mov r2,r3
  64 002a FFF7FEFF 	 bl memset
  74:../Dave/Generated/CMSIS_DSP/FilteringFunctions/arm_fir_init_q7.c **** 
  75:../Dave/Generated/CMSIS_DSP/FilteringFunctions/arm_fir_init_q7.c ****   /* Assign state pointer */
  76:../Dave/Generated/CMSIS_DSP/FilteringFunctions/arm_fir_init_q7.c ****   S->pState = pState;
  65              	 .loc 1 76 0
  66 002e FB68     	 ldr r3,[r7,#12]
  67 0030 3A68     	 ldr r2,[r7]
  68 0032 5A60     	 str r2,[r3,#4]
  77:../Dave/Generated/CMSIS_DSP/FilteringFunctions/arm_fir_init_q7.c **** 
  78:../Dave/Generated/CMSIS_DSP/FilteringFunctions/arm_fir_init_q7.c **** }
  69              	 .loc 1 78 0
  70 0034 1037     	 adds r7,r7,#16
  71              	.LCFI3:
  72              	 .cfi_def_cfa_offset 8
  73 0036 BD46     	 mov sp,r7
  74              	.LCFI4:
  75              	 .cfi_def_cfa_register 13
  76              	 
  77 0038 80BD     	 pop {r7,pc}
  78              	 .cfi_endproc
  79              	.LFE135:
  81 003a 00BF     	 .text
  82              	.Letext0:
  83              	 .file 2 "c:\\program files (x86)\\dave\\eclipse\\arm-gcc-49\\arm-none-eabi\\include\\machine\\_default_types.h"
  84              	 .file 3 "c:\\program files (x86)\\dave\\eclipse\\arm-gcc-49\\arm-none-eabi\\include\\stdint.h"
  85              	 .file 4 "F:/Projects/20190909 - 3phase_inverter/3phase_inverter/4. Software_WS/OL_VSC_vitor/Dave/Generated/CMSIS_DSP/arm_math.h"
DEFINED SYMBOLS
                            *ABS*:00000000 arm_fir_init_q7.c
    {standard input}:20     .text.arm_fir_init_q7:00000000 $t
    {standard input}:25     .text.arm_fir_init_q7:00000000 arm_fir_init_q7
                     .debug_frame:00000010 $d

UNDEFINED SYMBOLS
memset
