Change Component Designator: Old Designator=C1 New Designator=C4
Change Component Designator: Old Designator=C2 New Designator=C5
Change Component Designator: Old Designator=C3 New Designator=C6
Change Component Designator: Old Designator=C4 New Designator=C7
Change Component Designator: Old Designator=C5 New Designator=C8
Change Component Designator: Old Designator=C6 New Designator=C9
Change Component Designator: Old Designator=C7 New Designator=C10
Change Component Designator: Old Designator=C9 New Designator=C18
Change Component Designator: Old Designator=C10 New Designator=C19
Change Component Designator: Old Designator=C11 New Designator=C26
Change Component Designator: Old Designator=C12 New Designator=C27
Change Component Designator: Old Designator=C13 New Designator=C28
Change Component Designator: Old Designator=C18 New Designator=C20
Change Component Designator: Old Designator=C19 New Designator=C21
Change Component Designator: Old Designator=C20 New Designator=C22
Change Component Designator: Old Designator=C21 New Designator=C23
Change Component Designator: Old Designator=C22 New Designator=C24
Change Component Designator: Old Designator=C23 New Designator=C25
Change Component Designator: Old Designator=C? New Designator=C1
Change Component Designator: Old Designator=C? New Designator=C2
Change Component Designator: Old Designator=C? New Designator=C3
Change Component Designator: Old Designator=C? New Designator=C11
Change Component Designator: Old Designator=C? New Designator=C12
Change Component Designator: Old Designator=C? New Designator=C13
Change Component Designator: Old Designator=C_bypass_? New Designator=C_bypass_1
Change Component Designator: Old Designator=DC Pluyg? New Designator=DC Pluyg1
Change Component Designator: Old Designator=L1 New Designator=L2
Change Component Designator: Old Designator=L2 New Designator=L1
Change Component Designator: Old Designator=L? New Designator=L3
Change Component Designator: Old Designator=P1 New Designator=P2
Change Component Designator: Old Designator=P2 New Designator=P3
Change Component Designator: Old Designator=P3 New Designator=P1
Change Component Designator: Old Designator=P4 New Designator=P6
Change Component Designator: Old Designator=P5 New Designator=P4
Change Component Designator: Old Designator=P6 New Designator=P5
Change Component Designator: Old Designator=R1 New Designator=R4
Change Component Designator: Old Designator=R2 New Designator=R1
Change Component Designator: Old Designator=R4 New Designator=R2
Change Component Designator: Old Designator=R5 New Designator=R3
Change Component Designator: Old Designator=R8 New Designator=R16
Change Component Designator: Old Designator=R9 New Designator=R20
Change Component Designator: Old Designator=R10 New Designator=R13
Change Component Designator: Old Designator=R11 New Designator=R14
Change Component Designator: Old Designator=R12 New Designator=R23
Change Component Designator: Old Designator=R13 New Designator=R15
Change Component Designator: Old Designator=R14 New Designator=R26
Change Component Designator: Old Designator=R15 New Designator=R17
Change Component Designator: Old Designator=R16 New Designator=R18
Change Component Designator: Old Designator=R17 New Designator=R19
Change Component Designator: Old Designator=R18 New Designator=R37
Change Component Designator: Old Designator=R19 New Designator=R38
Change Component Designator: Old Designator=R20 New Designator=R39
Change Component Designator: Old Designator=R21 New Designator=R40
Change Component Designator: Old Designator=R22 New Designator=R41
Change Component Designator: Old Designator=R23 New Designator=R52
Change Component Designator: Old Designator=R24 New Designator=R53
Change Component Designator: Old Designator=R25 New Designator=R54
Change Component Designator: Old Designator=R26 New Designator=R55
Change Component Designator: Old Designator=R27 New Designator=R56
Change Component Designator: Old Designator=R28 New Designator=R21
Change Component Designator: Old Designator=R29 New Designator=R22
Change Component Designator: Old Designator=R30 New Designator=R24
Change Component Designator: Old Designator=R31 New Designator=R25
Change Component Designator: Old Designator=R32 New Designator=R27
Change Component Designator: Old Designator=R33 New Designator=R28
Change Component Designator: Old Designator=R34 New Designator=R29
Change Component Designator: Old Designator=R35 New Designator=R30
Change Component Designator: Old Designator=R36 New Designator=R31
Change Component Designator: Old Designator=R37 New Designator=R32
Change Component Designator: Old Designator=R38 New Designator=R33
Change Component Designator: Old Designator=R39 New Designator=R34
Change Component Designator: Old Designator=R40 New Designator=R35
Change Component Designator: Old Designator=R41 New Designator=R36
Change Component Designator: Old Designator=R? New Designator=R5
Change Component Designator: Old Designator=R? New Designator=R6
Change Component Designator: Old Designator=R? New Designator=R7
Change Component Designator: Old Designator=R? New Designator=R8
Change Component Designator: Old Designator=R? New Designator=R9
Change Component Designator: Old Designator=R? New Designator=R10
Change Component Designator: Old Designator=R? New Designator=R11
Change Component Designator: Old Designator=R? New Designator=R12
Change Component Designator: Old Designator=RA? New Designator=RA1
Change Component Designator: Old Designator=RAB? New Designator=RAB1
Change Component Designator: Old Designator=RB? New Designator=RB1
Change Component Designator: Old Designator=rs? New Designator=rs1
Change Component Designator: Old Designator=RX? New Designator=RX1
Change Component Designator: Old Designator=TVS? New Designator=TVS1
Change Component Designator: Old Designator=TX? New Designator=TX1
Change Component Designator: Old Designator=U3 New Designator=U10
Change Component Designator: Old Designator=U4 New Designator=U11
Change Component Designator: Old Designator=U5 New Designator=U12
Change Component Designator: Old Designator=U6 New Designator=U13
Change Component Designator: Old Designator=U7 New Designator=U14
Change Component Designator: Old Designator=U8 New Designator=U18
Change Component Designator: Old Designator=U9 New Designator=U21
Change Component Designator: Old Designator=U10 New Designator=U8
Change Component Designator: Old Designator=U11 New Designator=U9
Change Component Designator: Old Designator=U12 New Designator=U16
Change Component Designator: Old Designator=U13 New Designator=U17
Change Component Designator: Old Designator=U14 New Designator=U19
Change Component Designator: Old Designator=U15 New Designator=U20
Change Component Designator: Old Designator=U16 New Designator=U15
Change Component Designator: Old Designator=U? New Designator=U3
Change Component Designator: Old Designator=U? New Designator=U4
Change Component Designator: Old Designator=U? New Designator=U5
Change Component Designator: Old Designator=U? New Designator=U6
Change Component Designator: Old Designator=U? New Designator=U7
