Change Component Designator: Old Designator=C1 New Designator=C9
Change Component Designator: Old Designator=C2 New Designator=C10
Change Component Designator: Old Designator=C3 New Designator=C11
Change Component Designator: Old Designator=C4 New Designator=C12
Change Component Designator: Old Designator=C5 New Designator=C13
Change Component Designator: Old Designator=C6 New Designator=C14
Change Component Designator: Old Designator=C7 New Designator=C15
Change Component Designator: Old Designator=C8 New Designator=C16
Change Component Designator: Old Designator=C9 New Designator=C17
Change Component Designator: Old Designator=C10 New Designator=C18
Change Component Designator: Old Designator=C11 New Designator=C19
Change Component Designator: Old Designator=C12 New Designator=C20
Change Component Designator: Old Designator=C13 New Designator=C21
Change Component Designator: Old Designator=C14 New Designator=C22
Change Component Designator: Old Designator=C15 New Designator=C23
Change Component Designator: Old Designator=C? New Designator=C1
Change Component Designator: Old Designator=C? New Designator=C2
Change Component Designator: Old Designator=C? New Designator=C3
Change Component Designator: Old Designator=C? New Designator=C4
Change Component Designator: Old Designator=C? New Designator=C5
Change Component Designator: Old Designator=C? New Designator=C6
Change Component Designator: Old Designator=C? New Designator=C7
Change Component Designator: Old Designator=C? New Designator=C8
Change Component Designator: Old Designator=CAN_H? New Designator=CAN_H1
Change Component Designator: Old Designator=CAN_L? New Designator=CAN_L1
Change Component Designator: Old Designator=CAN Connector? New Designator=CAN Connector1
Change Component Designator: Old Designator=LED? New Designator=LED1
Change Component Designator: Old Designator=LED? New Designator=LED2
Change Component Designator: Old Designator=R1 New Designator=R8
Change Component Designator: Old Designator=R2 New Designator=R9
Change Component Designator: Old Designator=R3 New Designator=R10
Change Component Designator: Old Designator=R4 New Designator=R11
Change Component Designator: Old Designator=R5 New Designator=R13
Change Component Designator: Old Designator=R6 New Designator=R12
Change Component Designator: Old Designator=R7 New Designator=R14
Change Component Designator: Old Designator=R8 New Designator=R15
Change Component Designator: Old Designator=R9 New Designator=R16
Change Component Designator: Old Designator=R10 New Designator=R17
Change Component Designator: Old Designator=R11 New Designator=R18
Change Component Designator: Old Designator=R12 New Designator=R19
Change Component Designator: Old Designator=R13 New Designator=R20
Change Component Designator: Old Designator=R14 New Designator=R21
Change Component Designator: Old Designator=R15 New Designator=R22
Change Component Designator: Old Designator=R16 New Designator=R23
Change Component Designator: Old Designator=R17 New Designator=R24
Change Component Designator: Old Designator=R18 New Designator=R25
Change Component Designator: Old Designator=R19 New Designator=R26
Change Component Designator: Old Designator=R20 New Designator=R27
Change Component Designator: Old Designator=R21 New Designator=R28
Change Component Designator: Old Designator=R22 New Designator=R29
Change Component Designator: Old Designator=R23 New Designator=R30
Change Component Designator: Old Designator=R24 New Designator=R31
Change Component Designator: Old Designator=R25 New Designator=R32
Change Component Designator: Old Designator=R26 New Designator=R33
Change Component Designator: Old Designator=R27 New Designator=R34
Change Component Designator: Old Designator=R28 New Designator=R35
Change Component Designator: Old Designator=R29 New Designator=R36
Change Component Designator: Old Designator=R30 New Designator=R37
Change Component Designator: Old Designator=R31 New Designator=R38
Change Component Designator: Old Designator=R32 New Designator=R39
Change Component Designator: Old Designator=R33 New Designator=R40
Change Component Designator: Old Designator=R34 New Designator=R41
Change Component Designator: Old Designator=R35 New Designator=R42
Change Component Designator: Old Designator=R36 New Designator=R43
Change Component Designator: Old Designator=R37 New Designator=R44
Change Component Designator: Old Designator=R38 New Designator=R45
Change Component Designator: Old Designator=R39 New Designator=R46
Change Component Designator: Old Designator=R40 New Designator=R47
Change Component Designator: Old Designator=R41 New Designator=R48
Change Component Designator: Old Designator=R42 New Designator=R49
Change Component Designator: Old Designator=R43 New Designator=R50
Change Component Designator: Old Designator=R44 New Designator=R51
Change Component Designator: Old Designator=R? New Designator=R1
Change Component Designator: Old Designator=R? New Designator=R2
Change Component Designator: Old Designator=R? New Designator=R3
Change Component Designator: Old Designator=R? New Designator=R4
Change Component Designator: Old Designator=R? New Designator=R5
Change Component Designator: Old Designator=R? New Designator=R6
Change Component Designator: Old Designator=R? New Designator=R7
Change Component Designator: Old Designator=U1 New Designator=U3
Change Component Designator: Old Designator=U2 New Designator=U4
Change Component Designator: Old Designator=U3 New Designator=U10
Change Component Designator: Old Designator=U4 New Designator=U11
Change Component Designator: Old Designator=U5 New Designator=U16
Change Component Designator: Old Designator=U6 New Designator=U5
Change Component Designator: Old Designator=U7 New Designator=U6
Change Component Designator: Old Designator=U8 New Designator=U7
Change Component Designator: Old Designator=U9 New Designator=U8
Change Component Designator: Old Designator=U10 New Designator=U9
Change Component Designator: Old Designator=U11 New Designator=U12
Change Component Designator: Old Designator=U12 New Designator=U13
Change Component Designator: Old Designator=U13 New Designator=U14
Change Component Designator: Old Designator=U14 New Designator=U15
Change Component Designator: Old Designator=U? New Designator=U1
Change Component Designator: Old Designator=U? New Designator=U2
