Change Component Designator: Old Designator=C4 New Designator=C1
Change Component Designator: Old Designator=C5 New Designator=C2
Change Component Designator: Old Designator=C6 New Designator=C3
Change Component Designator: Old Designator=C7 New Designator=C4
Change Component Designator: Old Designator=C8 New Designator=C5
Change Component Designator: Old Designator=C9 New Designator=C6
Change Component Designator: Old Designator=C10 New Designator=C7
Change Component Designator: Old Designator=C11 New Designator=C8
Change Component Designator: Old Designator=C12 New Designator=C9
Change Component Designator: Old Designator=C13 New Designator=C10
Change Component Designator: Old Designator=C14 New Designator=C11
Change Component Designator: Old Designator=C15 New Designator=C12
Change Component Designator: Old Designator=C16 New Designator=C13
Change Component Designator: Old Designator=C17 New Designator=C14
Change Component Designator: Old Designator=C18 New Designator=C15
Change Component Designator: Old Designator=CC? New Designator=CC1
Change Component Designator: Old Designator=P9 New Designator=P1
Change Component Designator: Old Designator=P10 New Designator=P2
Change Component Designator: Old Designator=P11 New Designator=P3
Change Component Designator: Old Designator=R19 New Designator=R1
Change Component Designator: Old Designator=R23 New Designator=R2
Change Component Designator: Old Designator=R26 New Designator=R3
Change Component Designator: Old Designator=R29 New Designator=R4
Change Component Designator: Old Designator=R31 New Designator=R5
Change Component Designator: Old Designator=R33 New Designator=R6
Change Component Designator: Old Designator=R35 New Designator=R7
Change Component Designator: Old Designator=R36 New Designator=R8
Change Component Designator: Old Designator=R37 New Designator=R9
Change Component Designator: Old Designator=R38 New Designator=R10
Change Component Designator: Old Designator=R39 New Designator=R11
Change Component Designator: Old Designator=R40 New Designator=R12
Change Component Designator: Old Designator=R41 New Designator=R13
Change Component Designator: Old Designator=R43 New Designator=R14
Change Component Designator: Old Designator=R44 New Designator=R15
Change Component Designator: Old Designator=R45 New Designator=R16
Change Component Designator: Old Designator=R46 New Designator=R17
Change Component Designator: Old Designator=R47 New Designator=R18
Change Component Designator: Old Designator=R49 New Designator=R19
Change Component Designator: Old Designator=R50 New Designator=R20
Change Component Designator: Old Designator=R51 New Designator=R21
Change Component Designator: Old Designator=R52 New Designator=R22
Change Component Designator: Old Designator=R53 New Designator=R23
Change Component Designator: Old Designator=R54 New Designator=R24
Change Component Designator: Old Designator=R55 New Designator=R25
Change Component Designator: Old Designator=R56 New Designator=R26
Change Component Designator: Old Designator=R57 New Designator=R27
Change Component Designator: Old Designator=R58 New Designator=R28
Change Component Designator: Old Designator=R59 New Designator=R29
Change Component Designator: Old Designator=R60 New Designator=R30
Change Component Designator: Old Designator=R61 New Designator=R31
Change Component Designator: Old Designator=R62 New Designator=R32
Change Component Designator: Old Designator=R63 New Designator=R33
Change Component Designator: Old Designator=R64 New Designator=R34
Change Component Designator: Old Designator=R65 New Designator=R35
Change Component Designator: Old Designator=R66 New Designator=R36
Change Component Designator: Old Designator=R67 New Designator=R37
Change Component Designator: Old Designator=R68 New Designator=R38
Change Component Designator: Old Designator=R69 New Designator=R39
Change Component Designator: Old Designator=R70 New Designator=R40
Change Component Designator: Old Designator=R71 New Designator=R41
Change Component Designator: Old Designator=R72 New Designator=R42
Change Component Designator: Old Designator=U5 New Designator=U4
Change Component Designator: Old Designator=U6 New Designator=U5
Change Component Designator: Old Designator=U7 New Designator=U6
Change Component Designator: Old Designator=U8 New Designator=U7
Change Component Designator: Old Designator=U9 New Designator=U8
Change Component Designator: Old Designator=U? New Designator=U1
Change Component Designator: Old Designator=U? New Designator=U2
