Change Component Designator: OldDesignator=C1 NewDesignator=C4
Change Component Designator: OldDesignator=C2 NewDesignator=C5
Change Component Designator: OldDesignator=C3 NewDesignator=C6
Change Component Designator: OldDesignator=C4 NewDesignator=C7
Change Component Designator: OldDesignator=C5 NewDesignator=C8
Change Component Designator: OldDesignator=C6 NewDesignator=C9
Change Component Designator: OldDesignator=C7 NewDesignator=C10
Change Component Designator: OldDesignator=C9 NewDesignator=C19
Change Component Designator: OldDesignator=C10 NewDesignator=C20
Change Component Designator: OldDesignator=C11 NewDesignator=C27
Change Component Designator: OldDesignator=C12 NewDesignator=C28
Change Component Designator: OldDesignator=C13 NewDesignator=C29
Change Component Designator: OldDesignator=C14 NewDesignator=C15
Change Component Designator: OldDesignator=C15 NewDesignator=C16
Change Component Designator: OldDesignator=C16 NewDesignator=C17
Change Component Designator: OldDesignator=C17 NewDesignator=C18
Change Component Designator: OldDesignator=C18 NewDesignator=C21
Change Component Designator: OldDesignator=C19 NewDesignator=C22
Change Component Designator: OldDesignator=C20 NewDesignator=C23
Change Component Designator: OldDesignator=C21 NewDesignator=C24
Change Component Designator: OldDesignator=C22 NewDesignator=C25
Change Component Designator: OldDesignator=C23 NewDesignator=C26
Change Component Designator: OldDesignator=L1 NewDesignator=L2
Change Component Designator: OldDesignator=L2 NewDesignator=L1
Change Component Designator: OldDesignator=P1 NewDesignator=P2
Change Component Designator: OldDesignator=P2 NewDesignator=P3
Change Component Designator: OldDesignator=P3 NewDesignator=P1
Change Component Designator: OldDesignator=P4 NewDesignator=P6
Change Component Designator: OldDesignator=P5 NewDesignator=P4
Change Component Designator: OldDesignator=P6 NewDesignator=P5
Change Component Designator: OldDesignator=R1 NewDesignator=R4
Change Component Designator: OldDesignator=R2 NewDesignator=R1
Change Component Designator: OldDesignator=R4 NewDesignator=R2
Change Component Designator: OldDesignator=R5 NewDesignator=R3
Change Component Designator: OldDesignator=R8 NewDesignator=R16
Change Component Designator: OldDesignator=R9 NewDesignator=R20
Change Component Designator: OldDesignator=R10 NewDesignator=R13
Change Component Designator: OldDesignator=R11 NewDesignator=R14
Change Component Designator: OldDesignator=R12 NewDesignator=R23
Change Component Designator: OldDesignator=R13 NewDesignator=R15
Change Component Designator: OldDesignator=R14 NewDesignator=R26
Change Component Designator: OldDesignator=R15 NewDesignator=R17
Change Component Designator: OldDesignator=R16 NewDesignator=R18
Change Component Designator: OldDesignator=R17 NewDesignator=R19
Change Component Designator: OldDesignator=R18 NewDesignator=R37
Change Component Designator: OldDesignator=R19 NewDesignator=R38
Change Component Designator: OldDesignator=R20 NewDesignator=R39
Change Component Designator: OldDesignator=R21 NewDesignator=R40
Change Component Designator: OldDesignator=R22 NewDesignator=R41
Change Component Designator: OldDesignator=R23 NewDesignator=R52
Change Component Designator: OldDesignator=R24 NewDesignator=R53
Change Component Designator: OldDesignator=R25 NewDesignator=R54
Change Component Designator: OldDesignator=R26 NewDesignator=R55
Change Component Designator: OldDesignator=R27 NewDesignator=R56
Change Component Designator: OldDesignator=R28 NewDesignator=R21
Change Component Designator: OldDesignator=R29 NewDesignator=R22
Change Component Designator: OldDesignator=R30 NewDesignator=R24
Change Component Designator: OldDesignator=R31 NewDesignator=R25
Change Component Designator: OldDesignator=R32 NewDesignator=R27
Change Component Designator: OldDesignator=R33 NewDesignator=R28
Change Component Designator: OldDesignator=R34 NewDesignator=R29
Change Component Designator: OldDesignator=R35 NewDesignator=R30
Change Component Designator: OldDesignator=R36 NewDesignator=R31
Change Component Designator: OldDesignator=R37 NewDesignator=R32
Change Component Designator: OldDesignator=R38 NewDesignator=R33
Change Component Designator: OldDesignator=R39 NewDesignator=R34
Change Component Designator: OldDesignator=R40 NewDesignator=R35
Change Component Designator: OldDesignator=R41 NewDesignator=R36
Change Component Designator: OldDesignator=U3 NewDesignator=U10
Change Component Designator: OldDesignator=U4 NewDesignator=U11
Change Component Designator: OldDesignator=U5 NewDesignator=U12
Change Component Designator: OldDesignator=U6 NewDesignator=U13
Change Component Designator: OldDesignator=U7 NewDesignator=U14
Change Component Designator: OldDesignator=U8 NewDesignator=U18
Change Component Designator: OldDesignator=U9 NewDesignator=U21
Change Component Designator: OldDesignator=U10 NewDesignator=U8
Change Component Designator: OldDesignator=U11 NewDesignator=U9
Change Component Designator: OldDesignator=U12 NewDesignator=U16
Change Component Designator: OldDesignator=U13 NewDesignator=U17
Change Component Designator: OldDesignator=U14 NewDesignator=U19
Change Component Designator: OldDesignator=U15 NewDesignator=U20
Change Component Designator: OldDesignator=U16 NewDesignator=U15
Change component parameters: Designator = "CC1"; Footprint = "CC6303_SOP8"; UniqueID = "\NWCUEION"
Change component parameters. Clean all parameters for all variants
Change component parameters (AddParameter): Name = "LCSC PART #"; Value = "C163283"; VariantName = "[No Variations]"
Change component parameters (AddParameter): Name = "Mouser VPN"; Value = "630-ACHS-7123-000E"; VariantName = "[No Variations]"
Change component parameters (AddParameter): Name = "Price"; Value = "3,47"; VariantName = "[No Variations]"
Change component parameters: Designator = "CC2"; Footprint = "CC6303_SOP8"; UniqueID = "\VBQDYLUV"
Change component parameters. Clean all parameters for all variants
Change component parameters (AddParameter): Name = "LCSC PART #"; Value = "C163283"; VariantName = "[No Variations]"
Change component parameters (AddParameter): Name = "Mouser VPN"; Value = "630-ACHS-7123-000E"; VariantName = "[No Variations]"
Change component parameters (AddParameter): Name = "Price"; Value = "3,47"; VariantName = "[No Variations]"
Change component parameters: Designator = "CC3"; Footprint = "CC6303_SOP8"; UniqueID = "\QPTSWGPB"
Change component parameters. Clean all parameters for all variants
Change component parameters (AddParameter): Name = "LCSC PART #"; Value = "C163283"; VariantName = "[No Variations]"
Change component parameters (AddParameter): Name = "Mouser VPN"; Value = "630-ACHS-7123-000E"; VariantName = "[No Variations]"
Change component parameters (AddParameter): Name = "Price"; Value = "3,47"; VariantName = "[No Variations]"
Change component parameters: Designator = "L2"; Footprint = "CD2012-0805"; UniqueID = "\EPIVSTEB"
Change component parameters. Clean all parameters for all variants
Change component parameters (AddParameter): Name = "LCSC PART #"; Value = "C84256"; VariantName = "[No Variations]"
Change component parameters (AddParameter): Name = "Manufacturer"; Value = "Kingbright"; VariantName = "[No Variations]"
Change component parameters (AddParameter): Name = "MPN"; Value = "APT2012CGCK"; VariantName = "[No Variations]"
Change component parameters (AddParameter): Name = "Value"; Value = "Green"; VariantName = "[No Variations]"
Change component parameters (AddParameter): Name = "Vendor"; Value = "Digikey"; VariantName = "[No Variations]"
Change component parameters (AddParameter): Name = "VPN"; Value = "754-1127-1-ND"; VariantName = "[No Variations]"
Change component parameters: Designator = "L1"; Footprint = "CD2012-0805"; UniqueID = "\JDUGVTML"
Change component parameters. Clean all parameters for all variants
Change component parameters (AddParameter): Name = "LCSC PART #"; Value = "C84256"; VariantName = "[No Variations]"
Change component parameters (AddParameter): Name = "Manufacturer"; Value = "Kingbright"; VariantName = "[No Variations]"
Change component parameters (AddParameter): Name = "MPN"; Value = "APT2012CGCK"; VariantName = "[No Variations]"
Change component parameters (AddParameter): Name = "Value"; Value = "Green"; VariantName = "[No Variations]"
Change component parameters (AddParameter): Name = "Vendor"; Value = "Digikey"; VariantName = "[No Variations]"
Change component parameters (AddParameter): Name = "VPN"; Value = "754-1127-1-ND"; VariantName = "[No Variations]"
Added Component: Designator=C1(CAPC_0805)
Add component. Clean all parameters for all variants
Add component (AddParameter): Name = "LCSC PART #"; Value = " C49678"; VariantName = "[No Variations]"
Add component (AddParameter): Name = "Mouser VPN"; Value = ""; VariantName = "[No Variations]"
Add component (AddParameter): Name = "Price"; Value = ""; VariantName = "[No Variations]"
Added Component: Designator=C2(CAPC_0805)
Add component. Clean all parameters for all variants
Add component (AddParameter): Name = "LCSC PART #"; Value = "C28323"; VariantName = "[No Variations]"
Add component (AddParameter): Name = "Mouser VPN"; Value = ""; VariantName = "[No Variations]"
Add component (AddParameter): Name = "Price"; Value = ""; VariantName = "[No Variations]"
Added Component: Designator=C3(CAPC_0805)
Add component. Clean all parameters for all variants
Add component (AddParameter): Name = "LCSC PART #"; Value = "C15850"; VariantName = "[No Variations]"
Add component (AddParameter): Name = "Mouser VPN"; Value = "963-TMK212BBJ106KG-T"; VariantName = "[No Variations]"
Add component (AddParameter): Name = "Price"; Value = "0,162"; VariantName = "[No Variations]"
Added Component: Designator=C11(CAPC_0805)
Add component. Clean all parameters for all variants
Add component (AddParameter): Name = "LCSC PART #"; Value = " C49678"; VariantName = "[No Variations]"
Add component (AddParameter): Name = "Mouser VPN"; Value = ""; VariantName = "[No Variations]"
Add component (AddParameter): Name = "Price"; Value = ""; VariantName = "[No Variations]"
Added Component: Designator=C12(CAPC_0805)
Add component. Clean all parameters for all variants
Add component (AddParameter): Name = "LCSC PART #"; Value = "C28323"; VariantName = "[No Variations]"
Add component (AddParameter): Name = "Mouser VPN"; Value = ""; VariantName = "[No Variations]"
Add component (AddParameter): Name = "Price"; Value = ""; VariantName = "[No Variations]"
Added Component: Designator=C13(CAPC_0805)
Add component. Clean all parameters for all variants
Add component (AddParameter): Name = "LCSC PART #"; Value = "C15850"; VariantName = "[No Variations]"
Add component (AddParameter): Name = "Mouser VPN"; Value = "963-TMK212BBJ106KG-T"; VariantName = "[No Variations]"
Add component (AddParameter): Name = "Price"; Value = "0,162"; VariantName = "[No Variations]"
Added Component: Designator=C14(CAPC_0805)
Add component. Clean all parameters for all variants
Add component (AddParameter): Name = "LCSC PART #"; Value = " C49678"; VariantName = "[No Variations]"
Add component (AddParameter): Name = "Mouser VPN"; Value = ""; VariantName = "[No Variations]"
Add component (AddParameter): Name = "Price"; Value = ""; VariantName = "[No Variations]"
Added Component: Designator=L3(CD2012-0805)
Add component. Clean all parameters for all variants
Add component (AddParameter): Name = "LCSC PART #"; Value = "C84256"; VariantName = "[No Variations]"
Add component (AddParameter): Name = "Manufacturer"; Value = "Kingbright"; VariantName = "[No Variations]"
Add component (AddParameter): Name = "MPN"; Value = "APT2012CGCK"; VariantName = "[No Variations]"
Add component (AddParameter): Name = "Value"; Value = "Green"; VariantName = "[No Variations]"
Add component (AddParameter): Name = "Vendor"; Value = "Digikey"; VariantName = "[No Variations]"
Add component (AddParameter): Name = "VPN"; Value = "754-1127-1-ND"; VariantName = "[No Variations]"
Added Component: Designator=R5(RESC_0805)
Add component. Clean all parameters for all variants
Add component (AddParameter): Name = "LCSC PART #"; Value = "C17477"; VariantName = "[No Variations]"
Add component (AddParameter): Name = "Mouser VPN"; Value = ""; VariantName = "[No Variations]"
Add component (AddParameter): Name = "Price"; Value = ""; VariantName = "[No Variations]"
Added Component: Designator=R6(RESC_0805)
Add component. Clean all parameters for all variants
Add component (AddParameter): Name = "LCSC PART #"; Value = "C17557"; VariantName = "[No Variations]"
Add component (AddParameter): Name = "Manufacturer"; Value = "Generic"; VariantName = "[No Variations]"
Add component (AddParameter): Name = "Value"; Value = "220"; VariantName = "[No Variations]"
Added Component: Designator=R7(RESC_0805)
Add component. Clean all parameters for all variants
Add component (AddParameter): Name = "LCSC PART #"; Value = "C17710"; VariantName = "[No Variations]"
Add component (AddParameter): Name = "Mouser VPN"; Value = ""; VariantName = "[No Variations]"
Add component (AddParameter): Name = "Price"; Value = ""; VariantName = "[No Variations]"
Added Component: Designator=R8(RESC_0805)
Add component. Clean all parameters for all variants
Add component (AddParameter): Name = "LCSC PART #"; Value = "C17414"; VariantName = "[No Variations]"
Add component (AddParameter): Name = "Mouser VPN"; Value = ""; VariantName = "[No Variations]"
Add component (AddParameter): Name = "Price"; Value = ""; VariantName = "[No Variations]"
Added Component: Designator=R9(RESC_0805)
Add component. Clean all parameters for all variants
Add component (AddParameter): Name = "LCSC PART #"; Value = "C17414"; VariantName = "[No Variations]"
Add component (AddParameter): Name = "Mouser VPN"; Value = ""; VariantName = "[No Variations]"
Add component (AddParameter): Name = "Price"; Value = ""; VariantName = "[No Variations]"
Added Component: Designator=R10(RESC_0805)
Add component. Clean all parameters for all variants
Add component (AddParameter): Name = "LCSC PART #"; Value = "C17710"; VariantName = "[No Variations]"
Add component (AddParameter): Name = "Mouser VPN"; Value = ""; VariantName = "[No Variations]"
Add component (AddParameter): Name = "Price"; Value = ""; VariantName = "[No Variations]"
Added Component: Designator=R11(RESC_0805)
Add component. Clean all parameters for all variants
Add component (AddParameter): Name = "LCSC PART #"; Value = "C17414"; VariantName = "[No Variations]"
Add component (AddParameter): Name = "Mouser VPN"; Value = ""; VariantName = "[No Variations]"
Add component (AddParameter): Name = "Price"; Value = ""; VariantName = "[No Variations]"
Added Component: Designator=R12(RESC_0805)
Add component. Clean all parameters for all variants
Add component (AddParameter): Name = "LCSC PART #"; Value = "C17414"; VariantName = "[No Variations]"
Add component (AddParameter): Name = "Mouser VPN"; Value = ""; VariantName = "[No Variations]"
Add component (AddParameter): Name = "Price"; Value = ""; VariantName = "[No Variations]"
Added Component: Designator=RA1(RESC_0805)
Add component. Clean all parameters for all variants
Add component (AddParameter): Name = "LCSC Part #"; Value = "C17415"; VariantName = "[No Variations]"
Add component (AddParameter): Name = "Manufacturer"; Value = "Generic"; VariantName = "[No Variations]"
Add component (AddParameter): Name = "Value"; Value = "10"; VariantName = "[No Variations]"
Added Component: Designator=RAB1(RESC_1206)
Add component. Clean all parameters for all variants
Add component (AddParameter): Name = "LCSC Part #"; Value = "C17437"; VariantName = "[No Variations]"
Add component (AddParameter): Name = "Manufacturer"; Value = "Generic"; VariantName = "[No Variations]"
Add component (AddParameter): Name = "Value"; Value = "120"; VariantName = "[No Variations]"
Added Component: Designator=RB1(RESC_0805)
Add component. Clean all parameters for all variants
Add component (AddParameter): Name = "LCSC Part #"; Value = "C17415"; VariantName = "[No Variations]"
Add component (AddParameter): Name = "Manufacturer"; Value = "Generic"; VariantName = "[No Variations]"
Add component (AddParameter): Name = "Value"; Value = "10"; VariantName = "[No Variations]"
Added Component: Designator=RX1(CD2012-0805)
Add component. Clean all parameters for all variants
Add component (AddParameter): Name = "LCSC Part #"; Value = "C84256"; VariantName = "[No Variations]"
Add component (AddParameter): Name = "Manufacturer"; Value = "Kingbright"; VariantName = "[No Variations]"
Add component (AddParameter): Name = "MPN"; Value = "APT2012CGCK"; VariantName = "[No Variations]"
Add component (AddParameter): Name = "Value"; Value = "Green"; VariantName = "[No Variations]"
Add component (AddParameter): Name = "Vendor"; Value = "Digikey"; VariantName = "[No Variations]"
Add component (AddParameter): Name = "VPN"; Value = "754-1127-1-ND"; VariantName = "[No Variations]"
Added Component: Designator=TVS1(SOT23-3)
Add component. Clean all parameters for all variants
Add component (AddParameter): Name = "LCSC Part #"; Value = "C404012"; VariantName = "[No Variations]"
Add component (AddParameter): Name = "Value"; Value = "CDSOT23-SM712"; VariantName = "[No Variations]"
Added Component: Designator=TX1(CD2012-0805)
Add component. Clean all parameters for all variants
Add component (AddParameter): Name = "LCSC Part #"; Value = "C84256"; VariantName = "[No Variations]"
Add component (AddParameter): Name = "Manufacturer"; Value = "Kingbright"; VariantName = "[No Variations]"
Add component (AddParameter): Name = "MPN"; Value = "APT2012CGCK"; VariantName = "[No Variations]"
Add component (AddParameter): Name = "Value"; Value = "Green"; VariantName = "[No Variations]"
Add component (AddParameter): Name = "Vendor"; Value = "Digikey"; VariantName = "[No Variations]"
Add component (AddParameter): Name = "VPN"; Value = "754-1127-1-ND"; VariantName = "[No Variations]"
Added Component: Designator=U5(SOT23-3)
Add component. Clean all parameters for all variants
Add component (AddParameter): Name = "LCSC Part #"; Value = "C129192"; VariantName = "[No Variations]"
Add component (AddParameter): Name = "Value"; Value = "ntr1p02"; VariantName = "[No Variations]"
Added Component: Designator=U6(SOT23-3)
Add component. Clean all parameters for all variants
Add component (AddParameter): Name = "LCSC Part #"; Value = "C79015"; VariantName = "[No Variations]"
Add component (AddParameter): Name = "Value"; Value = "BSS123"; VariantName = "[No Variations]"
Added Component: Designator=U7(SOT23-3)
Add component. Clean all parameters for all variants
Add component (AddParameter): Name = "LCSC Part #"; Value = "C129192"; VariantName = "[No Variations]"
Add component (AddParameter): Name = "Value"; Value = "ntr1p02"; VariantName = "[No Variations]"
Added Pin To Net: NetName=3V3GND Pin=C1-1
Added Pin To Net: NetName=5V Pin=C1-2
Added Pin To Net: NetName=3V3GND Pin=C2-1
Added Pin To Net: NetName=5V Pin=C2-2
Added Pin To Net: NetName=3V3GND Pin=C3-1
Added Pin To Net: NetName=5V Pin=C3-2
Added Pin To Net: NetName=3V3GND Pin=C11-1
Added Pin To Net: NetName=3V3GND Pin=C12-1
Added Pin To Net: NetName=3V3GND Pin=C13-1
Added Pin To Net: NetName=3V3GND Pin=C14-1
Added Pin To Net: NetName=3V3 Pin=C14-2
Added Pin To Net: NetName=3V3GND Pin=L3-C
Added Pin To Net: NetName=3V3 Pin=R5-2
Added Pin To Net: NetName=3V3 Pin=R8-2
Added Pin To Net: NetName=3V3 Pin=RX1-A
Added Pin To Net: NetName=3V3GND Pin=TVS1-3
Added Pin To Net: NetName=3V3 Pin=TX1-A
Added Pin To Net: NetName=3V3GND Pin=U5-3
Added Pin To Net: NetName=3V3GND Pin=U6-2
Added Pin To Net: NetName=3V3GND Pin=U7-3
Change Net Name : Old Net Name=NetL1_A New Net Name=NetL2_A
Change Net Name : Old Net Name=NetL2_A New Net Name=NetL1_A
Change Net Name : Old Net Name=NetP4_1 New Net Name=NetP6_1
Change Net Name : Old Net Name=NetP4_2 New Net Name=NetP6_2
Change Net Name : Old Net Name=NetP5_1 New Net Name=NetP4_1
Change Net Name : Old Net Name=NetP5_2 New Net Name=NetP4_2
Change Net Name : Old Net Name=NetP6_1 New Net Name=NetP5_1
Change Net Name : Old Net Name=NetP6_2 New Net Name=NetP5_2
Change Net Name : Old Net Name=NetR8_1 New Net Name=NetR16_1
Change Net Name : Old Net Name=NetR8_2 New Net Name=NetR16_2
Change Net Name : Old Net Name=NetR9_1 New Net Name=NetR20_1
Change Net Name : Old Net Name=NetR9_2 New Net Name=NetR20_2
Change Net Name : Old Net Name=NetR12_1 New Net Name=NetR23_1
Change Net Name : Old Net Name=NetR18_2 New Net Name=NetR37_2
Change Net Name : Old Net Name=NetR19_2 New Net Name=NetR38_2
Change Net Name : Old Net Name=NetR20_2 New Net Name=NetR39_2
Change Net Name : Old Net Name=NetR21_2 New Net Name=NetR40_2
Change Net Name : Old Net Name=NetR23_2 New Net Name=NetR52_2
Change Net Name : Old Net Name=NetR24_2 New Net Name=NetR53_2
Change Net Name : Old Net Name=NetR25_2 New Net Name=NetR54_2
Change Net Name : Old Net Name=NetR26_2 New Net Name=NetR55_2
Change Net Name : Old Net Name=NetR28_1 New Net Name=NetR21_1
Change Net Name : Old Net Name=NetR29_1 New Net Name=NetR22_1
Change Net Name : Old Net Name=NetR32_2 New Net Name=NetR27_2
Change Net Name : Old Net Name=NetR33_2 New Net Name=NetR28_2
Change Net Name : Old Net Name=NetR34_2 New Net Name=NetR29_2
Change Net Name : Old Net Name=NetR35_2 New Net Name=NetR30_2
Change Net Name : Old Net Name=NetR37_2 New Net Name=NetR32_2
Change Net Name : Old Net Name=NetR38_2 New Net Name=NetR33_2
Change Net Name : Old Net Name=NetR39_2 New Net Name=NetR34_2
Change Net Name : Old Net Name=NetR40_2 New Net Name=NetR35_2
Change Net Name : Old Net Name=NetU3_3 New Net Name=NetU10_3
Change Net Name : Old Net Name=NetU3_4 New Net Name=NetU10_4
Change Net Name : Old Net Name=NetU6_3 New Net Name=NetU13_3
Change Net Name : Old Net Name=NetU6_4 New Net Name=NetU13_4
Added Pin To Net: NetName=DRX_D Pin=R12-2
Added Pin To Net: NetName=DRX_D Pin=XMC1-49
Added Net: Name=DRX_D
Added Pin To Net: NetName=DTX_D Pin=R9-2
Added Pin To Net: NetName=DTX_D Pin=R11-1
Added Pin To Net: NetName=DTX_D Pin=XMC1-73
Added Net: Name=DTX_D
Added Pin To Net: NetName=NetC11_2 Pin=C11-2
Added Pin To Net: NetName=NetC11_2 Pin=C12-2
Added Pin To Net: NetName=NetC11_2 Pin=C13-2
Added Pin To Net: NetName=NetC11_2 Pin=R5-1
Added Pin To Net: NetName=NetC11_2 Pin=R6-2
Added Net: Name=NetC11_2
Added Pin To Net: NetName=NetL3_A Pin=L3-A
Added Pin To Net: NetName=NetL3_A Pin=R6-1
Added Net: Name=NetL3_A
Added Pin To Net: NetName=NetR7_1 Pin=R7-1
Added Pin To Net: NetName=NetR7_1 Pin=TX1-C
Added Net: Name=NetR7_1
Added Pin To Net: NetName=NetR7_2 Pin=R7-2
Added Pin To Net: NetName=NetR7_2 Pin=U5-2
Added Net: Name=NetR7_2
Added Pin To Net: NetName=NetR8_1 Pin=R8-1
Added Pin To Net: NetName=NetR8_1 Pin=U6-3
Added Net: Name=NetR8_1
Added Pin To Net: NetName=NetR9_1 Pin=R9-1
Added Pin To Net: NetName=NetR9_1 Pin=U5-1
Added Net: Name=NetR9_1
Added Pin To Net: NetName=NetR10_1 Pin=R10-1
Added Pin To Net: NetName=NetR10_1 Pin=RX1-C
Added Net: Name=NetR10_1
Added Pin To Net: NetName=NetR10_2 Pin=R10-2
Added Pin To Net: NetName=NetR10_2 Pin=U7-2
Added Net: Name=NetR10_2
Added Pin To Net: NetName=NetR11_2 Pin=R11-2
Added Pin To Net: NetName=NetR11_2 Pin=U6-1
Added Net: Name=NetR11_2
Added Pin To Net: NetName=NetR12_1 Pin=R12-1
Added Pin To Net: NetName=NetR12_1 Pin=U7-1
Added Net: Name=NetR12_1
Added Pin To Net: NetName=NetRA1_1 Pin=RA1-1
Added Pin To Net: NetName=NetRA1_1 Pin=RAB1-1
Added Pin To Net: NetName=NetRA1_1 Pin=TVS1-2
Added Net: Name=NetRA1_1
Added Pin To Net: NetName=NetRA1_2 Pin=RA1-2
Added Net: Name=NetRA1_2
Added Pin To Net: NetName=NetRAB1_2 Pin=RAB1-2
Added Pin To Net: NetName=NetRAB1_2 Pin=RB1-1
Added Pin To Net: NetName=NetRAB1_2 Pin=TVS1-1
Added Net: Name=NetRAB1_2
Added Pin To Net: NetName=NetRB1_2 Pin=RB1-2
Added Net: Name=NetRB1_2
Added Member To Class: ClassName=measurement_rev4 Member=Component C8 Capacitor
Added Member To Class: ClassName=measurement_rev4 Member=Component C24 C 1uF 0805 MLCC 50V X5R
Added Member To Class: ClassName=measurement_rev4 Member=Component C25 C 10nF 0805 MLCC 50V X7R
Added Member To Class: ClassName=measurement_rev4 Member=Component C26 C 10uF 0805 MLCC 25V X5R
Added Member To Class: ClassName=measurement_rev4 Member=Component C27 C 1uF 0805 MLCC 50V X5R
Added Member To Class: ClassName=measurement_rev4 Member=Component C28 C 10nF 0805 MLCC 50V X7R
Added Member To Class: ClassName=measurement_rev4 Member=Component C29 C 10uF 0805 MLCC 25V X5R
Added Member To Class: ClassName=measurement_rev4 Member=Component L3 Green
Added Member To Class: ClassName=measurement_rev4 Member=Component R5 R 0R 1/8W 0805
Added Member To Class: ClassName=measurement_rev4 Member=Component R6 220
Added Member To Class: ClassName=measurement_rev4 Member=Component R7 R 470 1/8W 0805
Added Member To Class: ClassName=measurement_rev4 Member=Component R52 R 100k 1/8W 0805 .1%
Added Member To Class: ClassName=measurement_rev4 Member=Component R53 R 100k 1/8W 0805 .1%
Added Member To Class: ClassName=measurement_rev4 Member=Component R54 R 100k 1/8W 0805 .1%
Added Member To Class: ClassName=measurement_rev4 Member=Component R55 R 100k 1/8W 0805 .1%
Added Member To Class: ClassName=measurement_rev4 Member=Component R56 R 100k 1/8W 0805 .1%
Added Member To Class: ClassName=measurement_rev4 Member=Component RA1 10
Added Member To Class: ClassName=measurement_rev4 Member=Component RAB1 120
Added Member To Class: ClassName=measurement_rev4 Member=Component RB1 10
Added Member To Class: ClassName=measurement_rev4 Member=Component RX1 Green
Added Member To Class: ClassName=measurement_rev4 Member=Component TVS1 Diode_TVS_Array
Added Member To Class: ClassName=measurement_rev4 Member=Component TX1 Green
Added Member To Class: ClassName=measurement_rev4 Member=Component U17 IC CC/CC 1W 5V
Added Member To Class: ClassName=measurement_rev4 Member=Component U18 IC CC/CC 1W 5V
Added Member To Class: ClassName=measurement_rev4 Member=Component U19 IC AmpIso BIPOL AMC1200
Added Member To Class: ClassName=measurement_rev4 Member=Component U20 IC AmpIso BIPOL AMC1200
Added Member To Class: ClassName=measurement_rev4 Member=Component U21 IC AmpIso BIPOL AMC1200
