Change component parameters: Designator = "CC1"; Footprint = "CC6303_SOP8"; UniqueID = "\NWCUEION"
Change component parameters. Clean all parameters for all variants
Change component parameters (AddParameter): Name = "LCSC PART #"; Value = "C146419"; VariantName = "[No Variations]"
Change component parameters (AddParameter): Name = "Mouser VPN"; Value = "630-ACHS-7123-000E"; VariantName = "[No Variations]"
Change component parameters (AddParameter): Name = "Price"; Value = "3,47"; VariantName = "[No Variations]"
Change component parameters: Designator = "CC2"; Footprint = "CC6303_SOP8"; UniqueID = "\VBQDYLUV"
Change component parameters. Clean all parameters for all variants
Change component parameters (AddParameter): Name = "LCSC PART #"; Value = "C146419"; VariantName = "[No Variations]"
Change component parameters (AddParameter): Name = "Mouser VPN"; Value = "630-ACHS-7123-000E"; VariantName = "[No Variations]"
Change component parameters (AddParameter): Name = "Price"; Value = "3,47"; VariantName = "[No Variations]"
Change component parameters: Designator = "CC3"; Footprint = "CC6303_SOP8"; UniqueID = "\QPTSWGPB"
Change component parameters. Clean all parameters for all variants
Change component parameters (AddParameter): Name = "LCSC PART #"; Value = "C146419"; VariantName = "[No Variations]"
Change component parameters (AddParameter): Name = "Mouser VPN"; Value = "630-ACHS-7123-000E"; VariantName = "[No Variations]"
Change component parameters (AddParameter): Name = "Price"; Value = "3,47"; VariantName = "[No Variations]"
Change component parameters: Designator = "U5"; Footprint = "SOIC-MIC4126"; UniqueID = "\EXBYBCSF"
Change component parameters. Clean all parameters for all variants
Change component parameters (AddParameter): Name = "Equivalente"; Value = "TC4427AEOA"; VariantName = "[No Variations]"
Change component parameters (AddParameter): Name = "LCSC PART #"; Value = "C20551"; VariantName = "[No Variations]"
Change component parameters (AddParameter): Name = "Mouser VPN"; Value = "998-MIC4126YME"; VariantName = "[No Variations]"
Change component parameters (AddParameter): Name = "Price"; Value = "0,756"; VariantName = "[No Variations]"
