Removed Pin From Net: NetName=3V3GND Pin=C1-1
Removed Pin From Net: NetName=3V3GND Pin=C2-1
Removed Pin From Net: NetName=3V3GND Pin=C3-1
Removed Pin From Net: NetName=3V3GND Pin=P1-1
Removed Pin From Net: NetName=3V3GND Pin=P1-8
Removed Pin From Net: NetName=iabc_1 Pin=P4-2
Removed Pin From Net: NetName=3V3GND Pin=P5-1
Removed Pin From Net: NetName=3V3GND Pin=P5-2
Removed Pin From Net: NetName=3V3GND Pin=P5-3
Removed Pin From Net: NetName=3V3GND Pin=P5-4
Removed Pin From Net: NetName=3V3GND Pin=P5-5
Removed Pin From Net: NetName=3V3GND Pin=P5-6
Removed Pin From Net: NetName=3V3GND Pin=P5-7
Removed Pin From Net: NetName=3V3GND Pin=P5-8
Removed Pin From Net: NetName=3V3GND Pin=P6-1
Removed Pin From Net: NetName=3V3GND Pin=P6-8
Removed Pin From Net: NetName=5V Pin=P7-2
Removed Pin From Net: NetName=3V3GND Pin=P7-8
Removed Pin From Net: NetName=5V Pin=P8-2
Removed Pin From Net: NetName=3V3GND Pin=P8-8
Removed Pin From Net: NetName=iabc_2 Pin=R18-1
Removed Pin From Net: NetName=3V3GND Pin=R21-1
Removed Pin From Net: NetName=3V3GND Pin=R22-1
Removed Pin From Net: NetName=iabc_2 Pin=R22-2
Removed Pin From Net: NetName=iabc_1 Pin=R25-1
Removed Pin From Net: NetName=3V3GND Pin=R27-1
Removed Pin From Net: NetName=3V3GND Pin=R28-1
Removed Pin From Net: NetName=iabc_1 Pin=R28-2
Removed Pin From Net: NetName=iabc_0 Pin=R30-1
Removed Pin From Net: NetName=3V3GND Pin=R32-1
Removed Pin From Net: NetName=iabc_0 Pin=R32-2
Removed Pin From Net: NetName=3V3GND Pin=U1-7
Removed Pin From Net: NetName=3V3GND Pin=U2-7
Removed Pin From Net: NetName=3V3GND Pin=U4-7
Removed Member From Class: ClassName=controlo_rev4 Member=P1
Removed Member From Class: ClassName=controlo_rev4 Member=P2
Removed Member From Class: ClassName=controlo_rev4 Member=P3
Removed Member From Class: ClassName=controlo_rev4 Member=P4
Removed Member From Class: ClassName=controlo_rev4 Member=P5
Removed Member From Class: ClassName=controlo_rev4 Member=P6
Removed Member From Class: ClassName=controlo_rev4 Member=P7
Removed Member From Class: ClassName=controlo_rev4 Member=P8
Removed Member From Class: ClassName=controlo_rev4 Member=R1
Removed Member From Class: ClassName=controlo_rev4 Member=R2
Removed Member From Class: ClassName=controlo_rev4 Member=R3
Removed Member From Class: ClassName=controlo_rev4 Member=R4
Removed Member From Class: ClassName=controlo_rev4 Member=R5
Removed Member From Class: ClassName=controlo_rev4 Member=R6
Removed Member From Class: ClassName=controlo_rev4 Member=R7
Removed Member From Class: ClassName=controlo_rev4 Member=R8
Removed Member From Class: ClassName=controlo_rev4 Member=R9
Removed Member From Class: ClassName=controlo_rev4 Member=R10
Removed Member From Class: ClassName=controlo_rev4 Member=R11
Removed Member From Class: ClassName=controlo_rev4 Member=R12
Removed Member From Class: ClassName=controlo_rev4 Member=R13
Removed Member From Class: ClassName=controlo_rev4 Member=R14
Removed Member From Class: ClassName=controlo_rev4 Member=R15
Removed Member From Class: ClassName=controlo_rev4 Member=R16
Removed Member From Class: ClassName=controlo_rev4 Member=R17
Removed Member From Class: ClassName=controlo_rev4 Member=R18
Removed Member From Class: ClassName=controlo_rev4 Member=R20
Removed Member From Class: ClassName=controlo_rev4 Member=R21
Removed Member From Class: ClassName=controlo_rev4 Member=R22
Removed Member From Class: ClassName=controlo_rev4 Member=R24
Removed Member From Class: ClassName=controlo_rev4 Member=R25
Removed Member From Class: ClassName=controlo_rev4 Member=R27
Removed Member From Class: ClassName=controlo_rev4 Member=R28
Removed Member From Class: ClassName=controlo_rev4 Member=R30
Removed Member From Class: ClassName=controlo_rev4 Member=R32
Removed Member From Class: ClassName=controlo_rev4 Member=R34
Removed Member From Class: ClassName=controlo_rev4 Member=R42
Removed Member From Class: ClassName=controlo_rev4 Member=R48
Removed Member From Class: ClassName=controlo_rev4 Member=U1
Removed Member From Class: ClassName=controlo_rev4 Member=U2
Removed Member From Class: ClassName=controlo_rev4 Member=U4
Change component parameters: Designator = "U5"; Footprint = "SOIC8"; UniqueID = "\FVCLMTDF"
Change component parameters. Clean all parameters for all variants
Change component parameters (AddParameter): Name = "LCSC PART #"; Value = "C79905"; VariantName = "[No Variations]"
Change component parameters (AddParameter): Name = "Mouser VPN"; Value = "595-AMC1200BDWVR"; VariantName = "[No Variations]"
Change component parameters (AddParameter): Name = "Price"; Value = "4,62"; VariantName = "[No Variations]"
Change component parameters: Designator = "U8"; Footprint = "SOIC8"; UniqueID = "\LCSOCJJI"
Change component parameters. Clean all parameters for all variants
Change component parameters (AddParameter): Name = "LCSC PART #"; Value = "C79905"; VariantName = "[No Variations]"
Change component parameters (AddParameter): Name = "Mouser VPN"; Value = "595-AMC1200BDWVR"; VariantName = "[No Variations]"
Change component parameters (AddParameter): Name = "Price"; Value = "4,62"; VariantName = "[No Variations]"
Change component parameters: Designator = "U9"; Footprint = "SOIC8"; UniqueID = "\XDOIACSD"
Change component parameters. Clean all parameters for all variants
Change component parameters (AddParameter): Name = "LCSC PART #"; Value = "C79905"; VariantName = "[No Variations]"
Change component parameters (AddParameter): Name = "Mouser VPN"; Value = "595-AMC1200BDWVR"; VariantName = "[No Variations]"
Change component parameters (AddParameter): Name = "Price"; Value = "4,62"; VariantName = "[No Variations]"
Change Class Name : Old Net Name=controlo_rev4 New Net Name=measurement_rev4
Added Member To Class: ClassName=measurement_rev4 Member=Component C4 C 10uF 0805 MLCC 25V X5R
Added Member To Class: ClassName=measurement_rev4 Member=Component C5 C 10uF 0805 MLCC 25V X5R
Added Room: Name=measurement_rev4
