Removed Pin From Net: NetName=3V3 Pin=XMC1-19
Removed Pin From Net: NetName=3V3 Pin=XMC1-62
Change Component Designator: OldDesignator=C1 NewDesignator=C9
Change Component Designator: OldDesignator=C2 NewDesignator=C10
Change Component Designator: OldDesignator=C3 NewDesignator=C11
Change Component Designator: OldDesignator=C4 NewDesignator=C12
Change Component Designator: OldDesignator=C5 NewDesignator=C13
Change Component Designator: OldDesignator=C6 NewDesignator=C14
Change Component Designator: OldDesignator=C7 NewDesignator=C15
Change Component Designator: OldDesignator=C8 NewDesignator=C16
Change Component Designator: OldDesignator=C9 NewDesignator=C17
Change Component Designator: OldDesignator=C10 NewDesignator=C18
Change Component Designator: OldDesignator=C11 NewDesignator=C19
Change Component Designator: OldDesignator=C12 NewDesignator=C20
Change Component Designator: OldDesignator=C13 NewDesignator=C21
Change Component Designator: OldDesignator=C14 NewDesignator=C22
Change Component Designator: OldDesignator=C15 NewDesignator=C23
Change Component Designator: OldDesignator=R1 NewDesignator=R8
Change Component Designator: OldDesignator=R2 NewDesignator=R9
Change Component Designator: OldDesignator=R3 NewDesignator=R10
Change Component Designator: OldDesignator=R4 NewDesignator=R11
Change Component Designator: OldDesignator=R5 NewDesignator=R13
Change Component Designator: OldDesignator=R6 NewDesignator=R12
Change Component Designator: OldDesignator=R7 NewDesignator=R14
Change Component Designator: OldDesignator=R8 NewDesignator=R15
Change Component Designator: OldDesignator=R9 NewDesignator=R16
Change Component Designator: OldDesignator=R10 NewDesignator=R17
Change Component Designator: OldDesignator=R11 NewDesignator=R18
Change Component Designator: OldDesignator=R12 NewDesignator=R19
Change Component Designator: OldDesignator=R13 NewDesignator=R20
Change Component Designator: OldDesignator=R14 NewDesignator=R21
Change Component Designator: OldDesignator=R15 NewDesignator=R22
Change Component Designator: OldDesignator=R16 NewDesignator=R23
Change Component Designator: OldDesignator=R17 NewDesignator=R24
Change Component Designator: OldDesignator=R18 NewDesignator=R25
Change Component Designator: OldDesignator=R19 NewDesignator=R26
Change Component Designator: OldDesignator=R20 NewDesignator=R27
Change Component Designator: OldDesignator=R21 NewDesignator=R28
Change Component Designator: OldDesignator=R22 NewDesignator=R29
Change Component Designator: OldDesignator=R23 NewDesignator=R30
Change Component Designator: OldDesignator=R24 NewDesignator=R31
Change Component Designator: OldDesignator=R25 NewDesignator=R32
Change Component Designator: OldDesignator=R26 NewDesignator=R33
Change Component Designator: OldDesignator=R27 NewDesignator=R34
Change Component Designator: OldDesignator=R28 NewDesignator=R35
Change Component Designator: OldDesignator=R29 NewDesignator=R36
Change Component Designator: OldDesignator=R30 NewDesignator=R37
Change Component Designator: OldDesignator=R31 NewDesignator=R38
Change Component Designator: OldDesignator=R32 NewDesignator=R39
Change Component Designator: OldDesignator=R33 NewDesignator=R40
Change Component Designator: OldDesignator=R34 NewDesignator=R41
Change Component Designator: OldDesignator=R35 NewDesignator=R42
Change Component Designator: OldDesignator=R36 NewDesignator=R43
Change Component Designator: OldDesignator=R37 NewDesignator=R44
Change Component Designator: OldDesignator=R38 NewDesignator=R45
Change Component Designator: OldDesignator=R39 NewDesignator=R46
Change Component Designator: OldDesignator=R40 NewDesignator=R47
Change Component Designator: OldDesignator=R41 NewDesignator=R48
Change Component Designator: OldDesignator=R42 NewDesignator=R49
Change Component Designator: OldDesignator=R43 NewDesignator=R50
Change Component Designator: OldDesignator=R44 NewDesignator=R51
Change Component Designator: OldDesignator=U1 NewDesignator=U3
Change Component Designator: OldDesignator=U2 NewDesignator=U4
Change Component Designator: OldDesignator=U3 NewDesignator=U10
Change Component Designator: OldDesignator=U4 NewDesignator=U11
Change Component Designator: OldDesignator=U5 NewDesignator=U16
Change Component Designator: OldDesignator=U6 NewDesignator=U5
Change Component Designator: OldDesignator=U7 NewDesignator=U6
Change Component Designator: OldDesignator=U8 NewDesignator=U7
Change Component Designator: OldDesignator=U9 NewDesignator=U8
Change Component Designator: OldDesignator=U10 NewDesignator=U9
Change Component Designator: OldDesignator=U11 NewDesignator=U12
Change Component Designator: OldDesignator=U12 NewDesignator=U13
Change Component Designator: OldDesignator=U13 NewDesignator=U14
Change Component Designator: OldDesignator=U14 NewDesignator=U15
Added Component: Designator=C1(CAPC_0805)
Add component. Clean all parameters for all variants
Add component (AddParameter): Name = "LCSC PART #"; Value = "C1794"; VariantName = "[No Variations]"
Add component (AddParameter): Name = "Value"; Value = "15 pF"; VariantName = "[No Variations]"
Added Component: Designator=C2(CAPC_0805)
Add component. Clean all parameters for all variants
Add component (AddParameter): Name = "LCSC PART #"; Value = "C28323"; VariantName = "[No Variations]"
Add component (AddParameter): Name = "Value"; Value = "1u"; VariantName = "[No Variations]"
Added Component: Designator=C3(CAPC_0805)
Add component. Clean all parameters for all variants
Add component (AddParameter): Name = "LCSC PART #"; Value = "C49678"; VariantName = "[No Variations]"
Add component (AddParameter): Name = "Value"; Value = "0.1 uF"; VariantName = "[No Variations]"
Added Component: Designator=C4(CAPC_0805)
Add component. Clean all parameters for all variants
Add component (AddParameter): Name = "LCSC PART #"; Value = "C1710"; VariantName = "[No Variations]"
Add component (AddParameter): Name = "Value"; Value = "0.01 uF"; VariantName = "[No Variations]"
Added Component: Designator=C5(CAPC_0805)
Add component. Clean all parameters for all variants
Add component (AddParameter): Name = "LCSC PART #"; Value = "C28323"; VariantName = "[No Variations]"
Add component (AddParameter): Name = "Value"; Value = "1uF"; VariantName = "[No Variations]"
Added Component: Designator=C6(CAPC_0805)
Add component. Clean all parameters for all variants
Add component (AddParameter): Name = "LCSC PART #"; Value = "C49678"; VariantName = "[No Variations]"
Add component (AddParameter): Name = "Value"; Value = "0.1 uF"; VariantName = "[No Variations]"
Added Component: Designator=C7(CAPC_0805)
Add component. Clean all parameters for all variants
Add component (AddParameter): Name = "LCSC PART #"; Value = "C1710"; VariantName = "[No Variations]"
Add component (AddParameter): Name = "Value"; Value = "0.01 uF"; VariantName = "[No Variations]"
Added Component: Designator=C8(CAPC_0805)
Add component. Clean all parameters for all variants
Add component (AddParameter): Name = "Value"; Value = "N.A."; VariantName = "[No Variations]"
Added Component: Designator=CAN_H1(PAD 2.5MM - FURO 1.25MM)
Add component. Clean all parameters for all variants
Added Component: Designator=CAN_L1(PAD 2.5MM - FURO 1.25MM)
Add component. Clean all parameters for all variants
Added Component: Designator=CAN Connector1(61500814221)
Add component. Clean all parameters for all variants
Add component (AddParameter): Name = "ComponentLink1Description"; Value = "Manufacturer"; VariantName = "[No Variations]"
Add component (AddParameter): Name = "ComponentLink1URL"; Value = "http://www.we-online.de"; VariantName = "[No Variations]"
Add component (AddParameter): Name = "ComponentLink2Description"; Value = "Datasheet"; VariantName = "[No Variations]"
Add component (AddParameter): Name = "ComponentLink2URL"; Value = "http://katalog.we-online.com/em/datasheet/61500814221.pdf"; VariantName = "[No Variations]"
Add component (AddParameter): Name = "Entrance"; Value = "Horizontal"; VariantName = "[No Variations]"
Add component (AddParameter): Name = "Part Number"; Value = "61500814221"; VariantName = "[No Variations]"
Add component (AddParameter): Name = "Pin Number"; Value = "8P8C"; VariantName = "[No Variations]"
Add component (AddParameter): Name = "Port"; Value = "1x1"; VariantName = "[No Variations]"
Add component (AddParameter): Name = "Published Date"; Value = "September 2017"; VariantName = "[No Variations]"
Add component (AddParameter): Name = "Publisher"; Value = "Wurth Elektronik"; VariantName = "[No Variations]"
Add component (AddParameter): Name = "Rated Current"; Value = "1.5 A"; VariantName = "[No Variations]"
Add component (AddParameter): Name = "Withstanding Voltage"; Value = "1000 VAC"; VariantName = "[No Variations]"
Add component (AddParameter): Name = "Working Voltage"; Value = "120 VAC"; VariantName = "[No Variations]"
Added Component: Designator=LED1(CD2012-0805)
Add component. Clean all parameters for all variants
Add component (AddParameter): Name = "LCSC PART #"; Value = "C2297"; VariantName = "[No Variations]"
Add component (AddParameter): Name = "Manufacturer"; Value = "Kingbright"; VariantName = "[No Variations]"
Add component (AddParameter): Name = "MPN"; Value = "APT2012CGCK"; VariantName = "[No Variations]"
Add component (AddParameter): Name = "Value"; Value = "Green"; VariantName = "[No Variations]"
Add component (AddParameter): Name = "Vendor"; Value = "Digikey"; VariantName = "[No Variations]"
Add component (AddParameter): Name = "VPN"; Value = "754-1127-1-ND"; VariantName = "[No Variations]"
Added Component: Designator=LED2(CD2012-0805)
Add component. Clean all parameters for all variants
Add component (AddParameter): Name = "LCSC PART #"; Value = "C2297"; VariantName = "[No Variations]"
Add component (AddParameter): Name = "Manufacturer"; Value = "Kingbright"; VariantName = "[No Variations]"
Add component (AddParameter): Name = "MPN"; Value = "APT2012CGCK"; VariantName = "[No Variations]"
Add component (AddParameter): Name = "Value"; Value = "Green"; VariantName = "[No Variations]"
Add component (AddParameter): Name = "Vendor"; Value = "Digikey"; VariantName = "[No Variations]"
Add component (AddParameter): Name = "VPN"; Value = "754-1127-1-ND"; VariantName = "[No Variations]"
Added Component: Designator=R1(RESC_0805)
Add component. Clean all parameters for all variants
Add component (AddParameter): Name = "LCSC PART #"; Value = "C17557"; VariantName = "[No Variations]"
Add component (AddParameter): Name = "Manufacturer"; Value = "Generic"; VariantName = "[No Variations]"
Add component (AddParameter): Name = "Value"; Value = "220"; VariantName = "[No Variations]"
Added Component: Designator=R2(RESC_0805)
Add component. Clean all parameters for all variants
Add component (AddParameter): Name = "Manufacturer"; Value = "Generic"; VariantName = "[No Variations]"
Add component (AddParameter): Name = "Value"; Value = "470"; VariantName = "[No Variations]"
Added Component: Designator=R3(RESC_0805)
Add component. Clean all parameters for all variants
Add component (AddParameter): Name = "Manufacturer"; Value = "Generic"; VariantName = "[No Variations]"
Add component (AddParameter): Name = "Value"; Value = "N.A."; VariantName = "[No Variations]"
Added Component: Designator=R4(RESC_0805)
Add component. Clean all parameters for all variants
Add component (AddParameter): Name = "LCSC PART #"; Value = "C17720"; VariantName = "[No Variations]"
Add component (AddParameter): Name = "Manufacturer"; Value = "Generic"; VariantName = "[No Variations]"
Add component (AddParameter): Name = "Value"; Value = "49.9"; VariantName = "[No Variations]"
Added Component: Designator=R5(RESC_0805)
Add component. Clean all parameters for all variants
Add component (AddParameter): Name = "Manufacturer"; Value = "Generic"; VariantName = "[No Variations]"
Add component (AddParameter): Name = "Value"; Value = "N.A."; VariantName = "[No Variations]"
Added Component: Designator=R6(RESC_0805)
Add component. Clean all parameters for all variants
Add component (AddParameter): Name = "LCSC PART #"; Value = "C17802"; VariantName = "[No Variations]"
Add component (AddParameter): Name = "Manufacturer"; Value = "Generic"; VariantName = "[No Variations]"
Add component (AddParameter): Name = "Value"; Value = "N.A."; VariantName = "[No Variations]"
Added Component: Designator=R7(RESC_0805)
Add component. Clean all parameters for all variants
Add component (AddParameter): Name = "LCSC PART #"; Value = "C17802"; VariantName = "[No Variations]"
Add component (AddParameter): Name = "Manufacturer"; Value = "Generic"; VariantName = "[No Variations]"
Add component (AddParameter): Name = "Value"; Value = "N.A."; VariantName = "[No Variations]"
Added Component: Designator=U1(DUB8_M)
Add component. Clean all parameters for all variants
Add component (AddParameter): Name = "LCSC PART #"; Value = "C16428"; VariantName = "[No Variations]"
Added Component: Designator=U2(SOT23-3)
Add component. Clean all parameters for all variants
Add component (AddParameter): Name = "LCSC PART #"; Value = "C151237"; VariantName = "[No Variations]"
Add component (AddParameter): Name = "Value"; Value = "SM24CANB-02HTG"; VariantName = "[No Variations]"
Added Pin To Net: NetName=3V3GND Pin=C1-1
Added Pin To Net: NetName=3V3GND Pin=C2-1
Added Pin To Net: NetName=3V3 Pin=C2-2
Added Pin To Net: NetName=3V3GND Pin=C3-1
Added Pin To Net: NetName=3V3 Pin=C3-2
Added Pin To Net: NetName=3V3GND Pin=C4-1
Added Pin To Net: NetName=3V3 Pin=C4-2
Added Pin To Net: NetName=3V3GND Pin=LED1-C
Added Pin To Net: NetName=3V3 Pin=R1-1
Added Pin To Net: NetName=3V3GND Pin=R4-2
Added Pin To Net: NetName=3V3 Pin=U1-1
Added Pin To Net: NetName=3V3GND Pin=U1-4
Change Net Name : Old Net Name=NetR1_1 New Net Name=NetR8_1
Change Net Name : Old Net Name=NetR1_2 New Net Name=NetR8_2
Change Net Name : Old Net Name=NetR2_1 New Net Name=NetR9_1
Change Net Name : Old Net Name=NetR2_2 New Net Name=NetR9_2
Change Net Name : Old Net Name=NetR6_1 New Net Name=NetR12_1
Change Net Name : Old Net Name=NetR11_2 New Net Name=NetR18_2
Change Net Name : Old Net Name=NetR12_2 New Net Name=NetR19_2
Change Net Name : Old Net Name=NetR13_2 New Net Name=NetR20_2
Change Net Name : Old Net Name=NetR14_2 New Net Name=NetR21_2
Change Net Name : Old Net Name=NetR16_2 New Net Name=NetR23_2
Change Net Name : Old Net Name=NetR17_2 New Net Name=NetR24_2
Change Net Name : Old Net Name=NetR18_2 New Net Name=NetR25_2
Change Net Name : Old Net Name=NetR19_2 New Net Name=NetR26_2
Change Net Name : Old Net Name=NetR21_1 New Net Name=NetR28_1
Change Net Name : Old Net Name=NetR22_1 New Net Name=NetR29_1
Change Net Name : Old Net Name=NetR25_2 New Net Name=NetR32_2
Change Net Name : Old Net Name=NetR26_2 New Net Name=NetR33_2
Change Net Name : Old Net Name=NetR27_2 New Net Name=NetR34_2
Change Net Name : Old Net Name=NetR28_2 New Net Name=NetR35_2
Change Net Name : Old Net Name=NetR30_2 New Net Name=NetR37_2
Change Net Name : Old Net Name=NetR31_2 New Net Name=NetR38_2
Change Net Name : Old Net Name=NetR32_2 New Net Name=NetR39_2
Change Net Name : Old Net Name=NetR33_2 New Net Name=NetR40_2
Change Net Name : Old Net Name=NetR35_2 New Net Name=NetR42_2
Change Net Name : Old Net Name=NetR36_2 New Net Name=NetR43_2
Change Net Name : Old Net Name=NetR37_2 New Net Name=NetR44_2
Change Net Name : Old Net Name=NetR38_2 New Net Name=NetR45_2
Change Net Name : Old Net Name=NetR40_2 New Net Name=NetR47_2
Change Net Name : Old Net Name=NetR41_2 New Net Name=NetR48_2
Change Net Name : Old Net Name=NetR42_2 New Net Name=NetR49_2
Change Net Name : Old Net Name=NetR43_2 New Net Name=NetR50_2
Change Net Name : Old Net Name=NetU1_3 New Net Name=NetU3_3
Change Net Name : Old Net Name=NetU1_4 New Net Name=NetU3_4
Change Net Name : Old Net Name=NetU7_3 New Net Name=NetU6_3
Change Net Name : Old Net Name=NetU7_4 New Net Name=NetU6_4
Added Pin To Net: NetName=5V2 Pin=C5-2
Added Pin To Net: NetName=5V2 Pin=C6-2
Added Pin To Net: NetName=5V2 Pin=C7-2
Added Pin To Net: NetName=5V2 Pin=CAN Connector1-8
Added Pin To Net: NetName=5V2 Pin=R2-1
Added Pin To Net: NetName=5V2 Pin=U1-8
Added Net: Name=5V2
Added Pin To Net: NetName=CAN_H Pin=CAN_H1-1
Added Pin To Net: NetName=CAN_H Pin=CAN_L1-1
Added Pin To Net: NetName=CAN_H Pin=CAN Connector1-1
Added Pin To Net: NetName=CAN_H Pin=CAN Connector1-2
Added Pin To Net: NetName=CAN_H Pin=R5-1
Added Pin To Net: NetName=CAN_H Pin=R5-2
Added Pin To Net: NetName=CAN_H Pin=R6-2
Added Pin To Net: NetName=CAN_H Pin=R7-2
Added Pin To Net: NetName=CAN_H Pin=U1-6
Added Pin To Net: NetName=CAN_H Pin=U1-7
Added Pin To Net: NetName=CAN_H Pin=U2-1
Added Pin To Net: NetName=CAN_H Pin=U2-2
Added Net: Name=CAN_H
Added Pin To Net: NetName=NetC8_1 Pin=C8-1
Added Pin To Net: NetName=NetC8_1 Pin=R6-1
Added Pin To Net: NetName=NetC8_1 Pin=R7-1
Added Net: Name=NetC8_1
Added Pin To Net: NetName=NetLED1_A Pin=LED1-A
Added Pin To Net: NetName=NetLED1_A Pin=R1-2
Added Net: Name=NetLED1_A
Added Pin To Net: NetName=NetLED2_A Pin=LED2-A
Added Pin To Net: NetName=NetLED2_A Pin=R2-2
Added Net: Name=NetLED2_A
Added Pin To Net: NetName=RX_CAN Pin=C1-2
Added Pin To Net: NetName=RX_CAN Pin=U1-2
Added Net: Name=RX_CAN
Added Pin To Net: NetName=SGND Pin=C5-1
Added Pin To Net: NetName=SGND Pin=C6-1
Added Pin To Net: NetName=SGND Pin=C7-1
Added Pin To Net: NetName=SGND Pin=C8-2
Added Pin To Net: NetName=SGND Pin=CAN Connector1-3
Added Pin To Net: NetName=SGND Pin=CAN Connector1-7
Added Pin To Net: NetName=SGND Pin=LED2-C
Added Pin To Net: NetName=SGND Pin=R3-1
Added Pin To Net: NetName=SGND Pin=U1-5
Added Pin To Net: NetName=SGND Pin=U2-3
Added Net: Name=SGND
Added Pin To Net: NetName=Shield Pin=CAN Connector1-6
Added Pin To Net: NetName=Shield Pin=CAN Connector1-S1
Added Pin To Net: NetName=Shield Pin=CAN Connector1-S2
Added Pin To Net: NetName=Shield Pin=R3-2
Added Net: Name=Shield
Added Pin To Net: NetName=TX_CAN Pin=R4-1
Added Pin To Net: NetName=TX_CAN Pin=U1-3
Added Net: Name=TX_CAN
Added Member To Class: ClassName=measurement_rev4 Member=Component C16 C 10uF 0805 MLCC 25V X5R
Added Member To Class: ClassName=measurement_rev4 Member=Component C17 C 10uF 0805 MLCC 25V X5R
Added Member To Class: ClassName=measurement_rev4 Member=Component C18 C 10uF 0805 MLCC 25V X5R
Added Member To Class: ClassName=measurement_rev4 Member=Component C19 C 1uF 0805 MLCC 50V X5R
Added Member To Class: ClassName=measurement_rev4 Member=Component C20 C 10nF 0805 MLCC 50V X7R
Added Member To Class: ClassName=measurement_rev4 Member=Component C21 C 1uF 0805 MLCC 50V X5R
Added Member To Class: ClassName=measurement_rev4 Member=Component C22 C 10nF 0805 MLCC 50V X7R
Added Member To Class: ClassName=measurement_rev4 Member=Component C23 C 10uF 0805 MLCC 25V X5R
Added Member To Class: ClassName=measurement_rev4 Member=Component CAN_H1 testePoint
Added Member To Class: ClassName=measurement_rev4 Member=Component CAN_L1 testePoint
Added Member To Class: ClassName=measurement_rev4 Member=Component CAN Connector1 61500814221
Added Member To Class: ClassName=measurement_rev4 Member=Component LED1 Green
Added Member To Class: ClassName=measurement_rev4 Member=Component LED2 Green
Added Member To Class: ClassName=measurement_rev4 Member=Component R45 R 100k 1/8W 0805 .1%
Added Member To Class: ClassName=measurement_rev4 Member=Component R46 R 100k 1/8W 0805 .1%
Added Member To Class: ClassName=measurement_rev4 Member=Component R47 R 100k 1/8W 0805 .1%
Added Member To Class: ClassName=measurement_rev4 Member=Component R48 R 100k 1/8W 0805 .1%
Added Member To Class: ClassName=measurement_rev4 Member=Component R49 R 100k 1/8W 0805 .1%
Added Member To Class: ClassName=measurement_rev4 Member=Component R50 R 100k 1/8W 0805 .1%
Added Member To Class: ClassName=measurement_rev4 Member=Component R51 R 100k 1/8W 0805 .1%
Added Member To Class: ClassName=measurement_rev4 Member=Component U15 IC AmpIso BIPOL AMC1200
Added Member To Class: ClassName=measurement_rev4 Member=Component U16 P 2p 5mm
