Change component parameters: Designator = "1"; Footprint = "connector1x2_parafuso"; UniqueID = "\SPNDAEPW"
Change component parameters. Clean all parameters for all variants
Change component parameters (AddParameter): Name = "Price"; Value = "0,24"; VariantName = "[No Variations]"
Change component parameters (AddParameter): Name = "RS VPN"; Value = "896-6696"; VariantName = "[No Variations]"
Change component parameters: Designator = "C1"; Footprint = "CAPC_1206"; UniqueID = "\EJVYCLSE"
Change component parameters. Clean all parameters for all variants
Change component parameters (AddParameter): Name = "Mouser VPN"; Value = "963-UMK316BBJ106ML-T"; VariantName = "[No Variations]"
Change component parameters (AddParameter): Name = "Price"; Value = "0,31"; VariantName = "[No Variations]"
Change component parameters: Designator = "C2"; Footprint = "CAPC_1206"; UniqueID = "\XEDQVEMD"
Change component parameters. Clean all parameters for all variants
Change component parameters (AddParameter): Name = "Mouser VPN"; Value = "963-UMK316BBJ106ML-T"; VariantName = "[No Variations]"
Change component parameters (AddParameter): Name = "Price"; Value = "0,31"; VariantName = "[No Variations]"
Change component parameters: Designator = "C3"; Footprint = "CAPC_1206"; UniqueID = "\RDIPTPTX"
Change component parameters. Clean all parameters for all variants
Change component parameters (AddParameter): Name = "Mouser VPN"; Value = "963-UMK316BBJ106ML-T"; VariantName = "[No Variations]"
Change component parameters (AddParameter): Name = "Price"; Value = "0,31"; VariantName = "[No Variations]"
Change component parameters: Designator = "C4"; Footprint = "CAPC_1206"; UniqueID = "\SXXPCLKX"
Change component parameters. Clean all parameters for all variants
Change component parameters (AddParameter): Name = "Mouser VPN"; Value = "963-UMK316BBJ106ML-T"; VariantName = "[No Variations]"
Change component parameters (AddParameter): Name = "Price"; Value = "0,31"; VariantName = "[No Variations]"
Change component parameters: Designator = "C5"; Footprint = "CAPC_1206"; UniqueID = "\DWAMJXFL"
Change component parameters. Clean all parameters for all variants
Change component parameters (AddParameter): Name = "Mouser VPN"; Value = "963-UMK316BBJ106ML-T"; VariantName = "[No Variations]"
Change component parameters (AddParameter): Name = "Price"; Value = "0,31"; VariantName = "[No Variations]"
Change component parameters: Designator = "C6"; Footprint = "CAPC_1206"; UniqueID = "\IRPSAJCJ"
Change component parameters. Clean all parameters for all variants
Change component parameters (AddParameter): Name = "Mouser VPN"; Value = "963-UMK316BBJ106ML-T"; VariantName = "[No Variations]"
Change component parameters (AddParameter): Name = "Price"; Value = "0,31"; VariantName = "[No Variations]"
Change component parameters: Designator = "C7"; Footprint = "CAPC_1206"; UniqueID = "\OUYCREOE"
Change component parameters. Clean all parameters for all variants
Change component parameters (AddParameter): Name = "Mouser VPN"; Value = "963-UMK316BBJ106ML-T"; VariantName = "[No Variations]"
Change component parameters (AddParameter): Name = "Price"; Value = "0,31"; VariantName = "[No Variations]"
Change component parameters: Designator = "C8"; Footprint = "CAPC_1206"; UniqueID = "\KKOJPKFC"
Change component parameters. Clean all parameters for all variants
Change component parameters (AddParameter): Name = "Mouser VPN"; Value = "963-UMK316BBJ106ML-T"; VariantName = "[No Variations]"
Change component parameters (AddParameter): Name = "Price"; Value = "0,31"; VariantName = "[No Variations]"
Change component parameters: Designator = "C9"; Footprint = "CAPC_1206"; UniqueID = "\FKEKXHHI"
Change component parameters. Clean all parameters for all variants
Change component parameters (AddParameter): Name = "Mouser VPN"; Value = "963-UMK316BBJ106ML-T"; VariantName = "[No Variations]"
Change component parameters (AddParameter): Name = "Price"; Value = "0,31"; VariantName = "[No Variations]"
Change component parameters: Designator = "C10"; Footprint = "CAPC_1206"; UniqueID = "\DKDTMHWM"
Change component parameters. Clean all parameters for all variants
Change component parameters (AddParameter): Name = "Mouser VPN"; Value = "963-UMK316BBJ106ML-T"; VariantName = "[No Variations]"
Change component parameters (AddParameter): Name = "Price"; Value = "0,31"; VariantName = "[No Variations]"
Change component parameters: Designator = "C11"; Footprint = "CAPC_1206"; UniqueID = "\IBPFUJIP"
Change component parameters. Clean all parameters for all variants
Change component parameters (AddParameter): Name = "Mouser VPN"; Value = "963-UMK316BBJ106ML-T"; VariantName = "[No Variations]"
Change component parameters (AddParameter): Name = "Price"; Value = "0,31"; VariantName = "[No Variations]"
Change component parameters: Designator = "C12"; Footprint = "CAPC_1206"; UniqueID = "\VRPNHMEH"
Change component parameters. Clean all parameters for all variants
Change component parameters (AddParameter): Name = "Mouser VPN"; Value = "963-UMK316BBJ106ML-T"; VariantName = "[No Variations]"
Change component parameters (AddParameter): Name = "Price"; Value = "0,31"; VariantName = "[No Variations]"
Change component parameters: Designator = "D1"; Footprint = "DIODE_1206"; UniqueID = "\XBTTSNTY"
Change component parameters. Clean all parameters for all variants
Change component parameters (AddParameter): Name = "Mouser VPN"; Value = "604-APT3216SGC"; VariantName = "[No Variations]"
Change component parameters (AddParameter): Name = "Price"; Value = "0,387"; VariantName = "[No Variations]"
Change component parameters: Designator = "D2"; Footprint = "DIODE_1206"; UniqueID = "\LNAFMKNG"
Change component parameters. Clean all parameters for all variants
Change component parameters (AddParameter): Name = "Mouser VPN"; Value = "604-APT3216SGC"; VariantName = "[No Variations]"
Change component parameters (AddParameter): Name = "Price"; Value = "0,387"; VariantName = "[No Variations]"
Change component parameters: Designator = "D3"; Footprint = "DIODE_1206"; UniqueID = "\VEYGLEWL"
Change component parameters. Clean all parameters for all variants
Change component parameters (AddParameter): Name = "Mouser VPN"; Value = "604-APT3216SGC"; VariantName = "[No Variations]"
Change component parameters (AddParameter): Name = "Price"; Value = "0,387"; VariantName = "[No Variations]"
Change component parameters: Designator = "D4"; Footprint = "DIODE_1206"; UniqueID = "\HSWTKHVO"
Change component parameters. Clean all parameters for all variants
Change component parameters (AddParameter): Name = "Mouser VPN"; Value = "604-APT3216SGC"; VariantName = "[No Variations]"
Change component parameters (AddParameter): Name = "Price"; Value = "0,387"; VariantName = "[No Variations]"
Change component parameters: Designator = "Input L-N1"; Footprint = "connector1x2_parafuso"; UniqueID = "\AQMEGPDR"
Change component parameters. Clean all parameters for all variants
Change component parameters (AddParameter): Name = "Price"; Value = "0,24"; VariantName = "[No Variations]"
Change component parameters (AddParameter): Name = "RS VPN"; Value = "896-6696"; VariantName = "[No Variations]"
Change component parameters: Designator = "K1"; Footprint = "connector1x2_parafuso"; UniqueID = "\KJMMHASB"
Change component parameters. Clean all parameters for all variants
Change component parameters (AddParameter): Name = "Price"; Value = "0,24"; VariantName = "[No Variations]"
Change component parameters (AddParameter): Name = "RS VPN"; Value = "896-6696"; VariantName = "[No Variations]"
Change component parameters: Designator = "K2"; Footprint = "connector1x2_parafuso"; UniqueID = "\FIRXXKPL"
Change component parameters. Clean all parameters for all variants
Change component parameters (AddParameter): Name = "Price"; Value = "0,24"; VariantName = "[No Variations]"
Change component parameters (AddParameter): Name = "RS VPN"; Value = "896-6696"; VariantName = "[No Variations]"
Change component parameters: Designator = "L1"; Footprint = "Inductor - RLS-126"; UniqueID = "\DYFBLDXC"
Change component parameters. Clean all parameters for all variants
Change component parameters (AddParameter): Name = "Mouser VPN"; Value = "919-RLS-126"; VariantName = "[No Variations]"
Change component parameters (AddParameter): Name = "Price"; Value = "0,549"; VariantName = "[No Variations]"
Change component parameters: Designator = "L2"; Footprint = "Inductor - RLS-126"; UniqueID = "\MRELEYIL"
Change component parameters. Clean all parameters for all variants
Change component parameters (AddParameter): Name = "Mouser VPN"; Value = "919-RLS-126"; VariantName = "[No Variations]"
Change component parameters (AddParameter): Name = "Price"; Value = "0,549"; VariantName = "[No Variations]"
Change component parameters: Designator = "L3"; Footprint = "Inductor - RLS-126"; UniqueID = "\PJWGPFAM"
Change component parameters. Clean all parameters for all variants
Change component parameters (AddParameter): Name = "Mouser VPN"; Value = "919-RLS-126"; VariantName = "[No Variations]"
Change component parameters (AddParameter): Name = "Price"; Value = "0,549"; VariantName = "[No Variations]"
Change component parameters: Designator = "L4"; Footprint = "Inductor - RLS-126"; UniqueID = "\XFWJTCVX"
Change component parameters. Clean all parameters for all variants
Change component parameters (AddParameter): Name = "Mouser VPN"; Value = "919-RLS-126"; VariantName = "[No Variations]"
Change component parameters (AddParameter): Name = "Price"; Value = "0,549"; VariantName = "[No Variations]"
Change component parameters: Designator = "P1"; Footprint = "MOLEX_3p_105431_1103"; UniqueID = "\EJLCADFK"
Change component parameters. Clean all parameters for all variants
Change component parameters (AddParameter): Name = "Mouser VPN"; Value = "538-87937-0800"; VariantName = "[No Variations]"
Change component parameters (AddParameter): Name = "Price"; Value = "0,621"; VariantName = "[No Variations]"
Change component parameters: Designator = "P2"; Footprint = "MOLEX_3p_105431_1103"; UniqueID = "\NRGMDRFL"
Change component parameters. Clean all parameters for all variants
Change component parameters (AddParameter): Name = "Mouser VPN"; Value = "538-87937-0800"; VariantName = "[No Variations]"
Change component parameters (AddParameter): Name = "Price"; Value = "0,621"; VariantName = "[No Variations]"
Change component parameters: Designator = "P3"; Footprint = "MOLEX_3p_105431_1103"; UniqueID = "\VBIJBHEA"
Change component parameters. Clean all parameters for all variants
Change component parameters (AddParameter): Name = "Mouser VPN"; Value = "538-87937-0800"; VariantName = "[No Variations]"
Change component parameters (AddParameter): Name = "Price"; Value = "0,621"; VariantName = "[No Variations]"
Change component parameters: Designator = "P4"; Footprint = "MOLEX_3p_105431_1103"; UniqueID = "\YOWAMDMO"
Change component parameters. Clean all parameters for all variants
Change component parameters (AddParameter): Name = "Mouser VPN"; Value = "538-87937-0800"; VariantName = "[No Variations]"
Change component parameters (AddParameter): Name = "Price"; Value = "0,621"; VariantName = "[No Variations]"
Change component parameters: Designator = "P5"; Footprint = "MOLEX_3p_105431_1103"; UniqueID = "\DYVCLXKF"
Change component parameters. Clean all parameters for all variants
Change component parameters (AddParameter): Name = "Mouser VPN"; Value = "538-87937-0800"; VariantName = "[No Variations]"
Change component parameters (AddParameter): Name = "Price"; Value = "0,621"; VariantName = "[No Variations]"
Change component parameters: Designator = "P6"; Footprint = "MOLEX_3p_105431_1103"; UniqueID = "\CLRVIHHX"
Change component parameters. Clean all parameters for all variants
Change component parameters (AddParameter): Name = "Mouser VPN"; Value = "538-87937-0800"; VariantName = "[No Variations]"
Change component parameters (AddParameter): Name = "Price"; Value = "0,621"; VariantName = "[No Variations]"
Change component parameters: Designator = "P7"; Footprint = "MOLEX_3p_105431_1103"; UniqueID = "\TULATIWQ"
Change component parameters. Clean all parameters for all variants
Change component parameters (AddParameter): Name = "Mouser VPN"; Value = "538-87937-0800"; VariantName = "[No Variations]"
Change component parameters (AddParameter): Name = "Price"; Value = "0,621"; VariantName = "[No Variations]"
Change component parameters: Designator = "P8"; Footprint = "MOLEX_3p_105431_1103"; UniqueID = "\IWYSJGOC"
Change component parameters. Clean all parameters for all variants
Change component parameters (AddParameter): Name = "Mouser VPN"; Value = "538-87937-0800"; VariantName = "[No Variations]"
Change component parameters (AddParameter): Name = "Price"; Value = "0,621"; VariantName = "[No Variations]"
Change component parameters: Designator = "P9"; Footprint = "Header 8x1 8.5mm"; UniqueID = "\TDWETYOM"
Change component parameters. Clean all parameters for all variants
Change component parameters (AddParameter): Name = "Mouser VPN"; Value = "538-87937-0800"; VariantName = "[No Variations]"
Change component parameters (AddParameter): Name = "Price"; Value = "0,621"; VariantName = "[No Variations]"
Change component parameters: Designator = "P10"; Footprint = "Header 8x1 8.5mm"; UniqueID = "\NBHDVPVN"
Change component parameters. Clean all parameters for all variants
Change component parameters (AddParameter): Name = "Mouser VPN"; Value = "538-87937-0800"; VariantName = "[No Variations]"
Change component parameters (AddParameter): Name = "Price"; Value = "0,621"; VariantName = "[No Variations]"
Change component parameters: Designator = "P11"; Footprint = "Header 8x1 8.5mm"; UniqueID = "\HBAWNXLA"
Change component parameters. Clean all parameters for all variants
Change component parameters (AddParameter): Name = "Mouser VPN"; Value = "538-87937-0800"; VariantName = "[No Variations]"
Change component parameters (AddParameter): Name = "Price"; Value = "0,621"; VariantName = "[No Variations]"
Change component parameters: Designator = "P12"; Footprint = "HEADER 4p molex"; UniqueID = "\FHPRIIHN"
Change component parameters. Clean all parameters for all variants
Change component parameters (AddParameter): Name = "Mouser VPN"; Value = "538-47053-3000"; VariantName = "[No Variations]"
Change component parameters (AddParameter): Name = "Price"; Value = "0,405"; VariantName = "[No Variations]"
Change component parameters: Designator = "P13"; Footprint = "Header 8x1 8.5mm"; UniqueID = "\FNHDYRHF"
Change component parameters. Clean all parameters for all variants
Change component parameters (AddParameter): Name = "Mouser VPN"; Value = "538-87937-0800"; VariantName = "[No Variations]"
Change component parameters (AddParameter): Name = "Price"; Value = "0,621"; VariantName = "[No Variations]"
Change component parameters: Designator = "R1"; Footprint = "RESC_0805"; UniqueID = "\HXBDLSEP"
Change component parameters. Clean all parameters for all variants
Change component parameters (AddParameter): Name = "Mouser VPN"; Value = "71-CRCW0805-150-E3"; VariantName = "[No Variations]"
Change component parameters (AddParameter): Name = "Price"; Value = "0,09"; VariantName = "[No Variations]"
Change component parameters: Designator = "R2"; Footprint = "RESC_0805"; UniqueID = "\ETCXAKNX"
Change component parameters. Clean all parameters for all variants
Change component parameters (AddParameter): Name = "Mouser VPN"; Value = "71-CRCW0805-2.7K-E3"; VariantName = "[No Variations]"
Change component parameters (AddParameter): Name = "Price"; Value = "0,09"; VariantName = "[No Variations]"
Change component parameters: Designator = "R3"; Footprint = "RESC_0805"; UniqueID = "\JFBBQKPM"
Change component parameters. Clean all parameters for all variants
Change component parameters (AddParameter): Name = "Mouser VPN"; Value = "71-CRCW0805330RFKEAC"; VariantName = "[No Variations]"
Change component parameters (AddParameter): Name = "Price"; Value = "0,09"; VariantName = "[No Variations]"
Change component parameters: Designator = "R4"; Footprint = "RESC_0805"; UniqueID = "\DQGGEFKM"
Change component parameters. Clean all parameters for all variants
Change component parameters (AddParameter): Name = "Mouser VPN"; Value = "71-CRCW08051K20FKEA"; VariantName = "[No Variations]"
Change component parameters (AddParameter): Name = "Price"; Value = "0,09"; VariantName = "[No Variations]"
Change component parameters: Designator = "R5"; Footprint = "RESC_0805"; UniqueID = "\GCTMPRNG"
Change component parameters. Clean all parameters for all variants
Change component parameters (AddParameter): Name = "Mouser VPN"; Value = "71-CRCW080510R0FKEAC"; VariantName = "[No Variations]"
Change component parameters (AddParameter): Name = "Price"; Value = "0,09"; VariantName = "[No Variations]"
Change component parameters: Designator = "R6"; Footprint = "RESC_0805"; UniqueID = "\JWLUUGPL"
Change component parameters. Clean all parameters for all variants
Change component parameters (AddParameter): Name = "Mouser VPN"; Value = "71-CRCW08050000Z0EAC"; VariantName = "[No Variations]"
Change component parameters (AddParameter): Name = "Price"; Value = "0,09"; VariantName = "[No Variations]"
Change component parameters: Designator = "R7"; Footprint = "RESC_0805"; UniqueID = "\FIXICWNP"
Change component parameters. Clean all parameters for all variants
Change component parameters (AddParameter): Name = "Mouser VPN"; Value = "71-CRCW08050000Z0EAC"; VariantName = "[No Variations]"
Change component parameters (AddParameter): Name = "Price"; Value = "0,09"; VariantName = "[No Variations]"
Change component parameters: Designator = "R8"; Footprint = "RESC_0805"; UniqueID = "\NBTKEIYK"
Change component parameters. Clean all parameters for all variants
Change component parameters (AddParameter): Name = "Mouser VPN"; Value = "71-CRCW08050000Z0EAC"; VariantName = "[No Variations]"
Change component parameters (AddParameter): Name = "Price"; Value = "0,09"; VariantName = "[No Variations]"
Change component parameters: Designator = "R9"; Footprint = "RESC_0805"; UniqueID = "\IQERYQIF"
Change component parameters. Clean all parameters for all variants
Change component parameters (AddParameter): Name = "Mouser VPN"; Value = "71-CRCW08050000Z0EAC"; VariantName = "[No Variations]"
Change component parameters (AddParameter): Name = "Price"; Value = "0,09"; VariantName = "[No Variations]"
Change component parameters: Designator = "R10"; Footprint = "RESC_0805"; UniqueID = "\PPIVEJTX"
Change component parameters. Clean all parameters for all variants
Change component parameters (AddParameter): Name = "Mouser VPN"; Value = "71-CRCW080510R0FKEAC"; VariantName = "[No Variations]"
Change component parameters (AddParameter): Name = "Price"; Value = "0,09"; VariantName = "[No Variations]"
Change component parameters: Designator = "R11"; Footprint = "RESC_0805"; UniqueID = "\XLRYSKXH"
Change component parameters. Clean all parameters for all variants
Change component parameters (AddParameter): Name = "Mouser VPN"; Value = "71-CRCW08050000Z0EAC"; VariantName = "[No Variations]"
Change component parameters (AddParameter): Name = "Price"; Value = "0,09"; VariantName = "[No Variations]"
Change component parameters: Designator = "U1"; Footprint = "MeanWell SCWNo6"; UniqueID = "\VSNVVKJP"
Change component parameters. Clean all parameters for all variants
Change component parameters (AddParameter): Name = "Mouser VPN"; Value = "709-SCWN06B-15"; VariantName = "[No Variations]"
Change component parameters (AddParameter): Name = "Price"; Value = "8,26"; VariantName = "[No Variations]"
Change component parameters: Designator = "U2"; Footprint = "DC/DC - R-78E3.3"; UniqueID = "\URYRHKQO"
Change component parameters. Clean all parameters for all variants
Change component parameters (AddParameter): Name = "Mouser VPN"; Value = "919-R-78E3.3-0.5"; VariantName = "[No Variations]"
Change component parameters (AddParameter): Name = "Price"; Value = "2,43"; VariantName = "[No Variations]"
Change component parameters: Designator = "U3"; Footprint = "DC/DC - OKI-78SR-E"; UniqueID = "\DQIRTDBA"
Change component parameters. Clean all parameters for all variants
Change component parameters (AddParameter): Name = "Mouser VPN"; Value = "580-OK78SR5/1.5W36EC"; VariantName = "[No Variations]"
Change component parameters (AddParameter): Name = "Price"; Value = "5,31"; VariantName = "[No Variations]"
Change component parameters: Designator = "U4"; Footprint = "DC/DC - OKI-78SR-E"; UniqueID = "\RJBLFAGS"
Change component parameters. Clean all parameters for all variants
Change component parameters (AddParameter): Name = "Mouser VPN"; Value = "580-OK78SR5/1.5W36EC"; VariantName = "[No Variations]"
Change component parameters (AddParameter): Name = "Price"; Value = "5,31"; VariantName = "[No Variations]"
Change component parameters: Designator = "U5"; Footprint = "SOIC-MIC4126"; UniqueID = "\RTCNACBX"
Change component parameters. Clean all parameters for all variants
Change component parameters (AddParameter): Name = "Mouser VPN"; Value = "747-IX4340NETR"; VariantName = "[No Variations]"
Change component parameters (AddParameter): Name = "Price"; Value = "0,891"; VariantName = "[No Variations]"
Change component parameters: Designator = "U6"; Footprint = "SOIC127P610X155-16N"; UniqueID = "\GIOYIQGL"
Change component parameters. Clean all parameters for all variants
Change component parameters (AddParameter): Name = "Mouser VPN"; Value = "634-SI8660BA-B-IS1"; VariantName = "[No Variations]"
Change component parameters (AddParameter): Name = "Price"; Value = "1,82"; VariantName = "[No Variations]"
Change component parameters: Designator = "U7"; Footprint = "DC/DC - OKI-78SR-E"; UniqueID = "\LEFEXMCI"
Change component parameters. Clean all parameters for all variants
Change component parameters (AddParameter): Name = "Mouser VPN"; Value = "580-OKI78SR12/1W36EC"; VariantName = "[No Variations]"
Change component parameters (AddParameter): Name = "Price"; Value = "5,31"; VariantName = "[No Variations]"
Change component parameters: Designator = "U8"; Footprint = "SOIC-MIC4126"; UniqueID = "\SAJRYKFN"
Change component parameters. Clean all parameters for all variants
Change component parameters (AddParameter): Name = "Mouser VPN"; Value = "747-IX4340NETR"; VariantName = "[No Variations]"
Change component parameters (AddParameter): Name = "Price"; Value = "0,891"; VariantName = "[No Variations]"
Change component parameters: Designator = "U9"; Footprint = "SOIC127P610X155-16N"; UniqueID = "\ALYPNXAQ"
Change component parameters. Clean all parameters for all variants
Change component parameters (AddParameter): Name = "Mouser VPN"; Value = "634-SI8660BA-B-IS1"; VariantName = "[No Variations]"
Change component parameters (AddParameter): Name = "Price"; Value = "1,82"; VariantName = "[No Variations]"
Change component parameters: Designator = "U10"; Footprint = "SOIC-MIC4126"; UniqueID = "\HXIRJQRE"
Change component parameters. Clean all parameters for all variants
Change component parameters (AddParameter): Name = "Mouser VPN"; Value = "747-IX4340NETR"; VariantName = "[No Variations]"
Change component parameters (AddParameter): Name = "Price"; Value = "0,891"; VariantName = "[No Variations]"
Change component parameters: Designator = "U11"; Footprint = "Relay - G6DN"; UniqueID = "\TVWAWBHE"
Change component parameters. Clean all parameters for all variants
Change component parameters (AddParameter): Name = "Mouser VPN"; Value = "653-G6DN-1A-LDC5"; VariantName = "[No Variations]"
Change component parameters (AddParameter): Name = "Price"; Value = "1,59"; VariantName = "[No Variations]"
Change component parameters: Designator = "U12"; Footprint = "SOIC-MIC4126"; UniqueID = "\ENJSXMBP"
Change component parameters. Clean all parameters for all variants
Change component parameters (AddParameter): Name = "Mouser VPN"; Value = "998-MIC4126YME"; VariantName = "[No Variations]"
Change component parameters (AddParameter): Name = "Price"; Value = "0,756"; VariantName = "[No Variations]"
Change component parameters: Designator = "U13"; Footprint = "Relay - G6DN"; UniqueID = "\TTEXWAEQ"
Change component parameters. Clean all parameters for all variants
Change component parameters (AddParameter): Name = "Mouser VPN"; Value = "653-G6DN-1A-LDC5"; VariantName = "[No Variations]"
Change component parameters (AddParameter): Name = "Price"; Value = "1,59"; VariantName = "[No Variations]"
