Removed Pin From Net: NetName=TACH_FAN Pin=P11-3
Removed Pin From Net: NetName=PWM_FAN Pin=P11-4
Change Component Comment : Designator=C1 Old Comment=Capacitor SMD New Comment=C 10uF 1206 MLCC 50V X5R
Change Component Comment : Designator=C2 Old Comment=Capacitor SMD New Comment=C 10uF 1206 MLCC 50V X5R
Change Component Comment : Designator=C3 Old Comment=Capacitor SMD New Comment=C 10uF 1206 MLCC 50V X5R
Change Component Comment : Designator=C4 Old Comment=Capacitor SMD New Comment=C 10uF 1206 MLCC 50V X5R
Change Component Comment : Designator=C5 Old Comment=Capacitor SMD New Comment=C 10uF 1206 MLCC 50V X5R
Change Component Comment : Designator=C6 Old Comment=Capacitor SMD New Comment=C 10uF 1206 MLCC 50V X5R
Change Component Comment : Designator=C7 Old Comment=Capacitor SMD New Comment=C 10uF 1206 MLCC 50V X5R
Change Component Comment : Designator=C8 Old Comment=Capacitor SMD New Comment=C 10uF 1206 MLCC 50V X5R
Change Component Comment : Designator=C9 Old Comment=Capacitor SMD New Comment=C 10uF 1206 MLCC 50V X5R
Change Component Comment : Designator=C10 Old Comment=Capacitor SMD New Comment=C 10uF 1206 MLCC 50V X5R
Change Component Comment : Designator=C11 Old Comment=Capacitor SMD New Comment=C 10uF 1206 MLCC 50V X5R
Change Component Comment : Designator=C12 Old Comment=Capacitor SMD New Comment=C 10uF 1206 MLCC 50V X5R
Change Component Comment : Designator=U7 Old Comment=DC/DC - OKI-78SR-12 New Comment=IC DC/DC 12V
Change Component Comment : Designator=U3 Old Comment=DC/DC - OKI-78SR-E New Comment=IC DC/DC 5V
Change Component Comment : Designator=U4 Old Comment=DC/DC - OKI-78SR-E New Comment=IC DC/DC 5V
Change Component Comment : Designator=U2 Old Comment=DC/DC - R-78E3.3 New Comment=IC DC/DC 3V3
Change Component Comment : Designator=U5 Old Comment=Driver - IX4340 New Comment=IC Driver 5A Dual ENA IX4340
Change Component Comment : Designator=U8 Old Comment=Driver - IX4340 New Comment=IC Driver 5A Dual ENA IX4340
Change Component Comment : Designator=U10 Old Comment=Driver - IX4340 New Comment=IC Driver 5A Dual ENA IX4340
Change Component Comment : Designator=1 Old Comment=gen_purpose_conn_1x2 New Comment=P 2p 5mm
Change Component Comment : Designator=Input L-N1 Old Comment=gen_purpose_conn_1x2 New Comment=P 2p 5mm
Change Component Comment : Designator=K1 Old Comment=gen_purpose_conn_1x2 New Comment=P 2p 5mm
Change Component Comment : Designator=K2 Old Comment=gen_purpose_conn_1x2 New Comment=P 2p 5mm
Change Component Comment : Designator=P1 Old Comment=Header 3 New Comment=P 8p 2.54 SR DW 3P
Change Component Comment : Designator=P2 Old Comment=Header 3 New Comment=P 8p 2.54 SR DW 3P
Change Component Comment : Designator=P3 Old Comment=Header 3 New Comment=P 8p 2.54 SR DW 3P
Change Component Comment : Designator=P4 Old Comment=Header 3 New Comment=P 8p 2.54 SR DW 3P
Change Component Comment : Designator=P5 Old Comment=Header 3 New Comment=P 8p 2.54 SR DW 3P
Change Component Comment : Designator=P6 Old Comment=Header 3 New Comment=P 8p 2.54 SR DW 3P
Change Component Comment : Designator=P7 Old Comment=Header 3 New Comment=P 8p 2.54 SR DW 3P
Change Component Comment : Designator=P8 Old Comment=Header 3 New Comment=P 8p 2.54 SR DW 3P
Change Component Comment : Designator=L1 Old Comment=Inductor New Comment=IND RLS-126
Change Component Comment : Designator=L2 Old Comment=Inductor New Comment=IND RLS-126
Change Component Comment : Designator=L3 Old Comment=Inductor New Comment=IND RLS-126
Change Component Comment : Designator=L4 Old Comment=Inductor New Comment=IND RLS-126
Change Component Comment : Designator=U6 Old Comment=ISO SI8660 New Comment=IC ISO SI8660
Change Component Comment : Designator=U9 Old Comment=ISO SI8660 New Comment=IC ISO SI8660
Change Component Comment : Designator=P9 Old Comment=jumper_8p New Comment=P 8p 2.54 SR DW 8P
Change Component Comment : Designator=P10 Old Comment=jumper_8p New Comment=P 8p 2.54 SR DW 8P
Change Component Comment : Designator=P11 Old Comment=jumper_8p New Comment=P 8p 2.54 SR DW 8P
Change Component Comment : Designator=P13 Old Comment=jumper_8p New Comment=P 8p 2.54 SR DW 8P
Change Component Comment : Designator=D1 Old Comment=LED New Comment=IC LED 1206
Change Component Comment : Designator=D2 Old Comment=LED New Comment=IC LED 1206
Change Component Comment : Designator=D3 Old Comment=LED New Comment=IC LED 1206
Change Component Comment : Designator=D4 Old Comment=LED New Comment=IC LED 1206
Change Component Comment : Designator=U1 Old Comment=MEANWELL - SCWN06 New Comment=IC DC/DC 15V ISO
Change Component Comment : Designator=U12 Old Comment=MOS_DRIVER-MIC4126 New Comment=IC DUAL MOS DRIVER MIC4126
Change Component Comment : Designator=P12 Old Comment=P 4 MOL FAN New Comment=P 4p 2.54 MOL FAN
Change Component Comment : Designator=U11 Old Comment=relay G6DN New Comment=IC Relay 5A 5V 5x20mm
Change Component Comment : Designator=U13 Old Comment=relay G6DN New Comment=IC Relay 5A 5V 5x20mm
Change Component Comment : Designator=R6 Old Comment=Resistor New Comment=R 0 1/8W 0805
Change Component Comment : Designator=R8 Old Comment=Resistor New Comment=R 0 1/8W 0805
Change Component Comment : Designator=R4 Old Comment=Resistor New Comment=R 1k2 1/8 0805 1%
Change Component Comment : Designator=R2 Old Comment=Resistor New Comment=R 2k7 1/8 0805 1%
Change Component Comment : Designator=R5 Old Comment=Resistor New Comment=R 10 1/8W 0805 1%
Change Component Comment : Designator=R7 Old Comment=Resistor New Comment=R 10 1/8W 0805 1%
Change Component Comment : Designator=R1 Old Comment=Resistor New Comment=R 150 1/8W 0805 1%
Change Component Comment : Designator=R3 Old Comment=Resistor New Comment=R 330 1/8 0805 1%
Change Component Designator: OldDesignator=R7 NewDesignator=R10
Change Component Designator: OldDesignator=R8 NewDesignator=R11
Change Component Description : Designator=1 Old Description= New Description=Bloques de terminales de PCB de perfil estándar RS de 5,0 mm
Change Component Description : Designator=Input L-N1 Old Description= New Description=Bloques de terminales de PCB de perfil estándar RS de 5,0 mm
Change Component Description : Designator=K1 Old Description= New Description=Bloques de terminales de PCB de perfil estándar RS de 5,0 mm
Change Component Description : Designator=K2 Old Description= New Description=Bloques de terminales de PCB de perfil estándar RS de 5,0 mm
Change Component Description : Designator=U1 Old Description= New Description=Conversores CC/CC com isolação 6W 18-36Vin 15Vout 400mA DIP24 Iso
Change Component Description : Designator=U2 Old Description= New Description=Conversores CC/CC sem isolação 3.3V 500MA OUT THRU
Change Component Description : Designator=P9 Old Description= New Description=Distribuidores e Alojamento de Fios CGrid Hrd SRDW THo le 8ckt
Change Component Description : Designator=P10 Old Description= New Description=Distribuidores e Alojamento de Fios CGrid Hrd SRDW THo le 8ckt
Change Component Description : Designator=P11 Old Description= New Description=Distribuidores e Alojamento de Fios CGrid Hrd SRDW THo le 8ckt
Change Component Description : Designator=P13 Old Description= New Description=Distribuidores e Alojamento de Fios CGrid Hrd SRDW THo le 8ckt
Change Component Description : Designator=U12 Old Description= New Description=Drivers de portas 1.5A Dual High Speed MOSFET Driver with Low Thermal Impedance
Change Component Description : Designator=U5 Old Description= New Description=Drivers de portas Dual 5A Gate Driver IC
Change Component Description : Designator=U8 Old Description= New Description=Drivers de portas Dual 5A Gate Driver IC
Change Component Description : Designator=U10 Old Description= New Description=Drivers de portas Dual 5A Gate Driver IC
Change Component Description : Designator=U6 Old Description= New Description=Isoladores digitais 1 kV 6-channel digital isolator
Change Component Description : Designator=U9 Old Description= New Description=Isoladores digitais 1 kV 6-channel digital isolator
Change Component Description : Designator=C1 Old Description=10uF New Description=Capacitores de cerâmica multicamada MLCC - SMD/SMT 1206 50V 10uF 20% X5R
Change Component Description : Designator=C2 Old Description=10uF New Description=Capacitores de cerâmica multicamada MLCC - SMD/SMT 1206 50V 10uF 20% X5R
Change Component Description : Designator=C3 Old Description=10uF New Description=Capacitores de cerâmica multicamada MLCC - SMD/SMT 1206 50V 10uF 20% X5R
Change Component Description : Designator=C4 Old Description=10uF New Description=Capacitores de cerâmica multicamada MLCC - SMD/SMT 1206 50V 10uF 20% X5R
Change Component Description : Designator=C5 Old Description=10uF New Description=Capacitores de cerâmica multicamada MLCC - SMD/SMT 1206 50V 10uF 20% X5R
Change Component Description : Designator=C6 Old Description=10uF New Description=Capacitores de cerâmica multicamada MLCC - SMD/SMT 1206 50V 10uF 20% X5R
Change Component Description : Designator=C7 Old Description=10uF New Description=Capacitores de cerâmica multicamada MLCC - SMD/SMT 1206 50V 10uF 20% X5R
Change Component Description : Designator=C8 Old Description=10uF New Description=Capacitores de cerâmica multicamada MLCC - SMD/SMT 1206 50V 10uF 20% X5R
Change Component Description : Designator=C9 Old Description=10uF New Description=Capacitores de cerâmica multicamada MLCC - SMD/SMT 1206 50V 10uF 20% X5R
Change Component Description : Designator=C10 Old Description=10uF New Description=Capacitores de cerâmica multicamada MLCC - SMD/SMT 1206 50V 10uF 20% X5R
Change Component Description : Designator=C11 Old Description=10uF New Description=Capacitores de cerâmica multicamada MLCC - SMD/SMT 1206 50V 10uF 20% X5R
Change Component Description : Designator=C12 Old Description=10uF New Description=Capacitores de cerâmica multicamada MLCC - SMD/SMT 1206 50V 10uF 20% X5R
Change Component Description : Designator=P1 Old Description=Header, 3 pin New Description=Distribuidores e Alojamento de Fios CGrid Hrd SRDW THo le 8ckt
Change Component Description : Designator=P2 Old Description=Header, 3 pin New Description=Distribuidores e Alojamento de Fios CGrid Hrd SRDW THo le 8ckt
Change Component Description : Designator=P3 Old Description=Header, 3 pin New Description=Distribuidores e Alojamento de Fios CGrid Hrd SRDW THo le 8ckt
Change Component Description : Designator=P4 Old Description=Header, 3 pin New Description=Distribuidores e Alojamento de Fios CGrid Hrd SRDW THo le 8ckt
Change Component Description : Designator=P5 Old Description=Header, 3 pin New Description=Distribuidores e Alojamento de Fios CGrid Hrd SRDW THo le 8ckt
Change Component Description : Designator=P6 Old Description=Header, 3 pin New Description=Distribuidores e Alojamento de Fios CGrid Hrd SRDW THo le 8ckt
Change Component Description : Designator=P7 Old Description=Header, 3 pin New Description=Distribuidores e Alojamento de Fios CGrid Hrd SRDW THo le 8ckt
Change Component Description : Designator=P8 Old Description=Header, 3 pin New Description=Distribuidores e Alojamento de Fios CGrid Hrd SRDW THo le 8ckt
Change Component Description : Designator=D1 Old Description=LED New Description=LEDs padrão - SMD GREEN WATER CLEAR
Change Component Description : Designator=D2 Old Description=LED New Description=LEDs padrão - SMD GREEN WATER CLEAR
Change Component Description : Designator=D3 Old Description=LED New Description=LEDs padrão - SMD GREEN WATER CLEAR
Change Component Description : Designator=D4 Old Description=LED New Description=LEDs padrão - SMD GREEN WATER CLEAR
Change Component Description : Designator=U3 Old Description=OKI-78SR-E New Description=Conversores CC/CC sem isolação 7-36Vin 5Vout 1.5A VSIP Encapsulated
Change Component Description : Designator=U4 Old Description=OKI-78SR-E New Description=Conversores CC/CC sem isolação 7-36Vin 5Vout 1.5A VSIP Encapsulated
Change Component Description : Designator=U7 Old Description=OKI-78SR-E New Description=Conversores CC/CC sem isolação 15-36Vin 12Vout 1.0A VSIP Encapsulated
Change Component Description : Designator=U11 Old Description=relay G6DN New Description=Relés para uso geral 1 form A w/ 5VDC Coil-standard type
Change Component Description : Designator=U13 Old Description=relay G6DN New Description=Relés para uso geral 1 form A w/ 5VDC Coil-standard type
Change Component Description : Designator=R6 Old Description=Resistor New Description=Resistores de Filme Espesso - SMD 1/8Watt 0ohms Commercial Use
Change Component Description : Designator=R11 Old Description=Resistor New Description=Resistores de Filme Espesso - SMD 1/8Watt 0ohms Commercial Use
Change Component Description : Designator=R4 Old Description=Resistor New Description=Resistores de Filme Espesso - SMD 1/8watt 1.2Kohms 1%
Change Component Description : Designator=R2 Old Description=Resistor New Description=Resistores de Filme Espesso - SMD 1/8watt 2.7Kohms 1% 100ppm
Change Component Description : Designator=R5 Old Description=Resistor New Description=Resistores de Filme Espesso - SMD 1/8Watt 10ohms 1% Commercial Use
Change Component Description : Designator=R10 Old Description=Resistor New Description=Resistores de Filme Espesso - SMD 1/8Watt 10ohms 1% Commercial Use
Change Component Description : Designator=R1 Old Description=Resistor New Description=Resistores de Filme Espesso - SMD 1/8watt 150ohms 1% 100ppm
Change Component Description : Designator=R3 Old Description=Resistor New Description=Resistores de Filme Espesso - SMD 1/8Watt 330ohms 1% Commercial Use
Change Component Description : Designator=L1 Old Description=RLS-126 New Description=Indutores fixos Line Inductors for RECOM Power Supply
Change Component Description : Designator=L2 Old Description=RLS-126 New Description=Indutores fixos Line Inductors for RECOM Power Supply
Change Component Description : Designator=L3 Old Description=RLS-126 New Description=Indutores fixos Line Inductors for RECOM Power Supply
Change Component Description : Designator=L4 Old Description=RLS-126 New Description=Indutores fixos Line Inductors for RECOM Power Supply
Change component parameters: Designator = "C1"; Footprint = "CAPC_1206"; UniqueID = "\EJVYCLSE"
Change component parameters. Clean all parameters for all variants
Change component parameters (AddParameter): Name = "Mouser VPN"; Value = "963-UMK316BBJ106ML-T"; VariantName = "[No Variations]"
Change component parameters: Designator = "C2"; Footprint = "CAPC_1206"; UniqueID = "\XEDQVEMD"
Change component parameters. Clean all parameters for all variants
Change component parameters (AddParameter): Name = "Mouser VPN"; Value = "963-UMK316BBJ106ML-T"; VariantName = "[No Variations]"
Change component parameters: Designator = "C3"; Footprint = "CAPC_1206"; UniqueID = "\RDIPTPTX"
Change component parameters. Clean all parameters for all variants
Change component parameters (AddParameter): Name = "Mouser VPN"; Value = "963-UMK316BBJ106ML-T"; VariantName = "[No Variations]"
Change component parameters: Designator = "C4"; Footprint = "CAPC_1206"; UniqueID = "\SXXPCLKX"
Change component parameters. Clean all parameters for all variants
Change component parameters (AddParameter): Name = "Mouser VPN"; Value = "963-UMK316BBJ106ML-T"; VariantName = "[No Variations]"
Change component parameters: Designator = "C5"; Footprint = "CAPC_1206"; UniqueID = "\DWAMJXFL"
Change component parameters. Clean all parameters for all variants
Change component parameters (AddParameter): Name = "Mouser VPN"; Value = "963-UMK316BBJ106ML-T"; VariantName = "[No Variations]"
Change component parameters: Designator = "C6"; Footprint = "CAPC_1206"; UniqueID = "\IRPSAJCJ"
Change component parameters. Clean all parameters for all variants
Change component parameters (AddParameter): Name = "Mouser VPN"; Value = "963-UMK316BBJ106ML-T"; VariantName = "[No Variations]"
Change component parameters: Designator = "C7"; Footprint = "CAPC_1206"; UniqueID = "\OUYCREOE"
Change component parameters. Clean all parameters for all variants
Change component parameters (AddParameter): Name = "Mouser VPN"; Value = "963-UMK316BBJ106ML-T"; VariantName = "[No Variations]"
Change component parameters: Designator = "C8"; Footprint = "CAPC_1206"; UniqueID = "\KKOJPKFC"
Change component parameters. Clean all parameters for all variants
Change component parameters (AddParameter): Name = "Mouser VPN"; Value = "963-UMK316BBJ106ML-T"; VariantName = "[No Variations]"
Change component parameters: Designator = "C9"; Footprint = "CAPC_1206"; UniqueID = "\FKEKXHHI"
Change component parameters. Clean all parameters for all variants
Change component parameters (AddParameter): Name = "Mouser VPN"; Value = "963-UMK316BBJ106ML-T"; VariantName = "[No Variations]"
Change component parameters: Designator = "C10"; Footprint = "CAPC_1206"; UniqueID = "\DKDTMHWM"
Change component parameters. Clean all parameters for all variants
Change component parameters (AddParameter): Name = "Mouser VPN"; Value = "963-UMK316BBJ106ML-T"; VariantName = "[No Variations]"
Change component parameters: Designator = "C11"; Footprint = "CAPC_1206"; UniqueID = "\IBPFUJIP"
Change component parameters. Clean all parameters for all variants
Change component parameters (AddParameter): Name = "Mouser VPN"; Value = "963-UMK316BBJ106ML-T"; VariantName = "[No Variations]"
Change component parameters: Designator = "C12"; Footprint = "CAPC_1206"; UniqueID = "\VRPNHMEH"
Change component parameters. Clean all parameters for all variants
Change component parameters (AddParameter): Name = "Mouser VPN"; Value = "963-UMK316BBJ106ML-T"; VariantName = "[No Variations]"
Change component parameters: Designator = "D1"; Footprint = "DIODE_1206"; UniqueID = "\XBTTSNTY"
Change component parameters. Clean all parameters for all variants
Change component parameters (AddParameter): Name = "Mouser VPN"; Value = "604-APT3216SGC"; VariantName = "[No Variations]"
Change component parameters: Designator = "D2"; Footprint = "DIODE_1206"; UniqueID = "\LNAFMKNG"
Change component parameters. Clean all parameters for all variants
Change component parameters (AddParameter): Name = "Mouser VPN"; Value = "604-APT3216SGC"; VariantName = "[No Variations]"
Change component parameters: Designator = "D3"; Footprint = "DIODE_1206"; UniqueID = "\VEYGLEWL"
Change component parameters. Clean all parameters for all variants
Change component parameters (AddParameter): Name = "Mouser VPN"; Value = "604-APT3216SGC"; VariantName = "[No Variations]"
Change component parameters: Designator = "D4"; Footprint = "DIODE_1206"; UniqueID = "\HSWTKHVO"
Change component parameters. Clean all parameters for all variants
Change component parameters (AddParameter): Name = "Mouser VPN"; Value = "604-APT3216SGC"; VariantName = "[No Variations]"
Change component parameters: Designator = "P1"; Footprint = "MOLEX_3p_105431_1103"; UniqueID = "\EJLCADFK"
Change component parameters. Clean all parameters for all variants
Change component parameters (AddParameter): Name = "Mouser VPN"; Value = "538-87937-0800"; VariantName = "[No Variations]"
Change component parameters: Designator = "P2"; Footprint = "MOLEX_3p_105431_1103"; UniqueID = "\NRGMDRFL"
Change component parameters. Clean all parameters for all variants
Change component parameters (AddParameter): Name = "Mouser VPN"; Value = "538-87937-0800"; VariantName = "[No Variations]"
Change component parameters: Designator = "P3"; Footprint = "MOLEX_3p_105431_1103"; UniqueID = "\VBIJBHEA"
Change component parameters. Clean all parameters for all variants
Change component parameters (AddParameter): Name = "Mouser VPN"; Value = "538-87937-0800"; VariantName = "[No Variations]"
Change component parameters: Designator = "P4"; Footprint = "MOLEX_3p_105431_1103"; UniqueID = "\YOWAMDMO"
Change component parameters. Clean all parameters for all variants
Change component parameters (AddParameter): Name = "Mouser VPN"; Value = "538-87937-0800"; VariantName = "[No Variations]"
Change component parameters: Designator = "P5"; Footprint = "MOLEX_3p_105431_1103"; UniqueID = "\DYVCLXKF"
Change component parameters. Clean all parameters for all variants
Change component parameters (AddParameter): Name = "Mouser VPN"; Value = "538-87937-0800"; VariantName = "[No Variations]"
Change component parameters: Designator = "P6"; Footprint = "MOLEX_3p_105431_1103"; UniqueID = "\CLRVIHHX"
Change component parameters. Clean all parameters for all variants
Change component parameters (AddParameter): Name = "Mouser VPN"; Value = "538-87937-0800"; VariantName = "[No Variations]"
Change component parameters: Designator = "P7"; Footprint = "MOLEX_3p_105431_1103"; UniqueID = "\TULATIWQ"
Change component parameters. Clean all parameters for all variants
Change component parameters (AddParameter): Name = "Mouser VPN"; Value = "538-87937-0800"; VariantName = "[No Variations]"
Change component parameters: Designator = "P8"; Footprint = "MOLEX_3p_105431_1103"; UniqueID = "\IWYSJGOC"
Change component parameters. Clean all parameters for all variants
Change component parameters (AddParameter): Name = "Mouser VPN"; Value = "538-87937-0800"; VariantName = "[No Variations]"
Change component parameters: Designator = "P9"; Footprint = "Header 8x1 8.5mm"; UniqueID = "\TDWETYOM"
Change component parameters. Clean all parameters for all variants
Change component parameters (AddParameter): Name = "Mouser VPN"; Value = "538-87937-0800"; VariantName = "[No Variations]"
Change component parameters: Designator = "P10"; Footprint = "Header 8x1 8.5mm"; UniqueID = "\NBHDVPVN"
Change component parameters. Clean all parameters for all variants
Change component parameters (AddParameter): Name = "Mouser VPN"; Value = "538-87937-0800"; VariantName = "[No Variations]"
Change component parameters: Designator = "P11"; Footprint = "Header 8x1 8.5mm"; UniqueID = "\HBAWNXLA"
Change component parameters. Clean all parameters for all variants
Change component parameters (AddParameter): Name = "Mouser VPN"; Value = "538-87937-0800"; VariantName = "[No Variations]"
Change component parameters: Designator = "P13"; Footprint = "Header 8x1 8.5mm"; UniqueID = "\FNHDYRHF"
Change component parameters. Clean all parameters for all variants
Change component parameters (AddParameter): Name = "Mouser VPN"; Value = "538-87937-0800"; VariantName = "[No Variations]"
Change component parameters: Designator = "R1"; Footprint = "RESC_0805"; UniqueID = "\HXBDLSEP"
Change component parameters. Clean all parameters for all variants
Change component parameters (AddParameter): Name = "Mouser VPN"; Value = "71-CRCW0805-150-E3"; VariantName = "[No Variations]"
Change component parameters: Designator = "R2"; Footprint = "RESC_0805"; UniqueID = "\ETCXAKNX"
Change component parameters. Clean all parameters for all variants
Change component parameters (AddParameter): Name = "Mouser VPN"; Value = "71-CRCW0805-2.7K-E3"; VariantName = "[No Variations]"
Change component parameters: Designator = "R3"; Footprint = "RESC_0805"; UniqueID = "\JFBBQKPM"
Change component parameters. Clean all parameters for all variants
Change component parameters (AddParameter): Name = "Mouser VPN"; Value = "71-CRCW0805330RFKEAC"; VariantName = "[No Variations]"
Change component parameters: Designator = "R4"; Footprint = "RESC_0805"; UniqueID = "\DQGGEFKM"
Change component parameters. Clean all parameters for all variants
Change component parameters (AddParameter): Name = "Mouser VPN"; Value = "71-CRCW08051K20FKEA"; VariantName = "[No Variations]"
Change component parameters: Designator = "R5"; Footprint = "RESC_0805"; UniqueID = "\GCTMPRNG"
Change component parameters. Clean all parameters for all variants
Change component parameters (AddParameter): Name = "Mouser VPN"; Value = "71-CRCW080510R0FKEAC"; VariantName = "[No Variations]"
Change component parameters: Designator = "R6"; Footprint = "RESC_0805"; UniqueID = "\JWLUUGPL"
Change component parameters. Clean all parameters for all variants
Change component parameters (AddParameter): Name = "Mouser VPN"; Value = "71-CRCW08050000Z0EAC"; VariantName = "[No Variations]"
Change component parameters: Designator = "R10"; Footprint = "RESC_0805"; UniqueID = "\PPIVEJTX"
Change component parameters. Clean all parameters for all variants
Change component parameters (AddParameter): Name = "Mouser VPN"; Value = "71-CRCW080510R0FKEAC"; VariantName = "[No Variations]"
Change component parameters: Designator = "R11"; Footprint = "RESC_0805"; UniqueID = "\XLRYSKXH"
Change component parameters. Clean all parameters for all variants
Change component parameters (AddParameter): Name = "Mouser VPN"; Value = "71-CRCW08050000Z0EAC"; VariantName = "[No Variations]"
Change component parameters: Designator = "U1"; Footprint = "MeanWell SCWNo6"; UniqueID = "\VSNVVKJP"
Change component parameters. Clean all parameters for all variants
Change component parameters (AddParameter): Name = "Mouser VPN"; Value = "709-SCWN06B-15"; VariantName = "[No Variations]"
Change component parameters: Designator = "U2"; Footprint = "DC/DC - R-78E3.3"; UniqueID = "\URYRHKQO"
Change component parameters. Clean all parameters for all variants
Change component parameters (AddParameter): Name = "Mouser VPN"; Value = "919-R-78E3.3-0.5"; VariantName = "[No Variations]"
Change component parameters: Designator = "U3"; Footprint = "DC/DC - OKI-78SR-E"; UniqueID = "\DQIRTDBA"
Change component parameters. Clean all parameters for all variants
Change component parameters (AddParameter): Name = "Mouser VPN"; Value = "580-OK78SR5/1.5W36EC"; VariantName = "[No Variations]"
Change component parameters: Designator = "U4"; Footprint = "DC/DC - OKI-78SR-E"; UniqueID = "\RJBLFAGS"
Change component parameters. Clean all parameters for all variants
Change component parameters (AddParameter): Name = "Mouser VPN"; Value = "580-OK78SR5/1.5W36EC"; VariantName = "[No Variations]"
Change component parameters: Designator = "U5"; Footprint = "SOIC-MIC4126"; UniqueID = "\RTCNACBX"
Change component parameters. Clean all parameters for all variants
Change component parameters (AddParameter): Name = "Mouser VPN"; Value = "747-IX4340NETR"; VariantName = "[No Variations]"
Change component parameters: Designator = "U6"; Footprint = "SOIC127P610X155-16N"; UniqueID = "\GIOYIQGL"
Change component parameters. Clean all parameters for all variants
Change component parameters (AddParameter): Name = "Mouser VPN"; Value = "634-SI8660BA-B-IS1"; VariantName = "[No Variations]"
Change component parameters: Designator = "U7"; Footprint = "DC/DC - OKI-78SR-E"; UniqueID = "\LEFEXMCI"
Change component parameters. Clean all parameters for all variants
Change component parameters (AddParameter): Name = "Mouser VPN"; Value = "580-OKI78SR12/1W36EC"; VariantName = "[No Variations]"
Change component parameters: Designator = "U8"; Footprint = "SOIC-MIC4126"; UniqueID = "\SAJRYKFN"
Change component parameters. Clean all parameters for all variants
Change component parameters (AddParameter): Name = "Mouser VPN"; Value = "747-IX4340NETR"; VariantName = "[No Variations]"
Change component parameters: Designator = "U9"; Footprint = "SOIC127P610X155-16N"; UniqueID = "\ALYPNXAQ"
Change component parameters. Clean all parameters for all variants
Change component parameters (AddParameter): Name = "Mouser VPN"; Value = "634-SI8660BA-B-IS1"; VariantName = "[No Variations]"
Change component parameters: Designator = "U10"; Footprint = "SOIC-MIC4126"; UniqueID = "\HXIRJQRE"
Change component parameters. Clean all parameters for all variants
Change component parameters (AddParameter): Name = "Mouser VPN"; Value = "747-IX4340NETR"; VariantName = "[No Variations]"
Change component parameters: Designator = "U11"; Footprint = "Relay - G6DN"; UniqueID = "\TVWAWBHE"
Change component parameters. Clean all parameters for all variants
Change component parameters (AddParameter): Name = "Mouser VPN"; Value = "653-G6DN-1A-LDC5"; VariantName = "[No Variations]"
Change component parameters: Designator = "U12"; Footprint = "SOIC-MIC4126"; UniqueID = "\ENJSXMBP"
Change component parameters. Clean all parameters for all variants
Change component parameters (AddParameter): Name = "Mouser VPN"; Value = "998-MIC4126YME"; VariantName = "[No Variations]"
Change component parameters: Designator = "U13"; Footprint = "Relay - G6DN"; UniqueID = "\TTEXWAEQ"
Change component parameters. Clean all parameters for all variants
Change component parameters (AddParameter): Name = "Mouser VPN"; Value = "653-G6DN-1A-LDC5"; VariantName = "[No Variations]"
Change component parameters: Designator = "1"; Footprint = "connector1x2_parafuso"; UniqueID = "\SPNDAEPW"
Change component parameters. Clean all parameters for all variants
Change component parameters (AddParameter): Name = "RS VPN"; Value = "896-6696"; VariantName = "[No Variations]"
Change component parameters: Designator = "Input L-N1"; Footprint = "connector1x2_parafuso"; UniqueID = "\AQMEGPDR"
Change component parameters. Clean all parameters for all variants
Change component parameters (AddParameter): Name = "RS VPN"; Value = "896-6696"; VariantName = "[No Variations]"
Change component parameters: Designator = "K1"; Footprint = "connector1x2_parafuso"; UniqueID = "\KJMMHASB"
Change component parameters. Clean all parameters for all variants
Change component parameters (AddParameter): Name = "RS VPN"; Value = "896-6696"; VariantName = "[No Variations]"
Change component parameters: Designator = "K2"; Footprint = "connector1x2_parafuso"; UniqueID = "\FIRXXKPL"
Change component parameters. Clean all parameters for all variants
Change component parameters (AddParameter): Name = "RS VPN"; Value = "896-6696"; VariantName = "[No Variations]"
Change component parameters: Designator = "L1"; Footprint = "Inductor - RLS-126"; UniqueID = "\DYFBLDXC"
Change component parameters. Clean all parameters for all variants
Change component parameters (AddParameter): Name = "Mouser VPN"; Value = "919-RLS-126"; VariantName = "[No Variations]"
Change component parameters: Designator = "L2"; Footprint = "Inductor - RLS-126"; UniqueID = "\MRELEYIL"
Change component parameters. Clean all parameters for all variants
Change component parameters (AddParameter): Name = "Mouser VPN"; Value = "919-RLS-126"; VariantName = "[No Variations]"
Change component parameters: Designator = "L3"; Footprint = "Inductor - RLS-126"; UniqueID = "\PJWGPFAM"
Change component parameters. Clean all parameters for all variants
Change component parameters (AddParameter): Name = "Mouser VPN"; Value = "919-RLS-126"; VariantName = "[No Variations]"
Change component parameters: Designator = "L4"; Footprint = "Inductor - RLS-126"; UniqueID = "\XFWJTCVX"
Change component parameters. Clean all parameters for all variants
Change component parameters (AddParameter): Name = "Mouser VPN"; Value = "919-RLS-126"; VariantName = "[No Variations]"
Added Component: Designator=R7(RESC_0805)
Add component. Clean all parameters for all variants
Add component (AddParameter): Name = "Mouser VPN"; Value = "71-CRCW08050000Z0EAC"; VariantName = "[No Variations]"
Added Component: Designator=R8(RESC_0805)
Add component. Clean all parameters for all variants
Add component (AddParameter): Name = "Mouser VPN"; Value = "71-CRCW08050000Z0EAC"; VariantName = "[No Variations]"
Added Component: Designator=R9(RESC_0805)
Add component. Clean all parameters for all variants
Add component (AddParameter): Name = "Mouser VPN"; Value = "71-CRCW08050000Z0EAC"; VariantName = "[No Variations]"
Added Pin To Net: NetName=TACH_FAN Pin=R7-1
Added Pin To Net: NetName=PWM_FAN Pin=R8-1
Added Pin To Net: NetName=3V3GND Pin=R9-1
Change Net Name : Old Net Name=NetR7_1 New Net Name=NetR10_1
Change Net Name : Old Net Name=NetR7_2 New Net Name=NetR10_2
Added Pin To Net: NetName=NetP11_3 Pin=P11-3
Added Pin To Net: NetName=NetP11_3 Pin=R7-2
Added Pin To Net: NetName=NetP11_3 Pin=R9-2
Added Net: Name=NetP11_3
Added Pin To Net: NetName=NetP11_4 Pin=P11-4
Added Pin To Net: NetName=NetP11_4 Pin=R8-2
Added Net: Name=NetP11_4
Added Member To Class: ClassName=middlePCB_rev3 Member=Component R9 R 0 1/8W 0805
Added Member To Class: ClassName=middlePCB_rev3 Member=Component R10 R 10 1/8W 0805 1%
Added Member To Class: ClassName=middlePCB_rev3 Member=Component R11 R 0 1/8W 0805
