Change Component Designator: OldDesignator=C8 NewDesignator=C10
Change Component Designator: OldDesignator=C9 NewDesignator=C11
Change Component Designator: OldDesignator=C10 NewDesignator=C12
Change Component Designator: OldDesignator=P12 NewDesignator=P13
Change Component Designator: OldDesignator=R4 NewDesignator=R5
Change Component Designator: OldDesignator=R5 NewDesignator=R6
Change Component Designator: OldDesignator=R6 NewDesignator=R7
Change Component Designator: OldDesignator=R7 NewDesignator=R8
Change Component Designator: OldDesignator=U7 NewDesignator=U8
Change Component Designator: OldDesignator=U8 NewDesignator=U9
Change Component Designator: OldDesignator=U9 NewDesignator=U10
Change Component Designator: OldDesignator=U10 NewDesignator=U11
Change Component Designator: OldDesignator=U11 NewDesignator=U12
Change Component Designator: OldDesignator=U12 NewDesignator=U13
Added Component: Designator=C8(CAPC_1206)
Add component. Clean all parameters for all variants
Added Component: Designator=C9(CAPC_1206)
Add component. Clean all parameters for all variants
Added Component: Designator=D4(DIODE_1206)
Add component. Clean all parameters for all variants
Added Component: Designator=L4(Inductor - RLS-126)
Add component. Clean all parameters for all variants
Add component (AddParameter): Name = "Code_IEC"; Value = "1005"; VariantName = "[No Variations]"
Add component (AddParameter): Name = "Code_JEITA"; Value = "0402"; VariantName = "[No Variations]"
Add component (AddParameter): Name = "LatestRevisionDate"; Value = "29-May-2009"; VariantName = "[No Variations]"
Add component (AddParameter): Name = "LatestRevisionNote"; Value = "IPC-7351 Footprint Added."; VariantName = "[No Variations]"
Add component (AddParameter): Name = "PackageDescription"; Value = "Chip Inductor"; VariantName = "[No Variations]"
Add component (AddParameter): Name = "PackageReference"; Value = "0402-A"; VariantName = "[No Variations]"
Add component (AddParameter): Name = "Published"; Value = "8-Jun-2000"; VariantName = "[No Variations]"
Add component (AddParameter): Name = "Publisher"; Value = "Altium Limited"; VariantName = "[No Variations]"
Added Component: Designator=P12(HEADER 4p molex)
Add component. Clean all parameters for all variants
Add component (AddParameter): Name = "Mouser VPN"; Value = "538-47053-3000"; VariantName = "[No Variations]"
Added Component: Designator=R4(RESC_0805)
Add component. Clean all parameters for all variants
Added Component: Designator=U7(DC/DC - OKI-78SR-E)
Add component. Clean all parameters for all variants
Added Pin To Net: NetName=3V3GND Pin=C8-1
Added Pin To Net: NetName=24VDC Pin=C8-2
Added Pin To Net: NetName=3V3GND Pin=C9-1
Added Pin To Net: NetName=3V3GND Pin=D4-2
Added Pin To Net: NetName=24VDC Pin=L4-1
Added Pin To Net: NetName=3V3GND Pin=P12-4
Added Pin To Net: NetName=3V3GND Pin=U7-2
Change Net Name : Old Net Name=NetR4_1 New Net Name=NetR5_1
Change Net Name : Old Net Name=NetR4_2 New Net Name=NetR5_2
Change Net Name : Old Net Name=NetR6_1 New Net Name=NetR7_1
Change Net Name : Old Net Name=NetR6_2 New Net Name=NetR7_2
Added Pin To Net: NetName=12V Pin=P12-3
Added Pin To Net: NetName=12V Pin=R4-2
Added Pin To Net: NetName=12V Pin=U7-3
Added Net: Name=12V
Added Pin To Net: NetName=NetC9_2 Pin=C9-2
Added Pin To Net: NetName=NetC9_2 Pin=L4-2
Added Pin To Net: NetName=NetC9_2 Pin=U7-1
Added Net: Name=NetC9_2
Added Pin To Net: NetName=NetD4_1 Pin=D4-1
Added Pin To Net: NetName=NetD4_1 Pin=R4-1
Added Net: Name=NetD4_1
Added Pin To Net: NetName=NetP11_3 Pin=P11-3
Added Pin To Net: NetName=NetP11_3 Pin=P12-1
Added Net: Name=NetP11_3
Added Pin To Net: NetName=NetP11_4 Pin=P11-4
Added Pin To Net: NetName=NetP11_4 Pin=P12-2
Added Net: Name=NetP11_4
Added Member To Class: ClassName=middlePCB_rev3 Member=Component C11 Capacitor SMD
Added Member To Class: ClassName=middlePCB_rev3 Member=Component C12 Capacitor SMD
Added Member To Class: ClassName=middlePCB_rev3 Member=Component D4 LED
Added Member To Class: ClassName=middlePCB_rev3 Member=Component L4 Inductor
Added Member To Class: ClassName=middlePCB_rev3 Member=Component P13 jumper_8p
Added Member To Class: ClassName=middlePCB_rev3 Member=Component R8 Resistor
Added Member To Class: ClassName=middlePCB_rev3 Member=Component U13 relay G6DN
