Removed Pin From Net: NetName=I_U Pin=P11-1
Removed Pin From Net: NetName=I_V Pin=P11-2
Removed Pin From Net: NetName=I_W Pin=P11-3
Removed Pin From Net: NetName=temp Pin=P11-4
Removed Pin From Net: NetName=V_DC Pin=P11-5
Removed Pin From Net: NetName=3V3GND Pin=P11-6
Removed Pin From Net: NetName=Relay_2 Pin=P12-1
Removed Pin From Net: NetName=Relay_1 Pin=P12-2
Removed Pin From Net: NetName=3V3 Pin=P12-3
Removed Pin From Net: NetName=5V Pin=P12-4
Removed Pin From Net: NetName=3V3GND Pin=P12-5
Removed Pin From Net: NetName=3V3GND Pin=P12-6
Change Component Footprint: Designator=P11 Old Footprint=HDR1X6 New Footprint=Header 8x1 8.5mm
Change Component Footprint: Designator=P12 Old Footprint=HDR1X6 New Footprint=Header 8x1 8.5mm
Change Component Comment : Designator=P11 Old Comment=Header 6 New Comment=jumper_8p
Change Component Comment : Designator=P12 Old Comment=Header 6 New Comment=jumper_8p
Change component parameters: Designator = "P11"; Footprint = "Header 8x1 8.5mm"; UniqueID = "\HBAWNXLA"
Change component parameters. Clean all parameters for all variants
Change component parameters: Designator = "P12"; Footprint = "Header 8x1 8.5mm"; UniqueID = "\FNHDYRHF"
Change component parameters. Clean all parameters for all variants
Added Pin To Net: NetName=I_U Pin=P11-3
Added Pin To Net: NetName=I_V Pin=P11-4
Added Pin To Net: NetName=I_W Pin=P11-5
Added Pin To Net: NetName=temp Pin=P11-6
Added Pin To Net: NetName=V_DC Pin=P11-7
Added Pin To Net: NetName=3V3GND Pin=P11-8
Added Pin To Net: NetName=Relay_2 Pin=P12-3
Added Pin To Net: NetName=Relay_1 Pin=P12-4
Added Pin To Net: NetName=3V3 Pin=P12-5
Added Pin To Net: NetName=5V Pin=P12-6
Added Pin To Net: NetName=3V3GND Pin=P12-7
Added Pin To Net: NetName=3V3GND Pin=P12-8
