   1              	 .syntax unified
   2              	 .cpu cortex-m4
   3              	 .eabi_attribute 27,3
   4              	 .fpu fpv4-sp-d16
   5              	 .eabi_attribute 20,1
   6              	 .eabi_attribute 21,1
   7              	 .eabi_attribute 23,3
   8              	 .eabi_attribute 24,1
   9              	 .eabi_attribute 25,1
  10              	 .eabi_attribute 26,1
  11              	 .eabi_attribute 30,6
  12              	 .eabi_attribute 34,1
  13              	 .eabi_attribute 18,4
  14              	 .thumb
  15              	 .file "arm_fir_sparse_init_q15.c"
  16              	 .text
  17              	.Ltext0:
  18              	 .cfi_sections .debug_frame
  19              	 .section .text.arm_fir_sparse_init_q15,"ax",%progbits
  20              	 .align 2
  21              	 .global arm_fir_sparse_init_q15
  22              	 .thumb
  23              	 .thumb_func
  25              	arm_fir_sparse_init_q15:
  26              	.LFB135:
  27              	 .file 1 "../Dave/Generated/CMSIS_DSP/FilteringFunctions/arm_fir_sparse_init_q15.c"
   1:../Dave/Generated/CMSIS_DSP/FilteringFunctions/arm_fir_sparse_init_q15.c **** /* ----------------------------------------------------------------------
   2:../Dave/Generated/CMSIS_DSP/FilteringFunctions/arm_fir_sparse_init_q15.c ****  * Project:      CMSIS DSP Library
   3:../Dave/Generated/CMSIS_DSP/FilteringFunctions/arm_fir_sparse_init_q15.c ****  * Title:        arm_fir_sparse_init_q15.c
   4:../Dave/Generated/CMSIS_DSP/FilteringFunctions/arm_fir_sparse_init_q15.c ****  * Description:  Q15 sparse FIR filter initialization function
   5:../Dave/Generated/CMSIS_DSP/FilteringFunctions/arm_fir_sparse_init_q15.c ****  *
   6:../Dave/Generated/CMSIS_DSP/FilteringFunctions/arm_fir_sparse_init_q15.c ****  * $Date:        27. January 2017
   7:../Dave/Generated/CMSIS_DSP/FilteringFunctions/arm_fir_sparse_init_q15.c ****  * $Revision:    V.1.5.1
   8:../Dave/Generated/CMSIS_DSP/FilteringFunctions/arm_fir_sparse_init_q15.c ****  *
   9:../Dave/Generated/CMSIS_DSP/FilteringFunctions/arm_fir_sparse_init_q15.c ****  * Target Processor: Cortex-M cores
  10:../Dave/Generated/CMSIS_DSP/FilteringFunctions/arm_fir_sparse_init_q15.c ****  * -------------------------------------------------------------------- */
  11:../Dave/Generated/CMSIS_DSP/FilteringFunctions/arm_fir_sparse_init_q15.c **** /*
  12:../Dave/Generated/CMSIS_DSP/FilteringFunctions/arm_fir_sparse_init_q15.c ****  * Copyright (C) 2010-2017 ARM Limited or its affiliates. All rights reserved.
  13:../Dave/Generated/CMSIS_DSP/FilteringFunctions/arm_fir_sparse_init_q15.c ****  *
  14:../Dave/Generated/CMSIS_DSP/FilteringFunctions/arm_fir_sparse_init_q15.c ****  * SPDX-License-Identifier: Apache-2.0
  15:../Dave/Generated/CMSIS_DSP/FilteringFunctions/arm_fir_sparse_init_q15.c ****  *
  16:../Dave/Generated/CMSIS_DSP/FilteringFunctions/arm_fir_sparse_init_q15.c ****  * Licensed under the Apache License, Version 2.0 (the License); you may
  17:../Dave/Generated/CMSIS_DSP/FilteringFunctions/arm_fir_sparse_init_q15.c ****  * not use this file except in compliance with the License.
  18:../Dave/Generated/CMSIS_DSP/FilteringFunctions/arm_fir_sparse_init_q15.c ****  * You may obtain a copy of the License at
  19:../Dave/Generated/CMSIS_DSP/FilteringFunctions/arm_fir_sparse_init_q15.c ****  *
  20:../Dave/Generated/CMSIS_DSP/FilteringFunctions/arm_fir_sparse_init_q15.c ****  * www.apache.org/licenses/LICENSE-2.0
  21:../Dave/Generated/CMSIS_DSP/FilteringFunctions/arm_fir_sparse_init_q15.c ****  *
  22:../Dave/Generated/CMSIS_DSP/FilteringFunctions/arm_fir_sparse_init_q15.c ****  * Unless required by applicable law or agreed to in writing, software
  23:../Dave/Generated/CMSIS_DSP/FilteringFunctions/arm_fir_sparse_init_q15.c ****  * distributed under the License is distributed on an AS IS BASIS, WITHOUT
  24:../Dave/Generated/CMSIS_DSP/FilteringFunctions/arm_fir_sparse_init_q15.c ****  * WARRANTIES OR CONDITIONS OF ANY KIND, either express or implied.
  25:../Dave/Generated/CMSIS_DSP/FilteringFunctions/arm_fir_sparse_init_q15.c ****  * See the License for the specific language governing permissions and
  26:../Dave/Generated/CMSIS_DSP/FilteringFunctions/arm_fir_sparse_init_q15.c ****  * limitations under the License.
  27:../Dave/Generated/CMSIS_DSP/FilteringFunctions/arm_fir_sparse_init_q15.c ****  */
  28:../Dave/Generated/CMSIS_DSP/FilteringFunctions/arm_fir_sparse_init_q15.c **** 
  29:../Dave/Generated/CMSIS_DSP/FilteringFunctions/arm_fir_sparse_init_q15.c **** #include "CMSIS_DSP/cmsis_dsp.h"
  30:../Dave/Generated/CMSIS_DSP/FilteringFunctions/arm_fir_sparse_init_q15.c **** 
  31:../Dave/Generated/CMSIS_DSP/FilteringFunctions/arm_fir_sparse_init_q15.c **** /**
  32:../Dave/Generated/CMSIS_DSP/FilteringFunctions/arm_fir_sparse_init_q15.c ****  * @ingroup groupFilters
  33:../Dave/Generated/CMSIS_DSP/FilteringFunctions/arm_fir_sparse_init_q15.c ****  */
  34:../Dave/Generated/CMSIS_DSP/FilteringFunctions/arm_fir_sparse_init_q15.c **** 
  35:../Dave/Generated/CMSIS_DSP/FilteringFunctions/arm_fir_sparse_init_q15.c **** /**
  36:../Dave/Generated/CMSIS_DSP/FilteringFunctions/arm_fir_sparse_init_q15.c ****  * @addtogroup FIR_Sparse
  37:../Dave/Generated/CMSIS_DSP/FilteringFunctions/arm_fir_sparse_init_q15.c ****  * @{
  38:../Dave/Generated/CMSIS_DSP/FilteringFunctions/arm_fir_sparse_init_q15.c ****  */
  39:../Dave/Generated/CMSIS_DSP/FilteringFunctions/arm_fir_sparse_init_q15.c **** 
  40:../Dave/Generated/CMSIS_DSP/FilteringFunctions/arm_fir_sparse_init_q15.c **** /**
  41:../Dave/Generated/CMSIS_DSP/FilteringFunctions/arm_fir_sparse_init_q15.c ****  * @brief  Initialization function for the Q15 sparse FIR filter.
  42:../Dave/Generated/CMSIS_DSP/FilteringFunctions/arm_fir_sparse_init_q15.c ****  * @param[in,out] *S         points to an instance of the Q15 sparse FIR structure.
  43:../Dave/Generated/CMSIS_DSP/FilteringFunctions/arm_fir_sparse_init_q15.c ****  * @param[in]     numTaps    number of nonzero coefficients in the filter.
  44:../Dave/Generated/CMSIS_DSP/FilteringFunctions/arm_fir_sparse_init_q15.c ****  * @param[in]     *pCoeffs   points to the array of filter coefficients.
  45:../Dave/Generated/CMSIS_DSP/FilteringFunctions/arm_fir_sparse_init_q15.c ****  * @param[in]     *pState    points to the state buffer.
  46:../Dave/Generated/CMSIS_DSP/FilteringFunctions/arm_fir_sparse_init_q15.c ****  * @param[in]     *pTapDelay points to the array of offset times.
  47:../Dave/Generated/CMSIS_DSP/FilteringFunctions/arm_fir_sparse_init_q15.c ****  * @param[in]     maxDelay   maximum offset time supported.
  48:../Dave/Generated/CMSIS_DSP/FilteringFunctions/arm_fir_sparse_init_q15.c ****  * @param[in]     blockSize  number of samples that will be processed per block.
  49:../Dave/Generated/CMSIS_DSP/FilteringFunctions/arm_fir_sparse_init_q15.c ****  * @return none
  50:../Dave/Generated/CMSIS_DSP/FilteringFunctions/arm_fir_sparse_init_q15.c ****  *
  51:../Dave/Generated/CMSIS_DSP/FilteringFunctions/arm_fir_sparse_init_q15.c ****  * <b>Description:</b>
  52:../Dave/Generated/CMSIS_DSP/FilteringFunctions/arm_fir_sparse_init_q15.c ****  * \par
  53:../Dave/Generated/CMSIS_DSP/FilteringFunctions/arm_fir_sparse_init_q15.c ****  * <code>pCoeffs</code> holds the filter coefficients and has length <code>numTaps</code>.
  54:../Dave/Generated/CMSIS_DSP/FilteringFunctions/arm_fir_sparse_init_q15.c ****  * <code>pState</code> holds the filter's state variables and must be of length
  55:../Dave/Generated/CMSIS_DSP/FilteringFunctions/arm_fir_sparse_init_q15.c ****  * <code>maxDelay + blockSize</code>, where <code>maxDelay</code>
  56:../Dave/Generated/CMSIS_DSP/FilteringFunctions/arm_fir_sparse_init_q15.c ****  * is the maximum number of delay line values.
  57:../Dave/Generated/CMSIS_DSP/FilteringFunctions/arm_fir_sparse_init_q15.c ****  * <code>blockSize</code> is the
  58:../Dave/Generated/CMSIS_DSP/FilteringFunctions/arm_fir_sparse_init_q15.c ****  * number of words processed by <code>arm_fir_sparse_q15()</code> function.
  59:../Dave/Generated/CMSIS_DSP/FilteringFunctions/arm_fir_sparse_init_q15.c ****  */
  60:../Dave/Generated/CMSIS_DSP/FilteringFunctions/arm_fir_sparse_init_q15.c **** 
  61:../Dave/Generated/CMSIS_DSP/FilteringFunctions/arm_fir_sparse_init_q15.c **** void arm_fir_sparse_init_q15(
  62:../Dave/Generated/CMSIS_DSP/FilteringFunctions/arm_fir_sparse_init_q15.c ****   arm_fir_sparse_instance_q15 * S,
  63:../Dave/Generated/CMSIS_DSP/FilteringFunctions/arm_fir_sparse_init_q15.c ****   uint16_t numTaps,
  64:../Dave/Generated/CMSIS_DSP/FilteringFunctions/arm_fir_sparse_init_q15.c ****   q15_t * pCoeffs,
  65:../Dave/Generated/CMSIS_DSP/FilteringFunctions/arm_fir_sparse_init_q15.c ****   q15_t * pState,
  66:../Dave/Generated/CMSIS_DSP/FilteringFunctions/arm_fir_sparse_init_q15.c ****   int32_t * pTapDelay,
  67:../Dave/Generated/CMSIS_DSP/FilteringFunctions/arm_fir_sparse_init_q15.c ****   uint16_t maxDelay,
  68:../Dave/Generated/CMSIS_DSP/FilteringFunctions/arm_fir_sparse_init_q15.c ****   uint32_t blockSize)
  69:../Dave/Generated/CMSIS_DSP/FilteringFunctions/arm_fir_sparse_init_q15.c **** {
  28              	 .loc 1 69 0
  29              	 .cfi_startproc
  30              	 
  31              	 
  32 0000 80B5     	 push {r7,lr}
  33              	.LCFI0:
  34              	 .cfi_def_cfa_offset 8
  35              	 .cfi_offset 7,-8
  36              	 .cfi_offset 14,-4
  37 0002 84B0     	 sub sp,sp,#16
  38              	.LCFI1:
  39              	 .cfi_def_cfa_offset 24
  40 0004 00AF     	 add r7,sp,#0
  41              	.LCFI2:
  42              	 .cfi_def_cfa_register 7
  43 0006 F860     	 str r0,[r7,#12]
  44 0008 7A60     	 str r2,[r7,#4]
  45 000a 3B60     	 str r3,[r7]
  46 000c 0B46     	 mov r3,r1
  47 000e 7B81     	 strh r3,[r7,#10]
  70:../Dave/Generated/CMSIS_DSP/FilteringFunctions/arm_fir_sparse_init_q15.c ****   /* Assign filter taps */
  71:../Dave/Generated/CMSIS_DSP/FilteringFunctions/arm_fir_sparse_init_q15.c ****   S->numTaps = numTaps;
  48              	 .loc 1 71 0
  49 0010 FB68     	 ldr r3,[r7,#12]
  50 0012 7A89     	 ldrh r2,[r7,#10]
  51 0014 1A80     	 strh r2,[r3]
  72:../Dave/Generated/CMSIS_DSP/FilteringFunctions/arm_fir_sparse_init_q15.c **** 
  73:../Dave/Generated/CMSIS_DSP/FilteringFunctions/arm_fir_sparse_init_q15.c ****   /* Assign coefficient pointer */
  74:../Dave/Generated/CMSIS_DSP/FilteringFunctions/arm_fir_sparse_init_q15.c ****   S->pCoeffs = pCoeffs;
  52              	 .loc 1 74 0
  53 0016 FB68     	 ldr r3,[r7,#12]
  54 0018 7A68     	 ldr r2,[r7,#4]
  55 001a 9A60     	 str r2,[r3,#8]
  75:../Dave/Generated/CMSIS_DSP/FilteringFunctions/arm_fir_sparse_init_q15.c **** 
  76:../Dave/Generated/CMSIS_DSP/FilteringFunctions/arm_fir_sparse_init_q15.c ****   /* Assign TapDelay pointer */
  77:../Dave/Generated/CMSIS_DSP/FilteringFunctions/arm_fir_sparse_init_q15.c ****   S->pTapDelay = pTapDelay;
  56              	 .loc 1 77 0
  57 001c FB68     	 ldr r3,[r7,#12]
  58 001e BA69     	 ldr r2,[r7,#24]
  59 0020 1A61     	 str r2,[r3,#16]
  78:../Dave/Generated/CMSIS_DSP/FilteringFunctions/arm_fir_sparse_init_q15.c **** 
  79:../Dave/Generated/CMSIS_DSP/FilteringFunctions/arm_fir_sparse_init_q15.c ****   /* Assign MaxDelay */
  80:../Dave/Generated/CMSIS_DSP/FilteringFunctions/arm_fir_sparse_init_q15.c ****   S->maxDelay = maxDelay;
  60              	 .loc 1 80 0
  61 0022 FB68     	 ldr r3,[r7,#12]
  62 0024 BA8B     	 ldrh r2,[r7,#28]
  63 0026 9A81     	 strh r2,[r3,#12]
  81:../Dave/Generated/CMSIS_DSP/FilteringFunctions/arm_fir_sparse_init_q15.c **** 
  82:../Dave/Generated/CMSIS_DSP/FilteringFunctions/arm_fir_sparse_init_q15.c ****   /* reset the stateIndex to 0 */
  83:../Dave/Generated/CMSIS_DSP/FilteringFunctions/arm_fir_sparse_init_q15.c ****   S->stateIndex = 0u;
  64              	 .loc 1 83 0
  65 0028 FB68     	 ldr r3,[r7,#12]
  66 002a 0022     	 movs r2,#0
  67 002c 5A80     	 strh r2,[r3,#2]
  84:../Dave/Generated/CMSIS_DSP/FilteringFunctions/arm_fir_sparse_init_q15.c **** 
  85:../Dave/Generated/CMSIS_DSP/FilteringFunctions/arm_fir_sparse_init_q15.c ****   /* Clear state buffer and size is always maxDelay + blockSize */
  86:../Dave/Generated/CMSIS_DSP/FilteringFunctions/arm_fir_sparse_init_q15.c ****   memset(pState, 0, (maxDelay + blockSize) * sizeof(q15_t));
  68              	 .loc 1 86 0
  69 002e BA8B     	 ldrh r2,[r7,#28]
  70 0030 3B6A     	 ldr r3,[r7,#32]
  71 0032 1344     	 add r3,r3,r2
  72 0034 5B00     	 lsls r3,r3,#1
  73 0036 3868     	 ldr r0,[r7]
  74 0038 0021     	 movs r1,#0
  75 003a 1A46     	 mov r2,r3
  76 003c FFF7FEFF 	 bl memset
  87:../Dave/Generated/CMSIS_DSP/FilteringFunctions/arm_fir_sparse_init_q15.c **** 
  88:../Dave/Generated/CMSIS_DSP/FilteringFunctions/arm_fir_sparse_init_q15.c ****   /* Assign state pointer */
  89:../Dave/Generated/CMSIS_DSP/FilteringFunctions/arm_fir_sparse_init_q15.c ****   S->pState = pState;
  77              	 .loc 1 89 0
  78 0040 FB68     	 ldr r3,[r7,#12]
  79 0042 3A68     	 ldr r2,[r7]
  80 0044 5A60     	 str r2,[r3,#4]
  90:../Dave/Generated/CMSIS_DSP/FilteringFunctions/arm_fir_sparse_init_q15.c **** 
  91:../Dave/Generated/CMSIS_DSP/FilteringFunctions/arm_fir_sparse_init_q15.c **** }
  81              	 .loc 1 91 0
  82 0046 1037     	 adds r7,r7,#16
  83              	.LCFI3:
  84              	 .cfi_def_cfa_offset 8
  85 0048 BD46     	 mov sp,r7
  86              	.LCFI4:
  87              	 .cfi_def_cfa_register 13
  88              	 
  89 004a 80BD     	 pop {r7,pc}
  90              	 .cfi_endproc
  91              	.LFE135:
  93              	 .text
  94              	.Letext0:
  95              	 .file 2 "c:\\program files (x86)\\dave\\eclipse\\arm-gcc-49\\arm-none-eabi\\include\\machine\\_default_types.h"
  96              	 .file 3 "c:\\program files (x86)\\dave\\eclipse\\arm-gcc-49\\arm-none-eabi\\include\\stdint.h"
  97              	 .file 4 "C:/Users/VMORAIS/Documents/DAVE_WS/1p_inverter_200V/Dave/Generated/CMSIS_DSP/arm_math.h"
DEFINED SYMBOLS
                            *ABS*:00000000 arm_fir_sparse_init_q15.c
    {standard input}:20     .text.arm_fir_sparse_init_q15:00000000 $t
    {standard input}:25     .text.arm_fir_sparse_init_q15:00000000 arm_fir_sparse_init_q15
                     .debug_frame:00000010 $d

UNDEFINED SYMBOLS
memset
