   1              	 .syntax unified
   2              	 .cpu cortex-m4
   3              	 .eabi_attribute 27,3
   4              	 .fpu fpv4-sp-d16
   5              	 .eabi_attribute 20,1
   6              	 .eabi_attribute 21,1
   7              	 .eabi_attribute 23,3
   8              	 .eabi_attribute 24,1
   9              	 .eabi_attribute 25,1
  10              	 .eabi_attribute 26,1
  11              	 .eabi_attribute 30,6
  12              	 .eabi_attribute 34,1
  13              	 .eabi_attribute 18,4
  14              	 .thumb
  15              	 .file "arm_lms_norm_init_q31.c"
  16              	 .text
  17              	.Ltext0:
  18              	 .cfi_sections .debug_frame
  19              	 .section .text.arm_lms_norm_init_q31,"ax",%progbits
  20              	 .align 2
  21              	 .global arm_lms_norm_init_q31
  22              	 .thumb
  23              	 .thumb_func
  25              	arm_lms_norm_init_q31:
  26              	.LFB135:
  27              	 .file 1 "../Dave/Generated/CMSIS_DSP/FilteringFunctions/arm_lms_norm_init_q31.c"
   1:../Dave/Generated/CMSIS_DSP/FilteringFunctions/arm_lms_norm_init_q31.c **** /* ----------------------------------------------------------------------
   2:../Dave/Generated/CMSIS_DSP/FilteringFunctions/arm_lms_norm_init_q31.c ****  * Project:      CMSIS DSP Library
   3:../Dave/Generated/CMSIS_DSP/FilteringFunctions/arm_lms_norm_init_q31.c ****  * Title:        arm_lms_norm_init_q31.c
   4:../Dave/Generated/CMSIS_DSP/FilteringFunctions/arm_lms_norm_init_q31.c ****  * Description:  Q31 NLMS initialization function
   5:../Dave/Generated/CMSIS_DSP/FilteringFunctions/arm_lms_norm_init_q31.c ****  *
   6:../Dave/Generated/CMSIS_DSP/FilteringFunctions/arm_lms_norm_init_q31.c ****  * $Date:        27. January 2017
   7:../Dave/Generated/CMSIS_DSP/FilteringFunctions/arm_lms_norm_init_q31.c ****  * $Revision:    V.1.5.1
   8:../Dave/Generated/CMSIS_DSP/FilteringFunctions/arm_lms_norm_init_q31.c ****  *
   9:../Dave/Generated/CMSIS_DSP/FilteringFunctions/arm_lms_norm_init_q31.c ****  * Target Processor: Cortex-M cores
  10:../Dave/Generated/CMSIS_DSP/FilteringFunctions/arm_lms_norm_init_q31.c ****  * -------------------------------------------------------------------- */
  11:../Dave/Generated/CMSIS_DSP/FilteringFunctions/arm_lms_norm_init_q31.c **** /*
  12:../Dave/Generated/CMSIS_DSP/FilteringFunctions/arm_lms_norm_init_q31.c ****  * Copyright (C) 2010-2017 ARM Limited or its affiliates. All rights reserved.
  13:../Dave/Generated/CMSIS_DSP/FilteringFunctions/arm_lms_norm_init_q31.c ****  *
  14:../Dave/Generated/CMSIS_DSP/FilteringFunctions/arm_lms_norm_init_q31.c ****  * SPDX-License-Identifier: Apache-2.0
  15:../Dave/Generated/CMSIS_DSP/FilteringFunctions/arm_lms_norm_init_q31.c ****  *
  16:../Dave/Generated/CMSIS_DSP/FilteringFunctions/arm_lms_norm_init_q31.c ****  * Licensed under the Apache License, Version 2.0 (the License); you may
  17:../Dave/Generated/CMSIS_DSP/FilteringFunctions/arm_lms_norm_init_q31.c ****  * not use this file except in compliance with the License.
  18:../Dave/Generated/CMSIS_DSP/FilteringFunctions/arm_lms_norm_init_q31.c ****  * You may obtain a copy of the License at
  19:../Dave/Generated/CMSIS_DSP/FilteringFunctions/arm_lms_norm_init_q31.c ****  *
  20:../Dave/Generated/CMSIS_DSP/FilteringFunctions/arm_lms_norm_init_q31.c ****  * www.apache.org/licenses/LICENSE-2.0
  21:../Dave/Generated/CMSIS_DSP/FilteringFunctions/arm_lms_norm_init_q31.c ****  *
  22:../Dave/Generated/CMSIS_DSP/FilteringFunctions/arm_lms_norm_init_q31.c ****  * Unless required by applicable law or agreed to in writing, software
  23:../Dave/Generated/CMSIS_DSP/FilteringFunctions/arm_lms_norm_init_q31.c ****  * distributed under the License is distributed on an AS IS BASIS, WITHOUT
  24:../Dave/Generated/CMSIS_DSP/FilteringFunctions/arm_lms_norm_init_q31.c ****  * WARRANTIES OR CONDITIONS OF ANY KIND, either express or implied.
  25:../Dave/Generated/CMSIS_DSP/FilteringFunctions/arm_lms_norm_init_q31.c ****  * See the License for the specific language governing permissions and
  26:../Dave/Generated/CMSIS_DSP/FilteringFunctions/arm_lms_norm_init_q31.c ****  * limitations under the License.
  27:../Dave/Generated/CMSIS_DSP/FilteringFunctions/arm_lms_norm_init_q31.c ****  */
  28:../Dave/Generated/CMSIS_DSP/FilteringFunctions/arm_lms_norm_init_q31.c **** 
  29:../Dave/Generated/CMSIS_DSP/FilteringFunctions/arm_lms_norm_init_q31.c **** #include "CMSIS_DSP/cmsis_dsp.h"
  30:../Dave/Generated/CMSIS_DSP/FilteringFunctions/arm_lms_norm_init_q31.c **** #include "CMSIS_DSP/arm_common_tables.h"
  31:../Dave/Generated/CMSIS_DSP/FilteringFunctions/arm_lms_norm_init_q31.c **** 
  32:../Dave/Generated/CMSIS_DSP/FilteringFunctions/arm_lms_norm_init_q31.c **** /**
  33:../Dave/Generated/CMSIS_DSP/FilteringFunctions/arm_lms_norm_init_q31.c ****  * @addtogroup LMS_NORM
  34:../Dave/Generated/CMSIS_DSP/FilteringFunctions/arm_lms_norm_init_q31.c ****  * @{
  35:../Dave/Generated/CMSIS_DSP/FilteringFunctions/arm_lms_norm_init_q31.c ****  */
  36:../Dave/Generated/CMSIS_DSP/FilteringFunctions/arm_lms_norm_init_q31.c **** 
  37:../Dave/Generated/CMSIS_DSP/FilteringFunctions/arm_lms_norm_init_q31.c ****   /**
  38:../Dave/Generated/CMSIS_DSP/FilteringFunctions/arm_lms_norm_init_q31.c ****    * @brief Initialization function for Q31 normalized LMS filter.
  39:../Dave/Generated/CMSIS_DSP/FilteringFunctions/arm_lms_norm_init_q31.c ****    * @param[in] *S points to an instance of the Q31 normalized LMS filter structure.
  40:../Dave/Generated/CMSIS_DSP/FilteringFunctions/arm_lms_norm_init_q31.c ****    * @param[in] numTaps  number of filter coefficients.
  41:../Dave/Generated/CMSIS_DSP/FilteringFunctions/arm_lms_norm_init_q31.c ****    * @param[in] *pCoeffs points to coefficient buffer.
  42:../Dave/Generated/CMSIS_DSP/FilteringFunctions/arm_lms_norm_init_q31.c ****    * @param[in] *pState points to state buffer.
  43:../Dave/Generated/CMSIS_DSP/FilteringFunctions/arm_lms_norm_init_q31.c ****    * @param[in] mu step size that controls filter coefficient updates.
  44:../Dave/Generated/CMSIS_DSP/FilteringFunctions/arm_lms_norm_init_q31.c ****    * @param[in] blockSize number of samples to process.
  45:../Dave/Generated/CMSIS_DSP/FilteringFunctions/arm_lms_norm_init_q31.c ****    * @param[in] postShift bit shift applied to coefficients.
  46:../Dave/Generated/CMSIS_DSP/FilteringFunctions/arm_lms_norm_init_q31.c ****    * @return none.
  47:../Dave/Generated/CMSIS_DSP/FilteringFunctions/arm_lms_norm_init_q31.c ****  *
  48:../Dave/Generated/CMSIS_DSP/FilteringFunctions/arm_lms_norm_init_q31.c ****  * <b>Description:</b>
  49:../Dave/Generated/CMSIS_DSP/FilteringFunctions/arm_lms_norm_init_q31.c ****  * \par
  50:../Dave/Generated/CMSIS_DSP/FilteringFunctions/arm_lms_norm_init_q31.c ****  * <code>pCoeffs</code> points to the array of filter coefficients stored in time reversed order:
  51:../Dave/Generated/CMSIS_DSP/FilteringFunctions/arm_lms_norm_init_q31.c ****  * <pre>
  52:../Dave/Generated/CMSIS_DSP/FilteringFunctions/arm_lms_norm_init_q31.c ****  *    {b[numTaps-1], b[numTaps-2], b[N-2], ..., b[1], b[0]}
  53:../Dave/Generated/CMSIS_DSP/FilteringFunctions/arm_lms_norm_init_q31.c ****  * </pre>
  54:../Dave/Generated/CMSIS_DSP/FilteringFunctions/arm_lms_norm_init_q31.c ****  * The initial filter coefficients serve as a starting point for the adaptive filter.
  55:../Dave/Generated/CMSIS_DSP/FilteringFunctions/arm_lms_norm_init_q31.c ****  * <code>pState</code> points to an array of length <code>numTaps+blockSize-1</code> samples,
  56:../Dave/Generated/CMSIS_DSP/FilteringFunctions/arm_lms_norm_init_q31.c ****  * where <code>blockSize</code> is the number of input samples processed by each call to <code>arm_
  57:../Dave/Generated/CMSIS_DSP/FilteringFunctions/arm_lms_norm_init_q31.c ****  */
  58:../Dave/Generated/CMSIS_DSP/FilteringFunctions/arm_lms_norm_init_q31.c **** 
  59:../Dave/Generated/CMSIS_DSP/FilteringFunctions/arm_lms_norm_init_q31.c **** void arm_lms_norm_init_q31(
  60:../Dave/Generated/CMSIS_DSP/FilteringFunctions/arm_lms_norm_init_q31.c ****   arm_lms_norm_instance_q31 * S,
  61:../Dave/Generated/CMSIS_DSP/FilteringFunctions/arm_lms_norm_init_q31.c ****   uint16_t numTaps,
  62:../Dave/Generated/CMSIS_DSP/FilteringFunctions/arm_lms_norm_init_q31.c ****   q31_t * pCoeffs,
  63:../Dave/Generated/CMSIS_DSP/FilteringFunctions/arm_lms_norm_init_q31.c ****   q31_t * pState,
  64:../Dave/Generated/CMSIS_DSP/FilteringFunctions/arm_lms_norm_init_q31.c ****   q31_t mu,
  65:../Dave/Generated/CMSIS_DSP/FilteringFunctions/arm_lms_norm_init_q31.c ****   uint32_t blockSize,
  66:../Dave/Generated/CMSIS_DSP/FilteringFunctions/arm_lms_norm_init_q31.c ****   uint8_t postShift)
  67:../Dave/Generated/CMSIS_DSP/FilteringFunctions/arm_lms_norm_init_q31.c **** {
  28              	 .loc 1 67 0
  29              	 .cfi_startproc
  30              	 
  31              	 
  32 0000 80B5     	 push {r7,lr}
  33              	.LCFI0:
  34              	 .cfi_def_cfa_offset 8
  35              	 .cfi_offset 7,-8
  36              	 .cfi_offset 14,-4
  37 0002 84B0     	 sub sp,sp,#16
  38              	.LCFI1:
  39              	 .cfi_def_cfa_offset 24
  40 0004 00AF     	 add r7,sp,#0
  41              	.LCFI2:
  42              	 .cfi_def_cfa_register 7
  43 0006 F860     	 str r0,[r7,#12]
  44 0008 7A60     	 str r2,[r7,#4]
  45 000a 3B60     	 str r3,[r7]
  46 000c 0B46     	 mov r3,r1
  47 000e 7B81     	 strh r3,[r7,#10]
  68:../Dave/Generated/CMSIS_DSP/FilteringFunctions/arm_lms_norm_init_q31.c ****   /* Assign filter taps */
  69:../Dave/Generated/CMSIS_DSP/FilteringFunctions/arm_lms_norm_init_q31.c ****   S->numTaps = numTaps;
  48              	 .loc 1 69 0
  49 0010 FB68     	 ldr r3,[r7,#12]
  50 0012 7A89     	 ldrh r2,[r7,#10]
  51 0014 1A80     	 strh r2,[r3]
  70:../Dave/Generated/CMSIS_DSP/FilteringFunctions/arm_lms_norm_init_q31.c **** 
  71:../Dave/Generated/CMSIS_DSP/FilteringFunctions/arm_lms_norm_init_q31.c ****   /* Assign coefficient pointer */
  72:../Dave/Generated/CMSIS_DSP/FilteringFunctions/arm_lms_norm_init_q31.c ****   S->pCoeffs = pCoeffs;
  52              	 .loc 1 72 0
  53 0016 FB68     	 ldr r3,[r7,#12]
  54 0018 7A68     	 ldr r2,[r7,#4]
  55 001a 9A60     	 str r2,[r3,#8]
  73:../Dave/Generated/CMSIS_DSP/FilteringFunctions/arm_lms_norm_init_q31.c **** 
  74:../Dave/Generated/CMSIS_DSP/FilteringFunctions/arm_lms_norm_init_q31.c ****   /* Clear state buffer and size is always blockSize + numTaps - 1  */
  75:../Dave/Generated/CMSIS_DSP/FilteringFunctions/arm_lms_norm_init_q31.c ****   memset(pState, 0, (numTaps + (blockSize - 1u)) * sizeof(q31_t));
  56              	 .loc 1 75 0
  57 001c 7A89     	 ldrh r2,[r7,#10]
  58 001e FB69     	 ldr r3,[r7,#28]
  59 0020 1344     	 add r3,r3,r2
  60 0022 03F18043 	 add r3,r3,#1073741824
  61 0026 013B     	 subs r3,r3,#1
  62 0028 9B00     	 lsls r3,r3,#2
  63 002a 3868     	 ldr r0,[r7]
  64 002c 0021     	 movs r1,#0
  65 002e 1A46     	 mov r2,r3
  66 0030 FFF7FEFF 	 bl memset
  76:../Dave/Generated/CMSIS_DSP/FilteringFunctions/arm_lms_norm_init_q31.c **** 
  77:../Dave/Generated/CMSIS_DSP/FilteringFunctions/arm_lms_norm_init_q31.c ****   /* Assign post Shift value applied to coefficients */
  78:../Dave/Generated/CMSIS_DSP/FilteringFunctions/arm_lms_norm_init_q31.c ****   S->postShift = postShift;
  67              	 .loc 1 78 0
  68 0034 FB68     	 ldr r3,[r7,#12]
  69 0036 97F82020 	 ldrb r2,[r7,#32]
  70 003a 1A74     	 strb r2,[r3,#16]
  79:../Dave/Generated/CMSIS_DSP/FilteringFunctions/arm_lms_norm_init_q31.c **** 
  80:../Dave/Generated/CMSIS_DSP/FilteringFunctions/arm_lms_norm_init_q31.c ****   /* Assign state pointer */
  81:../Dave/Generated/CMSIS_DSP/FilteringFunctions/arm_lms_norm_init_q31.c ****   S->pState = pState;
  71              	 .loc 1 81 0
  72 003c FB68     	 ldr r3,[r7,#12]
  73 003e 3A68     	 ldr r2,[r7]
  74 0040 5A60     	 str r2,[r3,#4]
  82:../Dave/Generated/CMSIS_DSP/FilteringFunctions/arm_lms_norm_init_q31.c **** 
  83:../Dave/Generated/CMSIS_DSP/FilteringFunctions/arm_lms_norm_init_q31.c ****   /* Assign Step size value */
  84:../Dave/Generated/CMSIS_DSP/FilteringFunctions/arm_lms_norm_init_q31.c ****   S->mu = mu;
  75              	 .loc 1 84 0
  76 0042 FB68     	 ldr r3,[r7,#12]
  77 0044 BA69     	 ldr r2,[r7,#24]
  78 0046 DA60     	 str r2,[r3,#12]
  85:../Dave/Generated/CMSIS_DSP/FilteringFunctions/arm_lms_norm_init_q31.c **** 
  86:../Dave/Generated/CMSIS_DSP/FilteringFunctions/arm_lms_norm_init_q31.c ****   /* Initialize reciprocal pointer table */
  87:../Dave/Generated/CMSIS_DSP/FilteringFunctions/arm_lms_norm_init_q31.c ****   S->recipTable = (q31_t *) armRecipTableQ31;
  79              	 .loc 1 87 0
  80 0048 FB68     	 ldr r3,[r7,#12]
  81 004a 054A     	 ldr r2,.L2
  82 004c 5A61     	 str r2,[r3,#20]
  88:../Dave/Generated/CMSIS_DSP/FilteringFunctions/arm_lms_norm_init_q31.c **** 
  89:../Dave/Generated/CMSIS_DSP/FilteringFunctions/arm_lms_norm_init_q31.c ****   /* Initialise Energy to zero */
  90:../Dave/Generated/CMSIS_DSP/FilteringFunctions/arm_lms_norm_init_q31.c ****   S->energy = 0;
  83              	 .loc 1 90 0
  84 004e FB68     	 ldr r3,[r7,#12]
  85 0050 0022     	 movs r2,#0
  86 0052 9A61     	 str r2,[r3,#24]
  91:../Dave/Generated/CMSIS_DSP/FilteringFunctions/arm_lms_norm_init_q31.c **** 
  92:../Dave/Generated/CMSIS_DSP/FilteringFunctions/arm_lms_norm_init_q31.c ****   /* Initialise x0 to zero */
  93:../Dave/Generated/CMSIS_DSP/FilteringFunctions/arm_lms_norm_init_q31.c ****   S->x0 = 0;
  87              	 .loc 1 93 0
  88 0054 FB68     	 ldr r3,[r7,#12]
  89 0056 0022     	 movs r2,#0
  90 0058 DA61     	 str r2,[r3,#28]
  94:../Dave/Generated/CMSIS_DSP/FilteringFunctions/arm_lms_norm_init_q31.c **** 
  95:../Dave/Generated/CMSIS_DSP/FilteringFunctions/arm_lms_norm_init_q31.c **** }
  91              	 .loc 1 95 0
  92 005a 1037     	 adds r7,r7,#16
  93              	.LCFI3:
  94              	 .cfi_def_cfa_offset 8
  95 005c BD46     	 mov sp,r7
  96              	.LCFI4:
  97              	 .cfi_def_cfa_register 13
  98              	 
  99 005e 80BD     	 pop {r7,pc}
 100              	.L3:
 101              	 .align 2
 102              	.L2:
 103 0060 00000000 	 .word armRecipTableQ31
 104              	 .cfi_endproc
 105              	.LFE135:
 107              	 .text
 108              	.Letext0:
 109              	 .file 2 "c:\\program files (x86)\\dave\\eclipse\\arm-gcc-49\\arm-none-eabi\\include\\machine\\_default_types.h"
 110              	 .file 3 "c:\\program files (x86)\\dave\\eclipse\\arm-gcc-49\\arm-none-eabi\\include\\stdint.h"
 111              	 .file 4 "C:/Users/VMORAIS/Documents/DAVE_WS/1p_inverter_200V/Dave/Generated/CMSIS_DSP/arm_math.h"
 112              	 .file 5 "C:/Users/VMORAIS/Documents/DAVE_WS/1p_inverter_200V/Dave/Generated/CMSIS_DSP/arm_common_tables.h"
DEFINED SYMBOLS
                            *ABS*:00000000 arm_lms_norm_init_q31.c
    {standard input}:20     .text.arm_lms_norm_init_q31:00000000 $t
    {standard input}:25     .text.arm_lms_norm_init_q31:00000000 arm_lms_norm_init_q31
    {standard input}:103    .text.arm_lms_norm_init_q31:00000060 $d
                     .debug_frame:00000010 $d

UNDEFINED SYMBOLS
memset
armRecipTableQ31
