   1              	 .syntax unified
   2              	 .cpu cortex-m4
   3              	 .eabi_attribute 27,3
   4              	 .fpu fpv4-sp-d16
   5              	 .eabi_attribute 20,1
   6              	 .eabi_attribute 21,1
   7              	 .eabi_attribute 23,3
   8              	 .eabi_attribute 24,1
   9              	 .eabi_attribute 25,1
  10              	 .eabi_attribute 26,1
  11              	 .eabi_attribute 30,6
  12              	 .eabi_attribute 34,1
  13              	 .eabi_attribute 18,4
  14              	 .thumb
  15              	 .file "arm_fir_decimate_q31.c"
  16              	 .text
  17              	.Ltext0:
  18              	 .cfi_sections .debug_frame
  19              	 .section .text.arm_fir_decimate_q31,"ax",%progbits
  20              	 .align 2
  21              	 .global arm_fir_decimate_q31
  22              	 .thumb
  23              	 .thumb_func
  25              	arm_fir_decimate_q31:
  26              	.LFB135:
  27              	 .file 1 "../Dave/Generated/CMSIS_DSP/FilteringFunctions/arm_fir_decimate_q31.c"
   1:../Dave/Generated/CMSIS_DSP/FilteringFunctions/arm_fir_decimate_q31.c **** /* ----------------------------------------------------------------------
   2:../Dave/Generated/CMSIS_DSP/FilteringFunctions/arm_fir_decimate_q31.c ****  * Project:      CMSIS DSP Library
   3:../Dave/Generated/CMSIS_DSP/FilteringFunctions/arm_fir_decimate_q31.c ****  * Title:        arm_fir_decimate_q31.c
   4:../Dave/Generated/CMSIS_DSP/FilteringFunctions/arm_fir_decimate_q31.c ****  * Description:  Q31 FIR Decimator
   5:../Dave/Generated/CMSIS_DSP/FilteringFunctions/arm_fir_decimate_q31.c ****  *
   6:../Dave/Generated/CMSIS_DSP/FilteringFunctions/arm_fir_decimate_q31.c ****  * $Date:        27. January 2017
   7:../Dave/Generated/CMSIS_DSP/FilteringFunctions/arm_fir_decimate_q31.c ****  * $Revision:    V.1.5.1
   8:../Dave/Generated/CMSIS_DSP/FilteringFunctions/arm_fir_decimate_q31.c ****  *
   9:../Dave/Generated/CMSIS_DSP/FilteringFunctions/arm_fir_decimate_q31.c ****  * Target Processor: Cortex-M cores
  10:../Dave/Generated/CMSIS_DSP/FilteringFunctions/arm_fir_decimate_q31.c ****  * -------------------------------------------------------------------- */
  11:../Dave/Generated/CMSIS_DSP/FilteringFunctions/arm_fir_decimate_q31.c **** /*
  12:../Dave/Generated/CMSIS_DSP/FilteringFunctions/arm_fir_decimate_q31.c ****  * Copyright (C) 2010-2017 ARM Limited or its affiliates. All rights reserved.
  13:../Dave/Generated/CMSIS_DSP/FilteringFunctions/arm_fir_decimate_q31.c ****  *
  14:../Dave/Generated/CMSIS_DSP/FilteringFunctions/arm_fir_decimate_q31.c ****  * SPDX-License-Identifier: Apache-2.0
  15:../Dave/Generated/CMSIS_DSP/FilteringFunctions/arm_fir_decimate_q31.c ****  *
  16:../Dave/Generated/CMSIS_DSP/FilteringFunctions/arm_fir_decimate_q31.c ****  * Licensed under the Apache License, Version 2.0 (the License); you may
  17:../Dave/Generated/CMSIS_DSP/FilteringFunctions/arm_fir_decimate_q31.c ****  * not use this file except in compliance with the License.
  18:../Dave/Generated/CMSIS_DSP/FilteringFunctions/arm_fir_decimate_q31.c ****  * You may obtain a copy of the License at
  19:../Dave/Generated/CMSIS_DSP/FilteringFunctions/arm_fir_decimate_q31.c ****  *
  20:../Dave/Generated/CMSIS_DSP/FilteringFunctions/arm_fir_decimate_q31.c ****  * www.apache.org/licenses/LICENSE-2.0
  21:../Dave/Generated/CMSIS_DSP/FilteringFunctions/arm_fir_decimate_q31.c ****  *
  22:../Dave/Generated/CMSIS_DSP/FilteringFunctions/arm_fir_decimate_q31.c ****  * Unless required by applicable law or agreed to in writing, software
  23:../Dave/Generated/CMSIS_DSP/FilteringFunctions/arm_fir_decimate_q31.c ****  * distributed under the License is distributed on an AS IS BASIS, WITHOUT
  24:../Dave/Generated/CMSIS_DSP/FilteringFunctions/arm_fir_decimate_q31.c ****  * WARRANTIES OR CONDITIONS OF ANY KIND, either express or implied.
  25:../Dave/Generated/CMSIS_DSP/FilteringFunctions/arm_fir_decimate_q31.c ****  * See the License for the specific language governing permissions and
  26:../Dave/Generated/CMSIS_DSP/FilteringFunctions/arm_fir_decimate_q31.c ****  * limitations under the License.
  27:../Dave/Generated/CMSIS_DSP/FilteringFunctions/arm_fir_decimate_q31.c ****  */
  28:../Dave/Generated/CMSIS_DSP/FilteringFunctions/arm_fir_decimate_q31.c **** 
  29:../Dave/Generated/CMSIS_DSP/FilteringFunctions/arm_fir_decimate_q31.c **** #include "CMSIS_DSP/cmsis_dsp.h"
  30:../Dave/Generated/CMSIS_DSP/FilteringFunctions/arm_fir_decimate_q31.c **** 
  31:../Dave/Generated/CMSIS_DSP/FilteringFunctions/arm_fir_decimate_q31.c **** /**
  32:../Dave/Generated/CMSIS_DSP/FilteringFunctions/arm_fir_decimate_q31.c ****  * @ingroup groupFilters
  33:../Dave/Generated/CMSIS_DSP/FilteringFunctions/arm_fir_decimate_q31.c ****  */
  34:../Dave/Generated/CMSIS_DSP/FilteringFunctions/arm_fir_decimate_q31.c **** 
  35:../Dave/Generated/CMSIS_DSP/FilteringFunctions/arm_fir_decimate_q31.c **** /**
  36:../Dave/Generated/CMSIS_DSP/FilteringFunctions/arm_fir_decimate_q31.c ****  * @addtogroup FIR_decimate
  37:../Dave/Generated/CMSIS_DSP/FilteringFunctions/arm_fir_decimate_q31.c ****  * @{
  38:../Dave/Generated/CMSIS_DSP/FilteringFunctions/arm_fir_decimate_q31.c ****  */
  39:../Dave/Generated/CMSIS_DSP/FilteringFunctions/arm_fir_decimate_q31.c **** 
  40:../Dave/Generated/CMSIS_DSP/FilteringFunctions/arm_fir_decimate_q31.c **** /**
  41:../Dave/Generated/CMSIS_DSP/FilteringFunctions/arm_fir_decimate_q31.c ****  * @brief Processing function for the Q31 FIR decimator.
  42:../Dave/Generated/CMSIS_DSP/FilteringFunctions/arm_fir_decimate_q31.c ****  * @param[in] *S points to an instance of the Q31 FIR decimator structure.
  43:../Dave/Generated/CMSIS_DSP/FilteringFunctions/arm_fir_decimate_q31.c ****  * @param[in] *pSrc points to the block of input data.
  44:../Dave/Generated/CMSIS_DSP/FilteringFunctions/arm_fir_decimate_q31.c ****  * @param[out] *pDst points to the block of output data
  45:../Dave/Generated/CMSIS_DSP/FilteringFunctions/arm_fir_decimate_q31.c ****  * @param[in] blockSize number of input samples to process per call.
  46:../Dave/Generated/CMSIS_DSP/FilteringFunctions/arm_fir_decimate_q31.c ****  * @return none
  47:../Dave/Generated/CMSIS_DSP/FilteringFunctions/arm_fir_decimate_q31.c ****  *
  48:../Dave/Generated/CMSIS_DSP/FilteringFunctions/arm_fir_decimate_q31.c ****  * <b>Scaling and Overflow Behavior:</b>
  49:../Dave/Generated/CMSIS_DSP/FilteringFunctions/arm_fir_decimate_q31.c ****  * \par
  50:../Dave/Generated/CMSIS_DSP/FilteringFunctions/arm_fir_decimate_q31.c ****  * The function is implemented using an internal 64-bit accumulator.
  51:../Dave/Generated/CMSIS_DSP/FilteringFunctions/arm_fir_decimate_q31.c ****  * The accumulator has a 2.62 format and maintains full precision of the intermediate multiplicatio
  52:../Dave/Generated/CMSIS_DSP/FilteringFunctions/arm_fir_decimate_q31.c ****  * Thus, if the accumulator result overflows it wraps around rather than clip.
  53:../Dave/Generated/CMSIS_DSP/FilteringFunctions/arm_fir_decimate_q31.c ****  * In order to avoid overflows completely the input signal must be scaled down by log2(numTaps) bit
  54:../Dave/Generated/CMSIS_DSP/FilteringFunctions/arm_fir_decimate_q31.c ****  * After all multiply-accumulates are performed, the 2.62 accumulator is truncated to 1.32 format a
  55:../Dave/Generated/CMSIS_DSP/FilteringFunctions/arm_fir_decimate_q31.c ****  *
  56:../Dave/Generated/CMSIS_DSP/FilteringFunctions/arm_fir_decimate_q31.c ****  * \par
  57:../Dave/Generated/CMSIS_DSP/FilteringFunctions/arm_fir_decimate_q31.c ****  * Refer to the function <code>arm_fir_decimate_fast_q31()</code> for a faster but less precise imp
  58:../Dave/Generated/CMSIS_DSP/FilteringFunctions/arm_fir_decimate_q31.c ****  */
  59:../Dave/Generated/CMSIS_DSP/FilteringFunctions/arm_fir_decimate_q31.c **** 
  60:../Dave/Generated/CMSIS_DSP/FilteringFunctions/arm_fir_decimate_q31.c **** void arm_fir_decimate_q31(
  61:../Dave/Generated/CMSIS_DSP/FilteringFunctions/arm_fir_decimate_q31.c ****   const arm_fir_decimate_instance_q31 * S,
  62:../Dave/Generated/CMSIS_DSP/FilteringFunctions/arm_fir_decimate_q31.c ****   q31_t * pSrc,
  63:../Dave/Generated/CMSIS_DSP/FilteringFunctions/arm_fir_decimate_q31.c ****   q31_t * pDst,
  64:../Dave/Generated/CMSIS_DSP/FilteringFunctions/arm_fir_decimate_q31.c ****   uint32_t blockSize)
  65:../Dave/Generated/CMSIS_DSP/FilteringFunctions/arm_fir_decimate_q31.c **** {
  28              	 .loc 1 65 0
  29              	 .cfi_startproc
  30              	 
  31              	 
  32 0000 F0B5     	 push {r4,r5,r6,r7,lr}
  33              	.LCFI0:
  34              	 .cfi_def_cfa_offset 20
  35              	 .cfi_offset 4,-20
  36              	 .cfi_offset 5,-16
  37              	 .cfi_offset 6,-12
  38              	 .cfi_offset 7,-8
  39              	 .cfi_offset 14,-4
  40 0002 93B0     	 sub sp,sp,#76
  41              	.LCFI1:
  42              	 .cfi_def_cfa_offset 96
  43 0004 00AF     	 add r7,sp,#0
  44              	.LCFI2:
  45              	 .cfi_def_cfa_register 7
  46 0006 F860     	 str r0,[r7,#12]
  47 0008 B960     	 str r1,[r7,#8]
  48 000a 7A60     	 str r2,[r7,#4]
  49 000c 3B60     	 str r3,[r7]
  66:../Dave/Generated/CMSIS_DSP/FilteringFunctions/arm_fir_decimate_q31.c ****   q31_t *pState = S->pState;                     /* State pointer */
  50              	 .loc 1 66 0
  51 000e FB68     	 ldr r3,[r7,#12]
  52 0010 9B68     	 ldr r3,[r3,#8]
  53 0012 7B64     	 str r3,[r7,#68]
  67:../Dave/Generated/CMSIS_DSP/FilteringFunctions/arm_fir_decimate_q31.c ****   q31_t *pCoeffs = S->pCoeffs;                   /* Coefficient pointer */
  54              	 .loc 1 67 0
  55 0014 FB68     	 ldr r3,[r7,#12]
  56 0016 5B68     	 ldr r3,[r3,#4]
  57 0018 3B62     	 str r3,[r7,#32]
  68:../Dave/Generated/CMSIS_DSP/FilteringFunctions/arm_fir_decimate_q31.c ****   q31_t *pStateCurnt;                            /* Points to the current sample of the state */
  69:../Dave/Generated/CMSIS_DSP/FilteringFunctions/arm_fir_decimate_q31.c ****   q31_t x0, c0;                                  /* Temporary variables to hold state and coefficie
  70:../Dave/Generated/CMSIS_DSP/FilteringFunctions/arm_fir_decimate_q31.c ****   q31_t *px;                                     /* Temporary pointers for state buffer */
  71:../Dave/Generated/CMSIS_DSP/FilteringFunctions/arm_fir_decimate_q31.c ****   q31_t *pb;                                     /* Temporary pointers for coefficient buffer */
  72:../Dave/Generated/CMSIS_DSP/FilteringFunctions/arm_fir_decimate_q31.c ****   q63_t sum0;                                    /* Accumulator */
  73:../Dave/Generated/CMSIS_DSP/FilteringFunctions/arm_fir_decimate_q31.c ****   uint32_t numTaps = S->numTaps;                 /* Number of taps */
  58              	 .loc 1 73 0
  59 001a FB68     	 ldr r3,[r7,#12]
  60 001c 5B88     	 ldrh r3,[r3,#2]
  61 001e FB61     	 str r3,[r7,#28]
  74:../Dave/Generated/CMSIS_DSP/FilteringFunctions/arm_fir_decimate_q31.c ****   uint32_t i, tapCnt, blkCnt, outBlockSize = blockSize / S->M;  /* Loop counters */
  62              	 .loc 1 74 0
  63 0020 FB68     	 ldr r3,[r7,#12]
  64 0022 1B78     	 ldrb r3,[r3]
  65 0024 1A46     	 mov r2,r3
  66 0026 3B68     	 ldr r3,[r7]
  67 0028 B3FBF2F3 	 udiv r3,r3,r2
  68 002c BB61     	 str r3,[r7,#24]
  75:../Dave/Generated/CMSIS_DSP/FilteringFunctions/arm_fir_decimate_q31.c **** 
  76:../Dave/Generated/CMSIS_DSP/FilteringFunctions/arm_fir_decimate_q31.c **** 
  77:../Dave/Generated/CMSIS_DSP/FilteringFunctions/arm_fir_decimate_q31.c **** #if defined (ARM_MATH_DSP)
  78:../Dave/Generated/CMSIS_DSP/FilteringFunctions/arm_fir_decimate_q31.c **** 
  79:../Dave/Generated/CMSIS_DSP/FilteringFunctions/arm_fir_decimate_q31.c ****   /* Run the below code for Cortex-M4 and Cortex-M3 */
  80:../Dave/Generated/CMSIS_DSP/FilteringFunctions/arm_fir_decimate_q31.c **** 
  81:../Dave/Generated/CMSIS_DSP/FilteringFunctions/arm_fir_decimate_q31.c ****   /* S->pState buffer contains previous frame (numTaps - 1) samples */
  82:../Dave/Generated/CMSIS_DSP/FilteringFunctions/arm_fir_decimate_q31.c ****   /* pStateCurnt points to the location where the new input data should be written */
  83:../Dave/Generated/CMSIS_DSP/FilteringFunctions/arm_fir_decimate_q31.c ****   pStateCurnt = S->pState + (numTaps - 1u);
  69              	 .loc 1 83 0
  70 002e FB68     	 ldr r3,[r7,#12]
  71 0030 9A68     	 ldr r2,[r3,#8]
  72 0032 FB69     	 ldr r3,[r7,#28]
  73 0034 03F18043 	 add r3,r3,#1073741824
  74 0038 013B     	 subs r3,r3,#1
  75 003a 9B00     	 lsls r3,r3,#2
  76 003c 1344     	 add r3,r3,r2
  77 003e 3B64     	 str r3,[r7,#64]
  84:../Dave/Generated/CMSIS_DSP/FilteringFunctions/arm_fir_decimate_q31.c **** 
  85:../Dave/Generated/CMSIS_DSP/FilteringFunctions/arm_fir_decimate_q31.c ****   /* Total number of output samples to be computed */
  86:../Dave/Generated/CMSIS_DSP/FilteringFunctions/arm_fir_decimate_q31.c ****   blkCnt = outBlockSize;
  78              	 .loc 1 86 0
  79 0040 BB69     	 ldr r3,[r7,#24]
  80 0042 7B62     	 str r3,[r7,#36]
  87:../Dave/Generated/CMSIS_DSP/FilteringFunctions/arm_fir_decimate_q31.c **** 
  88:../Dave/Generated/CMSIS_DSP/FilteringFunctions/arm_fir_decimate_q31.c ****   while (blkCnt > 0u)
  81              	 .loc 1 88 0
  82 0044 EEE0     	 b .L2
  83              	.L8:
  89:../Dave/Generated/CMSIS_DSP/FilteringFunctions/arm_fir_decimate_q31.c ****   {
  90:../Dave/Generated/CMSIS_DSP/FilteringFunctions/arm_fir_decimate_q31.c ****     /* Copy decimation factor number of new input samples into the state buffer */
  91:../Dave/Generated/CMSIS_DSP/FilteringFunctions/arm_fir_decimate_q31.c ****     i = S->M;
  84              	 .loc 1 91 0
  85 0046 FB68     	 ldr r3,[r7,#12]
  86 0048 1B78     	 ldrb r3,[r3]
  87 004a FB62     	 str r3,[r7,#44]
  88              	.L3:
  92:../Dave/Generated/CMSIS_DSP/FilteringFunctions/arm_fir_decimate_q31.c **** 
  93:../Dave/Generated/CMSIS_DSP/FilteringFunctions/arm_fir_decimate_q31.c ****     do
  94:../Dave/Generated/CMSIS_DSP/FilteringFunctions/arm_fir_decimate_q31.c ****     {
  95:../Dave/Generated/CMSIS_DSP/FilteringFunctions/arm_fir_decimate_q31.c ****       *pStateCurnt++ = *pSrc++;
  89              	 .loc 1 95 0 discriminator 1
  90 004c 3B6C     	 ldr r3,[r7,#64]
  91 004e 1A1D     	 adds r2,r3,#4
  92 0050 3A64     	 str r2,[r7,#64]
  93 0052 BA68     	 ldr r2,[r7,#8]
  94 0054 111D     	 adds r1,r2,#4
  95 0056 B960     	 str r1,[r7,#8]
  96 0058 1268     	 ldr r2,[r2]
  97 005a 1A60     	 str r2,[r3]
  96:../Dave/Generated/CMSIS_DSP/FilteringFunctions/arm_fir_decimate_q31.c **** 
  97:../Dave/Generated/CMSIS_DSP/FilteringFunctions/arm_fir_decimate_q31.c ****     } while (--i);
  98              	 .loc 1 97 0 discriminator 1
  99 005c FB6A     	 ldr r3,[r7,#44]
 100 005e 013B     	 subs r3,r3,#1
 101 0060 FB62     	 str r3,[r7,#44]
 102 0062 FB6A     	 ldr r3,[r7,#44]
 103 0064 002B     	 cmp r3,#0
 104 0066 F1D1     	 bne .L3
  98:../Dave/Generated/CMSIS_DSP/FilteringFunctions/arm_fir_decimate_q31.c **** 
  99:../Dave/Generated/CMSIS_DSP/FilteringFunctions/arm_fir_decimate_q31.c ****     /* Set accumulator to zero */
 100:../Dave/Generated/CMSIS_DSP/FilteringFunctions/arm_fir_decimate_q31.c ****     sum0 = 0;
 105              	 .loc 1 100 0
 106 0068 4FF00002 	 mov r2,#0
 107 006c 4FF00003 	 mov r3,#0
 108 0070 C7E90C23 	 strd r2,[r7,#48]
 101:../Dave/Generated/CMSIS_DSP/FilteringFunctions/arm_fir_decimate_q31.c **** 
 102:../Dave/Generated/CMSIS_DSP/FilteringFunctions/arm_fir_decimate_q31.c ****     /* Initialize state pointer */
 103:../Dave/Generated/CMSIS_DSP/FilteringFunctions/arm_fir_decimate_q31.c ****     px = pState;
 109              	 .loc 1 103 0
 110 0074 7B6C     	 ldr r3,[r7,#68]
 111 0076 FB63     	 str r3,[r7,#60]
 104:../Dave/Generated/CMSIS_DSP/FilteringFunctions/arm_fir_decimate_q31.c **** 
 105:../Dave/Generated/CMSIS_DSP/FilteringFunctions/arm_fir_decimate_q31.c ****     /* Initialize coeff pointer */
 106:../Dave/Generated/CMSIS_DSP/FilteringFunctions/arm_fir_decimate_q31.c ****     pb = pCoeffs;
 112              	 .loc 1 106 0
 113 0078 3B6A     	 ldr r3,[r7,#32]
 114 007a BB63     	 str r3,[r7,#56]
 107:../Dave/Generated/CMSIS_DSP/FilteringFunctions/arm_fir_decimate_q31.c **** 
 108:../Dave/Generated/CMSIS_DSP/FilteringFunctions/arm_fir_decimate_q31.c ****     /* Loop unrolling.  Process 4 taps at a time. */
 109:../Dave/Generated/CMSIS_DSP/FilteringFunctions/arm_fir_decimate_q31.c ****     tapCnt = numTaps >> 2;
 115              	 .loc 1 109 0
 116 007c FB69     	 ldr r3,[r7,#28]
 117 007e 9B08     	 lsrs r3,r3,#2
 118 0080 BB62     	 str r3,[r7,#40]
 110:../Dave/Generated/CMSIS_DSP/FilteringFunctions/arm_fir_decimate_q31.c **** 
 111:../Dave/Generated/CMSIS_DSP/FilteringFunctions/arm_fir_decimate_q31.c ****     /* Loop over the number of taps.  Unroll by a factor of 4.
 112:../Dave/Generated/CMSIS_DSP/FilteringFunctions/arm_fir_decimate_q31.c ****      ** Repeat until we've computed numTaps-4 coefficients. */
 113:../Dave/Generated/CMSIS_DSP/FilteringFunctions/arm_fir_decimate_q31.c ****     while (tapCnt > 0u)
 119              	 .loc 1 113 0
 120 0082 8AE0     	 b .L4
 121              	.L5:
 114:../Dave/Generated/CMSIS_DSP/FilteringFunctions/arm_fir_decimate_q31.c ****     {
 115:../Dave/Generated/CMSIS_DSP/FilteringFunctions/arm_fir_decimate_q31.c ****       /* Read the b[numTaps-1] coefficient */
 116:../Dave/Generated/CMSIS_DSP/FilteringFunctions/arm_fir_decimate_q31.c ****       c0 = *(pb++);
 122              	 .loc 1 116 0
 123 0084 BB6B     	 ldr r3,[r7,#56]
 124 0086 1A1D     	 adds r2,r3,#4
 125 0088 BA63     	 str r2,[r7,#56]
 126 008a 1B68     	 ldr r3,[r3]
 127 008c 7B61     	 str r3,[r7,#20]
 117:../Dave/Generated/CMSIS_DSP/FilteringFunctions/arm_fir_decimate_q31.c **** 
 118:../Dave/Generated/CMSIS_DSP/FilteringFunctions/arm_fir_decimate_q31.c ****       /* Read x[n-numTaps-1] sample */
 119:../Dave/Generated/CMSIS_DSP/FilteringFunctions/arm_fir_decimate_q31.c ****       x0 = *(px++);
 128              	 .loc 1 119 0
 129 008e FB6B     	 ldr r3,[r7,#60]
 130 0090 1A1D     	 adds r2,r3,#4
 131 0092 FA63     	 str r2,[r7,#60]
 132 0094 1B68     	 ldr r3,[r3]
 133 0096 3B61     	 str r3,[r7,#16]
 120:../Dave/Generated/CMSIS_DSP/FilteringFunctions/arm_fir_decimate_q31.c **** 
 121:../Dave/Generated/CMSIS_DSP/FilteringFunctions/arm_fir_decimate_q31.c ****       /* Perform the multiply-accumulate */
 122:../Dave/Generated/CMSIS_DSP/FilteringFunctions/arm_fir_decimate_q31.c ****       sum0 += (q63_t) x0 *c0;
 134              	 .loc 1 122 0
 135 0098 3B69     	 ldr r3,[r7,#16]
 136 009a 1846     	 mov r0,r3
 137 009c 4FEAE071 	 asr r1,r0,#31
 138 00a0 7B69     	 ldr r3,[r7,#20]
 139 00a2 1A46     	 mov r2,r3
 140 00a4 4FEAE273 	 asr r3,r2,#31
 141 00a8 02FB01FE 	 mul lr,r2,r1
 142 00ac 00FB03F6 	 mul r6,r0,r3
 143 00b0 7644     	 add r6,r6,lr
 144 00b2 A0FB0223 	 umull r2,r3,r0,r2
 145 00b6 F118     	 adds r1,r6,r3
 146 00b8 0B46     	 mov r3,r1
 147 00ba D7E90C01 	 ldrd r0,[r7,#48]
 148 00be 1218     	 adds r2,r2,r0
 149 00c0 43EB0103 	 adc r3,r3,r1
 150 00c4 C7E90C23 	 strd r2,[r7,#48]
 123:../Dave/Generated/CMSIS_DSP/FilteringFunctions/arm_fir_decimate_q31.c **** 
 124:../Dave/Generated/CMSIS_DSP/FilteringFunctions/arm_fir_decimate_q31.c ****       /* Read the b[numTaps-2] coefficient */
 125:../Dave/Generated/CMSIS_DSP/FilteringFunctions/arm_fir_decimate_q31.c ****       c0 = *(pb++);
 151              	 .loc 1 125 0
 152 00c8 BB6B     	 ldr r3,[r7,#56]
 153 00ca 1A1D     	 adds r2,r3,#4
 154 00cc BA63     	 str r2,[r7,#56]
 155 00ce 1B68     	 ldr r3,[r3]
 156 00d0 7B61     	 str r3,[r7,#20]
 126:../Dave/Generated/CMSIS_DSP/FilteringFunctions/arm_fir_decimate_q31.c **** 
 127:../Dave/Generated/CMSIS_DSP/FilteringFunctions/arm_fir_decimate_q31.c ****       /* Read x[n-numTaps-2] sample */
 128:../Dave/Generated/CMSIS_DSP/FilteringFunctions/arm_fir_decimate_q31.c ****       x0 = *(px++);
 157              	 .loc 1 128 0
 158 00d2 FB6B     	 ldr r3,[r7,#60]
 159 00d4 1A1D     	 adds r2,r3,#4
 160 00d6 FA63     	 str r2,[r7,#60]
 161 00d8 1B68     	 ldr r3,[r3]
 162 00da 3B61     	 str r3,[r7,#16]
 129:../Dave/Generated/CMSIS_DSP/FilteringFunctions/arm_fir_decimate_q31.c **** 
 130:../Dave/Generated/CMSIS_DSP/FilteringFunctions/arm_fir_decimate_q31.c ****       /* Perform the multiply-accumulate */
 131:../Dave/Generated/CMSIS_DSP/FilteringFunctions/arm_fir_decimate_q31.c ****       sum0 += (q63_t) x0 *c0;
 163              	 .loc 1 131 0
 164 00dc 3B69     	 ldr r3,[r7,#16]
 165 00de 1846     	 mov r0,r3
 166 00e0 4FEAE071 	 asr r1,r0,#31
 167 00e4 7B69     	 ldr r3,[r7,#20]
 168 00e6 1A46     	 mov r2,r3
 169 00e8 4FEAE273 	 asr r3,r2,#31
 170 00ec 02FB01FE 	 mul lr,r2,r1
 171 00f0 00FB03F6 	 mul r6,r0,r3
 172 00f4 7644     	 add r6,r6,lr
 173 00f6 A0FB0223 	 umull r2,r3,r0,r2
 174 00fa F118     	 adds r1,r6,r3
 175 00fc 0B46     	 mov r3,r1
 176 00fe D7E90C01 	 ldrd r0,[r7,#48]
 177 0102 1218     	 adds r2,r2,r0
 178 0104 43EB0103 	 adc r3,r3,r1
 179 0108 C7E90C23 	 strd r2,[r7,#48]
 132:../Dave/Generated/CMSIS_DSP/FilteringFunctions/arm_fir_decimate_q31.c **** 
 133:../Dave/Generated/CMSIS_DSP/FilteringFunctions/arm_fir_decimate_q31.c ****       /* Read the b[numTaps-3] coefficient */
 134:../Dave/Generated/CMSIS_DSP/FilteringFunctions/arm_fir_decimate_q31.c ****       c0 = *(pb++);
 180              	 .loc 1 134 0
 181 010c BB6B     	 ldr r3,[r7,#56]
 182 010e 1A1D     	 adds r2,r3,#4
 183 0110 BA63     	 str r2,[r7,#56]
 184 0112 1B68     	 ldr r3,[r3]
 185 0114 7B61     	 str r3,[r7,#20]
 135:../Dave/Generated/CMSIS_DSP/FilteringFunctions/arm_fir_decimate_q31.c **** 
 136:../Dave/Generated/CMSIS_DSP/FilteringFunctions/arm_fir_decimate_q31.c ****       /* Read x[n-numTaps-3] sample */
 137:../Dave/Generated/CMSIS_DSP/FilteringFunctions/arm_fir_decimate_q31.c ****       x0 = *(px++);
 186              	 .loc 1 137 0
 187 0116 FB6B     	 ldr r3,[r7,#60]
 188 0118 1A1D     	 adds r2,r3,#4
 189 011a FA63     	 str r2,[r7,#60]
 190 011c 1B68     	 ldr r3,[r3]
 191 011e 3B61     	 str r3,[r7,#16]
 138:../Dave/Generated/CMSIS_DSP/FilteringFunctions/arm_fir_decimate_q31.c **** 
 139:../Dave/Generated/CMSIS_DSP/FilteringFunctions/arm_fir_decimate_q31.c ****       /* Perform the multiply-accumulate */
 140:../Dave/Generated/CMSIS_DSP/FilteringFunctions/arm_fir_decimate_q31.c ****       sum0 += (q63_t) x0 *c0;
 192              	 .loc 1 140 0
 193 0120 3B69     	 ldr r3,[r7,#16]
 194 0122 1846     	 mov r0,r3
 195 0124 4FEAE071 	 asr r1,r0,#31
 196 0128 7B69     	 ldr r3,[r7,#20]
 197 012a 1A46     	 mov r2,r3
 198 012c 4FEAE273 	 asr r3,r2,#31
 199 0130 02FB01FE 	 mul lr,r2,r1
 200 0134 00FB03F6 	 mul r6,r0,r3
 201 0138 7644     	 add r6,r6,lr
 202 013a A0FB0223 	 umull r2,r3,r0,r2
 203 013e F118     	 adds r1,r6,r3
 204 0140 0B46     	 mov r3,r1
 205 0142 D7E90C01 	 ldrd r0,[r7,#48]
 206 0146 1218     	 adds r2,r2,r0
 207 0148 43EB0103 	 adc r3,r3,r1
 208 014c C7E90C23 	 strd r2,[r7,#48]
 141:../Dave/Generated/CMSIS_DSP/FilteringFunctions/arm_fir_decimate_q31.c **** 
 142:../Dave/Generated/CMSIS_DSP/FilteringFunctions/arm_fir_decimate_q31.c ****       /* Read the b[numTaps-4] coefficient */
 143:../Dave/Generated/CMSIS_DSP/FilteringFunctions/arm_fir_decimate_q31.c ****       c0 = *(pb++);
 209              	 .loc 1 143 0
 210 0150 BB6B     	 ldr r3,[r7,#56]
 211 0152 1A1D     	 adds r2,r3,#4
 212 0154 BA63     	 str r2,[r7,#56]
 213 0156 1B68     	 ldr r3,[r3]
 214 0158 7B61     	 str r3,[r7,#20]
 144:../Dave/Generated/CMSIS_DSP/FilteringFunctions/arm_fir_decimate_q31.c **** 
 145:../Dave/Generated/CMSIS_DSP/FilteringFunctions/arm_fir_decimate_q31.c ****       /* Read x[n-numTaps-4] sample */
 146:../Dave/Generated/CMSIS_DSP/FilteringFunctions/arm_fir_decimate_q31.c ****       x0 = *(px++);
 215              	 .loc 1 146 0
 216 015a FB6B     	 ldr r3,[r7,#60]
 217 015c 1A1D     	 adds r2,r3,#4
 218 015e FA63     	 str r2,[r7,#60]
 219 0160 1B68     	 ldr r3,[r3]
 220 0162 3B61     	 str r3,[r7,#16]
 147:../Dave/Generated/CMSIS_DSP/FilteringFunctions/arm_fir_decimate_q31.c **** 
 148:../Dave/Generated/CMSIS_DSP/FilteringFunctions/arm_fir_decimate_q31.c ****       /* Perform the multiply-accumulate */
 149:../Dave/Generated/CMSIS_DSP/FilteringFunctions/arm_fir_decimate_q31.c ****       sum0 += (q63_t) x0 *c0;
 221              	 .loc 1 149 0
 222 0164 3B69     	 ldr r3,[r7,#16]
 223 0166 1846     	 mov r0,r3
 224 0168 4FEAE071 	 asr r1,r0,#31
 225 016c 7B69     	 ldr r3,[r7,#20]
 226 016e 1A46     	 mov r2,r3
 227 0170 4FEAE273 	 asr r3,r2,#31
 228 0174 02FB01FE 	 mul lr,r2,r1
 229 0178 00FB03F6 	 mul r6,r0,r3
 230 017c 7644     	 add r6,r6,lr
 231 017e A0FB0223 	 umull r2,r3,r0,r2
 232 0182 F118     	 adds r1,r6,r3
 233 0184 0B46     	 mov r3,r1
 234 0186 D7E90C01 	 ldrd r0,[r7,#48]
 235 018a 1218     	 adds r2,r2,r0
 236 018c 43EB0103 	 adc r3,r3,r1
 237 0190 C7E90C23 	 strd r2,[r7,#48]
 150:../Dave/Generated/CMSIS_DSP/FilteringFunctions/arm_fir_decimate_q31.c **** 
 151:../Dave/Generated/CMSIS_DSP/FilteringFunctions/arm_fir_decimate_q31.c ****       /* Decrement the loop counter */
 152:../Dave/Generated/CMSIS_DSP/FilteringFunctions/arm_fir_decimate_q31.c ****       tapCnt--;
 238              	 .loc 1 152 0
 239 0194 BB6A     	 ldr r3,[r7,#40]
 240 0196 013B     	 subs r3,r3,#1
 241 0198 BB62     	 str r3,[r7,#40]
 242              	.L4:
 113:../Dave/Generated/CMSIS_DSP/FilteringFunctions/arm_fir_decimate_q31.c ****     {
 243              	 .loc 1 113 0
 244 019a BB6A     	 ldr r3,[r7,#40]
 245 019c 002B     	 cmp r3,#0
 246 019e 7FF471AF 	 bne .L5
 153:../Dave/Generated/CMSIS_DSP/FilteringFunctions/arm_fir_decimate_q31.c ****     }
 154:../Dave/Generated/CMSIS_DSP/FilteringFunctions/arm_fir_decimate_q31.c **** 
 155:../Dave/Generated/CMSIS_DSP/FilteringFunctions/arm_fir_decimate_q31.c ****     /* If the filter length is not a multiple of 4, compute the remaining filter taps */
 156:../Dave/Generated/CMSIS_DSP/FilteringFunctions/arm_fir_decimate_q31.c ****     tapCnt = numTaps % 0x4u;
 247              	 .loc 1 156 0
 248 01a2 FB69     	 ldr r3,[r7,#28]
 249 01a4 03F00303 	 and r3,r3,#3
 250 01a8 BB62     	 str r3,[r7,#40]
 157:../Dave/Generated/CMSIS_DSP/FilteringFunctions/arm_fir_decimate_q31.c **** 
 158:../Dave/Generated/CMSIS_DSP/FilteringFunctions/arm_fir_decimate_q31.c ****     while (tapCnt > 0u)
 251              	 .loc 1 158 0
 252 01aa 24E0     	 b .L6
 253              	.L7:
 159:../Dave/Generated/CMSIS_DSP/FilteringFunctions/arm_fir_decimate_q31.c ****     {
 160:../Dave/Generated/CMSIS_DSP/FilteringFunctions/arm_fir_decimate_q31.c ****       /* Read coefficients */
 161:../Dave/Generated/CMSIS_DSP/FilteringFunctions/arm_fir_decimate_q31.c ****       c0 = *(pb++);
 254              	 .loc 1 161 0
 255 01ac BB6B     	 ldr r3,[r7,#56]
 256 01ae 1A1D     	 adds r2,r3,#4
 257 01b0 BA63     	 str r2,[r7,#56]
 258 01b2 1B68     	 ldr r3,[r3]
 259 01b4 7B61     	 str r3,[r7,#20]
 162:../Dave/Generated/CMSIS_DSP/FilteringFunctions/arm_fir_decimate_q31.c **** 
 163:../Dave/Generated/CMSIS_DSP/FilteringFunctions/arm_fir_decimate_q31.c ****       /* Fetch 1 state variable */
 164:../Dave/Generated/CMSIS_DSP/FilteringFunctions/arm_fir_decimate_q31.c ****       x0 = *(px++);
 260              	 .loc 1 164 0
 261 01b6 FB6B     	 ldr r3,[r7,#60]
 262 01b8 1A1D     	 adds r2,r3,#4
 263 01ba FA63     	 str r2,[r7,#60]
 264 01bc 1B68     	 ldr r3,[r3]
 265 01be 3B61     	 str r3,[r7,#16]
 165:../Dave/Generated/CMSIS_DSP/FilteringFunctions/arm_fir_decimate_q31.c **** 
 166:../Dave/Generated/CMSIS_DSP/FilteringFunctions/arm_fir_decimate_q31.c ****       /* Perform the multiply-accumulate */
 167:../Dave/Generated/CMSIS_DSP/FilteringFunctions/arm_fir_decimate_q31.c ****       sum0 += (q63_t) x0 *c0;
 266              	 .loc 1 167 0
 267 01c0 3B69     	 ldr r3,[r7,#16]
 268 01c2 1846     	 mov r0,r3
 269 01c4 4FEAE071 	 asr r1,r0,#31
 270 01c8 7B69     	 ldr r3,[r7,#20]
 271 01ca 1A46     	 mov r2,r3
 272 01cc 4FEAE273 	 asr r3,r2,#31
 273 01d0 02FB01FE 	 mul lr,r2,r1
 274 01d4 00FB03F6 	 mul r6,r0,r3
 275 01d8 7644     	 add r6,r6,lr
 276 01da A0FB0223 	 umull r2,r3,r0,r2
 277 01de F118     	 adds r1,r6,r3
 278 01e0 0B46     	 mov r3,r1
 279 01e2 D7E90C01 	 ldrd r0,[r7,#48]
 280 01e6 1218     	 adds r2,r2,r0
 281 01e8 43EB0103 	 adc r3,r3,r1
 282 01ec C7E90C23 	 strd r2,[r7,#48]
 168:../Dave/Generated/CMSIS_DSP/FilteringFunctions/arm_fir_decimate_q31.c **** 
 169:../Dave/Generated/CMSIS_DSP/FilteringFunctions/arm_fir_decimate_q31.c ****       /* Decrement the loop counter */
 170:../Dave/Generated/CMSIS_DSP/FilteringFunctions/arm_fir_decimate_q31.c ****       tapCnt--;
 283              	 .loc 1 170 0
 284 01f0 BB6A     	 ldr r3,[r7,#40]
 285 01f2 013B     	 subs r3,r3,#1
 286 01f4 BB62     	 str r3,[r7,#40]
 287              	.L6:
 158:../Dave/Generated/CMSIS_DSP/FilteringFunctions/arm_fir_decimate_q31.c ****     {
 288              	 .loc 1 158 0
 289 01f6 BB6A     	 ldr r3,[r7,#40]
 290 01f8 002B     	 cmp r3,#0
 291 01fa D7D1     	 bne .L7
 171:../Dave/Generated/CMSIS_DSP/FilteringFunctions/arm_fir_decimate_q31.c ****     }
 172:../Dave/Generated/CMSIS_DSP/FilteringFunctions/arm_fir_decimate_q31.c **** 
 173:../Dave/Generated/CMSIS_DSP/FilteringFunctions/arm_fir_decimate_q31.c ****     /* Advance the state pointer by the decimation factor
 174:../Dave/Generated/CMSIS_DSP/FilteringFunctions/arm_fir_decimate_q31.c ****      * to process the next group of decimation factor number samples */
 175:../Dave/Generated/CMSIS_DSP/FilteringFunctions/arm_fir_decimate_q31.c ****     pState = pState + S->M;
 292              	 .loc 1 175 0
 293 01fc FB68     	 ldr r3,[r7,#12]
 294 01fe 1B78     	 ldrb r3,[r3]
 295 0200 9B00     	 lsls r3,r3,#2
 296 0202 7A6C     	 ldr r2,[r7,#68]
 297 0204 1344     	 add r3,r3,r2
 298 0206 7B64     	 str r3,[r7,#68]
 176:../Dave/Generated/CMSIS_DSP/FilteringFunctions/arm_fir_decimate_q31.c **** 
 177:../Dave/Generated/CMSIS_DSP/FilteringFunctions/arm_fir_decimate_q31.c ****     /* The result is in the accumulator, store in the destination buffer. */
 178:../Dave/Generated/CMSIS_DSP/FilteringFunctions/arm_fir_decimate_q31.c ****     *pDst++ = (q31_t) (sum0 >> 31);
 299              	 .loc 1 178 0
 300 0208 7968     	 ldr r1,[r7,#4]
 301 020a 0B1D     	 adds r3,r1,#4
 302 020c 7B60     	 str r3,[r7,#4]
 303 020e D7E90C23 	 ldrd r2,[r7,#48]
 304 0212 D40F     	 lsrs r4,r2,#31
 305 0214 44EA4304 	 orr r4,r4,r3,lsl#1
 306 0218 DD17     	 asrs r5,r3,#31
 307 021a 2346     	 mov r3,r4
 308 021c 0B60     	 str r3,[r1]
 179:../Dave/Generated/CMSIS_DSP/FilteringFunctions/arm_fir_decimate_q31.c **** 
 180:../Dave/Generated/CMSIS_DSP/FilteringFunctions/arm_fir_decimate_q31.c ****     /* Decrement the loop counter */
 181:../Dave/Generated/CMSIS_DSP/FilteringFunctions/arm_fir_decimate_q31.c ****     blkCnt--;
 309              	 .loc 1 181 0
 310 021e 7B6A     	 ldr r3,[r7,#36]
 311 0220 013B     	 subs r3,r3,#1
 312 0222 7B62     	 str r3,[r7,#36]
 313              	.L2:
  88:../Dave/Generated/CMSIS_DSP/FilteringFunctions/arm_fir_decimate_q31.c ****   {
 314              	 .loc 1 88 0
 315 0224 7B6A     	 ldr r3,[r7,#36]
 316 0226 002B     	 cmp r3,#0
 317 0228 7FF40DAF 	 bne .L8
 182:../Dave/Generated/CMSIS_DSP/FilteringFunctions/arm_fir_decimate_q31.c ****   }
 183:../Dave/Generated/CMSIS_DSP/FilteringFunctions/arm_fir_decimate_q31.c **** 
 184:../Dave/Generated/CMSIS_DSP/FilteringFunctions/arm_fir_decimate_q31.c ****   /* Processing is complete.
 185:../Dave/Generated/CMSIS_DSP/FilteringFunctions/arm_fir_decimate_q31.c ****    ** Now copy the last numTaps - 1 samples to the satrt of the state buffer.
 186:../Dave/Generated/CMSIS_DSP/FilteringFunctions/arm_fir_decimate_q31.c ****    ** This prepares the state buffer for the next function call. */
 187:../Dave/Generated/CMSIS_DSP/FilteringFunctions/arm_fir_decimate_q31.c **** 
 188:../Dave/Generated/CMSIS_DSP/FilteringFunctions/arm_fir_decimate_q31.c ****   /* Points to the start of the state buffer */
 189:../Dave/Generated/CMSIS_DSP/FilteringFunctions/arm_fir_decimate_q31.c ****   pStateCurnt = S->pState;
 318              	 .loc 1 189 0
 319 022c FB68     	 ldr r3,[r7,#12]
 320 022e 9B68     	 ldr r3,[r3,#8]
 321 0230 3B64     	 str r3,[r7,#64]
 190:../Dave/Generated/CMSIS_DSP/FilteringFunctions/arm_fir_decimate_q31.c **** 
 191:../Dave/Generated/CMSIS_DSP/FilteringFunctions/arm_fir_decimate_q31.c ****   i = (numTaps - 1u) >> 2u;
 322              	 .loc 1 191 0
 323 0232 FB69     	 ldr r3,[r7,#28]
 324 0234 013B     	 subs r3,r3,#1
 325 0236 9B08     	 lsrs r3,r3,#2
 326 0238 FB62     	 str r3,[r7,#44]
 192:../Dave/Generated/CMSIS_DSP/FilteringFunctions/arm_fir_decimate_q31.c **** 
 193:../Dave/Generated/CMSIS_DSP/FilteringFunctions/arm_fir_decimate_q31.c ****   /* copy data */
 194:../Dave/Generated/CMSIS_DSP/FilteringFunctions/arm_fir_decimate_q31.c ****   while (i > 0u)
 327              	 .loc 1 194 0
 328 023a 22E0     	 b .L9
 329              	.L10:
 195:../Dave/Generated/CMSIS_DSP/FilteringFunctions/arm_fir_decimate_q31.c ****   {
 196:../Dave/Generated/CMSIS_DSP/FilteringFunctions/arm_fir_decimate_q31.c ****     *pStateCurnt++ = *pState++;
 330              	 .loc 1 196 0
 331 023c 3B6C     	 ldr r3,[r7,#64]
 332 023e 1A1D     	 adds r2,r3,#4
 333 0240 3A64     	 str r2,[r7,#64]
 334 0242 7A6C     	 ldr r2,[r7,#68]
 335 0244 111D     	 adds r1,r2,#4
 336 0246 7964     	 str r1,[r7,#68]
 337 0248 1268     	 ldr r2,[r2]
 338 024a 1A60     	 str r2,[r3]
 197:../Dave/Generated/CMSIS_DSP/FilteringFunctions/arm_fir_decimate_q31.c ****     *pStateCurnt++ = *pState++;
 339              	 .loc 1 197 0
 340 024c 3B6C     	 ldr r3,[r7,#64]
 341 024e 1A1D     	 adds r2,r3,#4
 342 0250 3A64     	 str r2,[r7,#64]
 343 0252 7A6C     	 ldr r2,[r7,#68]
 344 0254 111D     	 adds r1,r2,#4
 345 0256 7964     	 str r1,[r7,#68]
 346 0258 1268     	 ldr r2,[r2]
 347 025a 1A60     	 str r2,[r3]
 198:../Dave/Generated/CMSIS_DSP/FilteringFunctions/arm_fir_decimate_q31.c ****     *pStateCurnt++ = *pState++;
 348              	 .loc 1 198 0
 349 025c 3B6C     	 ldr r3,[r7,#64]
 350 025e 1A1D     	 adds r2,r3,#4
 351 0260 3A64     	 str r2,[r7,#64]
 352 0262 7A6C     	 ldr r2,[r7,#68]
 353 0264 111D     	 adds r1,r2,#4
 354 0266 7964     	 str r1,[r7,#68]
 355 0268 1268     	 ldr r2,[r2]
 356 026a 1A60     	 str r2,[r3]
 199:../Dave/Generated/CMSIS_DSP/FilteringFunctions/arm_fir_decimate_q31.c ****     *pStateCurnt++ = *pState++;
 357              	 .loc 1 199 0
 358 026c 3B6C     	 ldr r3,[r7,#64]
 359 026e 1A1D     	 adds r2,r3,#4
 360 0270 3A64     	 str r2,[r7,#64]
 361 0272 7A6C     	 ldr r2,[r7,#68]
 362 0274 111D     	 adds r1,r2,#4
 363 0276 7964     	 str r1,[r7,#68]
 364 0278 1268     	 ldr r2,[r2]
 365 027a 1A60     	 str r2,[r3]
 200:../Dave/Generated/CMSIS_DSP/FilteringFunctions/arm_fir_decimate_q31.c **** 
 201:../Dave/Generated/CMSIS_DSP/FilteringFunctions/arm_fir_decimate_q31.c ****     /* Decrement the loop counter */
 202:../Dave/Generated/CMSIS_DSP/FilteringFunctions/arm_fir_decimate_q31.c ****     i--;
 366              	 .loc 1 202 0
 367 027c FB6A     	 ldr r3,[r7,#44]
 368 027e 013B     	 subs r3,r3,#1
 369 0280 FB62     	 str r3,[r7,#44]
 370              	.L9:
 194:../Dave/Generated/CMSIS_DSP/FilteringFunctions/arm_fir_decimate_q31.c ****   {
 371              	 .loc 1 194 0
 372 0282 FB6A     	 ldr r3,[r7,#44]
 373 0284 002B     	 cmp r3,#0
 374 0286 D9D1     	 bne .L10
 203:../Dave/Generated/CMSIS_DSP/FilteringFunctions/arm_fir_decimate_q31.c ****   }
 204:../Dave/Generated/CMSIS_DSP/FilteringFunctions/arm_fir_decimate_q31.c **** 
 205:../Dave/Generated/CMSIS_DSP/FilteringFunctions/arm_fir_decimate_q31.c ****   i = (numTaps - 1u) % 0x04u;
 375              	 .loc 1 205 0
 376 0288 FB69     	 ldr r3,[r7,#28]
 377 028a 013B     	 subs r3,r3,#1
 378 028c 03F00303 	 and r3,r3,#3
 379 0290 FB62     	 str r3,[r7,#44]
 206:../Dave/Generated/CMSIS_DSP/FilteringFunctions/arm_fir_decimate_q31.c **** 
 207:../Dave/Generated/CMSIS_DSP/FilteringFunctions/arm_fir_decimate_q31.c ****   /* copy data */
 208:../Dave/Generated/CMSIS_DSP/FilteringFunctions/arm_fir_decimate_q31.c ****   while (i > 0u)
 380              	 .loc 1 208 0
 381 0292 0AE0     	 b .L11
 382              	.L12:
 209:../Dave/Generated/CMSIS_DSP/FilteringFunctions/arm_fir_decimate_q31.c ****   {
 210:../Dave/Generated/CMSIS_DSP/FilteringFunctions/arm_fir_decimate_q31.c ****     *pStateCurnt++ = *pState++;
 383              	 .loc 1 210 0
 384 0294 3B6C     	 ldr r3,[r7,#64]
 385 0296 1A1D     	 adds r2,r3,#4
 386 0298 3A64     	 str r2,[r7,#64]
 387 029a 7A6C     	 ldr r2,[r7,#68]
 388 029c 111D     	 adds r1,r2,#4
 389 029e 7964     	 str r1,[r7,#68]
 390 02a0 1268     	 ldr r2,[r2]
 391 02a2 1A60     	 str r2,[r3]
 211:../Dave/Generated/CMSIS_DSP/FilteringFunctions/arm_fir_decimate_q31.c **** 
 212:../Dave/Generated/CMSIS_DSP/FilteringFunctions/arm_fir_decimate_q31.c ****     /* Decrement the loop counter */
 213:../Dave/Generated/CMSIS_DSP/FilteringFunctions/arm_fir_decimate_q31.c ****     i--;
 392              	 .loc 1 213 0
 393 02a4 FB6A     	 ldr r3,[r7,#44]
 394 02a6 013B     	 subs r3,r3,#1
 395 02a8 FB62     	 str r3,[r7,#44]
 396              	.L11:
 208:../Dave/Generated/CMSIS_DSP/FilteringFunctions/arm_fir_decimate_q31.c ****   {
 397              	 .loc 1 208 0
 398 02aa FB6A     	 ldr r3,[r7,#44]
 399 02ac 002B     	 cmp r3,#0
 400 02ae F1D1     	 bne .L12
 214:../Dave/Generated/CMSIS_DSP/FilteringFunctions/arm_fir_decimate_q31.c ****   }
 215:../Dave/Generated/CMSIS_DSP/FilteringFunctions/arm_fir_decimate_q31.c **** 
 216:../Dave/Generated/CMSIS_DSP/FilteringFunctions/arm_fir_decimate_q31.c **** #else
 217:../Dave/Generated/CMSIS_DSP/FilteringFunctions/arm_fir_decimate_q31.c **** 
 218:../Dave/Generated/CMSIS_DSP/FilteringFunctions/arm_fir_decimate_q31.c **** /* Run the below code for Cortex-M0 */
 219:../Dave/Generated/CMSIS_DSP/FilteringFunctions/arm_fir_decimate_q31.c **** 
 220:../Dave/Generated/CMSIS_DSP/FilteringFunctions/arm_fir_decimate_q31.c ****   /* S->pState buffer contains previous frame (numTaps - 1) samples */
 221:../Dave/Generated/CMSIS_DSP/FilteringFunctions/arm_fir_decimate_q31.c ****   /* pStateCurnt points to the location where the new input data should be written */
 222:../Dave/Generated/CMSIS_DSP/FilteringFunctions/arm_fir_decimate_q31.c ****   pStateCurnt = S->pState + (numTaps - 1u);
 223:../Dave/Generated/CMSIS_DSP/FilteringFunctions/arm_fir_decimate_q31.c **** 
 224:../Dave/Generated/CMSIS_DSP/FilteringFunctions/arm_fir_decimate_q31.c ****   /* Total number of output samples to be computed */
 225:../Dave/Generated/CMSIS_DSP/FilteringFunctions/arm_fir_decimate_q31.c ****   blkCnt = outBlockSize;
 226:../Dave/Generated/CMSIS_DSP/FilteringFunctions/arm_fir_decimate_q31.c **** 
 227:../Dave/Generated/CMSIS_DSP/FilteringFunctions/arm_fir_decimate_q31.c ****   while (blkCnt > 0u)
 228:../Dave/Generated/CMSIS_DSP/FilteringFunctions/arm_fir_decimate_q31.c ****   {
 229:../Dave/Generated/CMSIS_DSP/FilteringFunctions/arm_fir_decimate_q31.c ****     /* Copy decimation factor number of new input samples into the state buffer */
 230:../Dave/Generated/CMSIS_DSP/FilteringFunctions/arm_fir_decimate_q31.c ****     i = S->M;
 231:../Dave/Generated/CMSIS_DSP/FilteringFunctions/arm_fir_decimate_q31.c **** 
 232:../Dave/Generated/CMSIS_DSP/FilteringFunctions/arm_fir_decimate_q31.c ****     do
 233:../Dave/Generated/CMSIS_DSP/FilteringFunctions/arm_fir_decimate_q31.c ****     {
 234:../Dave/Generated/CMSIS_DSP/FilteringFunctions/arm_fir_decimate_q31.c ****       *pStateCurnt++ = *pSrc++;
 235:../Dave/Generated/CMSIS_DSP/FilteringFunctions/arm_fir_decimate_q31.c **** 
 236:../Dave/Generated/CMSIS_DSP/FilteringFunctions/arm_fir_decimate_q31.c ****     } while (--i);
 237:../Dave/Generated/CMSIS_DSP/FilteringFunctions/arm_fir_decimate_q31.c **** 
 238:../Dave/Generated/CMSIS_DSP/FilteringFunctions/arm_fir_decimate_q31.c ****     /* Set accumulator to zero */
 239:../Dave/Generated/CMSIS_DSP/FilteringFunctions/arm_fir_decimate_q31.c ****     sum0 = 0;
 240:../Dave/Generated/CMSIS_DSP/FilteringFunctions/arm_fir_decimate_q31.c **** 
 241:../Dave/Generated/CMSIS_DSP/FilteringFunctions/arm_fir_decimate_q31.c ****     /* Initialize state pointer */
 242:../Dave/Generated/CMSIS_DSP/FilteringFunctions/arm_fir_decimate_q31.c ****     px = pState;
 243:../Dave/Generated/CMSIS_DSP/FilteringFunctions/arm_fir_decimate_q31.c **** 
 244:../Dave/Generated/CMSIS_DSP/FilteringFunctions/arm_fir_decimate_q31.c ****     /* Initialize coeff pointer */
 245:../Dave/Generated/CMSIS_DSP/FilteringFunctions/arm_fir_decimate_q31.c ****     pb = pCoeffs;
 246:../Dave/Generated/CMSIS_DSP/FilteringFunctions/arm_fir_decimate_q31.c **** 
 247:../Dave/Generated/CMSIS_DSP/FilteringFunctions/arm_fir_decimate_q31.c ****     tapCnt = numTaps;
 248:../Dave/Generated/CMSIS_DSP/FilteringFunctions/arm_fir_decimate_q31.c **** 
 249:../Dave/Generated/CMSIS_DSP/FilteringFunctions/arm_fir_decimate_q31.c ****     while (tapCnt > 0u)
 250:../Dave/Generated/CMSIS_DSP/FilteringFunctions/arm_fir_decimate_q31.c ****     {
 251:../Dave/Generated/CMSIS_DSP/FilteringFunctions/arm_fir_decimate_q31.c ****       /* Read coefficients */
 252:../Dave/Generated/CMSIS_DSP/FilteringFunctions/arm_fir_decimate_q31.c ****       c0 = *pb++;
 253:../Dave/Generated/CMSIS_DSP/FilteringFunctions/arm_fir_decimate_q31.c **** 
 254:../Dave/Generated/CMSIS_DSP/FilteringFunctions/arm_fir_decimate_q31.c ****       /* Fetch 1 state variable */
 255:../Dave/Generated/CMSIS_DSP/FilteringFunctions/arm_fir_decimate_q31.c ****       x0 = *px++;
 256:../Dave/Generated/CMSIS_DSP/FilteringFunctions/arm_fir_decimate_q31.c **** 
 257:../Dave/Generated/CMSIS_DSP/FilteringFunctions/arm_fir_decimate_q31.c ****       /* Perform the multiply-accumulate */
 258:../Dave/Generated/CMSIS_DSP/FilteringFunctions/arm_fir_decimate_q31.c ****       sum0 += (q63_t) x0 *c0;
 259:../Dave/Generated/CMSIS_DSP/FilteringFunctions/arm_fir_decimate_q31.c **** 
 260:../Dave/Generated/CMSIS_DSP/FilteringFunctions/arm_fir_decimate_q31.c ****       /* Decrement the loop counter */
 261:../Dave/Generated/CMSIS_DSP/FilteringFunctions/arm_fir_decimate_q31.c ****       tapCnt--;
 262:../Dave/Generated/CMSIS_DSP/FilteringFunctions/arm_fir_decimate_q31.c ****     }
 263:../Dave/Generated/CMSIS_DSP/FilteringFunctions/arm_fir_decimate_q31.c **** 
 264:../Dave/Generated/CMSIS_DSP/FilteringFunctions/arm_fir_decimate_q31.c ****     /* Advance the state pointer by the decimation factor
 265:../Dave/Generated/CMSIS_DSP/FilteringFunctions/arm_fir_decimate_q31.c ****      * to process the next group of decimation factor number samples */
 266:../Dave/Generated/CMSIS_DSP/FilteringFunctions/arm_fir_decimate_q31.c ****     pState = pState + S->M;
 267:../Dave/Generated/CMSIS_DSP/FilteringFunctions/arm_fir_decimate_q31.c **** 
 268:../Dave/Generated/CMSIS_DSP/FilteringFunctions/arm_fir_decimate_q31.c ****     /* The result is in the accumulator, store in the destination buffer. */
 269:../Dave/Generated/CMSIS_DSP/FilteringFunctions/arm_fir_decimate_q31.c ****     *pDst++ = (q31_t) (sum0 >> 31);
 270:../Dave/Generated/CMSIS_DSP/FilteringFunctions/arm_fir_decimate_q31.c **** 
 271:../Dave/Generated/CMSIS_DSP/FilteringFunctions/arm_fir_decimate_q31.c ****     /* Decrement the loop counter */
 272:../Dave/Generated/CMSIS_DSP/FilteringFunctions/arm_fir_decimate_q31.c ****     blkCnt--;
 273:../Dave/Generated/CMSIS_DSP/FilteringFunctions/arm_fir_decimate_q31.c ****   }
 274:../Dave/Generated/CMSIS_DSP/FilteringFunctions/arm_fir_decimate_q31.c **** 
 275:../Dave/Generated/CMSIS_DSP/FilteringFunctions/arm_fir_decimate_q31.c ****   /* Processing is complete.
 276:../Dave/Generated/CMSIS_DSP/FilteringFunctions/arm_fir_decimate_q31.c ****    ** Now copy the last numTaps - 1 samples to the start of the state buffer.
 277:../Dave/Generated/CMSIS_DSP/FilteringFunctions/arm_fir_decimate_q31.c ****    ** This prepares the state buffer for the next function call. */
 278:../Dave/Generated/CMSIS_DSP/FilteringFunctions/arm_fir_decimate_q31.c **** 
 279:../Dave/Generated/CMSIS_DSP/FilteringFunctions/arm_fir_decimate_q31.c ****   /* Points to the start of the state buffer */
 280:../Dave/Generated/CMSIS_DSP/FilteringFunctions/arm_fir_decimate_q31.c ****   pStateCurnt = S->pState;
 281:../Dave/Generated/CMSIS_DSP/FilteringFunctions/arm_fir_decimate_q31.c **** 
 282:../Dave/Generated/CMSIS_DSP/FilteringFunctions/arm_fir_decimate_q31.c ****   i = numTaps - 1u;
 283:../Dave/Generated/CMSIS_DSP/FilteringFunctions/arm_fir_decimate_q31.c **** 
 284:../Dave/Generated/CMSIS_DSP/FilteringFunctions/arm_fir_decimate_q31.c ****   /* copy data */
 285:../Dave/Generated/CMSIS_DSP/FilteringFunctions/arm_fir_decimate_q31.c ****   while (i > 0u)
 286:../Dave/Generated/CMSIS_DSP/FilteringFunctions/arm_fir_decimate_q31.c ****   {
 287:../Dave/Generated/CMSIS_DSP/FilteringFunctions/arm_fir_decimate_q31.c ****     *pStateCurnt++ = *pState++;
 288:../Dave/Generated/CMSIS_DSP/FilteringFunctions/arm_fir_decimate_q31.c **** 
 289:../Dave/Generated/CMSIS_DSP/FilteringFunctions/arm_fir_decimate_q31.c ****     /* Decrement the loop counter */
 290:../Dave/Generated/CMSIS_DSP/FilteringFunctions/arm_fir_decimate_q31.c ****     i--;
 291:../Dave/Generated/CMSIS_DSP/FilteringFunctions/arm_fir_decimate_q31.c ****   }
 292:../Dave/Generated/CMSIS_DSP/FilteringFunctions/arm_fir_decimate_q31.c **** 
 293:../Dave/Generated/CMSIS_DSP/FilteringFunctions/arm_fir_decimate_q31.c **** #endif /*   #if defined (ARM_MATH_DSP) */
 294:../Dave/Generated/CMSIS_DSP/FilteringFunctions/arm_fir_decimate_q31.c **** 
 295:../Dave/Generated/CMSIS_DSP/FilteringFunctions/arm_fir_decimate_q31.c **** }
 401              	 .loc 1 295 0
 402 02b0 4C37     	 adds r7,r7,#76
 403              	.LCFI3:
 404              	 .cfi_def_cfa_offset 20
 405 02b2 BD46     	 mov sp,r7
 406              	.LCFI4:
 407              	 .cfi_def_cfa_register 13
 408              	 
 409 02b4 F0BD     	 pop {r4,r5,r6,r7,pc}
 410              	 .cfi_endproc
 411              	.LFE135:
 413 02b6 00BF     	 .text
 414              	.Letext0:
 415              	 .file 2 "c:\\program files (x86)\\dave\\eclipse\\arm-gcc-49\\arm-none-eabi\\include\\machine\\_default_types.h"
 416              	 .file 3 "c:\\program files (x86)\\dave\\eclipse\\arm-gcc-49\\arm-none-eabi\\include\\stdint.h"
 417              	 .file 4 "C:/Users/VMORAIS/Documents/DAVE_WS/1p_inverter_200V/Dave/Generated/CMSIS_DSP/arm_math.h"
DEFINED SYMBOLS
                            *ABS*:00000000 arm_fir_decimate_q31.c
    {standard input}:20     .text.arm_fir_decimate_q31:00000000 $t
    {standard input}:25     .text.arm_fir_decimate_q31:00000000 arm_fir_decimate_q31
                     .debug_frame:00000010 $d

NO UNDEFINED SYMBOLS
