Removed Pin From Net: NetName=NetC9_2 Pin=U7-1
Removed Pin From Net: NetName=3V3GND Pin=U7-2
Removed Pin From Net: NetName=12V Pin=U7-3
Change Component Footprint: Designator=U7 Old Footprint=DC/DC - OKI-78SR-E New Footprint=CAPC_1206
Change Component Comment : Designator=U7 Old Comment=IC DC/DC 12V New Comment=C 10uF 1206 MLCC 50V X5R
Change Component Designator: OldDesignator=U7 NewDesignator=C?
Change component parameters: Designator = "C?"; Footprint = "CAPC_1206"; UniqueID = "\NPEAGPXI"
Change component parameters. Clean all parameters for all variants
Change component parameters (AddParameter): Name = "LCSC PART #"; Value = "C13585"; VariantName = "[No Variations]"
Change component parameters (AddParameter): Name = "Mouser VPN"; Value = "963-UMK316BBJ106ML-T"; VariantName = "[No Variations]"
Change component parameters (AddParameter): Name = "Price"; Value = "0,31"; VariantName = "[No Variations]"
Added Component: Designator=D?(DIODE_1812)
Add component. Clean all parameters for all variants
Add component (AddParameter): Name = "LCSC PART #"; Value = "C22452"; VariantName = "[No Variations]"
Added Component: Designator=L?(IND_SWRB1207)
Add component. Clean all parameters for all variants
Add component (AddParameter): Name = "LCSC PART #"; Value = "C169378"; VariantName = "[No Variations]"
Added Component: Designator=U?(XL2576)
Add component. Clean all parameters for all variants
Add component (AddParameter): Name = "LCSC PART #"; Value = "C73351"; VariantName = "[No Variations]"
Added Pin To Net: NetName=3V3GND Pin=C?-1
Added Pin To Net: NetName=12V Pin=C?-2
Added Pin To Net: NetName=3V3GND Pin=D?-1
Added Pin To Net: NetName=12V Pin=L?-2
Added Pin To Net: NetName=NetC9_2 Pin=U?-1
Added Pin To Net: NetName=3V3GND Pin=U?-3
Added Pin To Net: NetName=12V Pin=U?-4
Added Pin To Net: NetName=3V3GND Pin=U?-5
Added Pin To Net: NetName=3V3GND Pin=U?-6
Added Pin To Net: NetName=NetD?_2 Pin=D?-2
Added Pin To Net: NetName=NetD?_2 Pin=L?-1
Added Pin To Net: NetName=NetD?_2 Pin=U?-2
Added Net: Name=NetD?_2
Added Member To Class: ClassName=middlePCB_rev4 Member=Component D? Diode
Added Member To Class: ClassName=middlePCB_rev4 Member=Component L? IND 100uH 1.7A
Added Member To Class: ClassName=middlePCB_rev4 Member=Component U? IC DC/C 12V
Added Room: Name=middlePCB_rev4
