   1              	 .syntax unified
   2              	 .cpu cortex-m4
   3              	 .eabi_attribute 27,3
   4              	 .fpu fpv4-sp-d16
   5              	 .eabi_attribute 20,1
   6              	 .eabi_attribute 21,1
   7              	 .eabi_attribute 23,3
   8              	 .eabi_attribute 24,1
   9              	 .eabi_attribute 25,1
  10              	 .eabi_attribute 26,1
  11              	 .eabi_attribute 30,4
  12              	 .eabi_attribute 34,1
  13              	 .eabi_attribute 18,4
  14              	 .thumb
  15              	 .file "DAVE.c"
  16              	 .section .text.DAVE_Init,"ax",%progbits
  17              	 .align 1
  18              	 .global DAVE_Init
  19              	 .thumb
  20              	 .thumb_func
  22              	DAVE_Init:
  23              	 
  24              	 
  25 0000 08B5     	 push {r3,lr}
  26 0002 2A48     	 ldr r0,.L20
  27 0004 FFF7FEFF 	 bl CLOCK_XMC4_Init
  28 0008 0028     	 cmp r0,#0
  29 000a 4DD1     	 bne .L18
  30 000c 2848     	 ldr r0,.L20+4
  31 000e FFF7FEFF 	 bl PWM_Init
  32 0012 0028     	 cmp r0,#0
  33 0014 48D1     	 bne .L18
  34 0016 2748     	 ldr r0,.L20+8
  35 0018 FFF7FEFF 	 bl PWM_Init
  36 001c 0028     	 cmp r0,#0
  37 001e 43D1     	 bne .L18
  38 0020 2548     	 ldr r0,.L20+12
  39 0022 FFF7FEFF 	 bl PWM_Init
  40 0026 0028     	 cmp r0,#0
  41 0028 3ED1     	 bne .L18
  42 002a 2448     	 ldr r0,.L20+16
  43 002c FFF7FEFF 	 bl INTERRUPT_Init
  44 0030 0028     	 cmp r0,#0
  45 0032 39D1     	 bne .L18
  46 0034 2248     	 ldr r0,.L20+20
  47 0036 FFF7FEFF 	 bl PWM_Init
  48 003a 0028     	 cmp r0,#0
  49 003c 34D1     	 bne .L18
  50 003e 2148     	 ldr r0,.L20+24
  51 0040 FFF7FEFF 	 bl DIGITAL_IO_Init
  52 0044 80BB     	 cbnz r0,.L18
  53 0046 2048     	 ldr r0,.L20+28
  54 0048 FFF7FEFF 	 bl ADC_MEASUREMENT_ADV_Init
  55 004c 60BB     	 cbnz r0,.L18
  56 004e 1F48     	 ldr r0,.L20+32
  57 0050 FFF7FEFF 	 bl DIGITAL_IO_Init
  58 0054 40BB     	 cbnz r0,.L18
  59 0056 1E48     	 ldr r0,.L20+36
  60 0058 FFF7FEFF 	 bl DAC_Init
  61 005c 20BB     	 cbnz r0,.L18
  62 005e 1D48     	 ldr r0,.L20+40
  63 0060 FFF7FEFF 	 bl DIGITAL_IO_Init
  64 0064 00BB     	 cbnz r0,.L18
  65 0066 1C48     	 ldr r0,.L20+44
  66 0068 FFF7FEFF 	 bl DIGITAL_IO_Init
  67 006c E0B9     	 cbnz r0,.L18
  68 006e 1B48     	 ldr r0,.L20+48
  69 0070 FFF7FEFF 	 bl DIGITAL_IO_Init
  70 0074 C0B9     	 cbnz r0,.L18
  71 0076 1A48     	 ldr r0,.L20+52
  72 0078 FFF7FEFF 	 bl DIGITAL_IO_Init
  73 007c A0B9     	 cbnz r0,.L18
  74 007e 1948     	 ldr r0,.L20+56
  75 0080 FFF7FEFF 	 bl DIGITAL_IO_Init
  76 0084 80B9     	 cbnz r0,.L18
  77 0086 1848     	 ldr r0,.L20+60
  78 0088 FFF7FEFF 	 bl DIGITAL_IO_Init
  79 008c 60B9     	 cbnz r0,.L18
  80 008e 1748     	 ldr r0,.L20+64
  81 0090 FFF7FEFF 	 bl DIGITAL_IO_Init
  82 0094 40B9     	 cbnz r0,.L18
  83 0096 1648     	 ldr r0,.L20+68
  84 0098 FFF7FEFF 	 bl DIGITAL_IO_Init
  85 009c 20B9     	 cbnz r0,.L18
  86 009e 1548     	 ldr r0,.L20+72
  87 00a0 BDE80840 	 pop {r3,lr}
  88 00a4 FFF7FEBF 	 b ADC_MEASUREMENT_ADV_Init
  89              	.L18:
  90 00a8 08BD     	 pop {r3,pc}
  91              	.L21:
  92 00aa 00BF     	 .align 2
  93              	.L20:
  94 00ac 00000000 	 .word CLOCK_XMC4_0
  95 00b0 00000000 	 .word PWM_a
  96 00b4 00000000 	 .word PWM_c
  97 00b8 00000000 	 .word PWM_b
  98 00bc 00000000 	 .word LOOP_CYCLE
  99 00c0 00000000 	 .word PWM_update
 100 00c4 00000000 	 .word P_1_0
 101 00c8 00000000 	 .word ADC_MEASUREMENT_1
 102 00cc 00000000 	 .word P_1_1
 103 00d0 00000000 	 .word DAC_0
 104 00d4 00000000 	 .word ENABLE
 105 00d8 00000000 	 .word Button_1
 106 00dc 00000000 	 .word P_0_9
 107 00e0 00000000 	 .word EN_1
 108 00e4 00000000 	 .word EN_2
 109 00e8 00000000 	 .word EN_3
 110 00ec 00000000 	 .word FAULT_IN
 111 00f0 00000000 	 .word FAULT_RST
 112 00f4 00000000 	 .word ADC_MEASUREMENT_2
 114              	 .ident "GCC: (GNU Tools for ARM Embedded Processors) 4.9.3 20141119 (release) [ARM/embedded-4_9-branch revision 218278]"
DEFINED SYMBOLS
                            *ABS*:00000000 DAVE.c
    {standard input}:17     .text.DAVE_Init:00000000 $t
    {standard input}:22     .text.DAVE_Init:00000000 DAVE_Init
    {standard input}:94     .text.DAVE_Init:000000ac $d

UNDEFINED SYMBOLS
CLOCK_XMC4_Init
PWM_Init
INTERRUPT_Init
DIGITAL_IO_Init
ADC_MEASUREMENT_ADV_Init
DAC_Init
CLOCK_XMC4_0
PWM_a
PWM_c
PWM_b
LOOP_CYCLE
PWM_update
P_1_0
ADC_MEASUREMENT_1
P_1_1
DAC_0
ENABLE
Button_1
P_0_9
EN_1
EN_2
EN_3
FAULT_IN
FAULT_RST
ADC_MEASUREMENT_2
