   1              	 .syntax unified
   2              	 .cpu cortex-m4
   3              	 .eabi_attribute 27,3
   4              	 .fpu fpv4-sp-d16
   5              	 .eabi_attribute 20,1
   6              	 .eabi_attribute 21,1
   7              	 .eabi_attribute 23,3
   8              	 .eabi_attribute 24,1
   9              	 .eabi_attribute 25,1
  10              	 .eabi_attribute 26,1
  11              	 .eabi_attribute 30,6
  12              	 .eabi_attribute 34,1
  13              	 .eabi_attribute 18,4
  14              	 .thumb
  15              	 .file "arm_scale_q7.c"
  16              	 .text
  17              	.Ltext0:
  18              	 .cfi_sections .debug_frame
  19              	 .section .text.arm_scale_q7,"ax",%progbits
  20              	 .align 2
  21              	 .global arm_scale_q7
  22              	 .thumb
  23              	 .thumb_func
  25              	arm_scale_q7:
  26              	.LFB135:
  27              	 .file 1 "../Dave/Generated/CMSIS_DSP/BasicMathFunctions/arm_scale_q7.c"
   1:../Dave/Generated/CMSIS_DSP/BasicMathFunctions/arm_scale_q7.c **** /* ----------------------------------------------------------------------
   2:../Dave/Generated/CMSIS_DSP/BasicMathFunctions/arm_scale_q7.c ****  * Project:      CMSIS DSP Library
   3:../Dave/Generated/CMSIS_DSP/BasicMathFunctions/arm_scale_q7.c ****  * Title:        arm_scale_q7.c
   4:../Dave/Generated/CMSIS_DSP/BasicMathFunctions/arm_scale_q7.c ****  * Description:  Multiplies a Q7 vector by a scalar
   5:../Dave/Generated/CMSIS_DSP/BasicMathFunctions/arm_scale_q7.c ****  *
   6:../Dave/Generated/CMSIS_DSP/BasicMathFunctions/arm_scale_q7.c ****  * $Date:        27. January 2017
   7:../Dave/Generated/CMSIS_DSP/BasicMathFunctions/arm_scale_q7.c ****  * $Revision:    V.1.5.1
   8:../Dave/Generated/CMSIS_DSP/BasicMathFunctions/arm_scale_q7.c ****  *
   9:../Dave/Generated/CMSIS_DSP/BasicMathFunctions/arm_scale_q7.c ****  * Target Processor: Cortex-M cores
  10:../Dave/Generated/CMSIS_DSP/BasicMathFunctions/arm_scale_q7.c ****  * -------------------------------------------------------------------- */
  11:../Dave/Generated/CMSIS_DSP/BasicMathFunctions/arm_scale_q7.c **** /*
  12:../Dave/Generated/CMSIS_DSP/BasicMathFunctions/arm_scale_q7.c ****  * Copyright (C) 2010-2017 ARM Limited or its affiliates. All rights reserved.
  13:../Dave/Generated/CMSIS_DSP/BasicMathFunctions/arm_scale_q7.c ****  *
  14:../Dave/Generated/CMSIS_DSP/BasicMathFunctions/arm_scale_q7.c ****  * SPDX-License-Identifier: Apache-2.0
  15:../Dave/Generated/CMSIS_DSP/BasicMathFunctions/arm_scale_q7.c ****  *
  16:../Dave/Generated/CMSIS_DSP/BasicMathFunctions/arm_scale_q7.c ****  * Licensed under the Apache License, Version 2.0 (the License); you may
  17:../Dave/Generated/CMSIS_DSP/BasicMathFunctions/arm_scale_q7.c ****  * not use this file except in compliance with the License.
  18:../Dave/Generated/CMSIS_DSP/BasicMathFunctions/arm_scale_q7.c ****  * You may obtain a copy of the License at
  19:../Dave/Generated/CMSIS_DSP/BasicMathFunctions/arm_scale_q7.c ****  *
  20:../Dave/Generated/CMSIS_DSP/BasicMathFunctions/arm_scale_q7.c ****  * www.apache.org/licenses/LICENSE-2.0
  21:../Dave/Generated/CMSIS_DSP/BasicMathFunctions/arm_scale_q7.c ****  *
  22:../Dave/Generated/CMSIS_DSP/BasicMathFunctions/arm_scale_q7.c ****  * Unless required by applicable law or agreed to in writing, software
  23:../Dave/Generated/CMSIS_DSP/BasicMathFunctions/arm_scale_q7.c ****  * distributed under the License is distributed on an AS IS BASIS, WITHOUT
  24:../Dave/Generated/CMSIS_DSP/BasicMathFunctions/arm_scale_q7.c ****  * WARRANTIES OR CONDITIONS OF ANY KIND, either express or implied.
  25:../Dave/Generated/CMSIS_DSP/BasicMathFunctions/arm_scale_q7.c ****  * See the License for the specific language governing permissions and
  26:../Dave/Generated/CMSIS_DSP/BasicMathFunctions/arm_scale_q7.c ****  * limitations under the License.
  27:../Dave/Generated/CMSIS_DSP/BasicMathFunctions/arm_scale_q7.c ****  */
  28:../Dave/Generated/CMSIS_DSP/BasicMathFunctions/arm_scale_q7.c **** 
  29:../Dave/Generated/CMSIS_DSP/BasicMathFunctions/arm_scale_q7.c **** #include "CMSIS_DSP/cmsis_dsp.h"
  30:../Dave/Generated/CMSIS_DSP/BasicMathFunctions/arm_scale_q7.c **** 
  31:../Dave/Generated/CMSIS_DSP/BasicMathFunctions/arm_scale_q7.c **** /**
  32:../Dave/Generated/CMSIS_DSP/BasicMathFunctions/arm_scale_q7.c ****  * @ingroup groupMath
  33:../Dave/Generated/CMSIS_DSP/BasicMathFunctions/arm_scale_q7.c ****  */
  34:../Dave/Generated/CMSIS_DSP/BasicMathFunctions/arm_scale_q7.c **** 
  35:../Dave/Generated/CMSIS_DSP/BasicMathFunctions/arm_scale_q7.c **** /**
  36:../Dave/Generated/CMSIS_DSP/BasicMathFunctions/arm_scale_q7.c ****  * @addtogroup scale
  37:../Dave/Generated/CMSIS_DSP/BasicMathFunctions/arm_scale_q7.c ****  * @{
  38:../Dave/Generated/CMSIS_DSP/BasicMathFunctions/arm_scale_q7.c ****  */
  39:../Dave/Generated/CMSIS_DSP/BasicMathFunctions/arm_scale_q7.c **** 
  40:../Dave/Generated/CMSIS_DSP/BasicMathFunctions/arm_scale_q7.c **** /**
  41:../Dave/Generated/CMSIS_DSP/BasicMathFunctions/arm_scale_q7.c ****  * @brief Multiplies a Q7 vector by a scalar.
  42:../Dave/Generated/CMSIS_DSP/BasicMathFunctions/arm_scale_q7.c ****  * @param[in]       *pSrc points to the input vector
  43:../Dave/Generated/CMSIS_DSP/BasicMathFunctions/arm_scale_q7.c ****  * @param[in]       scaleFract fractional portion of the scale value
  44:../Dave/Generated/CMSIS_DSP/BasicMathFunctions/arm_scale_q7.c ****  * @param[in]       shift number of bits to shift the result by
  45:../Dave/Generated/CMSIS_DSP/BasicMathFunctions/arm_scale_q7.c ****  * @param[out]      *pDst points to the output vector
  46:../Dave/Generated/CMSIS_DSP/BasicMathFunctions/arm_scale_q7.c ****  * @param[in]       blockSize number of samples in the vector
  47:../Dave/Generated/CMSIS_DSP/BasicMathFunctions/arm_scale_q7.c ****  * @return none.
  48:../Dave/Generated/CMSIS_DSP/BasicMathFunctions/arm_scale_q7.c ****  *
  49:../Dave/Generated/CMSIS_DSP/BasicMathFunctions/arm_scale_q7.c ****  * <b>Scaling and Overflow Behavior:</b>
  50:../Dave/Generated/CMSIS_DSP/BasicMathFunctions/arm_scale_q7.c ****  * \par
  51:../Dave/Generated/CMSIS_DSP/BasicMathFunctions/arm_scale_q7.c ****  * The input data <code>*pSrc</code> and <code>scaleFract</code> are in 1.7 format.
  52:../Dave/Generated/CMSIS_DSP/BasicMathFunctions/arm_scale_q7.c ****  * These are multiplied to yield a 2.14 intermediate result and this is shifted with saturation to 
  53:../Dave/Generated/CMSIS_DSP/BasicMathFunctions/arm_scale_q7.c ****  */
  54:../Dave/Generated/CMSIS_DSP/BasicMathFunctions/arm_scale_q7.c **** 
  55:../Dave/Generated/CMSIS_DSP/BasicMathFunctions/arm_scale_q7.c **** void arm_scale_q7(
  56:../Dave/Generated/CMSIS_DSP/BasicMathFunctions/arm_scale_q7.c ****   q7_t * pSrc,
  57:../Dave/Generated/CMSIS_DSP/BasicMathFunctions/arm_scale_q7.c ****   q7_t scaleFract,
  58:../Dave/Generated/CMSIS_DSP/BasicMathFunctions/arm_scale_q7.c ****   int8_t shift,
  59:../Dave/Generated/CMSIS_DSP/BasicMathFunctions/arm_scale_q7.c ****   q7_t * pDst,
  60:../Dave/Generated/CMSIS_DSP/BasicMathFunctions/arm_scale_q7.c ****   uint32_t blockSize)
  61:../Dave/Generated/CMSIS_DSP/BasicMathFunctions/arm_scale_q7.c **** {
  28              	 .loc 1 61 0
  29              	 .cfi_startproc
  30              	 
  31              	 
  32              	 
  33 0000 80B4     	 push {r7}
  34              	.LCFI0:
  35              	 .cfi_def_cfa_offset 4
  36              	 .cfi_offset 7,-4
  37 0002 97B0     	 sub sp,sp,#92
  38              	.LCFI1:
  39              	 .cfi_def_cfa_offset 96
  40 0004 00AF     	 add r7,sp,#0
  41              	.LCFI2:
  42              	 .cfi_def_cfa_register 7
  43 0006 F860     	 str r0,[r7,#12]
  44 0008 7B60     	 str r3,[r7,#4]
  45 000a 0B46     	 mov r3,r1
  46 000c FB72     	 strb r3,[r7,#11]
  47 000e 1346     	 mov r3,r2
  48 0010 BB72     	 strb r3,[r7,#10]
  62:../Dave/Generated/CMSIS_DSP/BasicMathFunctions/arm_scale_q7.c ****   int8_t kShift = 7 - shift;                     /* shift to apply after scaling */
  49              	 .loc 1 62 0
  50 0012 BB7A     	 ldrb r3,[r7,#10]
  51 0014 C3F10703 	 rsb r3,r3,#7
  52 0018 DBB2     	 uxtb r3,r3
  53 001a 87F85330 	 strb r3,[r7,#83]
  63:../Dave/Generated/CMSIS_DSP/BasicMathFunctions/arm_scale_q7.c ****   uint32_t blkCnt;                               /* loop counter */
  64:../Dave/Generated/CMSIS_DSP/BasicMathFunctions/arm_scale_q7.c **** 
  65:../Dave/Generated/CMSIS_DSP/BasicMathFunctions/arm_scale_q7.c **** #if defined (ARM_MATH_DSP)
  66:../Dave/Generated/CMSIS_DSP/BasicMathFunctions/arm_scale_q7.c **** 
  67:../Dave/Generated/CMSIS_DSP/BasicMathFunctions/arm_scale_q7.c **** /* Run the below code for Cortex-M4 and Cortex-M3 */
  68:../Dave/Generated/CMSIS_DSP/BasicMathFunctions/arm_scale_q7.c ****   q7_t in1, in2, in3, in4, out1, out2, out3, out4;      /* Temporary variables to store input & out
  69:../Dave/Generated/CMSIS_DSP/BasicMathFunctions/arm_scale_q7.c **** 
  70:../Dave/Generated/CMSIS_DSP/BasicMathFunctions/arm_scale_q7.c **** 
  71:../Dave/Generated/CMSIS_DSP/BasicMathFunctions/arm_scale_q7.c ****   /*loop Unrolling */
  72:../Dave/Generated/CMSIS_DSP/BasicMathFunctions/arm_scale_q7.c ****   blkCnt = blockSize >> 2u;
  54              	 .loc 1 72 0
  55 001e 3B6E     	 ldr r3,[r7,#96]
  56 0020 9B08     	 lsrs r3,r3,#2
  57 0022 7B65     	 str r3,[r7,#84]
  73:../Dave/Generated/CMSIS_DSP/BasicMathFunctions/arm_scale_q7.c **** 
  74:../Dave/Generated/CMSIS_DSP/BasicMathFunctions/arm_scale_q7.c **** 
  75:../Dave/Generated/CMSIS_DSP/BasicMathFunctions/arm_scale_q7.c ****   /* First part of the processing with loop unrolling.  Compute 4 outputs at a time.
  76:../Dave/Generated/CMSIS_DSP/BasicMathFunctions/arm_scale_q7.c ****    ** a second loop below computes the remaining 1 to 3 samples. */
  77:../Dave/Generated/CMSIS_DSP/BasicMathFunctions/arm_scale_q7.c ****   while (blkCnt > 0u)
  58              	 .loc 1 77 0
  59 0024 78E0     	 b .L2
  60              	.L3:
  78:../Dave/Generated/CMSIS_DSP/BasicMathFunctions/arm_scale_q7.c ****   {
  79:../Dave/Generated/CMSIS_DSP/BasicMathFunctions/arm_scale_q7.c ****     /* Reading 4 inputs from memory */
  80:../Dave/Generated/CMSIS_DSP/BasicMathFunctions/arm_scale_q7.c ****     in1 = *pSrc++;
  61              	 .loc 1 80 0
  62 0026 FB68     	 ldr r3,[r7,#12]
  63 0028 5A1C     	 adds r2,r3,#1
  64 002a FA60     	 str r2,[r7,#12]
  65 002c 1B78     	 ldrb r3,[r3]
  66 002e 87F85230 	 strb r3,[r7,#82]
  81:../Dave/Generated/CMSIS_DSP/BasicMathFunctions/arm_scale_q7.c ****     in2 = *pSrc++;
  67              	 .loc 1 81 0
  68 0032 FB68     	 ldr r3,[r7,#12]
  69 0034 5A1C     	 adds r2,r3,#1
  70 0036 FA60     	 str r2,[r7,#12]
  71 0038 1B78     	 ldrb r3,[r3]
  72 003a 87F85130 	 strb r3,[r7,#81]
  82:../Dave/Generated/CMSIS_DSP/BasicMathFunctions/arm_scale_q7.c ****     in3 = *pSrc++;
  73              	 .loc 1 82 0
  74 003e FB68     	 ldr r3,[r7,#12]
  75 0040 5A1C     	 adds r2,r3,#1
  76 0042 FA60     	 str r2,[r7,#12]
  77 0044 1B78     	 ldrb r3,[r3]
  78 0046 87F85030 	 strb r3,[r7,#80]
  83:../Dave/Generated/CMSIS_DSP/BasicMathFunctions/arm_scale_q7.c ****     in4 = *pSrc++;
  79              	 .loc 1 83 0
  80 004a FB68     	 ldr r3,[r7,#12]
  81 004c 5A1C     	 adds r2,r3,#1
  82 004e FA60     	 str r2,[r7,#12]
  83 0050 1B78     	 ldrb r3,[r3]
  84 0052 87F84F30 	 strb r3,[r7,#79]
  85              	.LBB2:
  84:../Dave/Generated/CMSIS_DSP/BasicMathFunctions/arm_scale_q7.c **** 
  85:../Dave/Generated/CMSIS_DSP/BasicMathFunctions/arm_scale_q7.c ****     /* C = A * scale */
  86:../Dave/Generated/CMSIS_DSP/BasicMathFunctions/arm_scale_q7.c ****     /* Scale the inputs and then store the results in the temporary variables. */
  87:../Dave/Generated/CMSIS_DSP/BasicMathFunctions/arm_scale_q7.c ****     out1 = (q7_t) (__SSAT(((in1) * scaleFract) >> kShift, 8));
  86              	 .loc 1 87 0
  87 0056 97F95230 	 ldrsb r3,[r7,#82]
  88 005a 97F90B20 	 ldrsb r2,[r7,#11]
  89 005e 02FB03F2 	 mul r2,r2,r3
  90 0062 97F95330 	 ldrsb r3,[r7,#83]
  91 0066 42FA03F3 	 asr r3,r2,r3
  92 006a BB64     	 str r3,[r7,#72]
  93 006c BB6C     	 ldr r3,[r7,#72]
  94              	
  95 006e 03F30703 	 ssat r3,#8,r3
  96              	
  97              	 .thumb
  98 0072 7B64     	 str r3,[r7,#68]
  99 0074 7B6C     	 ldr r3,[r7,#68]
 100              	.LBE2:
 101 0076 87F84330 	 strb r3,[r7,#67]
 102              	.LBB3:
  88:../Dave/Generated/CMSIS_DSP/BasicMathFunctions/arm_scale_q7.c ****     out2 = (q7_t) (__SSAT(((in2) * scaleFract) >> kShift, 8));
 103              	 .loc 1 88 0
 104 007a 97F95130 	 ldrsb r3,[r7,#81]
 105 007e 97F90B20 	 ldrsb r2,[r7,#11]
 106 0082 02FB03F2 	 mul r2,r2,r3
 107 0086 97F95330 	 ldrsb r3,[r7,#83]
 108 008a 42FA03F3 	 asr r3,r2,r3
 109 008e FB63     	 str r3,[r7,#60]
 110 0090 FB6B     	 ldr r3,[r7,#60]
 111              	
 112 0092 03F30703 	 ssat r3,#8,r3
 113              	
 114              	 .thumb
 115 0096 BB63     	 str r3,[r7,#56]
 116 0098 BB6B     	 ldr r3,[r7,#56]
 117              	.LBE3:
 118 009a 87F83730 	 strb r3,[r7,#55]
 119              	.LBB4:
  89:../Dave/Generated/CMSIS_DSP/BasicMathFunctions/arm_scale_q7.c ****     out3 = (q7_t) (__SSAT(((in3) * scaleFract) >> kShift, 8));
 120              	 .loc 1 89 0
 121 009e 97F95030 	 ldrsb r3,[r7,#80]
 122 00a2 97F90B20 	 ldrsb r2,[r7,#11]
 123 00a6 02FB03F2 	 mul r2,r2,r3
 124 00aa 97F95330 	 ldrsb r3,[r7,#83]
 125 00ae 42FA03F3 	 asr r3,r2,r3
 126 00b2 3B63     	 str r3,[r7,#48]
 127 00b4 3B6B     	 ldr r3,[r7,#48]
 128              	
 129 00b6 03F30703 	 ssat r3,#8,r3
 130              	
 131              	 .thumb
 132 00ba FB62     	 str r3,[r7,#44]
 133 00bc FB6A     	 ldr r3,[r7,#44]
 134              	.LBE4:
 135 00be 87F82B30 	 strb r3,[r7,#43]
 136              	.LBB5:
  90:../Dave/Generated/CMSIS_DSP/BasicMathFunctions/arm_scale_q7.c ****     out4 = (q7_t) (__SSAT(((in4) * scaleFract) >> kShift, 8));
 137              	 .loc 1 90 0
 138 00c2 97F94F30 	 ldrsb r3,[r7,#79]
 139 00c6 97F90B20 	 ldrsb r2,[r7,#11]
 140 00ca 02FB03F2 	 mul r2,r2,r3
 141 00ce 97F95330 	 ldrsb r3,[r7,#83]
 142 00d2 42FA03F3 	 asr r3,r2,r3
 143 00d6 7B62     	 str r3,[r7,#36]
 144 00d8 7B6A     	 ldr r3,[r7,#36]
 145              	
 146 00da 03F30703 	 ssat r3,#8,r3
 147              	
 148              	 .thumb
 149 00de 3B62     	 str r3,[r7,#32]
 150 00e0 3B6A     	 ldr r3,[r7,#32]
 151              	.LBE5:
 152 00e2 FB77     	 strb r3,[r7,#31]
  91:../Dave/Generated/CMSIS_DSP/BasicMathFunctions/arm_scale_q7.c **** 
  92:../Dave/Generated/CMSIS_DSP/BasicMathFunctions/arm_scale_q7.c ****     /* Packing the individual outputs into 32bit and storing in
  93:../Dave/Generated/CMSIS_DSP/BasicMathFunctions/arm_scale_q7.c ****      * destination buffer in single write */
  94:../Dave/Generated/CMSIS_DSP/BasicMathFunctions/arm_scale_q7.c ****     *__SIMD32(pDst)++ = __PACKq7(out1, out2, out3, out4);
 153              	 .loc 1 94 0
 154 00e4 3A1D     	 adds r2,r7,#4
 155 00e6 1368     	 ldr r3,[r2]
 156 00e8 191D     	 adds r1,r3,#4
 157 00ea 1160     	 str r1,[r2]
 158 00ec 97F94320 	 ldrsb r2,[r7,#67]
 159 00f0 D1B2     	 uxtb r1,r2
 160 00f2 97F93720 	 ldrsb r2,[r7,#55]
 161 00f6 1202     	 lsls r2,r2,#8
 162 00f8 92B2     	 uxth r2,r2
 163 00fa 1143     	 orrs r1,r1,r2
 164 00fc 97F92B20 	 ldrsb r2,[r7,#43]
 165 0100 1204     	 lsls r2,r2,#16
 166 0102 02F47F02 	 and r2,r2,#16711680
 167 0106 1143     	 orrs r1,r1,r2
 168 0108 97F91F20 	 ldrsb r2,[r7,#31]
 169 010c 1206     	 lsls r2,r2,#24
 170 010e 0A43     	 orrs r2,r2,r1
 171 0110 1A60     	 str r2,[r3]
  95:../Dave/Generated/CMSIS_DSP/BasicMathFunctions/arm_scale_q7.c **** 
  96:../Dave/Generated/CMSIS_DSP/BasicMathFunctions/arm_scale_q7.c ****     /* Decrement the loop counter */
  97:../Dave/Generated/CMSIS_DSP/BasicMathFunctions/arm_scale_q7.c ****     blkCnt--;
 172              	 .loc 1 97 0
 173 0112 7B6D     	 ldr r3,[r7,#84]
 174 0114 013B     	 subs r3,r3,#1
 175 0116 7B65     	 str r3,[r7,#84]
 176              	.L2:
  77:../Dave/Generated/CMSIS_DSP/BasicMathFunctions/arm_scale_q7.c ****   {
 177              	 .loc 1 77 0
 178 0118 7B6D     	 ldr r3,[r7,#84]
 179 011a 002B     	 cmp r3,#0
 180 011c 83D1     	 bne .L3
  98:../Dave/Generated/CMSIS_DSP/BasicMathFunctions/arm_scale_q7.c ****   }
  99:../Dave/Generated/CMSIS_DSP/BasicMathFunctions/arm_scale_q7.c **** 
 100:../Dave/Generated/CMSIS_DSP/BasicMathFunctions/arm_scale_q7.c ****   /* If the blockSize is not a multiple of 4, compute any remaining output samples here.
 101:../Dave/Generated/CMSIS_DSP/BasicMathFunctions/arm_scale_q7.c ****    ** No loop unrolling is used. */
 102:../Dave/Generated/CMSIS_DSP/BasicMathFunctions/arm_scale_q7.c ****   blkCnt = blockSize % 0x4u;
 181              	 .loc 1 102 0
 182 011e 3B6E     	 ldr r3,[r7,#96]
 183 0120 03F00303 	 and r3,r3,#3
 184 0124 7B65     	 str r3,[r7,#84]
 103:../Dave/Generated/CMSIS_DSP/BasicMathFunctions/arm_scale_q7.c **** 
 104:../Dave/Generated/CMSIS_DSP/BasicMathFunctions/arm_scale_q7.c ****   while (blkCnt > 0u)
 185              	 .loc 1 104 0
 186 0126 1AE0     	 b .L4
 187              	.L5:
 105:../Dave/Generated/CMSIS_DSP/BasicMathFunctions/arm_scale_q7.c ****   {
 106:../Dave/Generated/CMSIS_DSP/BasicMathFunctions/arm_scale_q7.c ****     /* C = A * scale */
 107:../Dave/Generated/CMSIS_DSP/BasicMathFunctions/arm_scale_q7.c ****     /* Scale the input and then store the result in the destination buffer. */
 108:../Dave/Generated/CMSIS_DSP/BasicMathFunctions/arm_scale_q7.c ****     *pDst++ = (q7_t) (__SSAT(((*pSrc++) * scaleFract) >> kShift, 8));
 188              	 .loc 1 108 0
 189 0128 7B68     	 ldr r3,[r7,#4]
 190 012a 5A1C     	 adds r2,r3,#1
 191 012c 7A60     	 str r2,[r7,#4]
 192              	.LBB6:
 193 012e FA68     	 ldr r2,[r7,#12]
 194 0130 511C     	 adds r1,r2,#1
 195 0132 F960     	 str r1,[r7,#12]
 196 0134 1278     	 ldrb r2,[r2]
 197 0136 52B2     	 sxtb r2,r2
 198 0138 97F90B10 	 ldrsb r1,[r7,#11]
 199 013c 01FB02F1 	 mul r1,r1,r2
 200 0140 97F95320 	 ldrsb r2,[r7,#83]
 201 0144 41FA02F2 	 asr r2,r1,r2
 202 0148 BA61     	 str r2,[r7,#24]
 203 014a BA69     	 ldr r2,[r7,#24]
 204              	
 205 014c 02F30702 	 ssat r2,#8,r2
 206              	
 207              	 .thumb
 208 0150 7A61     	 str r2,[r7,#20]
 209 0152 7A69     	 ldr r2,[r7,#20]
 210              	.LBE6:
 211 0154 D2B2     	 uxtb r2,r2
 212 0156 1A70     	 strb r2,[r3]
 109:../Dave/Generated/CMSIS_DSP/BasicMathFunctions/arm_scale_q7.c **** 
 110:../Dave/Generated/CMSIS_DSP/BasicMathFunctions/arm_scale_q7.c ****     /* Decrement the loop counter */
 111:../Dave/Generated/CMSIS_DSP/BasicMathFunctions/arm_scale_q7.c ****     blkCnt--;
 213              	 .loc 1 111 0
 214 0158 7B6D     	 ldr r3,[r7,#84]
 215 015a 013B     	 subs r3,r3,#1
 216 015c 7B65     	 str r3,[r7,#84]
 217              	.L4:
 104:../Dave/Generated/CMSIS_DSP/BasicMathFunctions/arm_scale_q7.c ****   {
 218              	 .loc 1 104 0
 219 015e 7B6D     	 ldr r3,[r7,#84]
 220 0160 002B     	 cmp r3,#0
 221 0162 E1D1     	 bne .L5
 112:../Dave/Generated/CMSIS_DSP/BasicMathFunctions/arm_scale_q7.c ****   }
 113:../Dave/Generated/CMSIS_DSP/BasicMathFunctions/arm_scale_q7.c **** 
 114:../Dave/Generated/CMSIS_DSP/BasicMathFunctions/arm_scale_q7.c **** #else
 115:../Dave/Generated/CMSIS_DSP/BasicMathFunctions/arm_scale_q7.c **** 
 116:../Dave/Generated/CMSIS_DSP/BasicMathFunctions/arm_scale_q7.c ****   /* Run the below code for Cortex-M0 */
 117:../Dave/Generated/CMSIS_DSP/BasicMathFunctions/arm_scale_q7.c **** 
 118:../Dave/Generated/CMSIS_DSP/BasicMathFunctions/arm_scale_q7.c ****   /* Initialize blkCnt with number of samples */
 119:../Dave/Generated/CMSIS_DSP/BasicMathFunctions/arm_scale_q7.c ****   blkCnt = blockSize;
 120:../Dave/Generated/CMSIS_DSP/BasicMathFunctions/arm_scale_q7.c **** 
 121:../Dave/Generated/CMSIS_DSP/BasicMathFunctions/arm_scale_q7.c ****   while (blkCnt > 0u)
 122:../Dave/Generated/CMSIS_DSP/BasicMathFunctions/arm_scale_q7.c ****   {
 123:../Dave/Generated/CMSIS_DSP/BasicMathFunctions/arm_scale_q7.c ****     /* C = A * scale */
 124:../Dave/Generated/CMSIS_DSP/BasicMathFunctions/arm_scale_q7.c ****     /* Scale the input and then store the result in the destination buffer. */
 125:../Dave/Generated/CMSIS_DSP/BasicMathFunctions/arm_scale_q7.c ****     *pDst++ = (q7_t) (__SSAT((((q15_t) * pSrc++ * scaleFract) >> kShift), 8));
 126:../Dave/Generated/CMSIS_DSP/BasicMathFunctions/arm_scale_q7.c **** 
 127:../Dave/Generated/CMSIS_DSP/BasicMathFunctions/arm_scale_q7.c ****     /* Decrement the loop counter */
 128:../Dave/Generated/CMSIS_DSP/BasicMathFunctions/arm_scale_q7.c ****     blkCnt--;
 129:../Dave/Generated/CMSIS_DSP/BasicMathFunctions/arm_scale_q7.c ****   }
 130:../Dave/Generated/CMSIS_DSP/BasicMathFunctions/arm_scale_q7.c **** 
 131:../Dave/Generated/CMSIS_DSP/BasicMathFunctions/arm_scale_q7.c **** #endif /* #if defined (ARM_MATH_DSP) */
 132:../Dave/Generated/CMSIS_DSP/BasicMathFunctions/arm_scale_q7.c **** 
 133:../Dave/Generated/CMSIS_DSP/BasicMathFunctions/arm_scale_q7.c **** }
 222              	 .loc 1 133 0
 223 0164 5C37     	 adds r7,r7,#92
 224              	.LCFI3:
 225              	 .cfi_def_cfa_offset 4
 226 0166 BD46     	 mov sp,r7
 227              	.LCFI4:
 228              	 .cfi_def_cfa_register 13
 229              	 
 230 0168 5DF8047B 	 ldr r7,[sp],#4
 231              	.LCFI5:
 232              	 .cfi_restore 7
 233              	 .cfi_def_cfa_offset 0
 234 016c 7047     	 bx lr
 235              	 .cfi_endproc
 236              	.LFE135:
 238 016e 00BF     	 .text
 239              	.Letext0:
 240              	 .file 2 "c:\\program files (x86)\\dave\\eclipse\\arm-gcc-49\\arm-none-eabi\\include\\machine\\_default_types.h"
 241              	 .file 3 "c:\\program files (x86)\\dave\\eclipse\\arm-gcc-49\\arm-none-eabi\\include\\stdint.h"
 242              	 .file 4 "C:/Users/VMORAIS/Documents/DAVE_WS/1p_inverter_200V/Dave/Generated/CMSIS_DSP/arm_math.h"
DEFINED SYMBOLS
                            *ABS*:00000000 arm_scale_q7.c
    {standard input}:20     .text.arm_scale_q7:00000000 $t
    {standard input}:25     .text.arm_scale_q7:00000000 arm_scale_q7
                     .debug_frame:00000010 $d

NO UNDEFINED SYMBOLS
