   1              	 .syntax unified
   2              	 .cpu cortex-m4
   3              	 .eabi_attribute 27,3
   4              	 .fpu fpv4-sp-d16
   5              	 .eabi_attribute 20,1
   6              	 .eabi_attribute 21,1
   7              	 .eabi_attribute 23,3
   8              	 .eabi_attribute 24,1
   9              	 .eabi_attribute 25,1
  10              	 .eabi_attribute 26,1
  11              	 .eabi_attribute 30,4
  12              	 .eabi_attribute 34,1
  13              	 .eabi_attribute 18,4
  14              	 .thumb
  15              	 .file "arm_pid_init_f32.c"
  16              	 .section .text.arm_pid_init_f32,"ax",%progbits
  17              	 .align 1
  18              	 .global arm_pid_init_f32
  19              	 .thumb
  20              	 .thumb_func
  22              	arm_pid_init_f32:
  23              	 
  24              	 
  25              	 
  26 0000 90ED067A 	 flds s14,[r0,#24]
  27 0004 D0ED077A 	 flds s15,[r0,#28]
  28 0008 D0ED086A 	 flds s13,[r0,#32]
  29 000c 77EE277A 	 fadds s15,s14,s15
  30 0010 C0ED026A 	 fsts s13,[r0,#8]
  31 0014 77EEA67A 	 fadds s15,s15,s13
  32 0018 C0ED007A 	 fsts s15,[r0]
  33 001c F0EE007A 	 fconsts s15,#0
  34 0020 96EEE77A 	 vfnma.f32 s14,s13,s15
  35 0024 80ED017A 	 fsts s14,[r0,#4]
  36 0028 21B1     	 cbz r1,.L1
  37 002a 0C30     	 adds r0,r0,#12
  38 002c 0021     	 movs r1,#0
  39 002e 0C22     	 movs r2,#12
  40 0030 FFF7FEBF 	 b memset
  41              	.L1:
  42 0034 7047     	 bx lr
  44              	 .ident "GCC: (GNU Tools for ARM Embedded Processors) 4.9.3 20141119 (release) [ARM/embedded-4_9-branch revision 218278]"
DEFINED SYMBOLS
                            *ABS*:00000000 arm_pid_init_f32.c
    {standard input}:17     .text.arm_pid_init_f32:00000000 $t
    {standard input}:22     .text.arm_pid_init_f32:00000000 arm_pid_init_f32

UNDEFINED SYMBOLS
memset
