   1              	 .syntax unified
   2              	 .cpu cortex-m4
   3              	 .eabi_attribute 27,3
   4              	 .fpu fpv4-sp-d16
   5              	 .eabi_attribute 20,1
   6              	 .eabi_attribute 21,1
   7              	 .eabi_attribute 23,3
   8              	 .eabi_attribute 24,1
   9              	 .eabi_attribute 25,1
  10              	 .eabi_attribute 26,1
  11              	 .eabi_attribute 30,6
  12              	 .eabi_attribute 34,1
  13              	 .eabi_attribute 18,4
  14              	 .thumb
  15              	 .file "arm_fill_f32.c"
  16              	 .text
  17              	.Ltext0:
  18              	 .cfi_sections .debug_frame
  19              	 .section .text.arm_fill_f32,"ax",%progbits
  20              	 .align 2
  21              	 .global arm_fill_f32
  22              	 .thumb
  23              	 .thumb_func
  25              	arm_fill_f32:
  26              	.LFB135:
  27              	 .file 1 "../Dave/Generated/CMSIS_DSP/SupportFunctions/arm_fill_f32.c"
   1:../Dave/Generated/CMSIS_DSP/SupportFunctions/arm_fill_f32.c **** /* ----------------------------------------------------------------------
   2:../Dave/Generated/CMSIS_DSP/SupportFunctions/arm_fill_f32.c ****  * Project:      CMSIS DSP Library
   3:../Dave/Generated/CMSIS_DSP/SupportFunctions/arm_fill_f32.c ****  * Title:        arm_fill_f32.c
   4:../Dave/Generated/CMSIS_DSP/SupportFunctions/arm_fill_f32.c ****  * Description:  Fills a constant value into a floating-point vector
   5:../Dave/Generated/CMSIS_DSP/SupportFunctions/arm_fill_f32.c ****  *
   6:../Dave/Generated/CMSIS_DSP/SupportFunctions/arm_fill_f32.c ****  * $Date:        27. January 2017
   7:../Dave/Generated/CMSIS_DSP/SupportFunctions/arm_fill_f32.c ****  * $Revision:    V.1.5.1
   8:../Dave/Generated/CMSIS_DSP/SupportFunctions/arm_fill_f32.c ****  *
   9:../Dave/Generated/CMSIS_DSP/SupportFunctions/arm_fill_f32.c ****  * Target Processor: Cortex-M cores
  10:../Dave/Generated/CMSIS_DSP/SupportFunctions/arm_fill_f32.c ****  * -------------------------------------------------------------------- */
  11:../Dave/Generated/CMSIS_DSP/SupportFunctions/arm_fill_f32.c **** /*
  12:../Dave/Generated/CMSIS_DSP/SupportFunctions/arm_fill_f32.c ****  * Copyright (C) 2010-2017 ARM Limited or its affiliates. All rights reserved.
  13:../Dave/Generated/CMSIS_DSP/SupportFunctions/arm_fill_f32.c ****  *
  14:../Dave/Generated/CMSIS_DSP/SupportFunctions/arm_fill_f32.c ****  * SPDX-License-Identifier: Apache-2.0
  15:../Dave/Generated/CMSIS_DSP/SupportFunctions/arm_fill_f32.c ****  *
  16:../Dave/Generated/CMSIS_DSP/SupportFunctions/arm_fill_f32.c ****  * Licensed under the Apache License, Version 2.0 (the License); you may
  17:../Dave/Generated/CMSIS_DSP/SupportFunctions/arm_fill_f32.c ****  * not use this file except in compliance with the License.
  18:../Dave/Generated/CMSIS_DSP/SupportFunctions/arm_fill_f32.c ****  * You may obtain a copy of the License at
  19:../Dave/Generated/CMSIS_DSP/SupportFunctions/arm_fill_f32.c ****  *
  20:../Dave/Generated/CMSIS_DSP/SupportFunctions/arm_fill_f32.c ****  * www.apache.org/licenses/LICENSE-2.0
  21:../Dave/Generated/CMSIS_DSP/SupportFunctions/arm_fill_f32.c ****  *
  22:../Dave/Generated/CMSIS_DSP/SupportFunctions/arm_fill_f32.c ****  * Unless required by applicable law or agreed to in writing, software
  23:../Dave/Generated/CMSIS_DSP/SupportFunctions/arm_fill_f32.c ****  * distributed under the License is distributed on an AS IS BASIS, WITHOUT
  24:../Dave/Generated/CMSIS_DSP/SupportFunctions/arm_fill_f32.c ****  * WARRANTIES OR CONDITIONS OF ANY KIND, either express or implied.
  25:../Dave/Generated/CMSIS_DSP/SupportFunctions/arm_fill_f32.c ****  * See the License for the specific language governing permissions and
  26:../Dave/Generated/CMSIS_DSP/SupportFunctions/arm_fill_f32.c ****  * limitations under the License.
  27:../Dave/Generated/CMSIS_DSP/SupportFunctions/arm_fill_f32.c ****  */
  28:../Dave/Generated/CMSIS_DSP/SupportFunctions/arm_fill_f32.c **** 
  29:../Dave/Generated/CMSIS_DSP/SupportFunctions/arm_fill_f32.c **** #include "CMSIS_DSP/cmsis_dsp.h"
  30:../Dave/Generated/CMSIS_DSP/SupportFunctions/arm_fill_f32.c **** 
  31:../Dave/Generated/CMSIS_DSP/SupportFunctions/arm_fill_f32.c **** /**
  32:../Dave/Generated/CMSIS_DSP/SupportFunctions/arm_fill_f32.c ****  * @ingroup groupSupport
  33:../Dave/Generated/CMSIS_DSP/SupportFunctions/arm_fill_f32.c ****  */
  34:../Dave/Generated/CMSIS_DSP/SupportFunctions/arm_fill_f32.c **** 
  35:../Dave/Generated/CMSIS_DSP/SupportFunctions/arm_fill_f32.c **** /**
  36:../Dave/Generated/CMSIS_DSP/SupportFunctions/arm_fill_f32.c ****  * @defgroup Fill Vector Fill
  37:../Dave/Generated/CMSIS_DSP/SupportFunctions/arm_fill_f32.c ****  *
  38:../Dave/Generated/CMSIS_DSP/SupportFunctions/arm_fill_f32.c ****  * Fills the destination vector with a constant value.
  39:../Dave/Generated/CMSIS_DSP/SupportFunctions/arm_fill_f32.c ****  *
  40:../Dave/Generated/CMSIS_DSP/SupportFunctions/arm_fill_f32.c ****  * <pre>
  41:../Dave/Generated/CMSIS_DSP/SupportFunctions/arm_fill_f32.c ****  * 	pDst[n] = value;   0 <= n < blockSize.
  42:../Dave/Generated/CMSIS_DSP/SupportFunctions/arm_fill_f32.c ****  * </pre>
  43:../Dave/Generated/CMSIS_DSP/SupportFunctions/arm_fill_f32.c ****  *
  44:../Dave/Generated/CMSIS_DSP/SupportFunctions/arm_fill_f32.c ****  * There are separate functions for floating point, Q31, Q15, and Q7 data types.
  45:../Dave/Generated/CMSIS_DSP/SupportFunctions/arm_fill_f32.c ****  */
  46:../Dave/Generated/CMSIS_DSP/SupportFunctions/arm_fill_f32.c **** 
  47:../Dave/Generated/CMSIS_DSP/SupportFunctions/arm_fill_f32.c **** /**
  48:../Dave/Generated/CMSIS_DSP/SupportFunctions/arm_fill_f32.c ****  * @addtogroup Fill
  49:../Dave/Generated/CMSIS_DSP/SupportFunctions/arm_fill_f32.c ****  * @{
  50:../Dave/Generated/CMSIS_DSP/SupportFunctions/arm_fill_f32.c ****  */
  51:../Dave/Generated/CMSIS_DSP/SupportFunctions/arm_fill_f32.c **** 
  52:../Dave/Generated/CMSIS_DSP/SupportFunctions/arm_fill_f32.c **** /**
  53:../Dave/Generated/CMSIS_DSP/SupportFunctions/arm_fill_f32.c ****  * @brief Fills a constant value into a floating-point vector.
  54:../Dave/Generated/CMSIS_DSP/SupportFunctions/arm_fill_f32.c ****  * @param[in]       value input value to be filled
  55:../Dave/Generated/CMSIS_DSP/SupportFunctions/arm_fill_f32.c ****  * @param[out]      *pDst points to output vector
  56:../Dave/Generated/CMSIS_DSP/SupportFunctions/arm_fill_f32.c ****  * @param[in]       blockSize length of the output vector
  57:../Dave/Generated/CMSIS_DSP/SupportFunctions/arm_fill_f32.c ****  * @return none.
  58:../Dave/Generated/CMSIS_DSP/SupportFunctions/arm_fill_f32.c ****  *
  59:../Dave/Generated/CMSIS_DSP/SupportFunctions/arm_fill_f32.c ****  */
  60:../Dave/Generated/CMSIS_DSP/SupportFunctions/arm_fill_f32.c **** 
  61:../Dave/Generated/CMSIS_DSP/SupportFunctions/arm_fill_f32.c **** 
  62:../Dave/Generated/CMSIS_DSP/SupportFunctions/arm_fill_f32.c **** void arm_fill_f32(
  63:../Dave/Generated/CMSIS_DSP/SupportFunctions/arm_fill_f32.c ****   float32_t value,
  64:../Dave/Generated/CMSIS_DSP/SupportFunctions/arm_fill_f32.c ****   float32_t * pDst,
  65:../Dave/Generated/CMSIS_DSP/SupportFunctions/arm_fill_f32.c ****   uint32_t blockSize)
  66:../Dave/Generated/CMSIS_DSP/SupportFunctions/arm_fill_f32.c **** {
  28              	 .loc 1 66 0
  29              	 .cfi_startproc
  30              	 
  31              	 
  32              	 
  33 0000 80B4     	 push {r7}
  34              	.LCFI0:
  35              	 .cfi_def_cfa_offset 4
  36              	 .cfi_offset 7,-4
  37 0002 8BB0     	 sub sp,sp,#44
  38              	.LCFI1:
  39              	 .cfi_def_cfa_offset 48
  40 0004 00AF     	 add r7,sp,#0
  41              	.LCFI2:
  42              	 .cfi_def_cfa_register 7
  43 0006 F860     	 str r0,[r7,#12]
  44 0008 B960     	 str r1,[r7,#8]
  45 000a 7A60     	 str r2,[r7,#4]
  67:../Dave/Generated/CMSIS_DSP/SupportFunctions/arm_fill_f32.c ****   uint32_t blkCnt;                               /* loop counter */
  68:../Dave/Generated/CMSIS_DSP/SupportFunctions/arm_fill_f32.c **** 
  69:../Dave/Generated/CMSIS_DSP/SupportFunctions/arm_fill_f32.c **** #if defined (ARM_MATH_DSP)
  70:../Dave/Generated/CMSIS_DSP/SupportFunctions/arm_fill_f32.c **** 
  71:../Dave/Generated/CMSIS_DSP/SupportFunctions/arm_fill_f32.c ****   /* Run the below code for Cortex-M4 and Cortex-M3 */
  72:../Dave/Generated/CMSIS_DSP/SupportFunctions/arm_fill_f32.c ****   float32_t in1 = value;
  46              	 .loc 1 72 0
  47 000c FB68     	 ldr r3,[r7,#12]
  48 000e 3B62     	 str r3,[r7,#32]
  73:../Dave/Generated/CMSIS_DSP/SupportFunctions/arm_fill_f32.c ****   float32_t in2 = value;
  49              	 .loc 1 73 0
  50 0010 FB68     	 ldr r3,[r7,#12]
  51 0012 FB61     	 str r3,[r7,#28]
  74:../Dave/Generated/CMSIS_DSP/SupportFunctions/arm_fill_f32.c ****   float32_t in3 = value;
  52              	 .loc 1 74 0
  53 0014 FB68     	 ldr r3,[r7,#12]
  54 0016 BB61     	 str r3,[r7,#24]
  75:../Dave/Generated/CMSIS_DSP/SupportFunctions/arm_fill_f32.c ****   float32_t in4 = value;
  55              	 .loc 1 75 0
  56 0018 FB68     	 ldr r3,[r7,#12]
  57 001a 7B61     	 str r3,[r7,#20]
  76:../Dave/Generated/CMSIS_DSP/SupportFunctions/arm_fill_f32.c **** 
  77:../Dave/Generated/CMSIS_DSP/SupportFunctions/arm_fill_f32.c ****   /*loop Unrolling */
  78:../Dave/Generated/CMSIS_DSP/SupportFunctions/arm_fill_f32.c ****   blkCnt = blockSize >> 2u;
  58              	 .loc 1 78 0
  59 001c 7B68     	 ldr r3,[r7,#4]
  60 001e 9B08     	 lsrs r3,r3,#2
  61 0020 7B62     	 str r3,[r7,#36]
  79:../Dave/Generated/CMSIS_DSP/SupportFunctions/arm_fill_f32.c **** 
  80:../Dave/Generated/CMSIS_DSP/SupportFunctions/arm_fill_f32.c ****   /* First part of the processing with loop unrolling.  Compute 4 outputs at a time.
  81:../Dave/Generated/CMSIS_DSP/SupportFunctions/arm_fill_f32.c ****    ** a second loop below computes the remaining 1 to 3 samples. */
  82:../Dave/Generated/CMSIS_DSP/SupportFunctions/arm_fill_f32.c ****   while (blkCnt > 0u)
  62              	 .loc 1 82 0
  63 0022 16E0     	 b .L2
  64              	.L3:
  83:../Dave/Generated/CMSIS_DSP/SupportFunctions/arm_fill_f32.c ****   {
  84:../Dave/Generated/CMSIS_DSP/SupportFunctions/arm_fill_f32.c ****     /* C = value */
  85:../Dave/Generated/CMSIS_DSP/SupportFunctions/arm_fill_f32.c ****     /* Fill the value in the destination buffer */
  86:../Dave/Generated/CMSIS_DSP/SupportFunctions/arm_fill_f32.c ****     *pDst++ = in1;
  65              	 .loc 1 86 0
  66 0024 BB68     	 ldr r3,[r7,#8]
  67 0026 1A1D     	 adds r2,r3,#4
  68 0028 BA60     	 str r2,[r7,#8]
  69 002a 3A6A     	 ldr r2,[r7,#32]
  70 002c 1A60     	 str r2,[r3]
  87:../Dave/Generated/CMSIS_DSP/SupportFunctions/arm_fill_f32.c ****     *pDst++ = in2;
  71              	 .loc 1 87 0
  72 002e BB68     	 ldr r3,[r7,#8]
  73 0030 1A1D     	 adds r2,r3,#4
  74 0032 BA60     	 str r2,[r7,#8]
  75 0034 FA69     	 ldr r2,[r7,#28]
  76 0036 1A60     	 str r2,[r3]
  88:../Dave/Generated/CMSIS_DSP/SupportFunctions/arm_fill_f32.c ****     *pDst++ = in3;
  77              	 .loc 1 88 0
  78 0038 BB68     	 ldr r3,[r7,#8]
  79 003a 1A1D     	 adds r2,r3,#4
  80 003c BA60     	 str r2,[r7,#8]
  81 003e BA69     	 ldr r2,[r7,#24]
  82 0040 1A60     	 str r2,[r3]
  89:../Dave/Generated/CMSIS_DSP/SupportFunctions/arm_fill_f32.c ****     *pDst++ = in4;
  83              	 .loc 1 89 0
  84 0042 BB68     	 ldr r3,[r7,#8]
  85 0044 1A1D     	 adds r2,r3,#4
  86 0046 BA60     	 str r2,[r7,#8]
  87 0048 7A69     	 ldr r2,[r7,#20]
  88 004a 1A60     	 str r2,[r3]
  90:../Dave/Generated/CMSIS_DSP/SupportFunctions/arm_fill_f32.c **** 
  91:../Dave/Generated/CMSIS_DSP/SupportFunctions/arm_fill_f32.c ****     /* Decrement the loop counter */
  92:../Dave/Generated/CMSIS_DSP/SupportFunctions/arm_fill_f32.c ****     blkCnt--;
  89              	 .loc 1 92 0
  90 004c 7B6A     	 ldr r3,[r7,#36]
  91 004e 013B     	 subs r3,r3,#1
  92 0050 7B62     	 str r3,[r7,#36]
  93              	.L2:
  82:../Dave/Generated/CMSIS_DSP/SupportFunctions/arm_fill_f32.c ****   {
  94              	 .loc 1 82 0
  95 0052 7B6A     	 ldr r3,[r7,#36]
  96 0054 002B     	 cmp r3,#0
  97 0056 E5D1     	 bne .L3
  93:../Dave/Generated/CMSIS_DSP/SupportFunctions/arm_fill_f32.c ****   }
  94:../Dave/Generated/CMSIS_DSP/SupportFunctions/arm_fill_f32.c **** 
  95:../Dave/Generated/CMSIS_DSP/SupportFunctions/arm_fill_f32.c ****   /* If the blockSize is not a multiple of 4, compute any remaining output samples here.
  96:../Dave/Generated/CMSIS_DSP/SupportFunctions/arm_fill_f32.c ****    ** No loop unrolling is used. */
  97:../Dave/Generated/CMSIS_DSP/SupportFunctions/arm_fill_f32.c ****   blkCnt = blockSize % 0x4u;
  98              	 .loc 1 97 0
  99 0058 7B68     	 ldr r3,[r7,#4]
 100 005a 03F00303 	 and r3,r3,#3
 101 005e 7B62     	 str r3,[r7,#36]
  98:../Dave/Generated/CMSIS_DSP/SupportFunctions/arm_fill_f32.c **** 
  99:../Dave/Generated/CMSIS_DSP/SupportFunctions/arm_fill_f32.c **** #else
 100:../Dave/Generated/CMSIS_DSP/SupportFunctions/arm_fill_f32.c **** 
 101:../Dave/Generated/CMSIS_DSP/SupportFunctions/arm_fill_f32.c ****   /* Run the below code for Cortex-M0 */
 102:../Dave/Generated/CMSIS_DSP/SupportFunctions/arm_fill_f32.c **** 
 103:../Dave/Generated/CMSIS_DSP/SupportFunctions/arm_fill_f32.c ****   /* Loop over blockSize number of values */
 104:../Dave/Generated/CMSIS_DSP/SupportFunctions/arm_fill_f32.c ****   blkCnt = blockSize;
 105:../Dave/Generated/CMSIS_DSP/SupportFunctions/arm_fill_f32.c **** 
 106:../Dave/Generated/CMSIS_DSP/SupportFunctions/arm_fill_f32.c **** #endif /* #if defined (ARM_MATH_DSP) */
 107:../Dave/Generated/CMSIS_DSP/SupportFunctions/arm_fill_f32.c **** 
 108:../Dave/Generated/CMSIS_DSP/SupportFunctions/arm_fill_f32.c **** 
 109:../Dave/Generated/CMSIS_DSP/SupportFunctions/arm_fill_f32.c ****   while (blkCnt > 0u)
 102              	 .loc 1 109 0
 103 0060 07E0     	 b .L4
 104              	.L5:
 110:../Dave/Generated/CMSIS_DSP/SupportFunctions/arm_fill_f32.c ****   {
 111:../Dave/Generated/CMSIS_DSP/SupportFunctions/arm_fill_f32.c ****     /* C = value */
 112:../Dave/Generated/CMSIS_DSP/SupportFunctions/arm_fill_f32.c ****     /* Fill the value in the destination buffer */
 113:../Dave/Generated/CMSIS_DSP/SupportFunctions/arm_fill_f32.c ****     *pDst++ = value;
 105              	 .loc 1 113 0
 106 0062 BB68     	 ldr r3,[r7,#8]
 107 0064 1A1D     	 adds r2,r3,#4
 108 0066 BA60     	 str r2,[r7,#8]
 109 0068 FA68     	 ldr r2,[r7,#12]
 110 006a 1A60     	 str r2,[r3]
 114:../Dave/Generated/CMSIS_DSP/SupportFunctions/arm_fill_f32.c **** 
 115:../Dave/Generated/CMSIS_DSP/SupportFunctions/arm_fill_f32.c ****     /* Decrement the loop counter */
 116:../Dave/Generated/CMSIS_DSP/SupportFunctions/arm_fill_f32.c ****     blkCnt--;
 111              	 .loc 1 116 0
 112 006c 7B6A     	 ldr r3,[r7,#36]
 113 006e 013B     	 subs r3,r3,#1
 114 0070 7B62     	 str r3,[r7,#36]
 115              	.L4:
 109:../Dave/Generated/CMSIS_DSP/SupportFunctions/arm_fill_f32.c ****   {
 116              	 .loc 1 109 0
 117 0072 7B6A     	 ldr r3,[r7,#36]
 118 0074 002B     	 cmp r3,#0
 119 0076 F4D1     	 bne .L5
 117:../Dave/Generated/CMSIS_DSP/SupportFunctions/arm_fill_f32.c ****   }
 118:../Dave/Generated/CMSIS_DSP/SupportFunctions/arm_fill_f32.c **** }
 120              	 .loc 1 118 0
 121 0078 2C37     	 adds r7,r7,#44
 122              	.LCFI3:
 123              	 .cfi_def_cfa_offset 4
 124 007a BD46     	 mov sp,r7
 125              	.LCFI4:
 126              	 .cfi_def_cfa_register 13
 127              	 
 128 007c 5DF8047B 	 ldr r7,[sp],#4
 129              	.LCFI5:
 130              	 .cfi_restore 7
 131              	 .cfi_def_cfa_offset 0
 132 0080 7047     	 bx lr
 133              	 .cfi_endproc
 134              	.LFE135:
 136 0082 00BF     	 .text
 137              	.Letext0:
 138              	 .file 2 "c:\\program files (x86)\\dave\\eclipse\\arm-gcc-49\\arm-none-eabi\\include\\machine\\_default_types.h"
 139              	 .file 3 "c:\\program files (x86)\\dave\\eclipse\\arm-gcc-49\\arm-none-eabi\\include\\stdint.h"
 140              	 .file 4 "C:/Users/VMORAIS/Documents/DAVE_WS/1p_inverter_200V/Dave/Generated/CMSIS_DSP/arm_math.h"
DEFINED SYMBOLS
                            *ABS*:00000000 arm_fill_f32.c
    {standard input}:20     .text.arm_fill_f32:00000000 $t
    {standard input}:25     .text.arm_fill_f32:00000000 arm_fill_f32
                     .debug_frame:00000010 $d

NO UNDEFINED SYMBOLS
