   1              	 .syntax unified
   2              	 .cpu cortex-m4
   3              	 .eabi_attribute 27,3
   4              	 .fpu fpv4-sp-d16
   5              	 .eabi_attribute 20,1
   6              	 .eabi_attribute 21,1
   7              	 .eabi_attribute 23,3
   8              	 .eabi_attribute 24,1
   9              	 .eabi_attribute 25,1
  10              	 .eabi_attribute 26,1
  11              	 .eabi_attribute 30,6
  12              	 .eabi_attribute 34,1
  13              	 .eabi_attribute 18,4
  14              	 .thumb
  15              	 .file "arm_copy_q31.c"
  16              	 .text
  17              	.Ltext0:
  18              	 .cfi_sections .debug_frame
  19              	 .section .text.arm_copy_q31,"ax",%progbits
  20              	 .align 2
  21              	 .global arm_copy_q31
  22              	 .thumb
  23              	 .thumb_func
  25              	arm_copy_q31:
  26              	.LFB135:
  27              	 .file 1 "../Dave/Generated/CMSIS_DSP/SupportFunctions/arm_copy_q31.c"
   1:../Dave/Generated/CMSIS_DSP/SupportFunctions/arm_copy_q31.c **** /* ----------------------------------------------------------------------
   2:../Dave/Generated/CMSIS_DSP/SupportFunctions/arm_copy_q31.c ****  * Project:      CMSIS DSP Library
   3:../Dave/Generated/CMSIS_DSP/SupportFunctions/arm_copy_q31.c ****  * Title:        arm_copy_q31.c
   4:../Dave/Generated/CMSIS_DSP/SupportFunctions/arm_copy_q31.c ****  * Description:  Copies the elements of a Q31 vector
   5:../Dave/Generated/CMSIS_DSP/SupportFunctions/arm_copy_q31.c ****  *
   6:../Dave/Generated/CMSIS_DSP/SupportFunctions/arm_copy_q31.c ****  * $Date:        27. January 2017
   7:../Dave/Generated/CMSIS_DSP/SupportFunctions/arm_copy_q31.c ****  * $Revision:    V.1.5.1
   8:../Dave/Generated/CMSIS_DSP/SupportFunctions/arm_copy_q31.c ****  *
   9:../Dave/Generated/CMSIS_DSP/SupportFunctions/arm_copy_q31.c ****  * Target Processor: Cortex-M cores
  10:../Dave/Generated/CMSIS_DSP/SupportFunctions/arm_copy_q31.c ****  * -------------------------------------------------------------------- */
  11:../Dave/Generated/CMSIS_DSP/SupportFunctions/arm_copy_q31.c **** /*
  12:../Dave/Generated/CMSIS_DSP/SupportFunctions/arm_copy_q31.c ****  * Copyright (C) 2010-2017 ARM Limited or its affiliates. All rights reserved.
  13:../Dave/Generated/CMSIS_DSP/SupportFunctions/arm_copy_q31.c ****  *
  14:../Dave/Generated/CMSIS_DSP/SupportFunctions/arm_copy_q31.c ****  * SPDX-License-Identifier: Apache-2.0
  15:../Dave/Generated/CMSIS_DSP/SupportFunctions/arm_copy_q31.c ****  *
  16:../Dave/Generated/CMSIS_DSP/SupportFunctions/arm_copy_q31.c ****  * Licensed under the Apache License, Version 2.0 (the License); you may
  17:../Dave/Generated/CMSIS_DSP/SupportFunctions/arm_copy_q31.c ****  * not use this file except in compliance with the License.
  18:../Dave/Generated/CMSIS_DSP/SupportFunctions/arm_copy_q31.c ****  * You may obtain a copy of the License at
  19:../Dave/Generated/CMSIS_DSP/SupportFunctions/arm_copy_q31.c ****  *
  20:../Dave/Generated/CMSIS_DSP/SupportFunctions/arm_copy_q31.c ****  * www.apache.org/licenses/LICENSE-2.0
  21:../Dave/Generated/CMSIS_DSP/SupportFunctions/arm_copy_q31.c ****  *
  22:../Dave/Generated/CMSIS_DSP/SupportFunctions/arm_copy_q31.c ****  * Unless required by applicable law or agreed to in writing, software
  23:../Dave/Generated/CMSIS_DSP/SupportFunctions/arm_copy_q31.c ****  * distributed under the License is distributed on an AS IS BASIS, WITHOUT
  24:../Dave/Generated/CMSIS_DSP/SupportFunctions/arm_copy_q31.c ****  * WARRANTIES OR CONDITIONS OF ANY KIND, either express or implied.
  25:../Dave/Generated/CMSIS_DSP/SupportFunctions/arm_copy_q31.c ****  * See the License for the specific language governing permissions and
  26:../Dave/Generated/CMSIS_DSP/SupportFunctions/arm_copy_q31.c ****  * limitations under the License.
  27:../Dave/Generated/CMSIS_DSP/SupportFunctions/arm_copy_q31.c ****  */
  28:../Dave/Generated/CMSIS_DSP/SupportFunctions/arm_copy_q31.c **** 
  29:../Dave/Generated/CMSIS_DSP/SupportFunctions/arm_copy_q31.c **** #include "CMSIS_DSP/cmsis_dsp.h"
  30:../Dave/Generated/CMSIS_DSP/SupportFunctions/arm_copy_q31.c **** 
  31:../Dave/Generated/CMSIS_DSP/SupportFunctions/arm_copy_q31.c **** /**
  32:../Dave/Generated/CMSIS_DSP/SupportFunctions/arm_copy_q31.c ****  * @ingroup groupSupport
  33:../Dave/Generated/CMSIS_DSP/SupportFunctions/arm_copy_q31.c ****  */
  34:../Dave/Generated/CMSIS_DSP/SupportFunctions/arm_copy_q31.c **** 
  35:../Dave/Generated/CMSIS_DSP/SupportFunctions/arm_copy_q31.c **** /**
  36:../Dave/Generated/CMSIS_DSP/SupportFunctions/arm_copy_q31.c ****  * @addtogroup copy
  37:../Dave/Generated/CMSIS_DSP/SupportFunctions/arm_copy_q31.c ****  * @{
  38:../Dave/Generated/CMSIS_DSP/SupportFunctions/arm_copy_q31.c ****  */
  39:../Dave/Generated/CMSIS_DSP/SupportFunctions/arm_copy_q31.c **** 
  40:../Dave/Generated/CMSIS_DSP/SupportFunctions/arm_copy_q31.c **** /**
  41:../Dave/Generated/CMSIS_DSP/SupportFunctions/arm_copy_q31.c ****  * @brief Copies the elements of a Q31 vector.
  42:../Dave/Generated/CMSIS_DSP/SupportFunctions/arm_copy_q31.c ****  * @param[in]       *pSrc points to input vector
  43:../Dave/Generated/CMSIS_DSP/SupportFunctions/arm_copy_q31.c ****  * @param[out]      *pDst points to output vector
  44:../Dave/Generated/CMSIS_DSP/SupportFunctions/arm_copy_q31.c ****  * @param[in]       blockSize length of the input vector
  45:../Dave/Generated/CMSIS_DSP/SupportFunctions/arm_copy_q31.c ****  * @return none.
  46:../Dave/Generated/CMSIS_DSP/SupportFunctions/arm_copy_q31.c ****  *
  47:../Dave/Generated/CMSIS_DSP/SupportFunctions/arm_copy_q31.c ****  */
  48:../Dave/Generated/CMSIS_DSP/SupportFunctions/arm_copy_q31.c **** 
  49:../Dave/Generated/CMSIS_DSP/SupportFunctions/arm_copy_q31.c **** void arm_copy_q31(
  50:../Dave/Generated/CMSIS_DSP/SupportFunctions/arm_copy_q31.c ****   q31_t * pSrc,
  51:../Dave/Generated/CMSIS_DSP/SupportFunctions/arm_copy_q31.c ****   q31_t * pDst,
  52:../Dave/Generated/CMSIS_DSP/SupportFunctions/arm_copy_q31.c ****   uint32_t blockSize)
  53:../Dave/Generated/CMSIS_DSP/SupportFunctions/arm_copy_q31.c **** {
  28              	 .loc 1 53 0
  29              	 .cfi_startproc
  30              	 
  31              	 
  32              	 
  33 0000 80B4     	 push {r7}
  34              	.LCFI0:
  35              	 .cfi_def_cfa_offset 4
  36              	 .cfi_offset 7,-4
  37 0002 8BB0     	 sub sp,sp,#44
  38              	.LCFI1:
  39              	 .cfi_def_cfa_offset 48
  40 0004 00AF     	 add r7,sp,#0
  41              	.LCFI2:
  42              	 .cfi_def_cfa_register 7
  43 0006 F860     	 str r0,[r7,#12]
  44 0008 B960     	 str r1,[r7,#8]
  45 000a 7A60     	 str r2,[r7,#4]
  54:../Dave/Generated/CMSIS_DSP/SupportFunctions/arm_copy_q31.c ****   uint32_t blkCnt;                               /* loop counter */
  55:../Dave/Generated/CMSIS_DSP/SupportFunctions/arm_copy_q31.c **** 
  56:../Dave/Generated/CMSIS_DSP/SupportFunctions/arm_copy_q31.c **** 
  57:../Dave/Generated/CMSIS_DSP/SupportFunctions/arm_copy_q31.c **** #if defined (ARM_MATH_DSP)
  58:../Dave/Generated/CMSIS_DSP/SupportFunctions/arm_copy_q31.c **** 
  59:../Dave/Generated/CMSIS_DSP/SupportFunctions/arm_copy_q31.c ****   /* Run the below code for Cortex-M4 and Cortex-M3 */
  60:../Dave/Generated/CMSIS_DSP/SupportFunctions/arm_copy_q31.c ****   q31_t in1, in2, in3, in4;
  61:../Dave/Generated/CMSIS_DSP/SupportFunctions/arm_copy_q31.c **** 
  62:../Dave/Generated/CMSIS_DSP/SupportFunctions/arm_copy_q31.c ****   /*loop Unrolling */
  63:../Dave/Generated/CMSIS_DSP/SupportFunctions/arm_copy_q31.c ****   blkCnt = blockSize >> 2u;
  46              	 .loc 1 63 0
  47 000c 7B68     	 ldr r3,[r7,#4]
  48 000e 9B08     	 lsrs r3,r3,#2
  49 0010 7B62     	 str r3,[r7,#36]
  64:../Dave/Generated/CMSIS_DSP/SupportFunctions/arm_copy_q31.c **** 
  65:../Dave/Generated/CMSIS_DSP/SupportFunctions/arm_copy_q31.c ****   /* First part of the processing with loop unrolling.  Compute 4 outputs at a time.
  66:../Dave/Generated/CMSIS_DSP/SupportFunctions/arm_copy_q31.c ****    ** a second loop below computes the remaining 1 to 3 samples. */
  67:../Dave/Generated/CMSIS_DSP/SupportFunctions/arm_copy_q31.c ****   while (blkCnt > 0u)
  50              	 .loc 1 67 0
  51 0012 2AE0     	 b .L2
  52              	.L3:
  68:../Dave/Generated/CMSIS_DSP/SupportFunctions/arm_copy_q31.c ****   {
  69:../Dave/Generated/CMSIS_DSP/SupportFunctions/arm_copy_q31.c ****     /* C = A */
  70:../Dave/Generated/CMSIS_DSP/SupportFunctions/arm_copy_q31.c ****     /* Copy and then store the values in the destination buffer */
  71:../Dave/Generated/CMSIS_DSP/SupportFunctions/arm_copy_q31.c ****     in1 = *pSrc++;
  53              	 .loc 1 71 0
  54 0014 FB68     	 ldr r3,[r7,#12]
  55 0016 1A1D     	 adds r2,r3,#4
  56 0018 FA60     	 str r2,[r7,#12]
  57 001a 1B68     	 ldr r3,[r3]
  58 001c 3B62     	 str r3,[r7,#32]
  72:../Dave/Generated/CMSIS_DSP/SupportFunctions/arm_copy_q31.c ****     in2 = *pSrc++;
  59              	 .loc 1 72 0
  60 001e FB68     	 ldr r3,[r7,#12]
  61 0020 1A1D     	 adds r2,r3,#4
  62 0022 FA60     	 str r2,[r7,#12]
  63 0024 1B68     	 ldr r3,[r3]
  64 0026 FB61     	 str r3,[r7,#28]
  73:../Dave/Generated/CMSIS_DSP/SupportFunctions/arm_copy_q31.c ****     in3 = *pSrc++;
  65              	 .loc 1 73 0
  66 0028 FB68     	 ldr r3,[r7,#12]
  67 002a 1A1D     	 adds r2,r3,#4
  68 002c FA60     	 str r2,[r7,#12]
  69 002e 1B68     	 ldr r3,[r3]
  70 0030 BB61     	 str r3,[r7,#24]
  74:../Dave/Generated/CMSIS_DSP/SupportFunctions/arm_copy_q31.c ****     in4 = *pSrc++;
  71              	 .loc 1 74 0
  72 0032 FB68     	 ldr r3,[r7,#12]
  73 0034 1A1D     	 adds r2,r3,#4
  74 0036 FA60     	 str r2,[r7,#12]
  75 0038 1B68     	 ldr r3,[r3]
  76 003a 7B61     	 str r3,[r7,#20]
  75:../Dave/Generated/CMSIS_DSP/SupportFunctions/arm_copy_q31.c **** 
  76:../Dave/Generated/CMSIS_DSP/SupportFunctions/arm_copy_q31.c ****     *pDst++ = in1;
  77              	 .loc 1 76 0
  78 003c BB68     	 ldr r3,[r7,#8]
  79 003e 1A1D     	 adds r2,r3,#4
  80 0040 BA60     	 str r2,[r7,#8]
  81 0042 3A6A     	 ldr r2,[r7,#32]
  82 0044 1A60     	 str r2,[r3]
  77:../Dave/Generated/CMSIS_DSP/SupportFunctions/arm_copy_q31.c ****     *pDst++ = in2;
  83              	 .loc 1 77 0
  84 0046 BB68     	 ldr r3,[r7,#8]
  85 0048 1A1D     	 adds r2,r3,#4
  86 004a BA60     	 str r2,[r7,#8]
  87 004c FA69     	 ldr r2,[r7,#28]
  88 004e 1A60     	 str r2,[r3]
  78:../Dave/Generated/CMSIS_DSP/SupportFunctions/arm_copy_q31.c ****     *pDst++ = in3;
  89              	 .loc 1 78 0
  90 0050 BB68     	 ldr r3,[r7,#8]
  91 0052 1A1D     	 adds r2,r3,#4
  92 0054 BA60     	 str r2,[r7,#8]
  93 0056 BA69     	 ldr r2,[r7,#24]
  94 0058 1A60     	 str r2,[r3]
  79:../Dave/Generated/CMSIS_DSP/SupportFunctions/arm_copy_q31.c ****     *pDst++ = in4;
  95              	 .loc 1 79 0
  96 005a BB68     	 ldr r3,[r7,#8]
  97 005c 1A1D     	 adds r2,r3,#4
  98 005e BA60     	 str r2,[r7,#8]
  99 0060 7A69     	 ldr r2,[r7,#20]
 100 0062 1A60     	 str r2,[r3]
  80:../Dave/Generated/CMSIS_DSP/SupportFunctions/arm_copy_q31.c **** 
  81:../Dave/Generated/CMSIS_DSP/SupportFunctions/arm_copy_q31.c ****     /* Decrement the loop counter */
  82:../Dave/Generated/CMSIS_DSP/SupportFunctions/arm_copy_q31.c ****     blkCnt--;
 101              	 .loc 1 82 0
 102 0064 7B6A     	 ldr r3,[r7,#36]
 103 0066 013B     	 subs r3,r3,#1
 104 0068 7B62     	 str r3,[r7,#36]
 105              	.L2:
  67:../Dave/Generated/CMSIS_DSP/SupportFunctions/arm_copy_q31.c ****   {
 106              	 .loc 1 67 0
 107 006a 7B6A     	 ldr r3,[r7,#36]
 108 006c 002B     	 cmp r3,#0
 109 006e D1D1     	 bne .L3
  83:../Dave/Generated/CMSIS_DSP/SupportFunctions/arm_copy_q31.c ****   }
  84:../Dave/Generated/CMSIS_DSP/SupportFunctions/arm_copy_q31.c **** 
  85:../Dave/Generated/CMSIS_DSP/SupportFunctions/arm_copy_q31.c ****   /* If the blockSize is not a multiple of 4, compute any remaining output samples here.
  86:../Dave/Generated/CMSIS_DSP/SupportFunctions/arm_copy_q31.c ****    ** No loop unrolling is used. */
  87:../Dave/Generated/CMSIS_DSP/SupportFunctions/arm_copy_q31.c ****   blkCnt = blockSize % 0x4u;
 110              	 .loc 1 87 0
 111 0070 7B68     	 ldr r3,[r7,#4]
 112 0072 03F00303 	 and r3,r3,#3
 113 0076 7B62     	 str r3,[r7,#36]
  88:../Dave/Generated/CMSIS_DSP/SupportFunctions/arm_copy_q31.c **** 
  89:../Dave/Generated/CMSIS_DSP/SupportFunctions/arm_copy_q31.c **** #else
  90:../Dave/Generated/CMSIS_DSP/SupportFunctions/arm_copy_q31.c **** 
  91:../Dave/Generated/CMSIS_DSP/SupportFunctions/arm_copy_q31.c ****   /* Run the below code for Cortex-M0 */
  92:../Dave/Generated/CMSIS_DSP/SupportFunctions/arm_copy_q31.c **** 
  93:../Dave/Generated/CMSIS_DSP/SupportFunctions/arm_copy_q31.c ****   /* Loop over blockSize number of values */
  94:../Dave/Generated/CMSIS_DSP/SupportFunctions/arm_copy_q31.c ****   blkCnt = blockSize;
  95:../Dave/Generated/CMSIS_DSP/SupportFunctions/arm_copy_q31.c **** 
  96:../Dave/Generated/CMSIS_DSP/SupportFunctions/arm_copy_q31.c **** #endif /* #if defined (ARM_MATH_DSP) */
  97:../Dave/Generated/CMSIS_DSP/SupportFunctions/arm_copy_q31.c **** 
  98:../Dave/Generated/CMSIS_DSP/SupportFunctions/arm_copy_q31.c ****   while (blkCnt > 0u)
 114              	 .loc 1 98 0
 115 0078 0AE0     	 b .L4
 116              	.L5:
  99:../Dave/Generated/CMSIS_DSP/SupportFunctions/arm_copy_q31.c ****   {
 100:../Dave/Generated/CMSIS_DSP/SupportFunctions/arm_copy_q31.c ****     /* C = A */
 101:../Dave/Generated/CMSIS_DSP/SupportFunctions/arm_copy_q31.c ****     /* Copy and then store the value in the destination buffer */
 102:../Dave/Generated/CMSIS_DSP/SupportFunctions/arm_copy_q31.c ****     *pDst++ = *pSrc++;
 117              	 .loc 1 102 0
 118 007a BB68     	 ldr r3,[r7,#8]
 119 007c 1A1D     	 adds r2,r3,#4
 120 007e BA60     	 str r2,[r7,#8]
 121 0080 FA68     	 ldr r2,[r7,#12]
 122 0082 111D     	 adds r1,r2,#4
 123 0084 F960     	 str r1,[r7,#12]
 124 0086 1268     	 ldr r2,[r2]
 125 0088 1A60     	 str r2,[r3]
 103:../Dave/Generated/CMSIS_DSP/SupportFunctions/arm_copy_q31.c **** 
 104:../Dave/Generated/CMSIS_DSP/SupportFunctions/arm_copy_q31.c ****     /* Decrement the loop counter */
 105:../Dave/Generated/CMSIS_DSP/SupportFunctions/arm_copy_q31.c ****     blkCnt--;
 126              	 .loc 1 105 0
 127 008a 7B6A     	 ldr r3,[r7,#36]
 128 008c 013B     	 subs r3,r3,#1
 129 008e 7B62     	 str r3,[r7,#36]
 130              	.L4:
  98:../Dave/Generated/CMSIS_DSP/SupportFunctions/arm_copy_q31.c ****   {
 131              	 .loc 1 98 0
 132 0090 7B6A     	 ldr r3,[r7,#36]
 133 0092 002B     	 cmp r3,#0
 134 0094 F1D1     	 bne .L5
 106:../Dave/Generated/CMSIS_DSP/SupportFunctions/arm_copy_q31.c ****   }
 107:../Dave/Generated/CMSIS_DSP/SupportFunctions/arm_copy_q31.c **** }
 135              	 .loc 1 107 0
 136 0096 2C37     	 adds r7,r7,#44
 137              	.LCFI3:
 138              	 .cfi_def_cfa_offset 4
 139 0098 BD46     	 mov sp,r7
 140              	.LCFI4:
 141              	 .cfi_def_cfa_register 13
 142              	 
 143 009a 5DF8047B 	 ldr r7,[sp],#4
 144              	.LCFI5:
 145              	 .cfi_restore 7
 146              	 .cfi_def_cfa_offset 0
 147 009e 7047     	 bx lr
 148              	 .cfi_endproc
 149              	.LFE135:
 151              	 .text
 152              	.Letext0:
 153              	 .file 2 "c:\\program files (x86)\\dave\\eclipse\\arm-gcc-49\\arm-none-eabi\\include\\machine\\_default_types.h"
 154              	 .file 3 "c:\\program files (x86)\\dave\\eclipse\\arm-gcc-49\\arm-none-eabi\\include\\stdint.h"
 155              	 .file 4 "C:/Users/VMORAIS/Documents/DAVE_WS/1p_inverter_200V/Dave/Generated/CMSIS_DSP/arm_math.h"
DEFINED SYMBOLS
                            *ABS*:00000000 arm_copy_q31.c
    {standard input}:20     .text.arm_copy_q31:00000000 $t
    {standard input}:25     .text.arm_copy_q31:00000000 arm_copy_q31
                     .debug_frame:00000010 $d

NO UNDEFINED SYMBOLS
