   1              	 .syntax unified
   2              	 .cpu cortex-m4
   3              	 .eabi_attribute 27,3
   4              	 .fpu fpv4-sp-d16
   5              	 .eabi_attribute 20,1
   6              	 .eabi_attribute 21,1
   7              	 .eabi_attribute 23,3
   8              	 .eabi_attribute 24,1
   9              	 .eabi_attribute 25,1
  10              	 .eabi_attribute 26,1
  11              	 .eabi_attribute 30,6
  12              	 .eabi_attribute 34,1
  13              	 .eabi_attribute 18,4
  14              	 .thumb
  15              	 .file "arm_fill_q15.c"
  16              	 .text
  17              	.Ltext0:
  18              	 .cfi_sections .debug_frame
  19              	 .section .text.arm_fill_q15,"ax",%progbits
  20              	 .align 2
  21              	 .global arm_fill_q15
  22              	 .thumb
  23              	 .thumb_func
  25              	arm_fill_q15:
  26              	.LFB135:
  27              	 .file 1 "../Dave/Generated/CMSIS_DSP/SupportFunctions/arm_fill_q15.c"
   1:../Dave/Generated/CMSIS_DSP/SupportFunctions/arm_fill_q15.c **** /* ----------------------------------------------------------------------
   2:../Dave/Generated/CMSIS_DSP/SupportFunctions/arm_fill_q15.c ****  * Project:      CMSIS DSP Library
   3:../Dave/Generated/CMSIS_DSP/SupportFunctions/arm_fill_q15.c ****  * Title:        arm_fill_q15.c
   4:../Dave/Generated/CMSIS_DSP/SupportFunctions/arm_fill_q15.c ****  * Description:  Fills a constant value into a Q15 vector
   5:../Dave/Generated/CMSIS_DSP/SupportFunctions/arm_fill_q15.c ****  *
   6:../Dave/Generated/CMSIS_DSP/SupportFunctions/arm_fill_q15.c ****  * $Date:        27. January 2017
   7:../Dave/Generated/CMSIS_DSP/SupportFunctions/arm_fill_q15.c ****  * $Revision:    V.1.5.1
   8:../Dave/Generated/CMSIS_DSP/SupportFunctions/arm_fill_q15.c ****  *
   9:../Dave/Generated/CMSIS_DSP/SupportFunctions/arm_fill_q15.c ****  * Target Processor: Cortex-M cores
  10:../Dave/Generated/CMSIS_DSP/SupportFunctions/arm_fill_q15.c ****  * -------------------------------------------------------------------- */
  11:../Dave/Generated/CMSIS_DSP/SupportFunctions/arm_fill_q15.c **** /*
  12:../Dave/Generated/CMSIS_DSP/SupportFunctions/arm_fill_q15.c ****  * Copyright (C) 2010-2017 ARM Limited or its affiliates. All rights reserved.
  13:../Dave/Generated/CMSIS_DSP/SupportFunctions/arm_fill_q15.c ****  *
  14:../Dave/Generated/CMSIS_DSP/SupportFunctions/arm_fill_q15.c ****  * SPDX-License-Identifier: Apache-2.0
  15:../Dave/Generated/CMSIS_DSP/SupportFunctions/arm_fill_q15.c ****  *
  16:../Dave/Generated/CMSIS_DSP/SupportFunctions/arm_fill_q15.c ****  * Licensed under the Apache License, Version 2.0 (the License); you may
  17:../Dave/Generated/CMSIS_DSP/SupportFunctions/arm_fill_q15.c ****  * not use this file except in compliance with the License.
  18:../Dave/Generated/CMSIS_DSP/SupportFunctions/arm_fill_q15.c ****  * You may obtain a copy of the License at
  19:../Dave/Generated/CMSIS_DSP/SupportFunctions/arm_fill_q15.c ****  *
  20:../Dave/Generated/CMSIS_DSP/SupportFunctions/arm_fill_q15.c ****  * www.apache.org/licenses/LICENSE-2.0
  21:../Dave/Generated/CMSIS_DSP/SupportFunctions/arm_fill_q15.c ****  *
  22:../Dave/Generated/CMSIS_DSP/SupportFunctions/arm_fill_q15.c ****  * Unless required by applicable law or agreed to in writing, software
  23:../Dave/Generated/CMSIS_DSP/SupportFunctions/arm_fill_q15.c ****  * distributed under the License is distributed on an AS IS BASIS, WITHOUT
  24:../Dave/Generated/CMSIS_DSP/SupportFunctions/arm_fill_q15.c ****  * WARRANTIES OR CONDITIONS OF ANY KIND, either express or implied.
  25:../Dave/Generated/CMSIS_DSP/SupportFunctions/arm_fill_q15.c ****  * See the License for the specific language governing permissions and
  26:../Dave/Generated/CMSIS_DSP/SupportFunctions/arm_fill_q15.c ****  * limitations under the License.
  27:../Dave/Generated/CMSIS_DSP/SupportFunctions/arm_fill_q15.c ****  */
  28:../Dave/Generated/CMSIS_DSP/SupportFunctions/arm_fill_q15.c **** 
  29:../Dave/Generated/CMSIS_DSP/SupportFunctions/arm_fill_q15.c **** #include "CMSIS_DSP/cmsis_dsp.h"
  30:../Dave/Generated/CMSIS_DSP/SupportFunctions/arm_fill_q15.c **** 
  31:../Dave/Generated/CMSIS_DSP/SupportFunctions/arm_fill_q15.c **** /**
  32:../Dave/Generated/CMSIS_DSP/SupportFunctions/arm_fill_q15.c ****  * @ingroup groupSupport
  33:../Dave/Generated/CMSIS_DSP/SupportFunctions/arm_fill_q15.c ****  */
  34:../Dave/Generated/CMSIS_DSP/SupportFunctions/arm_fill_q15.c **** 
  35:../Dave/Generated/CMSIS_DSP/SupportFunctions/arm_fill_q15.c **** /**
  36:../Dave/Generated/CMSIS_DSP/SupportFunctions/arm_fill_q15.c ****  * @addtogroup Fill
  37:../Dave/Generated/CMSIS_DSP/SupportFunctions/arm_fill_q15.c ****  * @{
  38:../Dave/Generated/CMSIS_DSP/SupportFunctions/arm_fill_q15.c ****  */
  39:../Dave/Generated/CMSIS_DSP/SupportFunctions/arm_fill_q15.c **** 
  40:../Dave/Generated/CMSIS_DSP/SupportFunctions/arm_fill_q15.c **** /**
  41:../Dave/Generated/CMSIS_DSP/SupportFunctions/arm_fill_q15.c ****  * @brief Fills a constant value into a Q15 vector.
  42:../Dave/Generated/CMSIS_DSP/SupportFunctions/arm_fill_q15.c ****  * @param[in]       value input value to be filled
  43:../Dave/Generated/CMSIS_DSP/SupportFunctions/arm_fill_q15.c ****  * @param[out]      *pDst points to output vector
  44:../Dave/Generated/CMSIS_DSP/SupportFunctions/arm_fill_q15.c ****  * @param[in]       blockSize length of the output vector
  45:../Dave/Generated/CMSIS_DSP/SupportFunctions/arm_fill_q15.c ****  * @return none.
  46:../Dave/Generated/CMSIS_DSP/SupportFunctions/arm_fill_q15.c ****  *
  47:../Dave/Generated/CMSIS_DSP/SupportFunctions/arm_fill_q15.c ****  */
  48:../Dave/Generated/CMSIS_DSP/SupportFunctions/arm_fill_q15.c **** 
  49:../Dave/Generated/CMSIS_DSP/SupportFunctions/arm_fill_q15.c **** void arm_fill_q15(
  50:../Dave/Generated/CMSIS_DSP/SupportFunctions/arm_fill_q15.c ****   q15_t value,
  51:../Dave/Generated/CMSIS_DSP/SupportFunctions/arm_fill_q15.c ****   q15_t * pDst,
  52:../Dave/Generated/CMSIS_DSP/SupportFunctions/arm_fill_q15.c ****   uint32_t blockSize)
  53:../Dave/Generated/CMSIS_DSP/SupportFunctions/arm_fill_q15.c **** {
  28              	 .loc 1 53 0
  29              	 .cfi_startproc
  30              	 
  31              	 
  32              	 
  33 0000 80B4     	 push {r7}
  34              	.LCFI0:
  35              	 .cfi_def_cfa_offset 4
  36              	 .cfi_offset 7,-4
  37 0002 87B0     	 sub sp,sp,#28
  38              	.LCFI1:
  39              	 .cfi_def_cfa_offset 32
  40 0004 00AF     	 add r7,sp,#0
  41              	.LCFI2:
  42              	 .cfi_def_cfa_register 7
  43 0006 0346     	 mov r3,r0
  44 0008 B960     	 str r1,[r7,#8]
  45 000a 7A60     	 str r2,[r7,#4]
  46 000c FB81     	 strh r3,[r7,#14]
  54:../Dave/Generated/CMSIS_DSP/SupportFunctions/arm_fill_q15.c ****   uint32_t blkCnt;                               /* loop counter */
  55:../Dave/Generated/CMSIS_DSP/SupportFunctions/arm_fill_q15.c **** 
  56:../Dave/Generated/CMSIS_DSP/SupportFunctions/arm_fill_q15.c **** #if defined (ARM_MATH_DSP)
  57:../Dave/Generated/CMSIS_DSP/SupportFunctions/arm_fill_q15.c **** 
  58:../Dave/Generated/CMSIS_DSP/SupportFunctions/arm_fill_q15.c ****   /* Run the below code for Cortex-M4 and Cortex-M3 */
  59:../Dave/Generated/CMSIS_DSP/SupportFunctions/arm_fill_q15.c **** 
  60:../Dave/Generated/CMSIS_DSP/SupportFunctions/arm_fill_q15.c ****   q31_t packedValue;                             /* value packed to 32 bits */
  61:../Dave/Generated/CMSIS_DSP/SupportFunctions/arm_fill_q15.c **** 
  62:../Dave/Generated/CMSIS_DSP/SupportFunctions/arm_fill_q15.c **** 
  63:../Dave/Generated/CMSIS_DSP/SupportFunctions/arm_fill_q15.c ****   /*loop Unrolling */
  64:../Dave/Generated/CMSIS_DSP/SupportFunctions/arm_fill_q15.c ****   blkCnt = blockSize >> 2u;
  47              	 .loc 1 64 0
  48 000e 7B68     	 ldr r3,[r7,#4]
  49 0010 9B08     	 lsrs r3,r3,#2
  50 0012 7B61     	 str r3,[r7,#20]
  65:../Dave/Generated/CMSIS_DSP/SupportFunctions/arm_fill_q15.c **** 
  66:../Dave/Generated/CMSIS_DSP/SupportFunctions/arm_fill_q15.c ****   /* Packing two 16 bit values to 32 bit value in order to use SIMD */
  67:../Dave/Generated/CMSIS_DSP/SupportFunctions/arm_fill_q15.c ****   packedValue = __PKHBT(value, value, 16u);
  51              	 .loc 1 67 0
  52 0014 B7F90E30 	 ldrsh r3,[r7,#14]
  53 0018 9AB2     	 uxth r2,r3
  54 001a B7F90E30 	 ldrsh r3,[r7,#14]
  55 001e 1B04     	 lsls r3,r3,#16
  56 0020 1343     	 orrs r3,r3,r2
  57 0022 3B61     	 str r3,[r7,#16]
  68:../Dave/Generated/CMSIS_DSP/SupportFunctions/arm_fill_q15.c **** 
  69:../Dave/Generated/CMSIS_DSP/SupportFunctions/arm_fill_q15.c ****   /* First part of the processing with loop unrolling.  Compute 4 outputs at a time.
  70:../Dave/Generated/CMSIS_DSP/SupportFunctions/arm_fill_q15.c ****    ** a second loop below computes the remaining 1 to 3 samples. */
  71:../Dave/Generated/CMSIS_DSP/SupportFunctions/arm_fill_q15.c ****   while (blkCnt > 0u)
  58              	 .loc 1 71 0
  59 0024 10E0     	 b .L2
  60              	.L3:
  72:../Dave/Generated/CMSIS_DSP/SupportFunctions/arm_fill_q15.c ****   {
  73:../Dave/Generated/CMSIS_DSP/SupportFunctions/arm_fill_q15.c ****     /* C = value */
  74:../Dave/Generated/CMSIS_DSP/SupportFunctions/arm_fill_q15.c ****     /* Fill the value in the destination buffer */
  75:../Dave/Generated/CMSIS_DSP/SupportFunctions/arm_fill_q15.c ****     *__SIMD32(pDst)++ = packedValue;
  61              	 .loc 1 75 0
  62 0026 07F10802 	 add r2,r7,#8
  63 002a 1368     	 ldr r3,[r2]
  64 002c 191D     	 adds r1,r3,#4
  65 002e 1160     	 str r1,[r2]
  66 0030 3A69     	 ldr r2,[r7,#16]
  67 0032 1A60     	 str r2,[r3]
  76:../Dave/Generated/CMSIS_DSP/SupportFunctions/arm_fill_q15.c ****     *__SIMD32(pDst)++ = packedValue;
  68              	 .loc 1 76 0
  69 0034 07F10802 	 add r2,r7,#8
  70 0038 1368     	 ldr r3,[r2]
  71 003a 191D     	 adds r1,r3,#4
  72 003c 1160     	 str r1,[r2]
  73 003e 3A69     	 ldr r2,[r7,#16]
  74 0040 1A60     	 str r2,[r3]
  77:../Dave/Generated/CMSIS_DSP/SupportFunctions/arm_fill_q15.c **** 
  78:../Dave/Generated/CMSIS_DSP/SupportFunctions/arm_fill_q15.c ****     /* Decrement the loop counter */
  79:../Dave/Generated/CMSIS_DSP/SupportFunctions/arm_fill_q15.c ****     blkCnt--;
  75              	 .loc 1 79 0
  76 0042 7B69     	 ldr r3,[r7,#20]
  77 0044 013B     	 subs r3,r3,#1
  78 0046 7B61     	 str r3,[r7,#20]
  79              	.L2:
  71:../Dave/Generated/CMSIS_DSP/SupportFunctions/arm_fill_q15.c ****   {
  80              	 .loc 1 71 0
  81 0048 7B69     	 ldr r3,[r7,#20]
  82 004a 002B     	 cmp r3,#0
  83 004c EBD1     	 bne .L3
  80:../Dave/Generated/CMSIS_DSP/SupportFunctions/arm_fill_q15.c ****   }
  81:../Dave/Generated/CMSIS_DSP/SupportFunctions/arm_fill_q15.c **** 
  82:../Dave/Generated/CMSIS_DSP/SupportFunctions/arm_fill_q15.c ****   /* If the blockSize is not a multiple of 4, compute any remaining output samples here.
  83:../Dave/Generated/CMSIS_DSP/SupportFunctions/arm_fill_q15.c ****    ** No loop unrolling is used. */
  84:../Dave/Generated/CMSIS_DSP/SupportFunctions/arm_fill_q15.c ****   blkCnt = blockSize % 0x4u;
  84              	 .loc 1 84 0
  85 004e 7B68     	 ldr r3,[r7,#4]
  86 0050 03F00303 	 and r3,r3,#3
  87 0054 7B61     	 str r3,[r7,#20]
  85:../Dave/Generated/CMSIS_DSP/SupportFunctions/arm_fill_q15.c **** 
  86:../Dave/Generated/CMSIS_DSP/SupportFunctions/arm_fill_q15.c **** #else
  87:../Dave/Generated/CMSIS_DSP/SupportFunctions/arm_fill_q15.c **** 
  88:../Dave/Generated/CMSIS_DSP/SupportFunctions/arm_fill_q15.c ****   /* Run the below code for Cortex-M0 */
  89:../Dave/Generated/CMSIS_DSP/SupportFunctions/arm_fill_q15.c **** 
  90:../Dave/Generated/CMSIS_DSP/SupportFunctions/arm_fill_q15.c ****   /* Loop over blockSize number of values */
  91:../Dave/Generated/CMSIS_DSP/SupportFunctions/arm_fill_q15.c ****   blkCnt = blockSize;
  92:../Dave/Generated/CMSIS_DSP/SupportFunctions/arm_fill_q15.c **** 
  93:../Dave/Generated/CMSIS_DSP/SupportFunctions/arm_fill_q15.c **** #endif /* #if defined (ARM_MATH_DSP) */
  94:../Dave/Generated/CMSIS_DSP/SupportFunctions/arm_fill_q15.c **** 
  95:../Dave/Generated/CMSIS_DSP/SupportFunctions/arm_fill_q15.c ****   while (blkCnt > 0u)
  88              	 .loc 1 95 0
  89 0056 07E0     	 b .L4
  90              	.L5:
  96:../Dave/Generated/CMSIS_DSP/SupportFunctions/arm_fill_q15.c ****   {
  97:../Dave/Generated/CMSIS_DSP/SupportFunctions/arm_fill_q15.c ****     /* C = value */
  98:../Dave/Generated/CMSIS_DSP/SupportFunctions/arm_fill_q15.c ****     /* Fill the value in the destination buffer */
  99:../Dave/Generated/CMSIS_DSP/SupportFunctions/arm_fill_q15.c ****     *pDst++ = value;
  91              	 .loc 1 99 0
  92 0058 BB68     	 ldr r3,[r7,#8]
  93 005a 9A1C     	 adds r2,r3,#2
  94 005c BA60     	 str r2,[r7,#8]
  95 005e FA89     	 ldrh r2,[r7,#14]
  96 0060 1A80     	 strh r2,[r3]
 100:../Dave/Generated/CMSIS_DSP/SupportFunctions/arm_fill_q15.c **** 
 101:../Dave/Generated/CMSIS_DSP/SupportFunctions/arm_fill_q15.c ****     /* Decrement the loop counter */
 102:../Dave/Generated/CMSIS_DSP/SupportFunctions/arm_fill_q15.c ****     blkCnt--;
  97              	 .loc 1 102 0
  98 0062 7B69     	 ldr r3,[r7,#20]
  99 0064 013B     	 subs r3,r3,#1
 100 0066 7B61     	 str r3,[r7,#20]
 101              	.L4:
  95:../Dave/Generated/CMSIS_DSP/SupportFunctions/arm_fill_q15.c ****   {
 102              	 .loc 1 95 0
 103 0068 7B69     	 ldr r3,[r7,#20]
 104 006a 002B     	 cmp r3,#0
 105 006c F4D1     	 bne .L5
 103:../Dave/Generated/CMSIS_DSP/SupportFunctions/arm_fill_q15.c ****   }
 104:../Dave/Generated/CMSIS_DSP/SupportFunctions/arm_fill_q15.c **** }
 106              	 .loc 1 104 0
 107 006e 1C37     	 adds r7,r7,#28
 108              	.LCFI3:
 109              	 .cfi_def_cfa_offset 4
 110 0070 BD46     	 mov sp,r7
 111              	.LCFI4:
 112              	 .cfi_def_cfa_register 13
 113              	 
 114 0072 5DF8047B 	 ldr r7,[sp],#4
 115              	.LCFI5:
 116              	 .cfi_restore 7
 117              	 .cfi_def_cfa_offset 0
 118 0076 7047     	 bx lr
 119              	 .cfi_endproc
 120              	.LFE135:
 122              	 .text
 123              	.Letext0:
 124              	 .file 2 "c:\\program files (x86)\\dave\\eclipse\\arm-gcc-49\\arm-none-eabi\\include\\machine\\_default_types.h"
 125              	 .file 3 "c:\\program files (x86)\\dave\\eclipse\\arm-gcc-49\\arm-none-eabi\\include\\stdint.h"
 126              	 .file 4 "C:/Users/VMORAIS/Documents/DAVE_WS/1p_inverter_200V/Dave/Generated/CMSIS_DSP/arm_math.h"
DEFINED SYMBOLS
                            *ABS*:00000000 arm_fill_q15.c
    {standard input}:20     .text.arm_fill_q15:00000000 $t
    {standard input}:25     .text.arm_fill_q15:00000000 arm_fill_q15
                     .debug_frame:00000010 $d

NO UNDEFINED SYMBOLS
