   1              	 .syntax unified
   2              	 .cpu cortex-m4
   3              	 .eabi_attribute 27,3
   4              	 .fpu fpv4-sp-d16
   5              	 .eabi_attribute 20,1
   6              	 .eabi_attribute 21,1
   7              	 .eabi_attribute 23,3
   8              	 .eabi_attribute 24,1
   9              	 .eabi_attribute 25,1
  10              	 .eabi_attribute 26,1
  11              	 .eabi_attribute 30,6
  12              	 .eabi_attribute 34,1
  13              	 .eabi_attribute 18,4
  14              	 .thumb
  15              	 .file "arm_q15_to_q7.c"
  16              	 .text
  17              	.Ltext0:
  18              	 .cfi_sections .debug_frame
  19              	 .section .text.arm_q15_to_q7,"ax",%progbits
  20              	 .align 2
  21              	 .global arm_q15_to_q7
  22              	 .thumb
  23              	 .thumb_func
  25              	arm_q15_to_q7:
  26              	.LFB135:
  27              	 .file 1 "../Dave/Generated/CMSIS_DSP/SupportFunctions/arm_q15_to_q7.c"
   1:../Dave/Generated/CMSIS_DSP/SupportFunctions/arm_q15_to_q7.c **** /* ----------------------------------------------------------------------
   2:../Dave/Generated/CMSIS_DSP/SupportFunctions/arm_q15_to_q7.c ****  * Project:      CMSIS DSP Library
   3:../Dave/Generated/CMSIS_DSP/SupportFunctions/arm_q15_to_q7.c ****  * Title:        arm_q15_to_q7.c
   4:../Dave/Generated/CMSIS_DSP/SupportFunctions/arm_q15_to_q7.c ****  * Description:  Converts the elements of the Q15 vector to Q7 vector
   5:../Dave/Generated/CMSIS_DSP/SupportFunctions/arm_q15_to_q7.c ****  *
   6:../Dave/Generated/CMSIS_DSP/SupportFunctions/arm_q15_to_q7.c ****  * $Date:        27. January 2017
   7:../Dave/Generated/CMSIS_DSP/SupportFunctions/arm_q15_to_q7.c ****  * $Revision:    V.1.5.1
   8:../Dave/Generated/CMSIS_DSP/SupportFunctions/arm_q15_to_q7.c ****  *
   9:../Dave/Generated/CMSIS_DSP/SupportFunctions/arm_q15_to_q7.c ****  * Target Processor: Cortex-M cores
  10:../Dave/Generated/CMSIS_DSP/SupportFunctions/arm_q15_to_q7.c ****  * -------------------------------------------------------------------- */
  11:../Dave/Generated/CMSIS_DSP/SupportFunctions/arm_q15_to_q7.c **** /*
  12:../Dave/Generated/CMSIS_DSP/SupportFunctions/arm_q15_to_q7.c ****  * Copyright (C) 2010-2017 ARM Limited or its affiliates. All rights reserved.
  13:../Dave/Generated/CMSIS_DSP/SupportFunctions/arm_q15_to_q7.c ****  *
  14:../Dave/Generated/CMSIS_DSP/SupportFunctions/arm_q15_to_q7.c ****  * SPDX-License-Identifier: Apache-2.0
  15:../Dave/Generated/CMSIS_DSP/SupportFunctions/arm_q15_to_q7.c ****  *
  16:../Dave/Generated/CMSIS_DSP/SupportFunctions/arm_q15_to_q7.c ****  * Licensed under the Apache License, Version 2.0 (the License); you may
  17:../Dave/Generated/CMSIS_DSP/SupportFunctions/arm_q15_to_q7.c ****  * not use this file except in compliance with the License.
  18:../Dave/Generated/CMSIS_DSP/SupportFunctions/arm_q15_to_q7.c ****  * You may obtain a copy of the License at
  19:../Dave/Generated/CMSIS_DSP/SupportFunctions/arm_q15_to_q7.c ****  *
  20:../Dave/Generated/CMSIS_DSP/SupportFunctions/arm_q15_to_q7.c ****  * www.apache.org/licenses/LICENSE-2.0
  21:../Dave/Generated/CMSIS_DSP/SupportFunctions/arm_q15_to_q7.c ****  *
  22:../Dave/Generated/CMSIS_DSP/SupportFunctions/arm_q15_to_q7.c ****  * Unless required by applicable law or agreed to in writing, software
  23:../Dave/Generated/CMSIS_DSP/SupportFunctions/arm_q15_to_q7.c ****  * distributed under the License is distributed on an AS IS BASIS, WITHOUT
  24:../Dave/Generated/CMSIS_DSP/SupportFunctions/arm_q15_to_q7.c ****  * WARRANTIES OR CONDITIONS OF ANY KIND, either express or implied.
  25:../Dave/Generated/CMSIS_DSP/SupportFunctions/arm_q15_to_q7.c ****  * See the License for the specific language governing permissions and
  26:../Dave/Generated/CMSIS_DSP/SupportFunctions/arm_q15_to_q7.c ****  * limitations under the License.
  27:../Dave/Generated/CMSIS_DSP/SupportFunctions/arm_q15_to_q7.c ****  */
  28:../Dave/Generated/CMSIS_DSP/SupportFunctions/arm_q15_to_q7.c **** 
  29:../Dave/Generated/CMSIS_DSP/SupportFunctions/arm_q15_to_q7.c **** #include "CMSIS_DSP/cmsis_dsp.h"
  30:../Dave/Generated/CMSIS_DSP/SupportFunctions/arm_q15_to_q7.c **** 
  31:../Dave/Generated/CMSIS_DSP/SupportFunctions/arm_q15_to_q7.c **** /**
  32:../Dave/Generated/CMSIS_DSP/SupportFunctions/arm_q15_to_q7.c ****  * @ingroup groupSupport
  33:../Dave/Generated/CMSIS_DSP/SupportFunctions/arm_q15_to_q7.c ****  */
  34:../Dave/Generated/CMSIS_DSP/SupportFunctions/arm_q15_to_q7.c **** 
  35:../Dave/Generated/CMSIS_DSP/SupportFunctions/arm_q15_to_q7.c **** /**
  36:../Dave/Generated/CMSIS_DSP/SupportFunctions/arm_q15_to_q7.c ****  * @addtogroup q15_to_x
  37:../Dave/Generated/CMSIS_DSP/SupportFunctions/arm_q15_to_q7.c ****  * @{
  38:../Dave/Generated/CMSIS_DSP/SupportFunctions/arm_q15_to_q7.c ****  */
  39:../Dave/Generated/CMSIS_DSP/SupportFunctions/arm_q15_to_q7.c **** 
  40:../Dave/Generated/CMSIS_DSP/SupportFunctions/arm_q15_to_q7.c **** 
  41:../Dave/Generated/CMSIS_DSP/SupportFunctions/arm_q15_to_q7.c **** /**
  42:../Dave/Generated/CMSIS_DSP/SupportFunctions/arm_q15_to_q7.c ****  * @brief Converts the elements of the Q15 vector to Q7 vector.
  43:../Dave/Generated/CMSIS_DSP/SupportFunctions/arm_q15_to_q7.c ****  * @param[in]       *pSrc points to the Q15 input vector
  44:../Dave/Generated/CMSIS_DSP/SupportFunctions/arm_q15_to_q7.c ****  * @param[out]      *pDst points to the Q7 output vector
  45:../Dave/Generated/CMSIS_DSP/SupportFunctions/arm_q15_to_q7.c ****  * @param[in]       blockSize length of the input vector
  46:../Dave/Generated/CMSIS_DSP/SupportFunctions/arm_q15_to_q7.c ****  * @return none.
  47:../Dave/Generated/CMSIS_DSP/SupportFunctions/arm_q15_to_q7.c ****  *
  48:../Dave/Generated/CMSIS_DSP/SupportFunctions/arm_q15_to_q7.c ****  * \par Description:
  49:../Dave/Generated/CMSIS_DSP/SupportFunctions/arm_q15_to_q7.c ****  *
  50:../Dave/Generated/CMSIS_DSP/SupportFunctions/arm_q15_to_q7.c ****  * The equation used for the conversion process is:
  51:../Dave/Generated/CMSIS_DSP/SupportFunctions/arm_q15_to_q7.c ****  *
  52:../Dave/Generated/CMSIS_DSP/SupportFunctions/arm_q15_to_q7.c ****  * <pre>
  53:../Dave/Generated/CMSIS_DSP/SupportFunctions/arm_q15_to_q7.c ****  * 	pDst[n] = (q7_t) pSrc[n] >> 8;   0 <= n < blockSize.
  54:../Dave/Generated/CMSIS_DSP/SupportFunctions/arm_q15_to_q7.c ****  * </pre>
  55:../Dave/Generated/CMSIS_DSP/SupportFunctions/arm_q15_to_q7.c ****  *
  56:../Dave/Generated/CMSIS_DSP/SupportFunctions/arm_q15_to_q7.c ****  */
  57:../Dave/Generated/CMSIS_DSP/SupportFunctions/arm_q15_to_q7.c **** 
  58:../Dave/Generated/CMSIS_DSP/SupportFunctions/arm_q15_to_q7.c **** 
  59:../Dave/Generated/CMSIS_DSP/SupportFunctions/arm_q15_to_q7.c **** void arm_q15_to_q7(
  60:../Dave/Generated/CMSIS_DSP/SupportFunctions/arm_q15_to_q7.c ****   q15_t * pSrc,
  61:../Dave/Generated/CMSIS_DSP/SupportFunctions/arm_q15_to_q7.c ****   q7_t * pDst,
  62:../Dave/Generated/CMSIS_DSP/SupportFunctions/arm_q15_to_q7.c ****   uint32_t blockSize)
  63:../Dave/Generated/CMSIS_DSP/SupportFunctions/arm_q15_to_q7.c **** {
  28              	 .loc 1 63 0
  29              	 .cfi_startproc
  30              	 
  31              	 
  32              	 
  33 0000 80B4     	 push {r7}
  34              	.LCFI0:
  35              	 .cfi_def_cfa_offset 4
  36              	 .cfi_offset 7,-4
  37 0002 8BB0     	 sub sp,sp,#44
  38              	.LCFI1:
  39              	 .cfi_def_cfa_offset 48
  40 0004 00AF     	 add r7,sp,#0
  41              	.LCFI2:
  42              	 .cfi_def_cfa_register 7
  43 0006 F860     	 str r0,[r7,#12]
  44 0008 B960     	 str r1,[r7,#8]
  45 000a 7A60     	 str r2,[r7,#4]
  64:../Dave/Generated/CMSIS_DSP/SupportFunctions/arm_q15_to_q7.c ****   q15_t *pIn = pSrc;                             /* Src pointer */
  46              	 .loc 1 64 0
  47 000c FB68     	 ldr r3,[r7,#12]
  48 000e 3B61     	 str r3,[r7,#16]
  65:../Dave/Generated/CMSIS_DSP/SupportFunctions/arm_q15_to_q7.c ****   uint32_t blkCnt;                               /* loop counter */
  66:../Dave/Generated/CMSIS_DSP/SupportFunctions/arm_q15_to_q7.c **** 
  67:../Dave/Generated/CMSIS_DSP/SupportFunctions/arm_q15_to_q7.c **** #if defined (ARM_MATH_DSP)
  68:../Dave/Generated/CMSIS_DSP/SupportFunctions/arm_q15_to_q7.c **** 
  69:../Dave/Generated/CMSIS_DSP/SupportFunctions/arm_q15_to_q7.c ****   /* Run the below code for Cortex-M4 and Cortex-M3 */
  70:../Dave/Generated/CMSIS_DSP/SupportFunctions/arm_q15_to_q7.c ****   q31_t in1, in2;
  71:../Dave/Generated/CMSIS_DSP/SupportFunctions/arm_q15_to_q7.c ****   q31_t out1, out2;
  72:../Dave/Generated/CMSIS_DSP/SupportFunctions/arm_q15_to_q7.c **** 
  73:../Dave/Generated/CMSIS_DSP/SupportFunctions/arm_q15_to_q7.c ****   /*loop Unrolling */
  74:../Dave/Generated/CMSIS_DSP/SupportFunctions/arm_q15_to_q7.c ****   blkCnt = blockSize >> 2u;
  49              	 .loc 1 74 0
  50 0010 7B68     	 ldr r3,[r7,#4]
  51 0012 9B08     	 lsrs r3,r3,#2
  52 0014 7B62     	 str r3,[r7,#36]
  75:../Dave/Generated/CMSIS_DSP/SupportFunctions/arm_q15_to_q7.c **** 
  76:../Dave/Generated/CMSIS_DSP/SupportFunctions/arm_q15_to_q7.c ****   /* First part of the processing with loop unrolling.  Compute 4 outputs at a time.
  77:../Dave/Generated/CMSIS_DSP/SupportFunctions/arm_q15_to_q7.c ****    ** a second loop below computes the remaining 1 to 3 samples. */
  78:../Dave/Generated/CMSIS_DSP/SupportFunctions/arm_q15_to_q7.c ****   while (blkCnt > 0u)
  53              	 .loc 1 78 0
  54 0016 34E0     	 b .L2
  55              	.L3:
  79:../Dave/Generated/CMSIS_DSP/SupportFunctions/arm_q15_to_q7.c ****   {
  80:../Dave/Generated/CMSIS_DSP/SupportFunctions/arm_q15_to_q7.c ****     /* C = (q7_t) A >> 8 */
  81:../Dave/Generated/CMSIS_DSP/SupportFunctions/arm_q15_to_q7.c ****     /* convert from q15 to q7 and then store the results in the destination buffer */
  82:../Dave/Generated/CMSIS_DSP/SupportFunctions/arm_q15_to_q7.c ****     in1 = *__SIMD32(pIn)++;
  56              	 .loc 1 82 0
  57 0018 07F11002 	 add r2,r7,#16
  58 001c 1368     	 ldr r3,[r2]
  59 001e 191D     	 adds r1,r3,#4
  60 0020 1160     	 str r1,[r2]
  61 0022 1B68     	 ldr r3,[r3]
  62 0024 3B62     	 str r3,[r7,#32]
  83:../Dave/Generated/CMSIS_DSP/SupportFunctions/arm_q15_to_q7.c ****     in2 = *__SIMD32(pIn)++;
  63              	 .loc 1 83 0
  64 0026 07F11002 	 add r2,r7,#16
  65 002a 1368     	 ldr r3,[r2]
  66 002c 191D     	 adds r1,r3,#4
  67 002e 1160     	 str r1,[r2]
  68 0030 1B68     	 ldr r3,[r3]
  69 0032 FB61     	 str r3,[r7,#28]
  84:../Dave/Generated/CMSIS_DSP/SupportFunctions/arm_q15_to_q7.c **** 
  85:../Dave/Generated/CMSIS_DSP/SupportFunctions/arm_q15_to_q7.c **** #ifndef ARM_MATH_BIG_ENDIAN
  86:../Dave/Generated/CMSIS_DSP/SupportFunctions/arm_q15_to_q7.c **** 
  87:../Dave/Generated/CMSIS_DSP/SupportFunctions/arm_q15_to_q7.c ****     out1 = __PKHTB(in2, in1, 16);
  70              	 .loc 1 87 0
  71 0034 FB69     	 ldr r3,[r7,#28]
  72 0036 1B0C     	 lsrs r3,r3,#16
  73 0038 1B04     	 lsls r3,r3,#16
  74 003a 3A6A     	 ldr r2,[r7,#32]
  75 003c 120C     	 lsrs r2,r2,#16
  76 003e 1343     	 orrs r3,r3,r2
  77 0040 BB61     	 str r3,[r7,#24]
  88:../Dave/Generated/CMSIS_DSP/SupportFunctions/arm_q15_to_q7.c ****     out2 = __PKHBT(in2, in1, 16);
  78              	 .loc 1 88 0
  79 0042 FB69     	 ldr r3,[r7,#28]
  80 0044 9AB2     	 uxth r2,r3
  81 0046 3B6A     	 ldr r3,[r7,#32]
  82 0048 1B04     	 lsls r3,r3,#16
  83 004a 1343     	 orrs r3,r3,r2
  84 004c 7B61     	 str r3,[r7,#20]
  89:../Dave/Generated/CMSIS_DSP/SupportFunctions/arm_q15_to_q7.c **** 
  90:../Dave/Generated/CMSIS_DSP/SupportFunctions/arm_q15_to_q7.c **** #else
  91:../Dave/Generated/CMSIS_DSP/SupportFunctions/arm_q15_to_q7.c **** 
  92:../Dave/Generated/CMSIS_DSP/SupportFunctions/arm_q15_to_q7.c ****     out1 = __PKHTB(in1, in2, 16);
  93:../Dave/Generated/CMSIS_DSP/SupportFunctions/arm_q15_to_q7.c ****     out2 = __PKHBT(in1, in2, 16);
  94:../Dave/Generated/CMSIS_DSP/SupportFunctions/arm_q15_to_q7.c **** 
  95:../Dave/Generated/CMSIS_DSP/SupportFunctions/arm_q15_to_q7.c **** #endif //      #ifndef ARM_MATH_BIG_ENDIAN
  96:../Dave/Generated/CMSIS_DSP/SupportFunctions/arm_q15_to_q7.c **** 
  97:../Dave/Generated/CMSIS_DSP/SupportFunctions/arm_q15_to_q7.c ****     /* rotate packed value by 24 */
  98:../Dave/Generated/CMSIS_DSP/SupportFunctions/arm_q15_to_q7.c ****     out2 = ((uint32_t) out2 << 8) | ((uint32_t) out2 >> 24);
  85              	 .loc 1 98 0
  86 004e 7B69     	 ldr r3,[r7,#20]
  87 0050 4FEA3363 	 ror r3,r3,#24
  88 0054 7B61     	 str r3,[r7,#20]
  99:../Dave/Generated/CMSIS_DSP/SupportFunctions/arm_q15_to_q7.c **** 
 100:../Dave/Generated/CMSIS_DSP/SupportFunctions/arm_q15_to_q7.c ****     /* anding with 0xff00ff00 to get two 8 bit values */
 101:../Dave/Generated/CMSIS_DSP/SupportFunctions/arm_q15_to_q7.c ****     out1 = out1 & 0xFF00FF00;
  89              	 .loc 1 101 0
  90 0056 BB69     	 ldr r3,[r7,#24]
  91 0058 03F0FF23 	 and r3,r3,#-16711936
  92 005c BB61     	 str r3,[r7,#24]
 102:../Dave/Generated/CMSIS_DSP/SupportFunctions/arm_q15_to_q7.c ****     /* anding with 0x00ff00ff to get two 8 bit values */
 103:../Dave/Generated/CMSIS_DSP/SupportFunctions/arm_q15_to_q7.c ****     out2 = out2 & 0x00FF00FF;
  93              	 .loc 1 103 0
  94 005e 7B69     	 ldr r3,[r7,#20]
  95 0060 03F0FF13 	 and r3,r3,#16711935
  96 0064 7B61     	 str r3,[r7,#20]
 104:../Dave/Generated/CMSIS_DSP/SupportFunctions/arm_q15_to_q7.c **** 
 105:../Dave/Generated/CMSIS_DSP/SupportFunctions/arm_q15_to_q7.c ****     /* oring two values(contains two 8 bit values) to get four packed 8 bit values */
 106:../Dave/Generated/CMSIS_DSP/SupportFunctions/arm_q15_to_q7.c ****     out1 = out1 | out2;
  97              	 .loc 1 106 0
  98 0066 BA69     	 ldr r2,[r7,#24]
  99 0068 7B69     	 ldr r3,[r7,#20]
 100 006a 1343     	 orrs r3,r3,r2
 101 006c BB61     	 str r3,[r7,#24]
 107:../Dave/Generated/CMSIS_DSP/SupportFunctions/arm_q15_to_q7.c **** 
 108:../Dave/Generated/CMSIS_DSP/SupportFunctions/arm_q15_to_q7.c ****     /* store 4 samples at a time to destiantion buffer */
 109:../Dave/Generated/CMSIS_DSP/SupportFunctions/arm_q15_to_q7.c ****     *__SIMD32(pDst)++ = out1;
 102              	 .loc 1 109 0
 103 006e 07F10802 	 add r2,r7,#8
 104 0072 1368     	 ldr r3,[r2]
 105 0074 191D     	 adds r1,r3,#4
 106 0076 1160     	 str r1,[r2]
 107 0078 BA69     	 ldr r2,[r7,#24]
 108 007a 1A60     	 str r2,[r3]
 110:../Dave/Generated/CMSIS_DSP/SupportFunctions/arm_q15_to_q7.c **** 
 111:../Dave/Generated/CMSIS_DSP/SupportFunctions/arm_q15_to_q7.c ****     /* Decrement the loop counter */
 112:../Dave/Generated/CMSIS_DSP/SupportFunctions/arm_q15_to_q7.c ****     blkCnt--;
 109              	 .loc 1 112 0
 110 007c 7B6A     	 ldr r3,[r7,#36]
 111 007e 013B     	 subs r3,r3,#1
 112 0080 7B62     	 str r3,[r7,#36]
 113              	.L2:
  78:../Dave/Generated/CMSIS_DSP/SupportFunctions/arm_q15_to_q7.c ****   {
 114              	 .loc 1 78 0
 115 0082 7B6A     	 ldr r3,[r7,#36]
 116 0084 002B     	 cmp r3,#0
 117 0086 C7D1     	 bne .L3
 113:../Dave/Generated/CMSIS_DSP/SupportFunctions/arm_q15_to_q7.c ****   }
 114:../Dave/Generated/CMSIS_DSP/SupportFunctions/arm_q15_to_q7.c **** 
 115:../Dave/Generated/CMSIS_DSP/SupportFunctions/arm_q15_to_q7.c ****   /* If the blockSize is not a multiple of 4, compute any remaining output samples here.
 116:../Dave/Generated/CMSIS_DSP/SupportFunctions/arm_q15_to_q7.c ****    ** No loop unrolling is used. */
 117:../Dave/Generated/CMSIS_DSP/SupportFunctions/arm_q15_to_q7.c ****   blkCnt = blockSize % 0x4u;
 118              	 .loc 1 117 0
 119 0088 7B68     	 ldr r3,[r7,#4]
 120 008a 03F00303 	 and r3,r3,#3
 121 008e 7B62     	 str r3,[r7,#36]
 118:../Dave/Generated/CMSIS_DSP/SupportFunctions/arm_q15_to_q7.c **** 
 119:../Dave/Generated/CMSIS_DSP/SupportFunctions/arm_q15_to_q7.c **** #else
 120:../Dave/Generated/CMSIS_DSP/SupportFunctions/arm_q15_to_q7.c **** 
 121:../Dave/Generated/CMSIS_DSP/SupportFunctions/arm_q15_to_q7.c ****   /* Run the below code for Cortex-M0 */
 122:../Dave/Generated/CMSIS_DSP/SupportFunctions/arm_q15_to_q7.c **** 
 123:../Dave/Generated/CMSIS_DSP/SupportFunctions/arm_q15_to_q7.c ****   /* Loop over blockSize number of values */
 124:../Dave/Generated/CMSIS_DSP/SupportFunctions/arm_q15_to_q7.c ****   blkCnt = blockSize;
 125:../Dave/Generated/CMSIS_DSP/SupportFunctions/arm_q15_to_q7.c **** 
 126:../Dave/Generated/CMSIS_DSP/SupportFunctions/arm_q15_to_q7.c **** #endif /* #if defined (ARM_MATH_DSP) */
 127:../Dave/Generated/CMSIS_DSP/SupportFunctions/arm_q15_to_q7.c **** 
 128:../Dave/Generated/CMSIS_DSP/SupportFunctions/arm_q15_to_q7.c ****   while (blkCnt > 0u)
 122              	 .loc 1 128 0
 123 0090 0EE0     	 b .L4
 124              	.L5:
 129:../Dave/Generated/CMSIS_DSP/SupportFunctions/arm_q15_to_q7.c ****   {
 130:../Dave/Generated/CMSIS_DSP/SupportFunctions/arm_q15_to_q7.c ****     /* C = (q7_t) A >> 8 */
 131:../Dave/Generated/CMSIS_DSP/SupportFunctions/arm_q15_to_q7.c ****     /* convert from q15 to q7 and then store the results in the destination buffer */
 132:../Dave/Generated/CMSIS_DSP/SupportFunctions/arm_q15_to_q7.c ****     *pDst++ = (q7_t) (*pIn++ >> 8);
 125              	 .loc 1 132 0
 126 0092 BB68     	 ldr r3,[r7,#8]
 127 0094 5A1C     	 adds r2,r3,#1
 128 0096 BA60     	 str r2,[r7,#8]
 129 0098 3A69     	 ldr r2,[r7,#16]
 130 009a 911C     	 adds r1,r2,#2
 131 009c 3961     	 str r1,[r7,#16]
 132 009e 1288     	 ldrh r2,[r2]
 133 00a0 12B2     	 sxth r2,r2
 134 00a2 1212     	 asrs r2,r2,#8
 135 00a4 92B2     	 uxth r2,r2
 136 00a6 D2B2     	 uxtb r2,r2
 137 00a8 1A70     	 strb r2,[r3]
 133:../Dave/Generated/CMSIS_DSP/SupportFunctions/arm_q15_to_q7.c **** 
 134:../Dave/Generated/CMSIS_DSP/SupportFunctions/arm_q15_to_q7.c ****     /* Decrement the loop counter */
 135:../Dave/Generated/CMSIS_DSP/SupportFunctions/arm_q15_to_q7.c ****     blkCnt--;
 138              	 .loc 1 135 0
 139 00aa 7B6A     	 ldr r3,[r7,#36]
 140 00ac 013B     	 subs r3,r3,#1
 141 00ae 7B62     	 str r3,[r7,#36]
 142              	.L4:
 128:../Dave/Generated/CMSIS_DSP/SupportFunctions/arm_q15_to_q7.c ****   {
 143              	 .loc 1 128 0
 144 00b0 7B6A     	 ldr r3,[r7,#36]
 145 00b2 002B     	 cmp r3,#0
 146 00b4 EDD1     	 bne .L5
 136:../Dave/Generated/CMSIS_DSP/SupportFunctions/arm_q15_to_q7.c ****   }
 137:../Dave/Generated/CMSIS_DSP/SupportFunctions/arm_q15_to_q7.c **** 
 138:../Dave/Generated/CMSIS_DSP/SupportFunctions/arm_q15_to_q7.c **** }
 147              	 .loc 1 138 0
 148 00b6 2C37     	 adds r7,r7,#44
 149              	.LCFI3:
 150              	 .cfi_def_cfa_offset 4
 151 00b8 BD46     	 mov sp,r7
 152              	.LCFI4:
 153              	 .cfi_def_cfa_register 13
 154              	 
 155 00ba 5DF8047B 	 ldr r7,[sp],#4
 156              	.LCFI5:
 157              	 .cfi_restore 7
 158              	 .cfi_def_cfa_offset 0
 159 00be 7047     	 bx lr
 160              	 .cfi_endproc
 161              	.LFE135:
 163              	 .text
 164              	.Letext0:
 165              	 .file 2 "c:\\program files (x86)\\dave\\eclipse\\arm-gcc-49\\arm-none-eabi\\include\\machine\\_default_types.h"
 166              	 .file 3 "c:\\program files (x86)\\dave\\eclipse\\arm-gcc-49\\arm-none-eabi\\include\\stdint.h"
 167              	 .file 4 "C:/Users/VMORAIS/Documents/DAVE_WS/1p_inverter_200V/Dave/Generated/CMSIS_DSP/arm_math.h"
DEFINED SYMBOLS
                            *ABS*:00000000 arm_q15_to_q7.c
    {standard input}:20     .text.arm_q15_to_q7:00000000 $t
    {standard input}:25     .text.arm_q15_to_q7:00000000 arm_q15_to_q7
                     .debug_frame:00000010 $d

NO UNDEFINED SYMBOLS
