   1              	 .syntax unified
   2              	 .cpu cortex-m4
   3              	 .eabi_attribute 27,3
   4              	 .fpu fpv4-sp-d16
   5              	 .eabi_attribute 20,1
   6              	 .eabi_attribute 21,1
   7              	 .eabi_attribute 23,3
   8              	 .eabi_attribute 24,1
   9              	 .eabi_attribute 25,1
  10              	 .eabi_attribute 26,1
  11              	 .eabi_attribute 30,4
  12              	 .eabi_attribute 34,1
  13              	 .eabi_attribute 18,4
  14              	 .thumb
  15              	 .file "arm_sin_q15.c"
  16              	 .section .text.arm_sin_q15,"ax",%progbits
  17              	 .align 1
  18              	 .global arm_sin_q15
  19              	 .thumb
  20              	 .thumb_func
  22              	arm_sin_q15:
  23              	 
  24              	 
  25 0000 8109     	 lsrs r1,r0,#6
  26 0002 0B4A     	 ldr r2,.L2
  27 0004 4B1C     	 adds r3,r1,#1
  28 0006 00F03F00 	 and r0,r0,#63
  29 000a 30B5     	 push {r4,r5,lr}
  30 000c 4002     	 lsls r0,r0,#9
  31 000e 32F81340 	 ldrh r4,[r2,r3,lsl#1]
  32 0012 32F91130 	 ldrsh r3,[r2,r1,lsl#1]
  33 0016 C0F50045 	 rsb r5,r0,#32768
  34 001a 6B43     	 muls r3,r5,r3
  35 001c 1B0C     	 lsrs r3,r3,#16
  36 001e 1B04     	 lsls r3,r3,#16
  37 0020 10FB0430 	 smlabb r0,r0,r4,r3
  38 0024 40F3CF30 	 sbfx r0,r0,#15,#16
  39 0028 20F00100 	 bic r0,r0,#1
  40 002c 30BD     	 pop {r4,r5,pc}
  41              	.L3:
  42 002e 00BF     	 .align 2
  43              	.L2:
  44 0030 00000000 	 .word sinTable_q15
  46              	 .ident "GCC: (GNU Tools for ARM Embedded Processors) 4.9.3 20141119 (release) [ARM/embedded-4_9-branch revision 218278]"
DEFINED SYMBOLS
                            *ABS*:00000000 arm_sin_q15.c
    {standard input}:17     .text.arm_sin_q15:00000000 $t
    {standard input}:22     .text.arm_sin_q15:00000000 arm_sin_q15
    {standard input}:44     .text.arm_sin_q15:00000030 $d

UNDEFINED SYMBOLS
sinTable_q15
