   1              	 .syntax unified
   2              	 .cpu cortex-m4
   3              	 .eabi_attribute 27,3
   4              	 .fpu fpv4-sp-d16
   5              	 .eabi_attribute 20,1
   6              	 .eabi_attribute 21,1
   7              	 .eabi_attribute 23,3
   8              	 .eabi_attribute 24,1
   9              	 .eabi_attribute 25,1
  10              	 .eabi_attribute 26,1
  11              	 .eabi_attribute 30,4
  12              	 .eabi_attribute 34,1
  13              	 .eabi_attribute 18,4
  14              	 .thumb
  15              	 .file "arm_cos_q31.c"
  16              	 .section .text.arm_cos_q31,"ax",%progbits
  17              	 .align 1
  18              	 .global arm_cos_q31
  19              	 .thumb
  20              	 .thumb_func
  22              	arm_cos_q31:
  23              	 
  24              	 
  25 0000 10F10053 	 adds r3,r0,#536870912
  26 0004 48BF     	 it mi
  27 0006 00F12043 	 addmi r3,r0,#-1610612736
  28 000a 9A0D     	 lsrs r2,r3,#22
  29 000c 0C49     	 ldr r1,.L3
  30 000e A3EB8253 	 sub r3,r3,r2,lsl#22
  31 0012 2DE9F043 	 push {r4,r5,r6,r7,r8,r9,lr}
  32 0016 5B02     	 lsls r3,r3,#9
  33 0018 51F82240 	 ldr r4,[r1,r2,lsl#2]
  34 001c 501C     	 adds r0,r2,#1
  35 001e C3F10046 	 rsb r6,r3,#-2147483648
  36 0022 51F82070 	 ldr r7,[r1,r0,lsl#2]
  37 0026 4FEAE479 	 asr r9,r4,#31
  38 002a A6FB0445 	 umull r4,r5,r6,r4
  39 002e 06FB0951 	 mla r1,r6,r9,r5
  40 0032 0020     	 movs r0,#0
  41 0034 C7FB0301 	 smlal r0,r1,r7,r3
  42 0038 4800     	 lsls r0,r1,#1
  43 003a BDE8F083 	 pop {r4,r5,r6,r7,r8,r9,pc}
  44              	.L4:
  45 003e 00BF     	 .align 2
  46              	.L3:
  47 0040 00000000 	 .word sinTable_q31
  49              	 .ident "GCC: (GNU Tools for ARM Embedded Processors) 4.9.3 20141119 (release) [ARM/embedded-4_9-branch revision 218278]"
DEFINED SYMBOLS
                            *ABS*:00000000 arm_cos_q31.c
    {standard input}:17     .text.arm_cos_q31:00000000 $t
    {standard input}:22     .text.arm_cos_q31:00000000 arm_cos_q31
    {standard input}:47     .text.arm_cos_q31:00000040 $d

UNDEFINED SYMBOLS
sinTable_q31
