Change Component Designator: OldDesignator=R1 NewDesignator=R3
Change Component Designator: OldDesignator=R2 NewDesignator=R5
Change Component Designator: OldDesignator=R3 NewDesignator=R6
Change Component Designator: OldDesignator=R4 NewDesignator=R7
Change Component Designator: OldDesignator=R5 NewDesignator=R8
Change Component Designator: OldDesignator=R6 NewDesignator=R9
Change Component Designator: OldDesignator=R7 NewDesignator=R10
Change Component Designator: OldDesignator=R8 NewDesignator=R12
Change Component Designator: OldDesignator=R9 NewDesignator=R13
Change Component Designator: OldDesignator=R10 NewDesignator=R15
Change Component Designator: OldDesignator=R11 NewDesignator=R16
Change Component Designator: OldDesignator=R12 NewDesignator=R11
Change Component Designator: OldDesignator=R13 NewDesignator=R18
Change Component Designator: OldDesignator=R14 NewDesignator=R19
Change Component Designator: OldDesignator=R15 NewDesignator=R14
Change Component Designator: OldDesignator=R16 NewDesignator=R21
Change Component Designator: OldDesignator=R18 NewDesignator=R23
Change Component Designator: OldDesignator=R19 NewDesignator=R20
Change Component Designator: OldDesignator=R20 NewDesignator=R22
Change Component Designator: OldDesignator=R21 NewDesignator=R24
Change Component Designator: OldDesignator=R22 NewDesignator=R25
Change Component Designator: OldDesignator=R23 NewDesignator=R26
Change Component Designator: OldDesignator=R24 NewDesignator=R27
Change Component Designator: OldDesignator=R25 NewDesignator=R28
Change Component Designator: OldDesignator=R26 NewDesignator=R29
Change Component Designator: OldDesignator=R27 NewDesignator=R30
Change Component Designator: OldDesignator=R28 NewDesignator=R31
Change Component Designator: OldDesignator=R29 NewDesignator=R32
Change Component Designator: OldDesignator=R30 NewDesignator=R33
Change Component Designator: OldDesignator=R31 NewDesignator=R34
Change Component Designator: OldDesignator=R32 NewDesignator=R35
Change Component Designator: OldDesignator=R33 NewDesignator=R36
Change Component Designator: OldDesignator=R34 NewDesignator=R37
Change Component Designator: OldDesignator=R35 NewDesignator=R38
Change Component Designator: OldDesignator=R36 NewDesignator=R39
Change Component Designator: OldDesignator=R37 NewDesignator=R40
Change Component Designator: OldDesignator=R38 NewDesignator=R41
Change Component Designator: OldDesignator=R39 NewDesignator=R42
Change Component Designator: OldDesignator=R40 NewDesignator=R43
Change Component Designator: OldDesignator=R41 NewDesignator=R44
Change Component Designator: OldDesignator=R42 NewDesignator=R45
Change Component Designator: OldDesignator=R43 NewDesignator=R46
Change Component Designator: OldDesignator=R44 NewDesignator=R47
Change Component Designator: OldDesignator=R45 NewDesignator=R48
Change Component Designator: OldDesignator=R46 NewDesignator=R49
Change Component Designator: OldDesignator=R47 NewDesignator=R50
Change Component Designator: OldDesignator=R48 NewDesignator=R51
Change Component Designator: OldDesignator=R49 NewDesignator=R52
Change Component Designator: OldDesignator=R50 NewDesignator=R53
Change Component Designator: OldDesignator=R51 NewDesignator=R54
Change Component Designator: OldDesignator=R52 NewDesignator=R55
Change Component Designator: OldDesignator=R53 NewDesignator=R56
Change Component Designator: OldDesignator=R54 NewDesignator=R57
Change Component Designator: OldDesignator=R55 NewDesignator=R58
Change Component Designator: OldDesignator=R56 NewDesignator=R59
Change Component Designator: OldDesignator=R57 NewDesignator=R60
Change Component Designator: OldDesignator=U4 NewDesignator=U5
Change Component Designator: OldDesignator=U5 NewDesignator=U4
Added Component: Designator=R1(RESC_0805)
Add component. Clean all parameters for all variants
Add component (AddParameter): Name = "LCSC"; Value = "C105427"; VariantName = "[No Variations]"
Added Component: Designator=R2(RESC_0805)
Add component. Clean all parameters for all variants
Add component (AddParameter): Name = "LCSC"; Value = "C105427"; VariantName = "[No Variations]"
Added Component: Designator=R4(RESC_0805)
Add component. Clean all parameters for all variants
Add component (AddParameter): Name = "LCSC"; Value = "C105427"; VariantName = "[No Variations]"
Added Pin To Net: NetName=iso_ENA_WH Pin=R1-1
Added Pin To Net: NetName=iso_ENA_VH Pin=R2-1
Added Pin To Net: NetName=iso_ENA_UH Pin=R4-1
Change Net Name : Old Net Name=NetR1_1 New Net Name=NetR3_1
Change Net Name : Old Net Name=NetR2_2 New Net Name=NetR5_2
Change Net Name : Old Net Name=NetR3_1 New Net Name=NetR6_1
Change Net Name : Old Net Name=NetR4_1 New Net Name=NetR7_1
Change Net Name : Old Net Name=NetR5_1 New Net Name=NetR8_1
Change Net Name : Old Net Name=NetR22_1 New Net Name=NetR25_1
Change Net Name : Old Net Name=NetR24_2 New Net Name=NetR27_2
Change Net Name : Old Net Name=NetR25_2 New Net Name=NetR28_2
Change Net Name : Old Net Name=NetR26_2 New Net Name=NetR29_2
Change Net Name : Old Net Name=NetR27_2 New Net Name=NetR30_2
Change Net Name : Old Net Name=NetR29_2 New Net Name=NetR32_2
Change Net Name : Old Net Name=NetR30_2 New Net Name=NetR33_2
Change Net Name : Old Net Name=NetR31_2 New Net Name=NetR34_2
Change Net Name : Old Net Name=NetR32_2 New Net Name=NetR35_2
Change Net Name : Old Net Name=NetR34_1 New Net Name=NetR37_1
Change Net Name : Old Net Name=NetR35_1 New Net Name=NetR38_1
Change Net Name : Old Net Name=NetR38_2 New Net Name=NetR41_2
Change Net Name : Old Net Name=NetR39_2 New Net Name=NetR42_2
Change Net Name : Old Net Name=NetR40_2 New Net Name=NetR43_2
Change Net Name : Old Net Name=NetR41_2 New Net Name=NetR44_2
Change Net Name : Old Net Name=NetR43_2 New Net Name=NetR46_2
Change Net Name : Old Net Name=NetR44_2 New Net Name=NetR47_2
Change Net Name : Old Net Name=NetR45_2 New Net Name=NetR48_2
Change Net Name : Old Net Name=NetR46_2 New Net Name=NetR49_2
Change Net Name : Old Net Name=NetR48_2 New Net Name=NetR51_2
Change Net Name : Old Net Name=NetR49_2 New Net Name=NetR52_2
Change Net Name : Old Net Name=NetR50_2 New Net Name=NetR53_2
Change Net Name : Old Net Name=NetR51_2 New Net Name=NetR54_2
Change Net Name : Old Net Name=NetR53_2 New Net Name=NetR56_2
Change Net Name : Old Net Name=NetR54_2 New Net Name=NetR57_2
Change Net Name : Old Net Name=NetR55_2 New Net Name=NetR58_2
Change Net Name : Old Net Name=NetR56_2 New Net Name=NetR59_2
Change Net Name : Old Net Name=NetU5_3 New Net Name=NetU4_3
Change Net Name : Old Net Name=NetU5_10 New Net Name=NetU4_10
Added Pin To Net: NetName=NetR1_2 Pin=R1-2
Added Pin To Net: NetName=NetR1_2 Pin=XMC1-54
Added Net: Name=NetR1_2
Added Pin To Net: NetName=NetR2_2 Pin=R2-2
Added Pin To Net: NetName=NetR2_2 Pin=XMC1-55
Added Net: Name=NetR2_2
Added Pin To Net: NetName=NetR4_2 Pin=R4-2
Added Pin To Net: NetName=NetR4_2 Pin=XMC1-57
Added Net: Name=NetR4_2
Added Member To Class: ClassName=controlo_rev3 Member=Component R1 Resistor
Added Member To Class: ClassName=controlo_rev3 Member=Component R2 Resistor
Added Member To Class: ClassName=controlo_rev3 Member=Component R58 Resistor
Added Member To Class: ClassName=controlo_rev3 Member=Component R59 Resistor
Added Member To Class: ClassName=controlo_rev3 Member=Component R60 Resistor
