Removed Pin From Net: NetName=5GND_A Pin=U2-41
Removed Pin From Net: NetName=5GND_A Pin=U2-42
Removed Pin From Net: NetName=SSR1 Pin=U2-43
Removed Pin From Net: NetName=SSR2 Pin=U2-44
Removed Pin From Net: NetName=5GND_A Pin=U2-58
Removed Pin From Net: NetName=5Vdc Pin=U2-60
Removed Pin From Net: NetName=5Vdc Pin=U2-61
Removed Pin From Net: NetName=5GND_A Pin=U2-63
Removed Pin From Net: NetName=PWM_W Pin=U2-64
Removed Pin From Net: NetName=ENA_W Pin=U2-65
Removed Pin From Net: NetName=PWM_V Pin=U2-66
Removed Pin From Net: NetName=ENA_V Pin=U2-67
Removed Pin From Net: NetName=PWM_U Pin=U2-68
Removed Pin From Net: NetName=ENA_U Pin=U2-69
Removed Pin From Net: NetName=5GND_A Pin=U2-79
Removed Pin From Net: NetName=5GND_A Pin=U2-80
Change Component Designator: OldDesignator=U1 NewDesignator=XMC
Change Component Designator: OldDesignator=U3 NewDesignator=U2
Change Component Designator: OldDesignator=U4 NewDesignator=U3
Change Component Designator: OldDesignator=U5 NewDesignator=U4
Change Component Designator: OldDesignator=U6 NewDesignator=U5
Change Component Designator: OldDesignator=U7 NewDesignator=U6
Change Component Designator: OldDesignator=U8 NewDesignator=U7
Change Component Designator: OldDesignator=U9 NewDesignator=U8
Change Component Designator: OldDesignator=U10 NewDesignator=U9
Added Pin To Net: NetName=5GND_A Pin=XMC-41
Added Pin To Net: NetName=5GND_A Pin=XMC-42
Added Pin To Net: NetName=SSR1 Pin=XMC-43
Added Pin To Net: NetName=SSR2 Pin=XMC-44
Added Pin To Net: NetName=5GND_A Pin=XMC-58
Added Pin To Net: NetName=5Vdc Pin=XMC-60
Added Pin To Net: NetName=5Vdc Pin=XMC-61
Added Pin To Net: NetName=5GND_A Pin=XMC-63
Added Pin To Net: NetName=PWM_W Pin=XMC-64
Added Pin To Net: NetName=ENA_W Pin=XMC-65
Added Pin To Net: NetName=PWM_V Pin=XMC-66
Added Pin To Net: NetName=ENA_V Pin=XMC-67
Added Pin To Net: NetName=PWM_U Pin=XMC-68
Added Pin To Net: NetName=ENA_U Pin=XMC-69
Added Pin To Net: NetName=5GND_A Pin=XMC-79
Added Pin To Net: NetName=5GND_A Pin=XMC-80
Change Net Name : Old Net Name=NetU3_3 New Net Name=NetU2_3
Change Net Name : Old Net Name=NetU3_10 New Net Name=NetU2_10
Change Net Name : Old Net Name=NetU6_3 New Net Name=NetU5_3
Change Net Name : Old Net Name=NetU6_10 New Net Name=NetU5_10
Added Member To Class: ClassName=controlo_rev3 Member=Component XMC *
