Removed Pin From Net: NetName=5gnd Pin=*3-1
Removed Pin From Net: NetName=5gnd Pin=*3-2
Removed Pin From Net: NetName=5gnd Pin=*3-3
Removed Pin From Net: NetName=Net*3_23 Pin=*3-23
Removed Pin From Net: NetName=Net*3_24 Pin=*3-24
Removed Pin From Net: NetName=5gnd Pin=*3-39
Removed Pin From Net: NetName=5gnd Pin=*3-40
Removed Pin From Net: NetName=5gnd Pin=*3-41
Removed Pin From Net: NetName=5gnd Pin=*3-42
Removed Pin From Net: NetName=5gnd Pin=*3-58
Removed Pin From Net: NetName=5gnd Pin=*3-63
Removed Pin From Net: NetName=5gnd Pin=*3-79
Removed Pin From Net: NetName=5gnd Pin=*3-80
Removed Pin From Net: NetName=Net*3_24 Pin=P5-2
Removed Pin From Net: NetName=Net*3_23 Pin=P5-3
Removed Pin From Net: NetName=5gnd Pin=R8-1
Removed Pin From Net: NetName=5gnd Pin=R10-1
Removed Pin From Net: NetName=5gnd Pin=R12-1
Removed Pin From Net: NetName=5gnd Pin=U1-7
Removed Pin From Net: NetName=5gnd Pin=U2-7
Removed Pin From Net: NetName=5gnd Pin=U5-7
Removed Member From Class: ClassName=controlo_rev3 Member=P5
Removed Member From Class: ClassName=controlo_rev3 Member=P7
Removed Member From Class: ClassName=controlo_rev3 Member=P8
Removed Member From Class: ClassName=controlo_rev3 Member=P9
Removed Member From Class: ClassName=controlo_rev3 Member=P10
Removed Member From Class: ClassName=controlo_rev3 Member=P11
Removed Member From Class: ClassName=controlo_rev3 Member=P14
Added Pin To Net: NetName=Net*3_24 Pin=*3-1
Added Pin To Net: NetName=Net*3_24 Pin=*3-2
Added Pin To Net: NetName=Net*3_24 Pin=*3-3
Added Pin To Net: NetName=Net*3_24 Pin=*3-39
Added Pin To Net: NetName=Net*3_24 Pin=*3-40
Added Pin To Net: NetName=Net*3_24 Pin=*3-41
Added Pin To Net: NetName=Net*3_24 Pin=*3-42
Added Pin To Net: NetName=Net*3_24 Pin=*3-58
Added Pin To Net: NetName=Net*3_24 Pin=*3-63
Added Pin To Net: NetName=Net*3_24 Pin=*3-79
Added Pin To Net: NetName=Net*3_24 Pin=*3-80
Added Pin To Net: NetName=Net*3_24 Pin=R8-1
Added Pin To Net: NetName=Net*3_24 Pin=R10-1
Added Pin To Net: NetName=Net*3_24 Pin=R12-1
Added Pin To Net: NetName=Net*3_23 Pin=U1-7
Added Pin To Net: NetName=Net*3_23 Pin=U2-7
Added Pin To Net: NetName=Net*3_23 Pin=U5-7
Change Net Name : Old Net Name=5gnd New Net Name=GND
Change Net Name : Old Net Name=Net*3_23 New Net Name=5GND_D
Change Net Name : Old Net Name=Net*3_24 New Net Name=5GND_A
