Removed Member From Class: ClassName=controlo_rev3 Member=P9
Removed Member From Class: ClassName=controlo_rev3 Member=P10
Removed Member From Class: ClassName=controlo_rev3 Member=P11
Change Component Designator: OldDesignator=P1 NewDesignator=P5
Change Component Designator: OldDesignator=P2 NewDesignator=P6
Change Component Designator: OldDesignator=P3 NewDesignator=P7
Change Component Designator: OldDesignator=P9 NewDesignator=P1
Change Component Designator: OldDesignator=P10 NewDesignator=P2
Change Component Designator: OldDesignator=P11 NewDesignator=P3
Change Component Designator: OldDesignator=P12 NewDesignator=P4
Change Component Designator: OldDesignator=R1 NewDesignator=R4
Change Component Designator: OldDesignator=R2 NewDesignator=R6
Change Component Designator: OldDesignator=R3 NewDesignator=R7
Change Component Designator: OldDesignator=R4 NewDesignator=R8
Change Component Designator: OldDesignator=R5 NewDesignator=R9
Change Component Designator: OldDesignator=R6 NewDesignator=R10
Change Component Designator: OldDesignator=R7 NewDesignator=R11
Change Component Designator: OldDesignator=R8 NewDesignator=R12
Change Component Designator: OldDesignator=R9 NewDesignator=R13
Change Component Designator: OldDesignator=R10 NewDesignator=R14
Change Component Designator: OldDesignator=R11 NewDesignator=R15
Change Component Designator: OldDesignator=R12 NewDesignator=R16
Change Component Designator: OldDesignator=R13 NewDesignator=R17
Change Component Designator: OldDesignator=R14 NewDesignator=R18
Change Component Designator: OldDesignator=R15 NewDesignator=R19
Change Component Designator: OldDesignator=R16 NewDesignator=R20
Change Component Designator: OldDesignator=R17 NewDesignator=R21
Change Component Designator: OldDesignator=R18 NewDesignator=R22
Change Component Designator: OldDesignator=R19 NewDesignator=R23
Change Component Designator: OldDesignator=R20 NewDesignator=R24
Change Component Designator: OldDesignator=R21 NewDesignator=R25
Change Component Designator: OldDesignator=R22 NewDesignator=R26
Change Component Designator: OldDesignator=R23 NewDesignator=R27
Change Component Designator: OldDesignator=R24 NewDesignator=R28
Change Component Designator: OldDesignator=R25 NewDesignator=R29
Change Component Designator: OldDesignator=R26 NewDesignator=R30
Change Component Designator: OldDesignator=R27 NewDesignator=R31
Change Component Designator: OldDesignator=R28 NewDesignator=R32
Change Component Designator: OldDesignator=R29 NewDesignator=R33
Change Component Designator: OldDesignator=R30 NewDesignator=R34
Change Component Designator: OldDesignator=R31 NewDesignator=R35
Change Component Designator: OldDesignator=R32 NewDesignator=R36
Change Component Designator: OldDesignator=R33 NewDesignator=R37
Change Component Designator: OldDesignator=R34 NewDesignator=R38
Change Component Designator: OldDesignator=R35 NewDesignator=R39
Change Component Designator: OldDesignator=R36 NewDesignator=R40
Change Component Designator: OldDesignator=R37 NewDesignator=R41
Change Component Designator: OldDesignator=R38 NewDesignator=R42
Change Component Designator: OldDesignator=R39 NewDesignator=R43
Change Component Designator: OldDesignator=R40 NewDesignator=R44
Change Component Designator: OldDesignator=R41 NewDesignator=R45
Change Component Designator: OldDesignator=R42 NewDesignator=R46
Added Component: Designator=R1(RESC_0805)
Add component. Clean all parameters for all variants
Add component (AddParameter): Name = "LCSC"; Value = "C105427"; VariantName = "[No Variations]"
Added Component: Designator=R2(RESC_0805)
Add component. Clean all parameters for all variants
Add component (AddParameter): Name = "LCSC"; Value = "C294739"; VariantName = "[No Variations]"
Added Component: Designator=R3(RESC_0805)
Add component. Clean all parameters for all variants
Add component (AddParameter): Name = "LCSC"; Value = "C105427"; VariantName = "[No Variations]"
Added Component: Designator=R5(RESC_0805)
Add component. Clean all parameters for all variants
Add component (AddParameter): Name = "LCSC"; Value = "C294739"; VariantName = "[No Variations]"
Added Pin To Net: NetName=V_DC Pin=R1-2
Added Pin To Net: NetName=3V3GND Pin=R2-1
Added Pin To Net: NetName=temp Pin=R3-2
Added Pin To Net: NetName=3V3GND Pin=R5-1
Change Net Name : Old Net Name=NetP1_1 New Net Name=NetP5_1
Change Net Name : Old Net Name=NetP1_2 New Net Name=NetP5_2
Change Net Name : Old Net Name=NetP2_1 New Net Name=NetP6_1
Change Net Name : Old Net Name=NetP2_2 New Net Name=NetP6_2
Change Net Name : Old Net Name=NetP3_1 New Net Name=NetP7_1
Change Net Name : Old Net Name=NetP3_2 New Net Name=NetP7_2
Change Net Name : Old Net Name=NetR7_1 New Net Name=NetR11_1
Change Net Name : Old Net Name=NetR9_2 New Net Name=NetR13_2
Change Net Name : Old Net Name=NetR10_2 New Net Name=NetR14_2
Change Net Name : Old Net Name=NetR11_2 New Net Name=NetR15_2
Change Net Name : Old Net Name=NetR12_2 New Net Name=NetR16_2
Change Net Name : Old Net Name=NetR14_2 New Net Name=NetR18_2
Change Net Name : Old Net Name=NetR15_2 New Net Name=NetR19_2
Change Net Name : Old Net Name=NetR16_2 New Net Name=NetR20_2
Change Net Name : Old Net Name=NetR17_2 New Net Name=NetR21_2
Change Net Name : Old Net Name=NetR19_1 New Net Name=NetR23_1
Change Net Name : Old Net Name=NetR20_1 New Net Name=NetR24_1
Change Net Name : Old Net Name=NetR23_2 New Net Name=NetR27_2
Change Net Name : Old Net Name=NetR24_2 New Net Name=NetR28_2
Change Net Name : Old Net Name=NetR25_2 New Net Name=NetR29_2
Change Net Name : Old Net Name=NetR26_2 New Net Name=NetR30_2
Change Net Name : Old Net Name=NetR28_2 New Net Name=NetR32_2
Change Net Name : Old Net Name=NetR29_2 New Net Name=NetR33_2
Change Net Name : Old Net Name=NetR30_2 New Net Name=NetR34_2
Change Net Name : Old Net Name=NetR31_2 New Net Name=NetR35_2
Change Net Name : Old Net Name=NetR33_2 New Net Name=NetR37_2
Change Net Name : Old Net Name=NetR34_2 New Net Name=NetR38_2
Change Net Name : Old Net Name=NetR35_2 New Net Name=NetR39_2
Change Net Name : Old Net Name=NetR36_2 New Net Name=NetR40_2
Change Net Name : Old Net Name=NetR38_2 New Net Name=NetR42_2
Change Net Name : Old Net Name=NetR39_2 New Net Name=NetR43_2
Change Net Name : Old Net Name=NetR40_2 New Net Name=NetR44_2
Change Net Name : Old Net Name=NetR41_2 New Net Name=NetR45_2
Added Pin To Net: NetName=temp_xmc Pin=R3-1
Added Pin To Net: NetName=temp_xmc Pin=R5-2
Added Pin To Net: NetName=temp_xmc Pin=XMC-12
Added Net: Name=temp_xmc
Added Pin To Net: NetName=v_dc_xmc Pin=R1-1
Added Pin To Net: NetName=v_dc_xmc Pin=R2-2
Added Pin To Net: NetName=v_dc_xmc Pin=XMC-11
Added Net: Name=v_dc_xmc
Added Member To Class: ClassName=controlo_rev3 Member=Component P5 gen_purpose_conn_1x2
Added Member To Class: ClassName=controlo_rev3 Member=Component P6 gen_purpose_conn_1x2
Added Member To Class: ClassName=controlo_rev3 Member=Component P7 gen_purpose_conn_1x2
Added Member To Class: ClassName=controlo_rev3 Member=Component R43 Resistor
Added Member To Class: ClassName=controlo_rev3 Member=Component R44 Resistor
Added Member To Class: ClassName=controlo_rev3 Member=Component R45 Resistor
Added Member To Class: ClassName=controlo_rev3 Member=Component R46 Resistor
