Change Component Designator: OldDesignator=R4 NewDesignator=R5
Change Component Designator: OldDesignator=R5 NewDesignator=R7
Change Component Designator: OldDesignator=R6 NewDesignator=R9
Change Component Designator: OldDesignator=R7 NewDesignator=R10
Change Component Designator: OldDesignator=R8 NewDesignator=R12
Change Component Designator: OldDesignator=R9 NewDesignator=R14
Change Component Designator: OldDesignator=R10 NewDesignator=R16
Change Component Designator: OldDesignator=R11 NewDesignator=R17
Change Component Designator: OldDesignator=R12 NewDesignator=R18
Change Component Designator: OldDesignator=R13 NewDesignator=R19
Change Component Designator: OldDesignator=R14 NewDesignator=R20
Change Component Designator: OldDesignator=R15 NewDesignator=R21
Change Component Designator: OldDesignator=R16 NewDesignator=R22
Change Component Designator: OldDesignator=R17 NewDesignator=R23
Change Component Designator: OldDesignator=R18 NewDesignator=R24
Change Component Designator: OldDesignator=R19 NewDesignator=R25
Change Component Designator: OldDesignator=R20 NewDesignator=R26
Change Component Designator: OldDesignator=R21 NewDesignator=R27
Change Component Designator: OldDesignator=R22 NewDesignator=R28
Change Component Designator: OldDesignator=R23 NewDesignator=R29
Change Component Designator: OldDesignator=R24 NewDesignator=R30
Change Component Designator: OldDesignator=R25 NewDesignator=R31
Change Component Designator: OldDesignator=R26 NewDesignator=R32
Change Component Designator: OldDesignator=R27 NewDesignator=R33
Change Component Designator: OldDesignator=R28 NewDesignator=R34
Change Component Designator: OldDesignator=R29 NewDesignator=R35
Change Component Designator: OldDesignator=R30 NewDesignator=R36
Change Component Designator: OldDesignator=R31 NewDesignator=R37
Change Component Designator: OldDesignator=R32 NewDesignator=R38
Change Component Designator: OldDesignator=R33 NewDesignator=R39
Change Component Designator: OldDesignator=R34 NewDesignator=R40
Change Component Designator: OldDesignator=R35 NewDesignator=R41
Change Component Designator: OldDesignator=R36 NewDesignator=R42
Change Component Designator: OldDesignator=R37 NewDesignator=R43
Change Component Designator: OldDesignator=R38 NewDesignator=R44
Change Component Designator: OldDesignator=R39 NewDesignator=R45
Change Component Designator: OldDesignator=R40 NewDesignator=R46
Change Component Designator: OldDesignator=R41 NewDesignator=R47
Change Component Designator: OldDesignator=R42 NewDesignator=R48
Change Component Designator: OldDesignator=R43 NewDesignator=R49
Change Component Designator: OldDesignator=R44 NewDesignator=R50
Change Component Designator: OldDesignator=R45 NewDesignator=R51
Change Component Designator: OldDesignator=R46 NewDesignator=R52
Change Component Designator: OldDesignator=R47 NewDesignator=R53
Change Component Designator: OldDesignator=R48 NewDesignator=R54
Added Component: Designator=R4(RESC_0805)
Add component. Clean all parameters for all variants
Add component (AddParameter): Name = "LCSC"; Value = "C105427"; VariantName = "[No Variations]"
Added Component: Designator=R6(RESC_0805)
Add component. Clean all parameters for all variants
Add component (AddParameter): Name = "LCSC"; Value = "C294739"; VariantName = "[No Variations]"
Added Component: Designator=R8(RESC_0805)
Add component. Clean all parameters for all variants
Add component (AddParameter): Name = "LCSC"; Value = "C105427"; VariantName = "[No Variations]"
Added Component: Designator=R11(RESC_0805)
Add component. Clean all parameters for all variants
Add component (AddParameter): Name = "LCSC"; Value = "C294739"; VariantName = "[No Variations]"
Added Component: Designator=R13(RESC_0805)
Add component. Clean all parameters for all variants
Add component (AddParameter): Name = "LCSC"; Value = "C105427"; VariantName = "[No Variations]"
Added Component: Designator=R15(RESC_0805)
Add component. Clean all parameters for all variants
Add component (AddParameter): Name = "LCSC"; Value = "C294739"; VariantName = "[No Variations]"
Added Pin To Net: NetName=I_W Pin=R4-2
Added Pin To Net: NetName=3V3GND Pin=R6-1
Added Pin To Net: NetName=I_V Pin=R8-2
Added Pin To Net: NetName=3V3GND Pin=R11-1
Added Pin To Net: NetName=I_U Pin=R13-2
Added Pin To Net: NetName=3V3GND Pin=R15-1
Change Net Name : Old Net Name=NetR13_1 New Net Name=NetR19_1
Change Net Name : Old Net Name=NetR15_2 New Net Name=NetR21_2
Change Net Name : Old Net Name=NetR16_2 New Net Name=NetR22_2
Change Net Name : Old Net Name=NetR17_2 New Net Name=NetR23_2
Change Net Name : Old Net Name=NetR18_2 New Net Name=NetR24_2
Change Net Name : Old Net Name=NetR20_2 New Net Name=NetR26_2
Change Net Name : Old Net Name=NetR21_2 New Net Name=NetR27_2
Change Net Name : Old Net Name=NetR22_2 New Net Name=NetR28_2
Change Net Name : Old Net Name=NetR23_2 New Net Name=NetR29_2
Change Net Name : Old Net Name=NetR25_1 New Net Name=NetR31_1
Change Net Name : Old Net Name=NetR26_1 New Net Name=NetR32_1
Change Net Name : Old Net Name=NetR29_2 New Net Name=NetR35_2
Change Net Name : Old Net Name=NetR30_2 New Net Name=NetR36_2
Change Net Name : Old Net Name=NetR31_2 New Net Name=NetR37_2
Change Net Name : Old Net Name=NetR32_2 New Net Name=NetR38_2
Change Net Name : Old Net Name=NetR34_2 New Net Name=NetR40_2
Change Net Name : Old Net Name=NetR35_2 New Net Name=NetR41_2
Change Net Name : Old Net Name=NetR36_2 New Net Name=NetR42_2
Change Net Name : Old Net Name=NetR37_2 New Net Name=NetR43_2
Change Net Name : Old Net Name=NetR39_2 New Net Name=NetR45_2
Change Net Name : Old Net Name=NetR40_2 New Net Name=NetR46_2
Change Net Name : Old Net Name=NetR41_2 New Net Name=NetR47_2
Change Net Name : Old Net Name=NetR42_2 New Net Name=NetR48_2
Change Net Name : Old Net Name=NetR44_2 New Net Name=NetR50_2
Change Net Name : Old Net Name=NetR45_2 New Net Name=NetR51_2
Change Net Name : Old Net Name=NetR46_2 New Net Name=NetR52_2
Change Net Name : Old Net Name=NetR47_2 New Net Name=NetR53_2
Added Pin To Net: NetName=iabc_0 Pin=R13-1
Added Pin To Net: NetName=iabc_0 Pin=R15-2
Added Pin To Net: NetName=iabc_0 Pin=XMC1-31
Added Net: Name=iabc_0
Added Pin To Net: NetName=iabc_1 Pin=R8-1
Added Pin To Net: NetName=iabc_1 Pin=R11-2
Added Pin To Net: NetName=iabc_1 Pin=XMC1-30
Added Net: Name=iabc_1
Added Pin To Net: NetName=iabc_2 Pin=R4-1
Added Pin To Net: NetName=iabc_2 Pin=R6-2
Added Pin To Net: NetName=iabc_2 Pin=XMC1-29
Added Net: Name=iabc_2
Added Member To Class: ClassName=controlo_rev3 Member=Component R1 Resistor
Added Member To Class: ClassName=controlo_rev3 Member=Component R2 Resistor
Added Member To Class: ClassName=controlo_rev3 Member=Component R49 Resistor
Added Member To Class: ClassName=controlo_rev3 Member=Component R50 Resistor
Added Member To Class: ClassName=controlo_rev3 Member=Component R51 Resistor
Added Member To Class: ClassName=controlo_rev3 Member=Component R52 Resistor
Added Member To Class: ClassName=controlo_rev3 Member=Component R53 Resistor
Added Member To Class: ClassName=controlo_rev3 Member=Component R54 Resistor
