Removed Pin From Net: NetName=Relay_2 Pin=R1-1
Removed Pin From Net: NetName=Relay_1 Pin=R2-1
Removed Member From Class: ClassName=controlo_rev3 Member=P?
Change Component Designator: OldDesignator=P2 NewDesignator=P3
Change Component Designator: OldDesignator=P3 NewDesignator=P5
Change Component Designator: OldDesignator=P4 NewDesignator=P6
Change Component Designator: OldDesignator=P5 NewDesignator=P7
Change Component Designator: OldDesignator=P6 NewDesignator=P8
Change Component Designator: OldDesignator=P7 NewDesignator=P9
Change Component Designator: OldDesignator=P? NewDesignator=P2
Added Component: Designator=P4(Header 8x1 8.5mm)
Add component. Clean all parameters for all variants
Added Pin To Net: NetName=3V3GND Pin=P4-1
Added Pin To Net: NetName=3V3GND Pin=P4-2
Added Pin To Net: NetName=3V3GND Pin=P4-3
Added Pin To Net: NetName=3V3GND Pin=P4-4
Added Pin To Net: NetName=3V3GND Pin=P4-5
Added Pin To Net: NetName=3V3GND Pin=P4-6
Added Pin To Net: NetName=3V3GND Pin=P4-7
Added Pin To Net: NetName=3V3GND Pin=P4-8
Added Pin To Net: NetName=Relay_1 Pin=R1-2
Added Pin To Net: NetName=Relay_2 Pin=R2-2
Change Net Name : Old Net Name=NetP5_1 New Net Name=NetP7_1
Change Net Name : Old Net Name=NetP5_2 New Net Name=NetP7_2
Change Net Name : Old Net Name=NetP6_1 New Net Name=NetP8_1
Change Net Name : Old Net Name=NetP6_2 New Net Name=NetP8_2
Change Net Name : Old Net Name=NetP7_1 New Net Name=NetP9_1
Change Net Name : Old Net Name=NetP7_2 New Net Name=NetP9_2
Change Net Name : Old Net Name=NetP?_2 New Net Name=NetP2_2
Change Net Name : Old Net Name=NetP?_3 New Net Name=NetP2_3
Change Net Name : Old Net Name=NetP?_4 New Net Name=NetP2_4
Change Net Name : Old Net Name=NetP?_5 New Net Name=NetP2_5
Change Net Name : Old Net Name=NetP?_6 New Net Name=NetP2_6
Change Net Name : Old Net Name=NetP?_7 New Net Name=NetP2_7
Added Pin To Net: NetName=NetR1_1 Pin=R1-1
Added Pin To Net: NetName=NetR1_1 Pin=XMC1-24
Added Net: Name=NetR1_1
Added Pin To Net: NetName=NetR2_1 Pin=R2-1
Added Pin To Net: NetName=NetR2_1 Pin=XMC1-23
Added Net: Name=NetR2_1
Added Member To Class: ClassName=controlo_rev3 Member=Component P8 gen_purpose_conn_1x2
Added Member To Class: ClassName=controlo_rev3 Member=Component P9 gen_purpose_conn_1x2
