Removed Pin From Net: NetName=NetR2_1 Pin=R2-1
Removed Pin From Net: NetName=ENA_U Pin=R2-2
Removed Pin From Net: NetName=NetR3_1 Pin=R3-1
Removed Pin From Net: NetName=ENA_V Pin=R3-2
Removed Pin From Net: NetName=NetR4_1 Pin=R4-1
Removed Pin From Net: NetName=ENA_W Pin=R4-2
Removed Pin From Net: NetName=NetR4_1 Pin=XMC1-68
Removed Pin From Net: NetName=NetR3_1 Pin=XMC1-69
Removed Pin From Net: NetName=NetR2_1 Pin=XMC1-70
Added Pin To Net: NetName=ENA_U Pin=R2-1
Added Pin To Net: NetName=NetR4_1 Pin=R2-2
Added Pin To Net: NetName=ENA_V Pin=R3-1
Added Pin To Net: NetName=NetR3_1 Pin=R3-2
Added Pin To Net: NetName=ENA_W Pin=R4-1
Added Pin To Net: NetName=NetR2_1 Pin=R4-2
Added Pin To Net: NetName=NetR4_1 Pin=XMC1-43
Added Pin To Net: NetName=NetR3_1 Pin=XMC1-44
Added Pin To Net: NetName=NetR2_1 Pin=XMC1-45
Change Net Name : Old Net Name=NetR2_1 New Net Name=NetR4_2
Change Net Name : Old Net Name=NetR3_1 New Net Name=NetR3_2
Change Net Name : Old Net Name=NetR4_1 New Net Name=NetR2_2
Added Member To Class: ClassName=controlo_rev3 Member=Component R2 R 0 1/8W 0805
Added Member To Class: ClassName=controlo_rev3 Member=Component R3 R 0 1/8W 0805
Added Member To Class: ClassName=controlo_rev3 Member=Component R4 R 0 1/8W 0805
