Change Component Designator: OldDesignator=R1 NewDesignator=R3
Change Component Designator: OldDesignator=R2 NewDesignator=R4
Change Component Designator: OldDesignator=R3 NewDesignator=R5
Change Component Designator: OldDesignator=R4 NewDesignator=R6
Change Component Designator: OldDesignator=R5 NewDesignator=R7
Change Component Designator: OldDesignator=R6 NewDesignator=R8
Change Component Designator: OldDesignator=R7 NewDesignator=R9
Change Component Designator: OldDesignator=R8 NewDesignator=R10
Change Component Designator: OldDesignator=R9 NewDesignator=R11
Change Component Designator: OldDesignator=R10 NewDesignator=R12
Change Component Designator: OldDesignator=R11 NewDesignator=R13
Change Component Designator: OldDesignator=R12 NewDesignator=R14
Change Component Designator: OldDesignator=R13 NewDesignator=R15
Change Component Designator: OldDesignator=R14 NewDesignator=R16
Change Component Designator: OldDesignator=R15 NewDesignator=R17
Change Component Designator: OldDesignator=R16 NewDesignator=R18
Change Component Designator: OldDesignator=R17 NewDesignator=R19
Change Component Designator: OldDesignator=R18 NewDesignator=R20
Change Component Designator: OldDesignator=R19 NewDesignator=R21
Change Component Designator: OldDesignator=R20 NewDesignator=R22
Change Component Designator: OldDesignator=R21 NewDesignator=R23
Change Component Designator: OldDesignator=R22 NewDesignator=R24
Change Component Designator: OldDesignator=R23 NewDesignator=R25
Change Component Designator: OldDesignator=R24 NewDesignator=R26
Change Component Designator: OldDesignator=R25 NewDesignator=R27
Change Component Designator: OldDesignator=R26 NewDesignator=R28
Change Component Designator: OldDesignator=R27 NewDesignator=R29
Change Component Designator: OldDesignator=R28 NewDesignator=R30
Change Component Designator: OldDesignator=R29 NewDesignator=R31
Change Component Designator: OldDesignator=R30 NewDesignator=R32
Change Component Designator: OldDesignator=R31 NewDesignator=R33
Change Component Designator: OldDesignator=R32 NewDesignator=R34
Change Component Designator: OldDesignator=R33 NewDesignator=R35
Change Component Designator: OldDesignator=R34 NewDesignator=R36
Change Component Designator: OldDesignator=R35 NewDesignator=R37
Change Component Designator: OldDesignator=R36 NewDesignator=R38
Change Component Designator: OldDesignator=R37 NewDesignator=R39
Change Component Designator: OldDesignator=R38 NewDesignator=R40
Change Component Designator: OldDesignator=R39 NewDesignator=R41
Change Component Designator: OldDesignator=R40 NewDesignator=R42
Change Component Designator: OldDesignator=R41 NewDesignator=R43
Change Component Designator: OldDesignator=R42 NewDesignator=R44
Change Component Designator: OldDesignator=R43 NewDesignator=R45
Change Component Designator: OldDesignator=R44 NewDesignator=R46
Change Component Designator: OldDesignator=R45 NewDesignator=R47
Change Component Designator: OldDesignator=R46 NewDesignator=R48
Change Component Designator: OldDesignator=XMC NewDesignator=XMC1
Added Component: Designator=R1(RESC_0805)
Add component. Clean all parameters for all variants
Add component (AddParameter): Name = "LCSC"; Value = "C105427"; VariantName = "[No Variations]"
Added Component: Designator=R2(RESC_0805)
Add component. Clean all parameters for all variants
Add component (AddParameter): Name = "LCSC"; Value = "C105427"; VariantName = "[No Variations]"
Added Pin To Net: NetName=Relay_2 Pin=R1-1
Added Pin To Net: NetName=Relay_1 Pin=R2-1
Change Net Name : Old Net Name=NetR11_1 New Net Name=NetR13_1
Change Net Name : Old Net Name=NetR13_2 New Net Name=NetR15_2
Change Net Name : Old Net Name=NetR14_2 New Net Name=NetR16_2
Change Net Name : Old Net Name=NetR15_2 New Net Name=NetR17_2
Change Net Name : Old Net Name=NetR16_2 New Net Name=NetR18_2
Change Net Name : Old Net Name=NetR18_2 New Net Name=NetR20_2
Change Net Name : Old Net Name=NetR19_2 New Net Name=NetR21_2
Change Net Name : Old Net Name=NetR20_2 New Net Name=NetR22_2
Change Net Name : Old Net Name=NetR21_2 New Net Name=NetR23_2
Change Net Name : Old Net Name=NetR23_1 New Net Name=NetR25_1
Change Net Name : Old Net Name=NetR24_1 New Net Name=NetR26_1
Change Net Name : Old Net Name=NetR27_2 New Net Name=NetR29_2
Change Net Name : Old Net Name=NetR28_2 New Net Name=NetR30_2
Change Net Name : Old Net Name=NetR29_2 New Net Name=NetR31_2
Change Net Name : Old Net Name=NetR30_2 New Net Name=NetR32_2
Change Net Name : Old Net Name=NetR32_2 New Net Name=NetR34_2
Change Net Name : Old Net Name=NetR33_2 New Net Name=NetR35_2
Change Net Name : Old Net Name=NetR34_2 New Net Name=NetR36_2
Change Net Name : Old Net Name=NetR35_2 New Net Name=NetR37_2
Change Net Name : Old Net Name=NetR37_2 New Net Name=NetR39_2
Change Net Name : Old Net Name=NetR38_2 New Net Name=NetR40_2
Change Net Name : Old Net Name=NetR39_2 New Net Name=NetR41_2
Change Net Name : Old Net Name=NetR40_2 New Net Name=NetR42_2
Change Net Name : Old Net Name=NetR42_2 New Net Name=NetR44_2
Change Net Name : Old Net Name=NetR43_2 New Net Name=NetR45_2
Change Net Name : Old Net Name=NetR44_2 New Net Name=NetR46_2
Change Net Name : Old Net Name=NetR45_2 New Net Name=NetR47_2
Added Pin To Net: NetName=NetR1_2 Pin=R1-2
Added Pin To Net: NetName=NetR1_2 Pin=XMC1-56
Added Net: Name=NetR1_2
Added Pin To Net: NetName=NetR2_2 Pin=R2-2
Added Pin To Net: NetName=NetR2_2 Pin=XMC1-57
Added Net: Name=NetR2_2
Added Member To Class: ClassName=controlo_rev3 Member=Component P1 *
Added Member To Class: ClassName=controlo_rev3 Member=Component P2 *
Added Member To Class: ClassName=controlo_rev3 Member=Component P3 *
Added Member To Class: ClassName=controlo_rev3 Member=Component R1 Resistor
Added Member To Class: ClassName=controlo_rev3 Member=Component R2 Resistor
Added Member To Class: ClassName=controlo_rev3 Member=Component R3 Resistor
Added Member To Class: ClassName=controlo_rev3 Member=Component R4 Resistor
Added Member To Class: ClassName=controlo_rev3 Member=Component R5 Resistor
Added Member To Class: ClassName=controlo_rev3 Member=Component R47 Resistor
Added Member To Class: ClassName=controlo_rev3 Member=Component R48 Resistor
