Removed Pin From Net: NetName=ENA_U Pin=XMC-12
Removed Pin From Net: NetName=PWM_U Pin=XMC-13
Removed Pin From Net: NetName=ENA_V Pin=XMC-14
Removed Pin From Net: NetName=PWM_V Pin=XMC-15
Removed Pin From Net: NetName=ENA_W Pin=XMC-16
Removed Pin From Net: NetName=PWM_W Pin=XMC-17
Removed Pin From Net: NetName=3V3GND Pin=XMC-18
Removed Pin From Net: NetName=3V3GND Pin=XMC-23
Removed Pin From Net: NetName=SSR2 Pin=XMC-37
Removed Pin From Net: NetName=SSR1 Pin=XMC-38
Removed Pin From Net: NetName=vabc_0 Pin=XMC-73
Removed Pin From Net: NetName=3V3GND Pin=XMC-78
Added Pin To Net: NetName=3V3GND Pin=XMC-3
Added Pin To Net: NetName=vabc_0 Pin=XMC-8
Added Pin To Net: NetName=SSR1 Pin=XMC-43
Added Pin To Net: NetName=SSR2 Pin=XMC-44
Added Pin To Net: NetName=3V3GND Pin=XMC-58
Added Pin To Net: NetName=3V3GND Pin=XMC-63
Added Pin To Net: NetName=PWM_W Pin=XMC-64
Added Pin To Net: NetName=ENA_W Pin=XMC-65
Added Pin To Net: NetName=PWM_V Pin=XMC-66
Added Pin To Net: NetName=ENA_V Pin=XMC-67
Added Pin To Net: NetName=PWM_U Pin=XMC-68
Added Pin To Net: NetName=ENA_U Pin=XMC-69
