Added Pin To Net: NetName=GND Pin=P9-1
Added Pin To Net: NetName=GND Pin=P9-8
Added Pin To Net: NetName=GND Pin=P10-1
Added Pin To Net: NetName=GND Pin=P10-8
Added Pin To Net: NetName=5Vdc Pin=P11-2
Added Pin To Net: NetName=GND Pin=P11-8
Added Pin To Net: NetName=5Vdc Pin=P12-2
Added Pin To Net: NetName=GND Pin=P12-8
Added Pin To Net: NetName=GND Pin=R2-1
Added Pin To Net: NetName=GND Pin=R4-1
Added Pin To Net: NetName=GND Pin=R6-1
Added Pin To Net: NetName=GND Pin=U1-7
Added Pin To Net: NetName=GND Pin=U2-7
Added Pin To Net: NetName=GND Pin=U5-7
Added Pin To Net: NetName=GND Pin=XMC-1
Added Pin To Net: NetName=GND Pin=XMC-2
Added Pin To Net: NetName=GND Pin=XMC-3
Added Pin To Net: NetName=GND Pin=XMC-39
Added Pin To Net: NetName=GND Pin=XMC-40
Added Pin To Net: NetName=GND Pin=XMC-41
Added Pin To Net: NetName=GND Pin=XMC-42
Added Pin To Net: NetName=GND Pin=XMC-58
Added Pin To Net: NetName=GND Pin=XMC-63
Added Pin To Net: NetName=GND Pin=XMC-79
Added Pin To Net: NetName=GND Pin=XMC-80
Change Net Name : Old Net Name=5Vdc New Net Name=5V
Change Net Name : Old Net Name=GND New Net Name=3V3GND
Added Pin To Net: NetName=3V3 Pin=P11-1
Added Pin To Net: NetName=3V3 Pin=P12-1
Added Net: Name=3V3
Added Pin To Net: NetName=I_U Pin=P12-5
Added Net: Name=I_U
Added Pin To Net: NetName=I_V Pin=P12-4
Added Net: Name=I_V
Added Pin To Net: NetName=I_W Pin=P12-3
Added Net: Name=I_W
Added Pin To Net: NetName=iso_ENA_UH Pin=P9-7
Added Net: Name=iso_ENA_UH
Added Pin To Net: NetName=iso_ENA_UL Pin=P10-7
Added Net: Name=iso_ENA_UL
Added Pin To Net: NetName=iso_ENA_VH Pin=P9-6
Added Net: Name=iso_ENA_VH
Added Pin To Net: NetName=iso_ENA_VL Pin=P10-6
Added Net: Name=iso_ENA_VL
Added Pin To Net: NetName=iso_ENA_WH Pin=P9-5
Added Net: Name=iso_ENA_WH
Added Pin To Net: NetName=iso_ENA_WL Pin=P10-5
Added Net: Name=iso_ENA_WL
Added Pin To Net: NetName=iso_PWM_UH Pin=P9-4
Added Net: Name=iso_PWM_UH
Added Pin To Net: NetName=iso_PWM_UL Pin=P10-4
Added Net: Name=iso_PWM_UL
Added Pin To Net: NetName=iso_PWM_VH Pin=P9-3
Added Net: Name=iso_PWM_VH
Added Pin To Net: NetName=iso_PWM_VL Pin=P10-3
Added Net: Name=iso_PWM_VL
Added Pin To Net: NetName=iso_PWM_WH Pin=P9-2
Added Net: Name=iso_PWM_WH
Added Pin To Net: NetName=iso_PWM_WL Pin=P10-2
Added Net: Name=iso_PWM_WL
Added Pin To Net: NetName=Relay_1 Pin=P12-7
Added Net: Name=Relay_1
Added Pin To Net: NetName=Relay_2 Pin=P12-6
Added Net: Name=Relay_2
Added Pin To Net: NetName=temp Pin=P11-6
Added Net: Name=temp
Added Pin To Net: NetName=V_DC Pin=P11-7
Added Net: Name=V_DC
Added Member To Class: ClassName=controlo_rev3 Member=Component P9 jumper_8p
Added Member To Class: ClassName=controlo_rev3 Member=Component P10 jumper_8p
Added Member To Class: ClassName=controlo_rev3 Member=Component P11 jumper_8p
Added Member To Class: ClassName=controlo_rev3 Member=Component P12 jumper_8p
Added Member To Class: ClassName=controlo_rev3 Member=Component U2 *
