Removed Pin From Net: NetName=5gnd Pin=D2-2
Removed Pin From Net: NetName=5gnd Pin=D3-2
Removed Pin From Net: NetName=5gnd Pin=D4-2
Removed Pin From Net: NetName=5gnd Pin=P2-2
Removed Pin From Net: NetName=5Vdc Pin=P4-1
Removed Pin From Net: NetName=5gnd Pin=P4-2
Removed Pin From Net: NetName=5gnd Pin=P6-2
Removed Pin From Net: NetName=5gnd Pin=P6-3
Removed Pin From Net: NetName=IN_UH Pin=P12-1
Removed Pin From Net: NetName=IN_VH Pin=P12-2
Removed Pin From Net: NetName=IN_WH Pin=P12-3
Removed Pin From Net: NetName=IN_UL Pin=P15-1
Removed Pin From Net: NetName=IN_VL Pin=P15-2
Removed Pin From Net: NetName=IN_WL Pin=P15-3
Removed Pin From Net: NetName=5Vdc Pin=P16-1
Removed Pin From Net: NetName=5gnd Pin=P16-3
Removed Pin From Net: NetName=5Vdc Pin=P17-1
Removed Pin From Net: NetName=5gnd Pin=P17-3
Removed Pin From Net: NetName=5Vdc Pin=P18-1
Removed Pin From Net: NetName=5gnd Pin=P18-3
Removed Pin From Net: NetName=5Vdc Pin=P19-1
Removed Pin From Net: NetName=5gnd Pin=P19-3
Removed Pin From Net: NetName=5Vdc Pin=P20-1
Removed Pin From Net: NetName=5gnd Pin=P20-3
Removed Pin From Net: NetName=SSR2 Pin=R2-2
Removed Pin From Net: NetName=5Vdc Pin=R4-2
Removed Pin From Net: NetName=PA_8 Pin=R5-1
Removed Pin From Net: NetName=5gnd Pin=R7-1
Removed Pin From Net: NetName=PA_8 Pin=R7-2
Removed Pin From Net: NetName=A0 Pin=R14-1
Removed Pin From Net: NetName=A3 Pin=R16-1
Removed Pin From Net: NetName=5gnd Pin=R17-1
Removed Pin From Net: NetName=A0 Pin=R17-2
Removed Pin From Net: NetName=5gnd Pin=R18-1
Removed Pin From Net: NetName=A3 Pin=R18-2
Removed Pin From Net: NetName=A1 Pin=R24-1
Removed Pin From Net: NetName=5gnd Pin=R25-1
Removed Pin From Net: NetName=A1 Pin=R25-2
Removed Pin From Net: NetName=A2 Pin=R31-1
Removed Pin From Net: NetName=5gnd Pin=R32-1
Removed Pin From Net: NetName=A2 Pin=R32-2
Removed Member From Class: ClassName=controlo_rev3 Member=D2
Removed Member From Class: ClassName=controlo_rev3 Member=D3
Removed Member From Class: ClassName=controlo_rev3 Member=D4
Removed Member From Class: ClassName=controlo_rev3 Member=P2
Removed Member From Class: ClassName=controlo_rev3 Member=P4
Removed Member From Class: ClassName=controlo_rev3 Member=P6
Removed Member From Class: ClassName=controlo_rev3 Member=P12
Removed Member From Class: ClassName=controlo_rev3 Member=P15
Removed Member From Class: ClassName=controlo_rev3 Member=P16
Removed Member From Class: ClassName=controlo_rev3 Member=P17
Removed Member From Class: ClassName=controlo_rev3 Member=P18
Removed Member From Class: ClassName=controlo_rev3 Member=P19
Removed Member From Class: ClassName=controlo_rev3 Member=P20
Removed Member From Class: ClassName=controlo_rev3 Member=R2
Removed Member From Class: ClassName=controlo_rev3 Member=R4
Removed Member From Class: ClassName=controlo_rev3 Member=R5
Removed Member From Class: ClassName=controlo_rev3 Member=R7
Removed Member From Class: ClassName=controlo_rev3 Member=R14
Removed Member From Class: ClassName=controlo_rev3 Member=R16
Removed Member From Class: ClassName=controlo_rev3 Member=R17
Removed Member From Class: ClassName=controlo_rev3 Member=R18
Removed Member From Class: ClassName=controlo_rev3 Member=R24
Removed Member From Class: ClassName=controlo_rev3 Member=R25
Removed Member From Class: ClassName=controlo_rev3 Member=R31
Removed Member From Class: ClassName=controlo_rev3 Member=R32
Added Component: Designator=P8(HDR1X3_simple)
Add component. Clean all parameters for all variants
Added Component: Designator=P10(HDR1X3_simple)
Add component. Clean all parameters for all variants
Added Component: Designator=P11(HDR1X3_simple)
Add component. Clean all parameters for all variants
Added Component: Designator=P14(HDR1X3_simple)
Add component. Clean all parameters for all variants
Added Pin To Net: NetName=Net*3_48 Pin=P8-1
Added Pin To Net: NetName=Net*3_47 Pin=P8-2
Added Pin To Net: NetName=Net*3_46 Pin=P8-3
Added Pin To Net: NetName=Net*3_51 Pin=P10-1
Added Pin To Net: NetName=Net*3_50 Pin=P10-2
Added Pin To Net: NetName=Net*3_49 Pin=P10-3
Added Pin To Net: NetName=Net*3_54 Pin=P11-1
Added Pin To Net: NetName=Net*3_53 Pin=P11-2
Added Pin To Net: NetName=Net*3_52 Pin=P11-3
Added Pin To Net: NetName=Net*3_57 Pin=P14-1
Added Pin To Net: NetName=Net*3_56 Pin=P14-2
Added Pin To Net: NetName=Net*3_55 Pin=P14-3
Added Member To Class: ClassName=controlo_rev3 Member=Component P8 Header 3
Added Member To Class: ClassName=controlo_rev3 Member=Component P10 Header 3
Added Member To Class: ClassName=controlo_rev3 Member=Component P11 Header 3
Added Member To Class: ClassName=controlo_rev3 Member=Component P14 Header 3
