Removed Pin From Net: NetName=PWM_U Pin=U1-1
Removed Pin From Net: NetName=ENA_U Pin=U1-2
Removed Pin From Net: NetName=ENA_U Pin=U1-9
Removed Pin From Net: NetName=PWM_W Pin=U4-1
Removed Pin From Net: NetName=ENA_W Pin=U4-2
Removed Pin From Net: NetName=ENA_W Pin=U4-9
Removed Pin From Net: NetName=PWM_W Pin=XMC1-64
Removed Pin From Net: NetName=ENA_W Pin=XMC1-65
Removed Pin From Net: NetName=PWM_V Pin=XMC1-66
Removed Pin From Net: NetName=ENA_V Pin=XMC1-67
Removed Pin From Net: NetName=PWM_U Pin=XMC1-68
Removed Pin From Net: NetName=ENA_U Pin=XMC1-69
Change Component Designator: OldDesignator=R4 NewDesignator=R6
Change Component Designator: OldDesignator=R5 NewDesignator=R7
Change Component Designator: OldDesignator=R6 NewDesignator=R9
Change Component Designator: OldDesignator=R7 NewDesignator=R10
Change Component Designator: OldDesignator=R8 NewDesignator=R11
Change Component Designator: OldDesignator=R9 NewDesignator=R12
Change Component Designator: OldDesignator=R10 NewDesignator=R13
Change Component Designator: OldDesignator=R11 NewDesignator=R14
Change Component Designator: OldDesignator=R12 NewDesignator=R15
Change Component Designator: OldDesignator=R13 NewDesignator=R16
Change Component Designator: OldDesignator=R14 NewDesignator=R17
Change Component Designator: OldDesignator=R15 NewDesignator=R18
Change Component Designator: OldDesignator=R16 NewDesignator=R19
Change Component Designator: OldDesignator=R17 NewDesignator=R20
Change Component Designator: OldDesignator=R18 NewDesignator=R21
Change Component Designator: OldDesignator=R19 NewDesignator=R22
Change Component Designator: OldDesignator=R20 NewDesignator=R23
Change Component Designator: OldDesignator=R21 NewDesignator=R24
Change Component Designator: OldDesignator=R22 NewDesignator=R25
Change Component Designator: OldDesignator=R23 NewDesignator=R26
Change Component Designator: OldDesignator=R24 NewDesignator=R27
Change Component Designator: OldDesignator=R25 NewDesignator=R28
Change Component Designator: OldDesignator=R26 NewDesignator=R29
Change Component Designator: OldDesignator=R27 NewDesignator=R30
Change Component Designator: OldDesignator=R28 NewDesignator=R31
Change Component Designator: OldDesignator=R29 NewDesignator=R32
Change Component Designator: OldDesignator=R30 NewDesignator=R33
Change Component Designator: OldDesignator=R31 NewDesignator=R34
Change Component Designator: OldDesignator=R32 NewDesignator=R35
Change Component Designator: OldDesignator=R33 NewDesignator=R36
Change Component Designator: OldDesignator=R34 NewDesignator=R37
Change Component Designator: OldDesignator=R35 NewDesignator=R38
Change Component Designator: OldDesignator=R36 NewDesignator=R39
Change Component Designator: OldDesignator=R37 NewDesignator=R40
Change Component Designator: OldDesignator=R38 NewDesignator=R41
Change Component Designator: OldDesignator=R39 NewDesignator=R42
Change Component Designator: OldDesignator=R40 NewDesignator=R43
Change Component Designator: OldDesignator=R41 NewDesignator=R44
Change Component Designator: OldDesignator=R42 NewDesignator=R45
Change Component Designator: OldDesignator=R43 NewDesignator=R46
Change Component Designator: OldDesignator=R44 NewDesignator=R47
Change Component Designator: OldDesignator=R45 NewDesignator=R48
Change Component Designator: OldDesignator=R46 NewDesignator=R49
Change Component Designator: OldDesignator=R47 NewDesignator=R50
Change Component Designator: OldDesignator=R48 NewDesignator=R51
Change Component Designator: OldDesignator=R49 NewDesignator=R52
Change Component Designator: OldDesignator=R50 NewDesignator=R53
Change Component Designator: OldDesignator=R51 NewDesignator=R54
Change Component Designator: OldDesignator=R52 NewDesignator=R55
Change Component Designator: OldDesignator=R53 NewDesignator=R56
Change Component Designator: OldDesignator=R54 NewDesignator=R57
Change Component Designator: OldDesignator=R55 NewDesignator=R58
Change Component Designator: OldDesignator=R56 NewDesignator=R59
Change Component Designator: OldDesignator=R57 NewDesignator=R60
Change Component Designator: OldDesignator=R58 NewDesignator=R61
Change Component Designator: OldDesignator=R59 NewDesignator=R62
Change Component Designator: OldDesignator=R60 NewDesignator=R63
Change Component Designator: OldDesignator=R61 NewDesignator=R64
Change Component Designator: OldDesignator=R62 NewDesignator=R65
Change Component Designator: OldDesignator=R63 NewDesignator=R66
Change Component Designator: OldDesignator=R64 NewDesignator=R67
Change Component Designator: OldDesignator=R65 NewDesignator=R68
Change Component Designator: OldDesignator=R66 NewDesignator=R69
Added Component: Designator=R4(RESC_0805)
Add component. Clean all parameters for all variants
Add component (AddParameter): Name = "LCSC"; Value = "C105427"; VariantName = "[No Variations]"
Added Component: Designator=R5(RESC_0805)
Add component. Clean all parameters for all variants
Add component (AddParameter): Name = "LCSC"; Value = "C105427"; VariantName = "[No Variations]"
Added Component: Designator=R8(RESC_0805)
Add component. Clean all parameters for all variants
Add component (AddParameter): Name = "LCSC"; Value = "C105427"; VariantName = "[No Variations]"
Added Pin To Net: NetName=PWM_V Pin=R4-2
Added Pin To Net: NetName=PWM_U Pin=R5-1
Added Pin To Net: NetName=PWM_W Pin=R8-2
Added Pin To Net: NetName=PWM_W Pin=U1-1
Added Pin To Net: NetName=ENA_W Pin=U1-2
Added Pin To Net: NetName=ENA_W Pin=U1-9
Added Pin To Net: NetName=PWM_U Pin=U4-1
Added Pin To Net: NetName=ENA_U Pin=U4-2
Added Pin To Net: NetName=ENA_U Pin=U4-9
Change Net Name : Old Net Name=NetR4_1 New Net Name=NetR6_1
Change Net Name : Old Net Name=NetR5_2 New Net Name=NetR7_2
Change Net Name : Old Net Name=NetR6_2 New Net Name=NetR9_2
Change Net Name : Old Net Name=NetR7_1 New Net Name=NetR10_1
Change Net Name : Old Net Name=NetR8_1 New Net Name=NetR11_1
Change Net Name : Old Net Name=NetR9_1 New Net Name=NetR12_1
Change Net Name : Old Net Name=NetR10_1 New Net Name=NetR13_1
Change Net Name : Old Net Name=NetR14_1 New Net Name=NetR17_1
Change Net Name : Old Net Name=NetR28_1 New Net Name=NetR31_1
Change Net Name : Old Net Name=NetR29_1 New Net Name=NetR32_1
Change Net Name : Old Net Name=NetR31_2 New Net Name=NetR34_2
Change Net Name : Old Net Name=NetR32_2 New Net Name=NetR35_2
Change Net Name : Old Net Name=NetR33_2 New Net Name=NetR36_2
Change Net Name : Old Net Name=NetR34_2 New Net Name=NetR37_2
Change Net Name : Old Net Name=NetR36_1 New Net Name=NetR39_1
Change Net Name : Old Net Name=NetR37_2 New Net Name=NetR40_2
Change Net Name : Old Net Name=NetR38_2 New Net Name=NetR41_2
Change Net Name : Old Net Name=NetR39_2 New Net Name=NetR42_2
Change Net Name : Old Net Name=NetR40_2 New Net Name=NetR43_2
Change Net Name : Old Net Name=NetR42_1 New Net Name=NetR45_1
Change Net Name : Old Net Name=NetR43_1 New Net Name=NetR46_1
Change Net Name : Old Net Name=NetR44_1 New Net Name=NetR47_1
Change Net Name : Old Net Name=NetR47_2 New Net Name=NetR50_2
Change Net Name : Old Net Name=NetR48_2 New Net Name=NetR51_2
Change Net Name : Old Net Name=NetR49_2 New Net Name=NetR52_2
Change Net Name : Old Net Name=NetR50_2 New Net Name=NetR53_2
Change Net Name : Old Net Name=NetR52_2 New Net Name=NetR55_2
Change Net Name : Old Net Name=NetR53_2 New Net Name=NetR56_2
Change Net Name : Old Net Name=NetR54_2 New Net Name=NetR57_2
Change Net Name : Old Net Name=NetR55_2 New Net Name=NetR58_2
Change Net Name : Old Net Name=NetR57_2 New Net Name=NetR60_2
Change Net Name : Old Net Name=NetR58_2 New Net Name=NetR61_2
Change Net Name : Old Net Name=NetR59_2 New Net Name=NetR62_2
Change Net Name : Old Net Name=NetR60_2 New Net Name=NetR63_2
Change Net Name : Old Net Name=NetR62_2 New Net Name=NetR65_2
Change Net Name : Old Net Name=NetR63_2 New Net Name=NetR66_2
Change Net Name : Old Net Name=NetR64_2 New Net Name=NetR67_2
Change Net Name : Old Net Name=NetR65_2 New Net Name=NetR68_2
Added Pin To Net: NetName=NetR4_1 Pin=R4-1
Added Pin To Net: NetName=NetR4_1 Pin=XMC1-66
Added Net: Name=NetR4_1
Added Pin To Net: NetName=NetR5_2 Pin=R5-2
Added Pin To Net: NetName=NetR5_2 Pin=XMC1-56
Added Net: Name=NetR5_2
Added Pin To Net: NetName=NetR8_1 Pin=R8-1
Added Pin To Net: NetName=NetR8_1 Pin=XMC1-64
Added Net: Name=NetR8_1
Added Member To Class: ClassName=controlo_rev3 Member=Component R67 Resistor
Added Member To Class: ClassName=controlo_rev3 Member=Component R68 Resistor
Added Member To Class: ClassName=controlo_rev3 Member=Component R69 Resistor
