Removed Pin From Net: NetName=iso_PWM_WH Pin=U1-4
Removed Pin From Net: NetName=iso_PWM_WL Pin=U1-11
Removed Pin From Net: NetName=IN_VH Pin=U2-4
Removed Pin From Net: NetName=IN_VL Pin=U2-11
Removed Pin From Net: NetName=IN_WH Pin=U4-4
Removed Pin From Net: NetName=IN_WL Pin=U4-11
Change Component Designator: OldDesignator=R1 NewDesignator=R2
Change Component Designator: OldDesignator=R2 NewDesignator=R3
Change Component Designator: OldDesignator=R3 NewDesignator=R4
Change Component Designator: OldDesignator=R4 NewDesignator=R5
Change Component Designator: OldDesignator=R5 NewDesignator=R6
Change Component Designator: OldDesignator=R6 NewDesignator=R7
Change Component Designator: OldDesignator=R7 NewDesignator=R9
Change Component Designator: OldDesignator=R8 NewDesignator=R10
Change Component Designator: OldDesignator=R9 NewDesignator=R11
Change Component Designator: OldDesignator=R10 NewDesignator=R12
Change Component Designator: OldDesignator=R11 NewDesignator=R13
Change Component Designator: OldDesignator=R12 NewDesignator=R15
Change Component Designator: OldDesignator=R13 NewDesignator=R16
Change Component Designator: OldDesignator=R14 NewDesignator=R17
Change Component Designator: OldDesignator=R15 NewDesignator=R18
Change Component Designator: OldDesignator=R16 NewDesignator=R19
Change Component Designator: OldDesignator=R17 NewDesignator=R20
Change Component Designator: OldDesignator=R18 NewDesignator=R21
Change Component Designator: OldDesignator=R19 NewDesignator=R22
Change Component Designator: OldDesignator=R20 NewDesignator=R23
Change Component Designator: OldDesignator=R21 NewDesignator=R24
Change Component Designator: OldDesignator=R22 NewDesignator=R25
Change Component Designator: OldDesignator=R23 NewDesignator=R26
Change Component Designator: OldDesignator=R24 NewDesignator=R27
Change Component Designator: OldDesignator=R25 NewDesignator=R29
Change Component Designator: OldDesignator=R26 NewDesignator=R30
Change Component Designator: OldDesignator=R27 NewDesignator=R31
Change Component Designator: OldDesignator=R28 NewDesignator=R32
Change Component Designator: OldDesignator=R29 NewDesignator=R33
Change Component Designator: OldDesignator=R30 NewDesignator=R34
Change Component Designator: OldDesignator=R31 NewDesignator=R35
Change Component Designator: OldDesignator=R32 NewDesignator=R37
Change Component Designator: OldDesignator=R33 NewDesignator=R38
Change Component Designator: OldDesignator=R34 NewDesignator=R39
Change Component Designator: OldDesignator=R35 NewDesignator=R40
Change Component Designator: OldDesignator=R36 NewDesignator=R41
Change Component Designator: OldDesignator=R37 NewDesignator=R43
Change Component Designator: OldDesignator=R38 NewDesignator=R44
Change Component Designator: OldDesignator=R39 NewDesignator=R45
Change Component Designator: OldDesignator=R40 NewDesignator=R46
Change Component Designator: OldDesignator=R41 NewDesignator=R47
Change Component Designator: OldDesignator=R42 NewDesignator=R48
Change Component Designator: OldDesignator=R43 NewDesignator=R49
Change Component Designator: OldDesignator=R44 NewDesignator=R50
Change Component Designator: OldDesignator=R45 NewDesignator=R51
Change Component Designator: OldDesignator=R46 NewDesignator=R52
Change Component Designator: OldDesignator=R47 NewDesignator=R53
Change Component Designator: OldDesignator=R48 NewDesignator=R54
Change Component Designator: OldDesignator=R49 NewDesignator=R55
Change Component Designator: OldDesignator=R50 NewDesignator=R56
Change Component Designator: OldDesignator=R51 NewDesignator=R57
Change Component Designator: OldDesignator=R52 NewDesignator=R58
Change Component Designator: OldDesignator=R53 NewDesignator=R59
Change Component Designator: OldDesignator=R54 NewDesignator=R60
Change Component Designator: OldDesignator=R55 NewDesignator=R61
Change Component Designator: OldDesignator=R56 NewDesignator=R62
Change Component Designator: OldDesignator=R57 NewDesignator=R63
Change Component Designator: OldDesignator=R58 NewDesignator=R64
Change Component Designator: OldDesignator=R59 NewDesignator=R65
Change Component Designator: OldDesignator=R60 NewDesignator=R66
Added Component: Designator=R1(RESC_0805)
Add component. Clean all parameters for all variants
Add component (AddParameter): Name = "LCSC"; Value = "C105427"; VariantName = "[No Variations]"
Added Component: Designator=R8(RESC_0805)
Add component. Clean all parameters for all variants
Add component (AddParameter): Name = "LCSC"; Value = "C105427"; VariantName = "[No Variations]"
Added Component: Designator=R14(RESC_0805)
Add component. Clean all parameters for all variants
Add component (AddParameter): Name = "LCSC"; Value = "C105427"; VariantName = "[No Variations]"
Added Component: Designator=R28(RESC_0805)
Add component. Clean all parameters for all variants
Add component (AddParameter): Name = "LCSC"; Value = "C105427"; VariantName = "[No Variations]"
Added Component: Designator=R36(RESC_0805)
Add component. Clean all parameters for all variants
Add component (AddParameter): Name = "LCSC"; Value = "C105427"; VariantName = "[No Variations]"
Added Component: Designator=R42(RESC_0805)
Add component. Clean all parameters for all variants
Add component (AddParameter): Name = "LCSC"; Value = "C105427"; VariantName = "[No Variations]"
Added Pin To Net: NetName=iso_PWM_WH Pin=R1-2
Added Pin To Net: NetName=iso_PWM_WL Pin=R8-2
Added Pin To Net: NetName=IN_VH Pin=R14-2
Added Pin To Net: NetName=IN_VL Pin=R28-2
Added Pin To Net: NetName=IN_WH Pin=R36-2
Added Pin To Net: NetName=IN_WL Pin=R42-2
Change Net Name : Old Net Name=NetR1_2 New Net Name=NetR2_2
Change Net Name : Old Net Name=NetR2_2 New Net Name=NetR3_2
Change Net Name : Old Net Name=NetR3_1 New Net Name=NetR4_1
Change Net Name : Old Net Name=NetR4_2 New Net Name=NetR5_2
Change Net Name : Old Net Name=NetR5_2 New Net Name=NetR6_2
Change Net Name : Old Net Name=NetR6_1 New Net Name=NetR7_1
Change Net Name : Old Net Name=NetR7_1 New Net Name=NetR9_1
Change Net Name : Old Net Name=NetR8_1 New Net Name=NetR10_1
Change Net Name : Old Net Name=NetR25_1 New Net Name=NetR29_1
Change Net Name : Old Net Name=NetR27_2 New Net Name=NetR31_2
Change Net Name : Old Net Name=NetR28_2 New Net Name=NetR32_2
Change Net Name : Old Net Name=NetR29_2 New Net Name=NetR33_2
Change Net Name : Old Net Name=NetR30_2 New Net Name=NetR34_2
Change Net Name : Old Net Name=NetR32_2 New Net Name=NetR37_2
Change Net Name : Old Net Name=NetR33_2 New Net Name=NetR38_2
Change Net Name : Old Net Name=NetR34_2 New Net Name=NetR39_2
Change Net Name : Old Net Name=NetR35_2 New Net Name=NetR40_2
Change Net Name : Old Net Name=NetR37_1 New Net Name=NetR43_1
Change Net Name : Old Net Name=NetR38_1 New Net Name=NetR44_1
Change Net Name : Old Net Name=NetR41_2 New Net Name=NetR47_2
Change Net Name : Old Net Name=NetR42_2 New Net Name=NetR48_2
Change Net Name : Old Net Name=NetR43_2 New Net Name=NetR49_2
Change Net Name : Old Net Name=NetR44_2 New Net Name=NetR50_2
Change Net Name : Old Net Name=NetR46_2 New Net Name=NetR52_2
Change Net Name : Old Net Name=NetR47_2 New Net Name=NetR53_2
Change Net Name : Old Net Name=NetR48_2 New Net Name=NetR54_2
Change Net Name : Old Net Name=NetR49_2 New Net Name=NetR55_2
Change Net Name : Old Net Name=NetR51_2 New Net Name=NetR57_2
Change Net Name : Old Net Name=NetR52_2 New Net Name=NetR58_2
Change Net Name : Old Net Name=NetR53_2 New Net Name=NetR59_2
Change Net Name : Old Net Name=NetR54_2 New Net Name=NetR60_2
Change Net Name : Old Net Name=NetR56_2 New Net Name=NetR62_2
Change Net Name : Old Net Name=NetR57_2 New Net Name=NetR63_2
Change Net Name : Old Net Name=NetR58_2 New Net Name=NetR64_2
Change Net Name : Old Net Name=NetR59_2 New Net Name=NetR65_2
Added Pin To Net: NetName=NetR1_1 Pin=R1-1
Added Pin To Net: NetName=NetR1_1 Pin=U1-4
Added Net: Name=NetR1_1
Added Pin To Net: NetName=NetR8_1 Pin=R8-1
Added Pin To Net: NetName=NetR8_1 Pin=U1-11
Added Net: Name=NetR8_1
Added Pin To Net: NetName=NetR14_1 Pin=R14-1
Added Pin To Net: NetName=NetR14_1 Pin=U2-4
Added Net: Name=NetR14_1
Added Pin To Net: NetName=NetR28_1 Pin=R28-1
Added Pin To Net: NetName=NetR28_1 Pin=U2-11
Added Net: Name=NetR28_1
Added Pin To Net: NetName=NetR36_1 Pin=R36-1
Added Pin To Net: NetName=NetR36_1 Pin=U4-4
Added Net: Name=NetR36_1
Added Pin To Net: NetName=NetR42_1 Pin=R42-1
Added Pin To Net: NetName=NetR42_1 Pin=U4-11
Added Net: Name=NetR42_1
Added Member To Class: ClassName=controlo_rev3 Member=Component R61 Resistor
Added Member To Class: ClassName=controlo_rev3 Member=Component R62 Resistor
Added Member To Class: ClassName=controlo_rev3 Member=Component R63 Resistor
Added Member To Class: ClassName=controlo_rev3 Member=Component R64 Resistor
Added Member To Class: ClassName=controlo_rev3 Member=Component R65 Resistor
Added Member To Class: ClassName=controlo_rev3 Member=Component R66 Resistor
