   1              	 .syntax unified
   2              	 .cpu cortex-m4
   3              	 .eabi_attribute 27,3
   4              	 .fpu fpv4-sp-d16
   5              	 .eabi_attribute 20,1
   6              	 .eabi_attribute 21,1
   7              	 .eabi_attribute 23,3
   8              	 .eabi_attribute 24,1
   9              	 .eabi_attribute 25,1
  10              	 .eabi_attribute 26,1
  11              	 .eabi_attribute 30,6
  12              	 .eabi_attribute 34,1
  13              	 .eabi_attribute 18,4
  14              	 .thumb
  15              	 .file "arm_cos_q15.c"
  16              	 .text
  17              	.Ltext0:
  18              	 .cfi_sections .debug_frame
  19              	 .section .text.arm_cos_q15,"ax",%progbits
  20              	 .align 2
  21              	 .global arm_cos_q15
  22              	 .thumb
  23              	 .thumb_func
  25              	arm_cos_q15:
  26              	.LFB135:
  27              	 .file 1 "../Dave/Generated/CMSIS_DSP/FastMathFunctions/arm_cos_q15.c"
   1:../Dave/Generated/CMSIS_DSP/FastMathFunctions/arm_cos_q15.c **** /* ----------------------------------------------------------------------
   2:../Dave/Generated/CMSIS_DSP/FastMathFunctions/arm_cos_q15.c ****  * Project:      CMSIS DSP Library
   3:../Dave/Generated/CMSIS_DSP/FastMathFunctions/arm_cos_q15.c ****  * Title:        arm_cos_q15.c
   4:../Dave/Generated/CMSIS_DSP/FastMathFunctions/arm_cos_q15.c ****  * Description:  Fast cosine calculation for Q15 values
   5:../Dave/Generated/CMSIS_DSP/FastMathFunctions/arm_cos_q15.c ****  *
   6:../Dave/Generated/CMSIS_DSP/FastMathFunctions/arm_cos_q15.c ****  * $Date:        27. January 2017
   7:../Dave/Generated/CMSIS_DSP/FastMathFunctions/arm_cos_q15.c ****  * $Revision:    V.1.5.1
   8:../Dave/Generated/CMSIS_DSP/FastMathFunctions/arm_cos_q15.c ****  *
   9:../Dave/Generated/CMSIS_DSP/FastMathFunctions/arm_cos_q15.c ****  * Target Processor: Cortex-M cores
  10:../Dave/Generated/CMSIS_DSP/FastMathFunctions/arm_cos_q15.c ****  * -------------------------------------------------------------------- */
  11:../Dave/Generated/CMSIS_DSP/FastMathFunctions/arm_cos_q15.c **** /*
  12:../Dave/Generated/CMSIS_DSP/FastMathFunctions/arm_cos_q15.c ****  * Copyright (C) 2010-2017 ARM Limited or its affiliates. All rights reserved.
  13:../Dave/Generated/CMSIS_DSP/FastMathFunctions/arm_cos_q15.c ****  *
  14:../Dave/Generated/CMSIS_DSP/FastMathFunctions/arm_cos_q15.c ****  * SPDX-License-Identifier: Apache-2.0
  15:../Dave/Generated/CMSIS_DSP/FastMathFunctions/arm_cos_q15.c ****  *
  16:../Dave/Generated/CMSIS_DSP/FastMathFunctions/arm_cos_q15.c ****  * Licensed under the Apache License, Version 2.0 (the License); you may
  17:../Dave/Generated/CMSIS_DSP/FastMathFunctions/arm_cos_q15.c ****  * not use this file except in compliance with the License.
  18:../Dave/Generated/CMSIS_DSP/FastMathFunctions/arm_cos_q15.c ****  * You may obtain a copy of the License at
  19:../Dave/Generated/CMSIS_DSP/FastMathFunctions/arm_cos_q15.c ****  *
  20:../Dave/Generated/CMSIS_DSP/FastMathFunctions/arm_cos_q15.c ****  * www.apache.org/licenses/LICENSE-2.0
  21:../Dave/Generated/CMSIS_DSP/FastMathFunctions/arm_cos_q15.c ****  *
  22:../Dave/Generated/CMSIS_DSP/FastMathFunctions/arm_cos_q15.c ****  * Unless required by applicable law or agreed to in writing, software
  23:../Dave/Generated/CMSIS_DSP/FastMathFunctions/arm_cos_q15.c ****  * distributed under the License is distributed on an AS IS BASIS, WITHOUT
  24:../Dave/Generated/CMSIS_DSP/FastMathFunctions/arm_cos_q15.c ****  * WARRANTIES OR CONDITIONS OF ANY KIND, either express or implied.
  25:../Dave/Generated/CMSIS_DSP/FastMathFunctions/arm_cos_q15.c ****  * See the License for the specific language governing permissions and
  26:../Dave/Generated/CMSIS_DSP/FastMathFunctions/arm_cos_q15.c ****  * limitations under the License.
  27:../Dave/Generated/CMSIS_DSP/FastMathFunctions/arm_cos_q15.c ****  */
  28:../Dave/Generated/CMSIS_DSP/FastMathFunctions/arm_cos_q15.c **** 
  29:../Dave/Generated/CMSIS_DSP/FastMathFunctions/arm_cos_q15.c **** #include "CMSIS_DSP/cmsis_dsp.h"
  30:../Dave/Generated/CMSIS_DSP/FastMathFunctions/arm_cos_q15.c **** #include "CMSIS_DSP/arm_common_tables.h"
  31:../Dave/Generated/CMSIS_DSP/FastMathFunctions/arm_cos_q15.c **** 
  32:../Dave/Generated/CMSIS_DSP/FastMathFunctions/arm_cos_q15.c **** /**
  33:../Dave/Generated/CMSIS_DSP/FastMathFunctions/arm_cos_q15.c ****  * @ingroup groupFastMath
  34:../Dave/Generated/CMSIS_DSP/FastMathFunctions/arm_cos_q15.c ****  */
  35:../Dave/Generated/CMSIS_DSP/FastMathFunctions/arm_cos_q15.c **** 
  36:../Dave/Generated/CMSIS_DSP/FastMathFunctions/arm_cos_q15.c ****  /**
  37:../Dave/Generated/CMSIS_DSP/FastMathFunctions/arm_cos_q15.c ****  * @addtogroup cos
  38:../Dave/Generated/CMSIS_DSP/FastMathFunctions/arm_cos_q15.c ****  * @{
  39:../Dave/Generated/CMSIS_DSP/FastMathFunctions/arm_cos_q15.c ****  */
  40:../Dave/Generated/CMSIS_DSP/FastMathFunctions/arm_cos_q15.c **** 
  41:../Dave/Generated/CMSIS_DSP/FastMathFunctions/arm_cos_q15.c **** /**
  42:../Dave/Generated/CMSIS_DSP/FastMathFunctions/arm_cos_q15.c ****  * @brief Fast approximation to the trigonometric cosine function for Q15 data.
  43:../Dave/Generated/CMSIS_DSP/FastMathFunctions/arm_cos_q15.c ****  * @param[in] x Scaled input value in radians.
  44:../Dave/Generated/CMSIS_DSP/FastMathFunctions/arm_cos_q15.c ****  * @return  cos(x).
  45:../Dave/Generated/CMSIS_DSP/FastMathFunctions/arm_cos_q15.c ****  *
  46:../Dave/Generated/CMSIS_DSP/FastMathFunctions/arm_cos_q15.c ****  * The Q15 input value is in the range [0 +0.9999] and is mapped to a radian
  47:../Dave/Generated/CMSIS_DSP/FastMathFunctions/arm_cos_q15.c ****  * value in the range [0 2*pi).
  48:../Dave/Generated/CMSIS_DSP/FastMathFunctions/arm_cos_q15.c ****  */
  49:../Dave/Generated/CMSIS_DSP/FastMathFunctions/arm_cos_q15.c **** 
  50:../Dave/Generated/CMSIS_DSP/FastMathFunctions/arm_cos_q15.c **** q15_t arm_cos_q15(
  51:../Dave/Generated/CMSIS_DSP/FastMathFunctions/arm_cos_q15.c ****   q15_t x)
  52:../Dave/Generated/CMSIS_DSP/FastMathFunctions/arm_cos_q15.c **** {
  28              	 .loc 1 52 0
  29              	 .cfi_startproc
  30              	 
  31              	 
  32              	 
  33 0000 80B4     	 push {r7}
  34              	.LCFI0:
  35              	 .cfi_def_cfa_offset 4
  36              	 .cfi_offset 7,-4
  37 0002 87B0     	 sub sp,sp,#28
  38              	.LCFI1:
  39              	 .cfi_def_cfa_offset 32
  40 0004 00AF     	 add r7,sp,#0
  41              	.LCFI2:
  42              	 .cfi_def_cfa_register 7
  43 0006 0346     	 mov r3,r0
  44 0008 FB80     	 strh r3,[r7,#6]
  53:../Dave/Generated/CMSIS_DSP/FastMathFunctions/arm_cos_q15.c ****   q15_t cosVal;                                  /* Temporary variables for input, output */
  54:../Dave/Generated/CMSIS_DSP/FastMathFunctions/arm_cos_q15.c ****   int32_t index;                                 /* Index variables */
  55:../Dave/Generated/CMSIS_DSP/FastMathFunctions/arm_cos_q15.c ****   q15_t a, b;                                    /* Four nearest output values */
  56:../Dave/Generated/CMSIS_DSP/FastMathFunctions/arm_cos_q15.c ****   q15_t fract;                                   /* Temporary values for fractional values */
  57:../Dave/Generated/CMSIS_DSP/FastMathFunctions/arm_cos_q15.c **** 
  58:../Dave/Generated/CMSIS_DSP/FastMathFunctions/arm_cos_q15.c ****   /* add 0.25 (pi/2) to read sine table */
  59:../Dave/Generated/CMSIS_DSP/FastMathFunctions/arm_cos_q15.c ****   x = (uint16_t)x + 0x2000;
  45              	 .loc 1 59 0
  46 000a FB88     	 ldrh r3,[r7,#6]
  47 000c 03F50053 	 add r3,r3,#8192
  48 0010 9BB2     	 uxth r3,r3
  49 0012 FB80     	 strh r3,[r7,#6]
  60:../Dave/Generated/CMSIS_DSP/FastMathFunctions/arm_cos_q15.c ****   if (x < 0)
  50              	 .loc 1 60 0
  51 0014 B7F90630 	 ldrsh r3,[r7,#6]
  52 0018 002B     	 cmp r3,#0
  53 001a 04DA     	 bge .L2
  61:../Dave/Generated/CMSIS_DSP/FastMathFunctions/arm_cos_q15.c ****   {   /* convert negative numbers to corresponding positive ones */
  62:../Dave/Generated/CMSIS_DSP/FastMathFunctions/arm_cos_q15.c ****       x = (uint16_t)x + 0x8000;
  54              	 .loc 1 62 0
  55 001c FB88     	 ldrh r3,[r7,#6]
  56 001e A3F50043 	 sub r3,r3,#32768
  57 0022 9BB2     	 uxth r3,r3
  58 0024 FB80     	 strh r3,[r7,#6]
  59              	.L2:
  63:../Dave/Generated/CMSIS_DSP/FastMathFunctions/arm_cos_q15.c ****   }
  64:../Dave/Generated/CMSIS_DSP/FastMathFunctions/arm_cos_q15.c **** 
  65:../Dave/Generated/CMSIS_DSP/FastMathFunctions/arm_cos_q15.c ****   /* Calculate the nearest index */
  66:../Dave/Generated/CMSIS_DSP/FastMathFunctions/arm_cos_q15.c ****   index = (uint32_t)x >> FAST_MATH_Q15_SHIFT;
  60              	 .loc 1 66 0
  61 0026 B7F90630 	 ldrsh r3,[r7,#6]
  62 002a 9B09     	 lsrs r3,r3,#6
  63 002c 7B61     	 str r3,[r7,#20]
  67:../Dave/Generated/CMSIS_DSP/FastMathFunctions/arm_cos_q15.c **** 
  68:../Dave/Generated/CMSIS_DSP/FastMathFunctions/arm_cos_q15.c ****   /* Calculation of fractional value */
  69:../Dave/Generated/CMSIS_DSP/FastMathFunctions/arm_cos_q15.c ****   fract = (x - (index << FAST_MATH_Q15_SHIFT)) << 9;
  64              	 .loc 1 69 0
  65 002e B7F90620 	 ldrsh r2,[r7,#6]
  66 0032 7B69     	 ldr r3,[r7,#20]
  67 0034 9B01     	 lsls r3,r3,#6
  68 0036 D31A     	 subs r3,r2,r3
  69 0038 5B02     	 lsls r3,r3,#9
  70 003a 7B82     	 strh r3,[r7,#18]
  70:../Dave/Generated/CMSIS_DSP/FastMathFunctions/arm_cos_q15.c **** 
  71:../Dave/Generated/CMSIS_DSP/FastMathFunctions/arm_cos_q15.c ****   /* Read two nearest values of input value from the sin table */
  72:../Dave/Generated/CMSIS_DSP/FastMathFunctions/arm_cos_q15.c ****   a = sinTable_q15[index];
  71              	 .loc 1 72 0
  72 003c 154A     	 ldr r2,.L4
  73 003e 7B69     	 ldr r3,[r7,#20]
  74 0040 32F81330 	 ldrh r3,[r2,r3,lsl#1]
  75 0044 3B82     	 strh r3,[r7,#16]
  73:../Dave/Generated/CMSIS_DSP/FastMathFunctions/arm_cos_q15.c ****   b = sinTable_q15[index+1];
  76              	 .loc 1 73 0
  77 0046 7B69     	 ldr r3,[r7,#20]
  78 0048 0133     	 adds r3,r3,#1
  79 004a 124A     	 ldr r2,.L4
  80 004c 32F81330 	 ldrh r3,[r2,r3,lsl#1]
  81 0050 FB81     	 strh r3,[r7,#14]
  74:../Dave/Generated/CMSIS_DSP/FastMathFunctions/arm_cos_q15.c **** 
  75:../Dave/Generated/CMSIS_DSP/FastMathFunctions/arm_cos_q15.c ****   /* Linear interpolation process */
  76:../Dave/Generated/CMSIS_DSP/FastMathFunctions/arm_cos_q15.c ****   cosVal = (q31_t)(0x8000-fract)*a >> 16;
  82              	 .loc 1 76 0
  83 0052 B7F91230 	 ldrsh r3,[r7,#18]
  84 0056 C3F50043 	 rsb r3,r3,#32768
  85 005a B7F91020 	 ldrsh r2,[r7,#16]
  86 005e 02FB03F3 	 mul r3,r2,r3
  87 0062 1B14     	 asrs r3,r3,#16
  88 0064 BB81     	 strh r3,[r7,#12]
  77:../Dave/Generated/CMSIS_DSP/FastMathFunctions/arm_cos_q15.c ****   cosVal = (q15_t)((((q31_t)cosVal << 16) + ((q31_t)fract*b)) >> 16);
  89              	 .loc 1 77 0
  90 0066 B7F90C30 	 ldrsh r3,[r7,#12]
  91 006a 1A04     	 lsls r2,r3,#16
  92 006c B7F91230 	 ldrsh r3,[r7,#18]
  93 0070 B7F90E10 	 ldrsh r1,[r7,#14]
  94 0074 01FB03F3 	 mul r3,r1,r3
  95 0078 1344     	 add r3,r3,r2
  96 007a 1B14     	 asrs r3,r3,#16
  97 007c BB81     	 strh r3,[r7,#12]
  78:../Dave/Generated/CMSIS_DSP/FastMathFunctions/arm_cos_q15.c **** 
  79:../Dave/Generated/CMSIS_DSP/FastMathFunctions/arm_cos_q15.c ****   return cosVal << 1;
  98              	 .loc 1 79 0
  99 007e B7F90C30 	 ldrsh r3,[r7,#12]
 100 0082 5B00     	 lsls r3,r3,#1
 101 0084 9BB2     	 uxth r3,r3
 102 0086 1BB2     	 sxth r3,r3
  80:../Dave/Generated/CMSIS_DSP/FastMathFunctions/arm_cos_q15.c **** }
 103              	 .loc 1 80 0
 104 0088 1846     	 mov r0,r3
 105 008a 1C37     	 adds r7,r7,#28
 106              	.LCFI3:
 107              	 .cfi_def_cfa_offset 4
 108 008c BD46     	 mov sp,r7
 109              	.LCFI4:
 110              	 .cfi_def_cfa_register 13
 111              	 
 112 008e 5DF8047B 	 ldr r7,[sp],#4
 113              	.LCFI5:
 114              	 .cfi_restore 7
 115              	 .cfi_def_cfa_offset 0
 116 0092 7047     	 bx lr
 117              	.L5:
 118              	 .align 2
 119              	.L4:
 120 0094 00000000 	 .word sinTable_q15
 121              	 .cfi_endproc
 122              	.LFE135:
 124              	 .text
 125              	.Letext0:
 126              	 .file 2 "c:\\program files (x86)\\dave\\eclipse\\arm-gcc-49\\arm-none-eabi\\include\\machine\\_default_types.h"
 127              	 .file 3 "c:\\program files (x86)\\dave\\eclipse\\arm-gcc-49\\arm-none-eabi\\include\\stdint.h"
 128              	 .file 4 "F:/Projects/20190909 - 3phase_inverter/3phase_inverter/4. Software_WS/OL_VSC_vitor/Dave/Generated/CMSIS_DSP/arm_math.h"
 129              	 .file 5 "F:/Projects/20190909 - 3phase_inverter/3phase_inverter/4. Software_WS/OL_VSC_vitor/Dave/Generated/CMSIS_DSP/arm_common_tables.h"
DEFINED SYMBOLS
                            *ABS*:00000000 arm_cos_q15.c
    {standard input}:20     .text.arm_cos_q15:00000000 $t
    {standard input}:25     .text.arm_cos_q15:00000000 arm_cos_q15
    {standard input}:120    .text.arm_cos_q15:00000094 $d
                     .debug_frame:00000010 $d

UNDEFINED SYMBOLS
sinTable_q15
