   1              	 .syntax unified
   2              	 .cpu cortex-m4
   3              	 .eabi_attribute 27,3
   4              	 .fpu fpv4-sp-d16
   5              	 .eabi_attribute 20,1
   6              	 .eabi_attribute 21,1
   7              	 .eabi_attribute 23,3
   8              	 .eabi_attribute 24,1
   9              	 .eabi_attribute 25,1
  10              	 .eabi_attribute 26,1
  11              	 .eabi_attribute 30,4
  12              	 .eabi_attribute 34,1
  13              	 .eabi_attribute 18,4
  14              	 .thumb
  15              	 .file "arm_mat_init_q15.c"
  16              	 .section .text.arm_mat_init_q15,"ax",%progbits
  17              	 .align 1
  18              	 .global arm_mat_init_q15
  19              	 .thumb
  20              	 .thumb_func
  22              	arm_mat_init_q15:
  23              	 
  24              	 
  25              	 
  26 0000 0180     	 strh r1,[r0]
  27 0002 4280     	 strh r2,[r0,#2]
  28 0004 4360     	 str r3,[r0,#4]
  29 0006 7047     	 bx lr
  31              	 .ident "GCC: (GNU Tools for ARM Embedded Processors) 4.9.3 20141119 (release) [ARM/embedded-4_9-branch revision 218278]"
DEFINED SYMBOLS
                            *ABS*:00000000 arm_mat_init_q15.c
    {standard input}:17     .text.arm_mat_init_q15:00000000 $t
    {standard input}:22     .text.arm_mat_init_q15:00000000 arm_mat_init_q15

NO UNDEFINED SYMBOLS
