Removed Member From Class: ClassName=CAN_BUS Member=R_shield
Removed Member From Class: ClassName=CAN_BUS Member=R_TX
Removed Member From Class: ClassName=CAN_BUS Member=RLed2
Change Component Designator: OldDesignator=C_1 NewDesignator=C2
Change Component Designator: OldDesignator=C_2 NewDesignator=C3
Change Component Designator: OldDesignator=C_3 NewDesignator=C4
Change Component Designator: OldDesignator=C_4 NewDesignator=C7
Change Component Designator: OldDesignator=C_5 NewDesignator=C6
Change Component Designator: OldDesignator=C_6 NewDesignator=C5
Change Component Designator: OldDesignator=C_Rx NewDesignator=C1
Change Component Designator: OldDesignator=CAN_H NewDesignator=CAN_H1
Change Component Designator: OldDesignator=CAN_L NewDesignator=CAN_L1
Change Component Designator: OldDesignator=CAN Connector NewDesignator=CAN Connector1
Change Component Designator: OldDesignator=CL NewDesignator=C8
Change Component Designator: OldDesignator=PowerFlow NewDesignator=PowerFlow1
Change Component Designator: OldDesignator=R2 NewDesignator=R5
Change Component Designator: OldDesignator=R3 NewDesignator=R6
Change Component Designator: OldDesignator=R4 NewDesignator=R7
Change Component Designator: OldDesignator=R_shield NewDesignator=R3
Change Component Designator: OldDesignator=R_TX NewDesignator=R4
Change Component Designator: OldDesignator=RLed1 NewDesignator=R1
Change Component Designator: OldDesignator=RLed2 NewDesignator=R2
Change Component Designator: OldDesignator=Transceiver_CAN NewDesignator=U1
Change Component Designator: OldDesignator=TVS NewDesignator=U2
Change Component Designator: OldDesignator=xmc4500_Relax_Lite NewDesignator=xmc1
Change component parameters: Designator = "C1"; Footprint = "CAPC_0805"; UniqueID = "\NRNDPUKY"
Change component parameters. Clean all parameters for all variants
Change component parameters (AddParameter): Name = "LCSC PART #"; Value = "C1794"; VariantName = "[No Variations]"
Change component parameters (AddParameter): Name = "Value"; Value = "15 pF"; VariantName = "[No Variations]"
Change Net Name : Old Net Name=NetCL_1 New Net Name=NetC8_1
Added Member To Class: ClassName=CAN_BUS Member=Component R5 N.A.
Added Member To Class: ClassName=CAN_BUS Member=Component R6 N.A.
Added Member To Class: ClassName=CAN_BUS Member=Component R7 N.A.
Added Room: Name=CAN_BUS
