   1              	 .syntax unified
   2              	 .cpu cortex-m4
   3              	 .eabi_attribute 27,3
   4              	 .fpu fpv4-sp-d16
   5              	 .eabi_attribute 20,1
   6              	 .eabi_attribute 21,1
   7              	 .eabi_attribute 23,3
   8              	 .eabi_attribute 24,1
   9              	 .eabi_attribute 25,1
  10              	 .eabi_attribute 26,1
  11              	 .eabi_attribute 30,6
  12              	 .eabi_attribute 34,1
  13              	 .eabi_attribute 18,4
  14              	 .thumb
  15              	 .file "arm_mat_cmplx_mult_f32.c"
  16              	 .text
  17              	.Ltext0:
  18              	 .cfi_sections .debug_frame
  19              	 .section .text.arm_mat_cmplx_mult_f32,"ax",%progbits
  20              	 .align 2
  21              	 .global arm_mat_cmplx_mult_f32
  22              	 .thumb
  23              	 .thumb_func
  25              	arm_mat_cmplx_mult_f32:
  26              	.LFB135:
  27              	 .file 1 "../Dave/Generated/CMSIS_DSP/MatrixFunctions/arm_mat_cmplx_mult_f32.c"
   1:../Dave/Generated/CMSIS_DSP/MatrixFunctions/arm_mat_cmplx_mult_f32.c **** /* ----------------------------------------------------------------------
   2:../Dave/Generated/CMSIS_DSP/MatrixFunctions/arm_mat_cmplx_mult_f32.c ****  * Project:      CMSIS DSP Library
   3:../Dave/Generated/CMSIS_DSP/MatrixFunctions/arm_mat_cmplx_mult_f32.c ****  * Title:        arm_mat_cmplx_mult_f32.c
   4:../Dave/Generated/CMSIS_DSP/MatrixFunctions/arm_mat_cmplx_mult_f32.c ****  * Description:  Floating-point matrix multiplication
   5:../Dave/Generated/CMSIS_DSP/MatrixFunctions/arm_mat_cmplx_mult_f32.c ****  *
   6:../Dave/Generated/CMSIS_DSP/MatrixFunctions/arm_mat_cmplx_mult_f32.c ****  * $Date:        27. January 2017
   7:../Dave/Generated/CMSIS_DSP/MatrixFunctions/arm_mat_cmplx_mult_f32.c ****  * $Revision:    V.1.5.1
   8:../Dave/Generated/CMSIS_DSP/MatrixFunctions/arm_mat_cmplx_mult_f32.c ****  *
   9:../Dave/Generated/CMSIS_DSP/MatrixFunctions/arm_mat_cmplx_mult_f32.c ****  * Target Processor: Cortex-M cores
  10:../Dave/Generated/CMSIS_DSP/MatrixFunctions/arm_mat_cmplx_mult_f32.c ****  * -------------------------------------------------------------------- */
  11:../Dave/Generated/CMSIS_DSP/MatrixFunctions/arm_mat_cmplx_mult_f32.c **** /*
  12:../Dave/Generated/CMSIS_DSP/MatrixFunctions/arm_mat_cmplx_mult_f32.c ****  * Copyright (C) 2010-2017 ARM Limited or its affiliates. All rights reserved.
  13:../Dave/Generated/CMSIS_DSP/MatrixFunctions/arm_mat_cmplx_mult_f32.c ****  *
  14:../Dave/Generated/CMSIS_DSP/MatrixFunctions/arm_mat_cmplx_mult_f32.c ****  * SPDX-License-Identifier: Apache-2.0
  15:../Dave/Generated/CMSIS_DSP/MatrixFunctions/arm_mat_cmplx_mult_f32.c ****  *
  16:../Dave/Generated/CMSIS_DSP/MatrixFunctions/arm_mat_cmplx_mult_f32.c ****  * Licensed under the Apache License, Version 2.0 (the License); you may
  17:../Dave/Generated/CMSIS_DSP/MatrixFunctions/arm_mat_cmplx_mult_f32.c ****  * not use this file except in compliance with the License.
  18:../Dave/Generated/CMSIS_DSP/MatrixFunctions/arm_mat_cmplx_mult_f32.c ****  * You may obtain a copy of the License at
  19:../Dave/Generated/CMSIS_DSP/MatrixFunctions/arm_mat_cmplx_mult_f32.c ****  *
  20:../Dave/Generated/CMSIS_DSP/MatrixFunctions/arm_mat_cmplx_mult_f32.c ****  * www.apache.org/licenses/LICENSE-2.0
  21:../Dave/Generated/CMSIS_DSP/MatrixFunctions/arm_mat_cmplx_mult_f32.c ****  *
  22:../Dave/Generated/CMSIS_DSP/MatrixFunctions/arm_mat_cmplx_mult_f32.c ****  * Unless required by applicable law or agreed to in writing, software
  23:../Dave/Generated/CMSIS_DSP/MatrixFunctions/arm_mat_cmplx_mult_f32.c ****  * distributed under the License is distributed on an AS IS BASIS, WITHOUT
  24:../Dave/Generated/CMSIS_DSP/MatrixFunctions/arm_mat_cmplx_mult_f32.c ****  * WARRANTIES OR CONDITIONS OF ANY KIND, either express or implied.
  25:../Dave/Generated/CMSIS_DSP/MatrixFunctions/arm_mat_cmplx_mult_f32.c ****  * See the License for the specific language governing permissions and
  26:../Dave/Generated/CMSIS_DSP/MatrixFunctions/arm_mat_cmplx_mult_f32.c ****  * limitations under the License.
  27:../Dave/Generated/CMSIS_DSP/MatrixFunctions/arm_mat_cmplx_mult_f32.c ****  */
  28:../Dave/Generated/CMSIS_DSP/MatrixFunctions/arm_mat_cmplx_mult_f32.c **** 
  29:../Dave/Generated/CMSIS_DSP/MatrixFunctions/arm_mat_cmplx_mult_f32.c **** #include "CMSIS_DSP/cmsis_dsp.h"
  30:../Dave/Generated/CMSIS_DSP/MatrixFunctions/arm_mat_cmplx_mult_f32.c **** 
  31:../Dave/Generated/CMSIS_DSP/MatrixFunctions/arm_mat_cmplx_mult_f32.c **** /**
  32:../Dave/Generated/CMSIS_DSP/MatrixFunctions/arm_mat_cmplx_mult_f32.c ****  * @ingroup groupMatrix
  33:../Dave/Generated/CMSIS_DSP/MatrixFunctions/arm_mat_cmplx_mult_f32.c ****  */
  34:../Dave/Generated/CMSIS_DSP/MatrixFunctions/arm_mat_cmplx_mult_f32.c **** 
  35:../Dave/Generated/CMSIS_DSP/MatrixFunctions/arm_mat_cmplx_mult_f32.c **** /**
  36:../Dave/Generated/CMSIS_DSP/MatrixFunctions/arm_mat_cmplx_mult_f32.c ****  * @defgroup CmplxMatrixMult  Complex Matrix Multiplication
  37:../Dave/Generated/CMSIS_DSP/MatrixFunctions/arm_mat_cmplx_mult_f32.c ****  *
  38:../Dave/Generated/CMSIS_DSP/MatrixFunctions/arm_mat_cmplx_mult_f32.c ****  * Complex Matrix multiplication is only defined if the number of columns of the
  39:../Dave/Generated/CMSIS_DSP/MatrixFunctions/arm_mat_cmplx_mult_f32.c ****  * first matrix equals the number of rows of the second matrix.
  40:../Dave/Generated/CMSIS_DSP/MatrixFunctions/arm_mat_cmplx_mult_f32.c ****  * Multiplying an <code>M x N</code> matrix with an <code>N x P</code> matrix results
  41:../Dave/Generated/CMSIS_DSP/MatrixFunctions/arm_mat_cmplx_mult_f32.c ****  * in an <code>M x P</code> matrix.
  42:../Dave/Generated/CMSIS_DSP/MatrixFunctions/arm_mat_cmplx_mult_f32.c ****  * When matrix size checking is enabled, the functions check: (1) that the inner dimensions of
  43:../Dave/Generated/CMSIS_DSP/MatrixFunctions/arm_mat_cmplx_mult_f32.c ****  * <code>pSrcA</code> and <code>pSrcB</code> are equal; and (2) that the size of the output
  44:../Dave/Generated/CMSIS_DSP/MatrixFunctions/arm_mat_cmplx_mult_f32.c ****  * matrix equals the outer dimensions of <code>pSrcA</code> and <code>pSrcB</code>.
  45:../Dave/Generated/CMSIS_DSP/MatrixFunctions/arm_mat_cmplx_mult_f32.c ****  */
  46:../Dave/Generated/CMSIS_DSP/MatrixFunctions/arm_mat_cmplx_mult_f32.c **** 
  47:../Dave/Generated/CMSIS_DSP/MatrixFunctions/arm_mat_cmplx_mult_f32.c **** 
  48:../Dave/Generated/CMSIS_DSP/MatrixFunctions/arm_mat_cmplx_mult_f32.c **** /**
  49:../Dave/Generated/CMSIS_DSP/MatrixFunctions/arm_mat_cmplx_mult_f32.c ****  * @addtogroup CmplxMatrixMult
  50:../Dave/Generated/CMSIS_DSP/MatrixFunctions/arm_mat_cmplx_mult_f32.c ****  * @{
  51:../Dave/Generated/CMSIS_DSP/MatrixFunctions/arm_mat_cmplx_mult_f32.c ****  */
  52:../Dave/Generated/CMSIS_DSP/MatrixFunctions/arm_mat_cmplx_mult_f32.c **** 
  53:../Dave/Generated/CMSIS_DSP/MatrixFunctions/arm_mat_cmplx_mult_f32.c **** /**
  54:../Dave/Generated/CMSIS_DSP/MatrixFunctions/arm_mat_cmplx_mult_f32.c ****  * @brief Floating-point Complex matrix multiplication.
  55:../Dave/Generated/CMSIS_DSP/MatrixFunctions/arm_mat_cmplx_mult_f32.c ****  * @param[in]       *pSrcA points to the first input complex matrix structure
  56:../Dave/Generated/CMSIS_DSP/MatrixFunctions/arm_mat_cmplx_mult_f32.c ****  * @param[in]       *pSrcB points to the second input complex matrix structure
  57:../Dave/Generated/CMSIS_DSP/MatrixFunctions/arm_mat_cmplx_mult_f32.c ****  * @param[out]      *pDst points to output complex matrix structure
  58:../Dave/Generated/CMSIS_DSP/MatrixFunctions/arm_mat_cmplx_mult_f32.c ****  * @return     		The function returns either
  59:../Dave/Generated/CMSIS_DSP/MatrixFunctions/arm_mat_cmplx_mult_f32.c ****  * <code>ARM_MATH_SIZE_MISMATCH</code> or <code>ARM_MATH_SUCCESS</code> based on the outcome of siz
  60:../Dave/Generated/CMSIS_DSP/MatrixFunctions/arm_mat_cmplx_mult_f32.c ****  */
  61:../Dave/Generated/CMSIS_DSP/MatrixFunctions/arm_mat_cmplx_mult_f32.c **** 
  62:../Dave/Generated/CMSIS_DSP/MatrixFunctions/arm_mat_cmplx_mult_f32.c **** arm_status arm_mat_cmplx_mult_f32(
  63:../Dave/Generated/CMSIS_DSP/MatrixFunctions/arm_mat_cmplx_mult_f32.c ****   const arm_matrix_instance_f32 * pSrcA,
  64:../Dave/Generated/CMSIS_DSP/MatrixFunctions/arm_mat_cmplx_mult_f32.c ****   const arm_matrix_instance_f32 * pSrcB,
  65:../Dave/Generated/CMSIS_DSP/MatrixFunctions/arm_mat_cmplx_mult_f32.c ****   arm_matrix_instance_f32 * pDst)
  66:../Dave/Generated/CMSIS_DSP/MatrixFunctions/arm_mat_cmplx_mult_f32.c **** {
  28              	 .loc 1 66 0
  29              	 .cfi_startproc
  30              	 
  31              	 
  32              	 
  33 0000 80B4     	 push {r7}
  34              	.LCFI0:
  35              	 .cfi_def_cfa_offset 4
  36              	 .cfi_offset 7,-4
  37 0002 9BB0     	 sub sp,sp,#108
  38              	.LCFI1:
  39              	 .cfi_def_cfa_offset 112
  40 0004 00AF     	 add r7,sp,#0
  41              	.LCFI2:
  42              	 .cfi_def_cfa_register 7
  43 0006 F860     	 str r0,[r7,#12]
  44 0008 B960     	 str r1,[r7,#8]
  45 000a 7A60     	 str r2,[r7,#4]
  67:../Dave/Generated/CMSIS_DSP/MatrixFunctions/arm_mat_cmplx_mult_f32.c ****   float32_t *pIn1 = pSrcA->pData;                /* input data matrix pointer A */
  46              	 .loc 1 67 0
  47 000c FB68     	 ldr r3,[r7,#12]
  48 000e 5B68     	 ldr r3,[r3,#4]
  49 0010 7B66     	 str r3,[r7,#100]
  68:../Dave/Generated/CMSIS_DSP/MatrixFunctions/arm_mat_cmplx_mult_f32.c ****   float32_t *pIn2 = pSrcB->pData;                /* input data matrix pointer B */
  50              	 .loc 1 68 0
  51 0012 BB68     	 ldr r3,[r7,#8]
  52 0014 5B68     	 ldr r3,[r3,#4]
  53 0016 3B66     	 str r3,[r7,#96]
  69:../Dave/Generated/CMSIS_DSP/MatrixFunctions/arm_mat_cmplx_mult_f32.c ****   float32_t *pInA = pSrcA->pData;                /* input data matrix pointer A  */
  54              	 .loc 1 69 0
  55 0018 FB68     	 ldr r3,[r7,#12]
  56 001a 5B68     	 ldr r3,[r3,#4]
  57 001c FB65     	 str r3,[r7,#92]
  70:../Dave/Generated/CMSIS_DSP/MatrixFunctions/arm_mat_cmplx_mult_f32.c ****   float32_t *pOut = pDst->pData;                 /* output data matrix pointer */
  58              	 .loc 1 70 0
  59 001e 7B68     	 ldr r3,[r7,#4]
  60 0020 5B68     	 ldr r3,[r3,#4]
  61 0022 BB63     	 str r3,[r7,#56]
  71:../Dave/Generated/CMSIS_DSP/MatrixFunctions/arm_mat_cmplx_mult_f32.c ****   float32_t *px;                                 /* Temporary output data matrix pointer */
  72:../Dave/Generated/CMSIS_DSP/MatrixFunctions/arm_mat_cmplx_mult_f32.c ****   uint16_t numRowsA = pSrcA->numRows;            /* number of rows of input matrix A */
  62              	 .loc 1 72 0
  63 0024 FB68     	 ldr r3,[r7,#12]
  64 0026 1B88     	 ldrh r3,[r3]
  65 0028 FB86     	 strh r3,[r7,#54]
  73:../Dave/Generated/CMSIS_DSP/MatrixFunctions/arm_mat_cmplx_mult_f32.c ****   uint16_t numColsB = pSrcB->numCols;            /* number of columns of input matrix B */
  66              	 .loc 1 73 0
  67 002a BB68     	 ldr r3,[r7,#8]
  68 002c 5B88     	 ldrh r3,[r3,#2]
  69 002e BB86     	 strh r3,[r7,#52]
  74:../Dave/Generated/CMSIS_DSP/MatrixFunctions/arm_mat_cmplx_mult_f32.c ****   uint16_t numColsA = pSrcA->numCols;            /* number of columns of input matrix A */
  70              	 .loc 1 74 0
  71 0030 FB68     	 ldr r3,[r7,#12]
  72 0032 5B88     	 ldrh r3,[r3,#2]
  73 0034 7B86     	 strh r3,[r7,#50]
  75:../Dave/Generated/CMSIS_DSP/MatrixFunctions/arm_mat_cmplx_mult_f32.c ****   float32_t sumReal1, sumImag1;                  /* accumulator */
  76:../Dave/Generated/CMSIS_DSP/MatrixFunctions/arm_mat_cmplx_mult_f32.c ****   float32_t a0, b0, c0, d0;
  77:../Dave/Generated/CMSIS_DSP/MatrixFunctions/arm_mat_cmplx_mult_f32.c ****   float32_t a1, b1, c1, d1;
  78:../Dave/Generated/CMSIS_DSP/MatrixFunctions/arm_mat_cmplx_mult_f32.c ****   float32_t sumReal2, sumImag2;                  /* accumulator */
  79:../Dave/Generated/CMSIS_DSP/MatrixFunctions/arm_mat_cmplx_mult_f32.c **** 
  80:../Dave/Generated/CMSIS_DSP/MatrixFunctions/arm_mat_cmplx_mult_f32.c **** 
  81:../Dave/Generated/CMSIS_DSP/MatrixFunctions/arm_mat_cmplx_mult_f32.c ****   /* Run the below code for Cortex-M4 and Cortex-M3 */
  82:../Dave/Generated/CMSIS_DSP/MatrixFunctions/arm_mat_cmplx_mult_f32.c **** 
  83:../Dave/Generated/CMSIS_DSP/MatrixFunctions/arm_mat_cmplx_mult_f32.c ****   uint16_t col, i = 0u, j, row = numRowsA, colCnt;      /* loop counters */
  74              	 .loc 1 83 0
  75 0036 0023     	 movs r3,#0
  76 0038 A7F84430 	 strh r3,[r7,#68]
  77 003c FB8E     	 ldrh r3,[r7,#54]
  78 003e A7F84030 	 strh r3,[r7,#64]
  84:../Dave/Generated/CMSIS_DSP/MatrixFunctions/arm_mat_cmplx_mult_f32.c ****   arm_status status;                             /* status of matrix multiplication */
  85:../Dave/Generated/CMSIS_DSP/MatrixFunctions/arm_mat_cmplx_mult_f32.c **** 
  86:../Dave/Generated/CMSIS_DSP/MatrixFunctions/arm_mat_cmplx_mult_f32.c **** #ifdef ARM_MATH_MATRIX_CHECK
  87:../Dave/Generated/CMSIS_DSP/MatrixFunctions/arm_mat_cmplx_mult_f32.c **** 
  88:../Dave/Generated/CMSIS_DSP/MatrixFunctions/arm_mat_cmplx_mult_f32.c **** 
  89:../Dave/Generated/CMSIS_DSP/MatrixFunctions/arm_mat_cmplx_mult_f32.c ****   /* Check for matrix mismatch condition */
  90:../Dave/Generated/CMSIS_DSP/MatrixFunctions/arm_mat_cmplx_mult_f32.c ****   if ((pSrcA->numCols != pSrcB->numRows) ||
  79              	 .loc 1 90 0
  80 0042 FB68     	 ldr r3,[r7,#12]
  81 0044 5A88     	 ldrh r2,[r3,#2]
  82 0046 BB68     	 ldr r3,[r7,#8]
  83 0048 1B88     	 ldrh r3,[r3]
  84 004a 9A42     	 cmp r2,r3
  85 004c 0BD1     	 bne .L2
  91:../Dave/Generated/CMSIS_DSP/MatrixFunctions/arm_mat_cmplx_mult_f32.c ****      (pSrcA->numRows != pDst->numRows) || (pSrcB->numCols != pDst->numCols))
  86              	 .loc 1 91 0 discriminator 1
  87 004e FB68     	 ldr r3,[r7,#12]
  88 0050 1A88     	 ldrh r2,[r3]
  89 0052 7B68     	 ldr r3,[r7,#4]
  90 0054 1B88     	 ldrh r3,[r3]
  90:../Dave/Generated/CMSIS_DSP/MatrixFunctions/arm_mat_cmplx_mult_f32.c ****      (pSrcA->numRows != pDst->numRows) || (pSrcB->numCols != pDst->numCols))
  91              	 .loc 1 90 0 discriminator 1
  92 0056 9A42     	 cmp r2,r3
  93 0058 05D1     	 bne .L2
  94              	 .loc 1 91 0
  95 005a BB68     	 ldr r3,[r7,#8]
  96 005c 5A88     	 ldrh r2,[r3,#2]
  97 005e 7B68     	 ldr r3,[r7,#4]
  98 0060 5B88     	 ldrh r3,[r3,#2]
  99 0062 9A42     	 cmp r2,r3
 100 0064 03D0     	 beq .L3
 101              	.L2:
  92:../Dave/Generated/CMSIS_DSP/MatrixFunctions/arm_mat_cmplx_mult_f32.c ****   {
  93:../Dave/Generated/CMSIS_DSP/MatrixFunctions/arm_mat_cmplx_mult_f32.c **** 
  94:../Dave/Generated/CMSIS_DSP/MatrixFunctions/arm_mat_cmplx_mult_f32.c ****     /* Set status as ARM_MATH_SIZE_MISMATCH */
  95:../Dave/Generated/CMSIS_DSP/MatrixFunctions/arm_mat_cmplx_mult_f32.c ****     status = ARM_MATH_SIZE_MISMATCH;
 102              	 .loc 1 95 0
 103 0066 FD23     	 movs r3,#253
 104 0068 87F83D30 	 strb r3,[r7,#61]
 105 006c D5E1     	 b .L4
 106              	.L3:
  96:../Dave/Generated/CMSIS_DSP/MatrixFunctions/arm_mat_cmplx_mult_f32.c ****   }
  97:../Dave/Generated/CMSIS_DSP/MatrixFunctions/arm_mat_cmplx_mult_f32.c ****   else
  98:../Dave/Generated/CMSIS_DSP/MatrixFunctions/arm_mat_cmplx_mult_f32.c **** #endif /*      #ifdef ARM_MATH_MATRIX_CHECK    */
  99:../Dave/Generated/CMSIS_DSP/MatrixFunctions/arm_mat_cmplx_mult_f32.c **** 
 100:../Dave/Generated/CMSIS_DSP/MatrixFunctions/arm_mat_cmplx_mult_f32.c ****   {
 101:../Dave/Generated/CMSIS_DSP/MatrixFunctions/arm_mat_cmplx_mult_f32.c ****     /* The following loop performs the dot-product of each row in pSrcA with each column in pSrcB *
 102:../Dave/Generated/CMSIS_DSP/MatrixFunctions/arm_mat_cmplx_mult_f32.c ****     /* row loop */
 103:../Dave/Generated/CMSIS_DSP/MatrixFunctions/arm_mat_cmplx_mult_f32.c ****     do
 104:../Dave/Generated/CMSIS_DSP/MatrixFunctions/arm_mat_cmplx_mult_f32.c ****     {
 105:../Dave/Generated/CMSIS_DSP/MatrixFunctions/arm_mat_cmplx_mult_f32.c ****       /* Output pointer is set to starting address of the row being processed */
 106:../Dave/Generated/CMSIS_DSP/MatrixFunctions/arm_mat_cmplx_mult_f32.c ****       px = pOut + 2 * i;
 107              	 .loc 1 106 0
 108 006e B7F84430 	 ldrh r3,[r7,#68]
 109 0072 DB00     	 lsls r3,r3,#3
 110 0074 1A46     	 mov r2,r3
 111 0076 BB6B     	 ldr r3,[r7,#56]
 112 0078 1344     	 add r3,r3,r2
 113 007a BB65     	 str r3,[r7,#88]
 107:../Dave/Generated/CMSIS_DSP/MatrixFunctions/arm_mat_cmplx_mult_f32.c **** 
 108:../Dave/Generated/CMSIS_DSP/MatrixFunctions/arm_mat_cmplx_mult_f32.c ****       /* For every row wise process, the column loop counter is to be initiated */
 109:../Dave/Generated/CMSIS_DSP/MatrixFunctions/arm_mat_cmplx_mult_f32.c ****       col = numColsB;
 114              	 .loc 1 109 0
 115 007c BB8E     	 ldrh r3,[r7,#52]
 116 007e A7F84630 	 strh r3,[r7,#70]
 110:../Dave/Generated/CMSIS_DSP/MatrixFunctions/arm_mat_cmplx_mult_f32.c **** 
 111:../Dave/Generated/CMSIS_DSP/MatrixFunctions/arm_mat_cmplx_mult_f32.c ****       /* For every row wise process, the pIn2 pointer is set
 112:../Dave/Generated/CMSIS_DSP/MatrixFunctions/arm_mat_cmplx_mult_f32.c ****        ** to the starting address of the pSrcB data */
 113:../Dave/Generated/CMSIS_DSP/MatrixFunctions/arm_mat_cmplx_mult_f32.c ****       pIn2 = pSrcB->pData;
 117              	 .loc 1 113 0
 118 0082 BB68     	 ldr r3,[r7,#8]
 119 0084 5B68     	 ldr r3,[r3,#4]
 120 0086 3B66     	 str r3,[r7,#96]
 114:../Dave/Generated/CMSIS_DSP/MatrixFunctions/arm_mat_cmplx_mult_f32.c **** 
 115:../Dave/Generated/CMSIS_DSP/MatrixFunctions/arm_mat_cmplx_mult_f32.c ****       j = 0u;
 121              	 .loc 1 115 0
 122 0088 0023     	 movs r3,#0
 123 008a A7F84230 	 strh r3,[r7,#66]
 124              	.L9:
 116:../Dave/Generated/CMSIS_DSP/MatrixFunctions/arm_mat_cmplx_mult_f32.c **** 
 117:../Dave/Generated/CMSIS_DSP/MatrixFunctions/arm_mat_cmplx_mult_f32.c ****       /* column loop */
 118:../Dave/Generated/CMSIS_DSP/MatrixFunctions/arm_mat_cmplx_mult_f32.c ****       do
 119:../Dave/Generated/CMSIS_DSP/MatrixFunctions/arm_mat_cmplx_mult_f32.c ****       {
 120:../Dave/Generated/CMSIS_DSP/MatrixFunctions/arm_mat_cmplx_mult_f32.c ****         /* Set the variable sum, that acts as accumulator, to zero */
 121:../Dave/Generated/CMSIS_DSP/MatrixFunctions/arm_mat_cmplx_mult_f32.c ****         sumReal1 = 0.0f;
 125              	 .loc 1 121 0
 126 008e 4FF00003 	 mov r3,#0
 127 0092 7B65     	 str r3,[r7,#84]
 122:../Dave/Generated/CMSIS_DSP/MatrixFunctions/arm_mat_cmplx_mult_f32.c ****         sumImag1 = 0.0f;
 128              	 .loc 1 122 0
 129 0094 4FF00003 	 mov r3,#0
 130 0098 3B65     	 str r3,[r7,#80]
 123:../Dave/Generated/CMSIS_DSP/MatrixFunctions/arm_mat_cmplx_mult_f32.c **** 
 124:../Dave/Generated/CMSIS_DSP/MatrixFunctions/arm_mat_cmplx_mult_f32.c ****         sumReal2 = 0.0f;
 131              	 .loc 1 124 0
 132 009a 4FF00003 	 mov r3,#0
 133 009e FB64     	 str r3,[r7,#76]
 125:../Dave/Generated/CMSIS_DSP/MatrixFunctions/arm_mat_cmplx_mult_f32.c ****         sumImag2 = 0.0f;
 134              	 .loc 1 125 0
 135 00a0 4FF00003 	 mov r3,#0
 136 00a4 BB64     	 str r3,[r7,#72]
 126:../Dave/Generated/CMSIS_DSP/MatrixFunctions/arm_mat_cmplx_mult_f32.c **** 
 127:../Dave/Generated/CMSIS_DSP/MatrixFunctions/arm_mat_cmplx_mult_f32.c ****         /* Initiate the pointer pIn1 to point to the starting address of the column being processed
 128:../Dave/Generated/CMSIS_DSP/MatrixFunctions/arm_mat_cmplx_mult_f32.c ****         pIn1 = pInA;
 137              	 .loc 1 128 0
 138 00a6 FB6D     	 ldr r3,[r7,#92]
 139 00a8 7B66     	 str r3,[r7,#100]
 129:../Dave/Generated/CMSIS_DSP/MatrixFunctions/arm_mat_cmplx_mult_f32.c **** 
 130:../Dave/Generated/CMSIS_DSP/MatrixFunctions/arm_mat_cmplx_mult_f32.c ****         /* Apply loop unrolling and compute 4 MACs simultaneously. */
 131:../Dave/Generated/CMSIS_DSP/MatrixFunctions/arm_mat_cmplx_mult_f32.c ****         colCnt = numColsA >> 2;
 140              	 .loc 1 131 0
 141 00aa 7B8E     	 ldrh r3,[r7,#50]
 142 00ac 9B08     	 lsrs r3,r3,#2
 143 00ae FB87     	 strh r3,[r7,#62]
 132:../Dave/Generated/CMSIS_DSP/MatrixFunctions/arm_mat_cmplx_mult_f32.c **** 
 133:../Dave/Generated/CMSIS_DSP/MatrixFunctions/arm_mat_cmplx_mult_f32.c ****         /* matrix multiplication        */
 134:../Dave/Generated/CMSIS_DSP/MatrixFunctions/arm_mat_cmplx_mult_f32.c ****         while (colCnt > 0u)
 144              	 .loc 1 134 0
 145 00b0 16E1     	 b .L5
 146              	.L6:
 135:../Dave/Generated/CMSIS_DSP/MatrixFunctions/arm_mat_cmplx_mult_f32.c ****         {
 136:../Dave/Generated/CMSIS_DSP/MatrixFunctions/arm_mat_cmplx_mult_f32.c **** 
 137:../Dave/Generated/CMSIS_DSP/MatrixFunctions/arm_mat_cmplx_mult_f32.c ****           /* Reading real part of complex matrix A */
 138:../Dave/Generated/CMSIS_DSP/MatrixFunctions/arm_mat_cmplx_mult_f32.c ****           a0 = *pIn1;
 147              	 .loc 1 138 0
 148 00b2 7B6E     	 ldr r3,[r7,#100]
 149 00b4 1B68     	 ldr r3,[r3]
 150 00b6 FB62     	 str r3,[r7,#44]
 139:../Dave/Generated/CMSIS_DSP/MatrixFunctions/arm_mat_cmplx_mult_f32.c **** 
 140:../Dave/Generated/CMSIS_DSP/MatrixFunctions/arm_mat_cmplx_mult_f32.c ****           /* Reading real part of complex matrix B */
 141:../Dave/Generated/CMSIS_DSP/MatrixFunctions/arm_mat_cmplx_mult_f32.c ****           c0 = *pIn2;
 151              	 .loc 1 141 0
 152 00b8 3B6E     	 ldr r3,[r7,#96]
 153 00ba 1B68     	 ldr r3,[r3]
 154 00bc BB62     	 str r3,[r7,#40]
 142:../Dave/Generated/CMSIS_DSP/MatrixFunctions/arm_mat_cmplx_mult_f32.c **** 
 143:../Dave/Generated/CMSIS_DSP/MatrixFunctions/arm_mat_cmplx_mult_f32.c ****           /* Reading imaginary part of complex matrix A */
 144:../Dave/Generated/CMSIS_DSP/MatrixFunctions/arm_mat_cmplx_mult_f32.c ****           b0 = *(pIn1 + 1u);
 155              	 .loc 1 144 0
 156 00be 7B6E     	 ldr r3,[r7,#100]
 157 00c0 5B68     	 ldr r3,[r3,#4]
 158 00c2 7B62     	 str r3,[r7,#36]
 145:../Dave/Generated/CMSIS_DSP/MatrixFunctions/arm_mat_cmplx_mult_f32.c **** 
 146:../Dave/Generated/CMSIS_DSP/MatrixFunctions/arm_mat_cmplx_mult_f32.c ****           /* Reading imaginary part of complex matrix B */
 147:../Dave/Generated/CMSIS_DSP/MatrixFunctions/arm_mat_cmplx_mult_f32.c ****           d0 = *(pIn2 + 1u);
 159              	 .loc 1 147 0
 160 00c4 3B6E     	 ldr r3,[r7,#96]
 161 00c6 5B68     	 ldr r3,[r3,#4]
 162 00c8 3B62     	 str r3,[r7,#32]
 148:../Dave/Generated/CMSIS_DSP/MatrixFunctions/arm_mat_cmplx_mult_f32.c **** 
 149:../Dave/Generated/CMSIS_DSP/MatrixFunctions/arm_mat_cmplx_mult_f32.c ****           sumReal1 += a0 * c0;
 163              	 .loc 1 149 0
 164 00ca 97ED0B7A 	 flds s14,[r7,#44]
 165 00ce D7ED0A7A 	 flds s15,[r7,#40]
 166 00d2 67EE277A 	 fmuls s15,s14,s15
 167 00d6 97ED157A 	 flds s14,[r7,#84]
 168 00da 77EE277A 	 fadds s15,s14,s15
 169 00de C7ED157A 	 fsts s15,[r7,#84]
 150:../Dave/Generated/CMSIS_DSP/MatrixFunctions/arm_mat_cmplx_mult_f32.c ****           sumImag1 += b0 * c0;
 170              	 .loc 1 150 0
 171 00e2 97ED097A 	 flds s14,[r7,#36]
 172 00e6 D7ED0A7A 	 flds s15,[r7,#40]
 173 00ea 67EE277A 	 fmuls s15,s14,s15
 174 00ee 97ED147A 	 flds s14,[r7,#80]
 175 00f2 77EE277A 	 fadds s15,s14,s15
 176 00f6 C7ED147A 	 fsts s15,[r7,#80]
 151:../Dave/Generated/CMSIS_DSP/MatrixFunctions/arm_mat_cmplx_mult_f32.c **** 
 152:../Dave/Generated/CMSIS_DSP/MatrixFunctions/arm_mat_cmplx_mult_f32.c ****           pIn1 += 2u;
 177              	 .loc 1 152 0
 178 00fa 7B6E     	 ldr r3,[r7,#100]
 179 00fc 0833     	 adds r3,r3,#8
 180 00fe 7B66     	 str r3,[r7,#100]
 153:../Dave/Generated/CMSIS_DSP/MatrixFunctions/arm_mat_cmplx_mult_f32.c ****           pIn2 += 2 * numColsB;
 181              	 .loc 1 153 0
 182 0100 BB8E     	 ldrh r3,[r7,#52]
 183 0102 DB00     	 lsls r3,r3,#3
 184 0104 1A46     	 mov r2,r3
 185 0106 3B6E     	 ldr r3,[r7,#96]
 186 0108 1344     	 add r3,r3,r2
 187 010a 3B66     	 str r3,[r7,#96]
 154:../Dave/Generated/CMSIS_DSP/MatrixFunctions/arm_mat_cmplx_mult_f32.c **** 
 155:../Dave/Generated/CMSIS_DSP/MatrixFunctions/arm_mat_cmplx_mult_f32.c ****           sumReal2 -= b0 * d0;
 188              	 .loc 1 155 0
 189 010c 97ED097A 	 flds s14,[r7,#36]
 190 0110 D7ED087A 	 flds s15,[r7,#32]
 191 0114 67EE277A 	 fmuls s15,s14,s15
 192 0118 97ED137A 	 flds s14,[r7,#76]
 193 011c 77EE677A 	 fsubs s15,s14,s15
 194 0120 C7ED137A 	 fsts s15,[r7,#76]
 156:../Dave/Generated/CMSIS_DSP/MatrixFunctions/arm_mat_cmplx_mult_f32.c ****           sumImag2 += a0 * d0;
 195              	 .loc 1 156 0
 196 0124 97ED0B7A 	 flds s14,[r7,#44]
 197 0128 D7ED087A 	 flds s15,[r7,#32]
 198 012c 67EE277A 	 fmuls s15,s14,s15
 199 0130 97ED127A 	 flds s14,[r7,#72]
 200 0134 77EE277A 	 fadds s15,s14,s15
 201 0138 C7ED127A 	 fsts s15,[r7,#72]
 157:../Dave/Generated/CMSIS_DSP/MatrixFunctions/arm_mat_cmplx_mult_f32.c **** 
 158:../Dave/Generated/CMSIS_DSP/MatrixFunctions/arm_mat_cmplx_mult_f32.c ****           /* c(m,n) = a(1,1)*b(1,1) + a(1,2) * b(2,1) + .... + a(m,p)*b(p,n) */
 159:../Dave/Generated/CMSIS_DSP/MatrixFunctions/arm_mat_cmplx_mult_f32.c **** 
 160:../Dave/Generated/CMSIS_DSP/MatrixFunctions/arm_mat_cmplx_mult_f32.c ****           a1 = *pIn1;
 202              	 .loc 1 160 0
 203 013c 7B6E     	 ldr r3,[r7,#100]
 204 013e 1B68     	 ldr r3,[r3]
 205 0140 FB61     	 str r3,[r7,#28]
 161:../Dave/Generated/CMSIS_DSP/MatrixFunctions/arm_mat_cmplx_mult_f32.c ****           c1 = *pIn2;
 206              	 .loc 1 161 0
 207 0142 3B6E     	 ldr r3,[r7,#96]
 208 0144 1B68     	 ldr r3,[r3]
 209 0146 BB61     	 str r3,[r7,#24]
 162:../Dave/Generated/CMSIS_DSP/MatrixFunctions/arm_mat_cmplx_mult_f32.c **** 
 163:../Dave/Generated/CMSIS_DSP/MatrixFunctions/arm_mat_cmplx_mult_f32.c ****           b1 = *(pIn1 + 1u);
 210              	 .loc 1 163 0
 211 0148 7B6E     	 ldr r3,[r7,#100]
 212 014a 5B68     	 ldr r3,[r3,#4]
 213 014c 7B61     	 str r3,[r7,#20]
 164:../Dave/Generated/CMSIS_DSP/MatrixFunctions/arm_mat_cmplx_mult_f32.c ****           d1 = *(pIn2 + 1u);
 214              	 .loc 1 164 0
 215 014e 3B6E     	 ldr r3,[r7,#96]
 216 0150 5B68     	 ldr r3,[r3,#4]
 217 0152 3B61     	 str r3,[r7,#16]
 165:../Dave/Generated/CMSIS_DSP/MatrixFunctions/arm_mat_cmplx_mult_f32.c **** 
 166:../Dave/Generated/CMSIS_DSP/MatrixFunctions/arm_mat_cmplx_mult_f32.c ****           sumReal1 += a1 * c1;
 218              	 .loc 1 166 0
 219 0154 97ED077A 	 flds s14,[r7,#28]
 220 0158 D7ED067A 	 flds s15,[r7,#24]
 221 015c 67EE277A 	 fmuls s15,s14,s15
 222 0160 97ED157A 	 flds s14,[r7,#84]
 223 0164 77EE277A 	 fadds s15,s14,s15
 224 0168 C7ED157A 	 fsts s15,[r7,#84]
 167:../Dave/Generated/CMSIS_DSP/MatrixFunctions/arm_mat_cmplx_mult_f32.c ****           sumImag1 += b1 * c1;
 225              	 .loc 1 167 0
 226 016c 97ED057A 	 flds s14,[r7,#20]
 227 0170 D7ED067A 	 flds s15,[r7,#24]
 228 0174 67EE277A 	 fmuls s15,s14,s15
 229 0178 97ED147A 	 flds s14,[r7,#80]
 230 017c 77EE277A 	 fadds s15,s14,s15
 231 0180 C7ED147A 	 fsts s15,[r7,#80]
 168:../Dave/Generated/CMSIS_DSP/MatrixFunctions/arm_mat_cmplx_mult_f32.c **** 
 169:../Dave/Generated/CMSIS_DSP/MatrixFunctions/arm_mat_cmplx_mult_f32.c ****           pIn1 += 2u;
 232              	 .loc 1 169 0
 233 0184 7B6E     	 ldr r3,[r7,#100]
 234 0186 0833     	 adds r3,r3,#8
 235 0188 7B66     	 str r3,[r7,#100]
 170:../Dave/Generated/CMSIS_DSP/MatrixFunctions/arm_mat_cmplx_mult_f32.c ****           pIn2 += 2 * numColsB;
 236              	 .loc 1 170 0
 237 018a BB8E     	 ldrh r3,[r7,#52]
 238 018c DB00     	 lsls r3,r3,#3
 239 018e 1A46     	 mov r2,r3
 240 0190 3B6E     	 ldr r3,[r7,#96]
 241 0192 1344     	 add r3,r3,r2
 242 0194 3B66     	 str r3,[r7,#96]
 171:../Dave/Generated/CMSIS_DSP/MatrixFunctions/arm_mat_cmplx_mult_f32.c **** 
 172:../Dave/Generated/CMSIS_DSP/MatrixFunctions/arm_mat_cmplx_mult_f32.c ****           sumReal2 -= b1 * d1;
 243              	 .loc 1 172 0
 244 0196 97ED057A 	 flds s14,[r7,#20]
 245 019a D7ED047A 	 flds s15,[r7,#16]
 246 019e 67EE277A 	 fmuls s15,s14,s15
 247 01a2 97ED137A 	 flds s14,[r7,#76]
 248 01a6 77EE677A 	 fsubs s15,s14,s15
 249 01aa C7ED137A 	 fsts s15,[r7,#76]
 173:../Dave/Generated/CMSIS_DSP/MatrixFunctions/arm_mat_cmplx_mult_f32.c ****           sumImag2 += a1 * d1;
 250              	 .loc 1 173 0
 251 01ae 97ED077A 	 flds s14,[r7,#28]
 252 01b2 D7ED047A 	 flds s15,[r7,#16]
 253 01b6 67EE277A 	 fmuls s15,s14,s15
 254 01ba 97ED127A 	 flds s14,[r7,#72]
 255 01be 77EE277A 	 fadds s15,s14,s15
 256 01c2 C7ED127A 	 fsts s15,[r7,#72]
 174:../Dave/Generated/CMSIS_DSP/MatrixFunctions/arm_mat_cmplx_mult_f32.c **** 
 175:../Dave/Generated/CMSIS_DSP/MatrixFunctions/arm_mat_cmplx_mult_f32.c ****           a0 = *pIn1;
 257              	 .loc 1 175 0
 258 01c6 7B6E     	 ldr r3,[r7,#100]
 259 01c8 1B68     	 ldr r3,[r3]
 260 01ca FB62     	 str r3,[r7,#44]
 176:../Dave/Generated/CMSIS_DSP/MatrixFunctions/arm_mat_cmplx_mult_f32.c ****           c0 = *pIn2;
 261              	 .loc 1 176 0
 262 01cc 3B6E     	 ldr r3,[r7,#96]
 263 01ce 1B68     	 ldr r3,[r3]
 264 01d0 BB62     	 str r3,[r7,#40]
 177:../Dave/Generated/CMSIS_DSP/MatrixFunctions/arm_mat_cmplx_mult_f32.c **** 
 178:../Dave/Generated/CMSIS_DSP/MatrixFunctions/arm_mat_cmplx_mult_f32.c ****           b0 = *(pIn1 + 1u);
 265              	 .loc 1 178 0
 266 01d2 7B6E     	 ldr r3,[r7,#100]
 267 01d4 5B68     	 ldr r3,[r3,#4]
 268 01d6 7B62     	 str r3,[r7,#36]
 179:../Dave/Generated/CMSIS_DSP/MatrixFunctions/arm_mat_cmplx_mult_f32.c ****           d0 = *(pIn2 + 1u);
 269              	 .loc 1 179 0
 270 01d8 3B6E     	 ldr r3,[r7,#96]
 271 01da 5B68     	 ldr r3,[r3,#4]
 272 01dc 3B62     	 str r3,[r7,#32]
 180:../Dave/Generated/CMSIS_DSP/MatrixFunctions/arm_mat_cmplx_mult_f32.c **** 
 181:../Dave/Generated/CMSIS_DSP/MatrixFunctions/arm_mat_cmplx_mult_f32.c ****           sumReal1 += a0 * c0;
 273              	 .loc 1 181 0
 274 01de 97ED0B7A 	 flds s14,[r7,#44]
 275 01e2 D7ED0A7A 	 flds s15,[r7,#40]
 276 01e6 67EE277A 	 fmuls s15,s14,s15
 277 01ea 97ED157A 	 flds s14,[r7,#84]
 278 01ee 77EE277A 	 fadds s15,s14,s15
 279 01f2 C7ED157A 	 fsts s15,[r7,#84]
 182:../Dave/Generated/CMSIS_DSP/MatrixFunctions/arm_mat_cmplx_mult_f32.c ****           sumImag1 += b0 * c0;
 280              	 .loc 1 182 0
 281 01f6 97ED097A 	 flds s14,[r7,#36]
 282 01fa D7ED0A7A 	 flds s15,[r7,#40]
 283 01fe 67EE277A 	 fmuls s15,s14,s15
 284 0202 97ED147A 	 flds s14,[r7,#80]
 285 0206 77EE277A 	 fadds s15,s14,s15
 286 020a C7ED147A 	 fsts s15,[r7,#80]
 183:../Dave/Generated/CMSIS_DSP/MatrixFunctions/arm_mat_cmplx_mult_f32.c **** 
 184:../Dave/Generated/CMSIS_DSP/MatrixFunctions/arm_mat_cmplx_mult_f32.c ****           pIn1 += 2u;
 287              	 .loc 1 184 0
 288 020e 7B6E     	 ldr r3,[r7,#100]
 289 0210 0833     	 adds r3,r3,#8
 290 0212 7B66     	 str r3,[r7,#100]
 185:../Dave/Generated/CMSIS_DSP/MatrixFunctions/arm_mat_cmplx_mult_f32.c ****           pIn2 += 2 * numColsB;
 291              	 .loc 1 185 0
 292 0214 BB8E     	 ldrh r3,[r7,#52]
 293 0216 DB00     	 lsls r3,r3,#3
 294 0218 1A46     	 mov r2,r3
 295 021a 3B6E     	 ldr r3,[r7,#96]
 296 021c 1344     	 add r3,r3,r2
 297 021e 3B66     	 str r3,[r7,#96]
 186:../Dave/Generated/CMSIS_DSP/MatrixFunctions/arm_mat_cmplx_mult_f32.c **** 
 187:../Dave/Generated/CMSIS_DSP/MatrixFunctions/arm_mat_cmplx_mult_f32.c ****           sumReal2 -= b0 * d0;
 298              	 .loc 1 187 0
 299 0220 97ED097A 	 flds s14,[r7,#36]
 300 0224 D7ED087A 	 flds s15,[r7,#32]
 301 0228 67EE277A 	 fmuls s15,s14,s15
 302 022c 97ED137A 	 flds s14,[r7,#76]
 303 0230 77EE677A 	 fsubs s15,s14,s15
 304 0234 C7ED137A 	 fsts s15,[r7,#76]
 188:../Dave/Generated/CMSIS_DSP/MatrixFunctions/arm_mat_cmplx_mult_f32.c ****           sumImag2 += a0 * d0;
 305              	 .loc 1 188 0
 306 0238 97ED0B7A 	 flds s14,[r7,#44]
 307 023c D7ED087A 	 flds s15,[r7,#32]
 308 0240 67EE277A 	 fmuls s15,s14,s15
 309 0244 97ED127A 	 flds s14,[r7,#72]
 310 0248 77EE277A 	 fadds s15,s14,s15
 311 024c C7ED127A 	 fsts s15,[r7,#72]
 189:../Dave/Generated/CMSIS_DSP/MatrixFunctions/arm_mat_cmplx_mult_f32.c **** 
 190:../Dave/Generated/CMSIS_DSP/MatrixFunctions/arm_mat_cmplx_mult_f32.c ****           /* c(m,n) = a(1,1)*b(1,1) + a(1,2) * b(2,1) + .... + a(m,p)*b(p,n) */
 191:../Dave/Generated/CMSIS_DSP/MatrixFunctions/arm_mat_cmplx_mult_f32.c **** 
 192:../Dave/Generated/CMSIS_DSP/MatrixFunctions/arm_mat_cmplx_mult_f32.c ****           a1 = *pIn1;
 312              	 .loc 1 192 0
 313 0250 7B6E     	 ldr r3,[r7,#100]
 314 0252 1B68     	 ldr r3,[r3]
 315 0254 FB61     	 str r3,[r7,#28]
 193:../Dave/Generated/CMSIS_DSP/MatrixFunctions/arm_mat_cmplx_mult_f32.c ****           c1 = *pIn2;
 316              	 .loc 1 193 0
 317 0256 3B6E     	 ldr r3,[r7,#96]
 318 0258 1B68     	 ldr r3,[r3]
 319 025a BB61     	 str r3,[r7,#24]
 194:../Dave/Generated/CMSIS_DSP/MatrixFunctions/arm_mat_cmplx_mult_f32.c **** 
 195:../Dave/Generated/CMSIS_DSP/MatrixFunctions/arm_mat_cmplx_mult_f32.c ****           b1 = *(pIn1 + 1u);
 320              	 .loc 1 195 0
 321 025c 7B6E     	 ldr r3,[r7,#100]
 322 025e 5B68     	 ldr r3,[r3,#4]
 323 0260 7B61     	 str r3,[r7,#20]
 196:../Dave/Generated/CMSIS_DSP/MatrixFunctions/arm_mat_cmplx_mult_f32.c ****           d1 = *(pIn2 + 1u);
 324              	 .loc 1 196 0
 325 0262 3B6E     	 ldr r3,[r7,#96]
 326 0264 5B68     	 ldr r3,[r3,#4]
 327 0266 3B61     	 str r3,[r7,#16]
 197:../Dave/Generated/CMSIS_DSP/MatrixFunctions/arm_mat_cmplx_mult_f32.c **** 
 198:../Dave/Generated/CMSIS_DSP/MatrixFunctions/arm_mat_cmplx_mult_f32.c ****           sumReal1 += a1 * c1;
 328              	 .loc 1 198 0
 329 0268 97ED077A 	 flds s14,[r7,#28]
 330 026c D7ED067A 	 flds s15,[r7,#24]
 331 0270 67EE277A 	 fmuls s15,s14,s15
 332 0274 97ED157A 	 flds s14,[r7,#84]
 333 0278 77EE277A 	 fadds s15,s14,s15
 334 027c C7ED157A 	 fsts s15,[r7,#84]
 199:../Dave/Generated/CMSIS_DSP/MatrixFunctions/arm_mat_cmplx_mult_f32.c ****           sumImag1 += b1 * c1;
 335              	 .loc 1 199 0
 336 0280 97ED057A 	 flds s14,[r7,#20]
 337 0284 D7ED067A 	 flds s15,[r7,#24]
 338 0288 67EE277A 	 fmuls s15,s14,s15
 339 028c 97ED147A 	 flds s14,[r7,#80]
 340 0290 77EE277A 	 fadds s15,s14,s15
 341 0294 C7ED147A 	 fsts s15,[r7,#80]
 200:../Dave/Generated/CMSIS_DSP/MatrixFunctions/arm_mat_cmplx_mult_f32.c **** 
 201:../Dave/Generated/CMSIS_DSP/MatrixFunctions/arm_mat_cmplx_mult_f32.c ****           pIn1 += 2u;
 342              	 .loc 1 201 0
 343 0298 7B6E     	 ldr r3,[r7,#100]
 344 029a 0833     	 adds r3,r3,#8
 345 029c 7B66     	 str r3,[r7,#100]
 202:../Dave/Generated/CMSIS_DSP/MatrixFunctions/arm_mat_cmplx_mult_f32.c ****           pIn2 += 2 * numColsB;
 346              	 .loc 1 202 0
 347 029e BB8E     	 ldrh r3,[r7,#52]
 348 02a0 DB00     	 lsls r3,r3,#3
 349 02a2 1A46     	 mov r2,r3
 350 02a4 3B6E     	 ldr r3,[r7,#96]
 351 02a6 1344     	 add r3,r3,r2
 352 02a8 3B66     	 str r3,[r7,#96]
 203:../Dave/Generated/CMSIS_DSP/MatrixFunctions/arm_mat_cmplx_mult_f32.c **** 
 204:../Dave/Generated/CMSIS_DSP/MatrixFunctions/arm_mat_cmplx_mult_f32.c ****           sumReal2 -= b1 * d1;
 353              	 .loc 1 204 0
 354 02aa 97ED057A 	 flds s14,[r7,#20]
 355 02ae D7ED047A 	 flds s15,[r7,#16]
 356 02b2 67EE277A 	 fmuls s15,s14,s15
 357 02b6 97ED137A 	 flds s14,[r7,#76]
 358 02ba 77EE677A 	 fsubs s15,s14,s15
 359 02be C7ED137A 	 fsts s15,[r7,#76]
 205:../Dave/Generated/CMSIS_DSP/MatrixFunctions/arm_mat_cmplx_mult_f32.c ****           sumImag2 += a1 * d1;
 360              	 .loc 1 205 0
 361 02c2 97ED077A 	 flds s14,[r7,#28]
 362 02c6 D7ED047A 	 flds s15,[r7,#16]
 363 02ca 67EE277A 	 fmuls s15,s14,s15
 364 02ce 97ED127A 	 flds s14,[r7,#72]
 365 02d2 77EE277A 	 fadds s15,s14,s15
 366 02d6 C7ED127A 	 fsts s15,[r7,#72]
 206:../Dave/Generated/CMSIS_DSP/MatrixFunctions/arm_mat_cmplx_mult_f32.c **** 
 207:../Dave/Generated/CMSIS_DSP/MatrixFunctions/arm_mat_cmplx_mult_f32.c ****           /* Decrement the loop count */
 208:../Dave/Generated/CMSIS_DSP/MatrixFunctions/arm_mat_cmplx_mult_f32.c ****           colCnt--;
 367              	 .loc 1 208 0
 368 02da FB8F     	 ldrh r3,[r7,#62]
 369 02dc 013B     	 subs r3,r3,#1
 370 02de FB87     	 strh r3,[r7,#62]
 371              	.L5:
 134:../Dave/Generated/CMSIS_DSP/MatrixFunctions/arm_mat_cmplx_mult_f32.c ****         {
 372              	 .loc 1 134 0
 373 02e0 FB8F     	 ldrh r3,[r7,#62]
 374 02e2 002B     	 cmp r3,#0
 375 02e4 7FF4E5AE 	 bne .L6
 209:../Dave/Generated/CMSIS_DSP/MatrixFunctions/arm_mat_cmplx_mult_f32.c ****         }
 210:../Dave/Generated/CMSIS_DSP/MatrixFunctions/arm_mat_cmplx_mult_f32.c **** 
 211:../Dave/Generated/CMSIS_DSP/MatrixFunctions/arm_mat_cmplx_mult_f32.c ****         /* If the columns of pSrcA is not a multiple of 4, compute any remaining MACs here.
 212:../Dave/Generated/CMSIS_DSP/MatrixFunctions/arm_mat_cmplx_mult_f32.c ****          ** No loop unrolling is used. */
 213:../Dave/Generated/CMSIS_DSP/MatrixFunctions/arm_mat_cmplx_mult_f32.c ****         colCnt = numColsA % 0x4u;
 376              	 .loc 1 213 0
 377 02e8 7B8E     	 ldrh r3,[r7,#50]
 378 02ea 03F00303 	 and r3,r3,#3
 379 02ee FB87     	 strh r3,[r7,#62]
 214:../Dave/Generated/CMSIS_DSP/MatrixFunctions/arm_mat_cmplx_mult_f32.c **** 
 215:../Dave/Generated/CMSIS_DSP/MatrixFunctions/arm_mat_cmplx_mult_f32.c ****         while (colCnt > 0u)
 380              	 .loc 1 215 0
 381 02f0 47E0     	 b .L7
 382              	.L8:
 216:../Dave/Generated/CMSIS_DSP/MatrixFunctions/arm_mat_cmplx_mult_f32.c ****         {
 217:../Dave/Generated/CMSIS_DSP/MatrixFunctions/arm_mat_cmplx_mult_f32.c ****           /* c(m,n) = a(1,1)*b(1,1) + a(1,2) * b(2,1) + .... + a(m,p)*b(p,n) */
 218:../Dave/Generated/CMSIS_DSP/MatrixFunctions/arm_mat_cmplx_mult_f32.c ****           a1 = *pIn1;
 383              	 .loc 1 218 0
 384 02f2 7B6E     	 ldr r3,[r7,#100]
 385 02f4 1B68     	 ldr r3,[r3]
 386 02f6 FB61     	 str r3,[r7,#28]
 219:../Dave/Generated/CMSIS_DSP/MatrixFunctions/arm_mat_cmplx_mult_f32.c ****           c1 = *pIn2;
 387              	 .loc 1 219 0
 388 02f8 3B6E     	 ldr r3,[r7,#96]
 389 02fa 1B68     	 ldr r3,[r3]
 390 02fc BB61     	 str r3,[r7,#24]
 220:../Dave/Generated/CMSIS_DSP/MatrixFunctions/arm_mat_cmplx_mult_f32.c **** 
 221:../Dave/Generated/CMSIS_DSP/MatrixFunctions/arm_mat_cmplx_mult_f32.c ****           b1 = *(pIn1 + 1u);
 391              	 .loc 1 221 0
 392 02fe 7B6E     	 ldr r3,[r7,#100]
 393 0300 5B68     	 ldr r3,[r3,#4]
 394 0302 7B61     	 str r3,[r7,#20]
 222:../Dave/Generated/CMSIS_DSP/MatrixFunctions/arm_mat_cmplx_mult_f32.c ****           d1 = *(pIn2 + 1u);
 395              	 .loc 1 222 0
 396 0304 3B6E     	 ldr r3,[r7,#96]
 397 0306 5B68     	 ldr r3,[r3,#4]
 398 0308 3B61     	 str r3,[r7,#16]
 223:../Dave/Generated/CMSIS_DSP/MatrixFunctions/arm_mat_cmplx_mult_f32.c **** 
 224:../Dave/Generated/CMSIS_DSP/MatrixFunctions/arm_mat_cmplx_mult_f32.c ****           sumReal1 += a1 * c1;
 399              	 .loc 1 224 0
 400 030a 97ED077A 	 flds s14,[r7,#28]
 401 030e D7ED067A 	 flds s15,[r7,#24]
 402 0312 67EE277A 	 fmuls s15,s14,s15
 403 0316 97ED157A 	 flds s14,[r7,#84]
 404 031a 77EE277A 	 fadds s15,s14,s15
 405 031e C7ED157A 	 fsts s15,[r7,#84]
 225:../Dave/Generated/CMSIS_DSP/MatrixFunctions/arm_mat_cmplx_mult_f32.c ****           sumImag1 += b1 * c1;
 406              	 .loc 1 225 0
 407 0322 97ED057A 	 flds s14,[r7,#20]
 408 0326 D7ED067A 	 flds s15,[r7,#24]
 409 032a 67EE277A 	 fmuls s15,s14,s15
 410 032e 97ED147A 	 flds s14,[r7,#80]
 411 0332 77EE277A 	 fadds s15,s14,s15
 412 0336 C7ED147A 	 fsts s15,[r7,#80]
 226:../Dave/Generated/CMSIS_DSP/MatrixFunctions/arm_mat_cmplx_mult_f32.c **** 
 227:../Dave/Generated/CMSIS_DSP/MatrixFunctions/arm_mat_cmplx_mult_f32.c ****           pIn1 += 2u;
 413              	 .loc 1 227 0
 414 033a 7B6E     	 ldr r3,[r7,#100]
 415 033c 0833     	 adds r3,r3,#8
 416 033e 7B66     	 str r3,[r7,#100]
 228:../Dave/Generated/CMSIS_DSP/MatrixFunctions/arm_mat_cmplx_mult_f32.c ****           pIn2 += 2 * numColsB;
 417              	 .loc 1 228 0
 418 0340 BB8E     	 ldrh r3,[r7,#52]
 419 0342 DB00     	 lsls r3,r3,#3
 420 0344 1A46     	 mov r2,r3
 421 0346 3B6E     	 ldr r3,[r7,#96]
 422 0348 1344     	 add r3,r3,r2
 423 034a 3B66     	 str r3,[r7,#96]
 229:../Dave/Generated/CMSIS_DSP/MatrixFunctions/arm_mat_cmplx_mult_f32.c **** 
 230:../Dave/Generated/CMSIS_DSP/MatrixFunctions/arm_mat_cmplx_mult_f32.c ****           sumReal2 -= b1 * d1;
 424              	 .loc 1 230 0
 425 034c 97ED057A 	 flds s14,[r7,#20]
 426 0350 D7ED047A 	 flds s15,[r7,#16]
 427 0354 67EE277A 	 fmuls s15,s14,s15
 428 0358 97ED137A 	 flds s14,[r7,#76]
 429 035c 77EE677A 	 fsubs s15,s14,s15
 430 0360 C7ED137A 	 fsts s15,[r7,#76]
 231:../Dave/Generated/CMSIS_DSP/MatrixFunctions/arm_mat_cmplx_mult_f32.c ****           sumImag2 += a1 * d1;
 431              	 .loc 1 231 0
 432 0364 97ED077A 	 flds s14,[r7,#28]
 433 0368 D7ED047A 	 flds s15,[r7,#16]
 434 036c 67EE277A 	 fmuls s15,s14,s15
 435 0370 97ED127A 	 flds s14,[r7,#72]
 436 0374 77EE277A 	 fadds s15,s14,s15
 437 0378 C7ED127A 	 fsts s15,[r7,#72]
 232:../Dave/Generated/CMSIS_DSP/MatrixFunctions/arm_mat_cmplx_mult_f32.c **** 
 233:../Dave/Generated/CMSIS_DSP/MatrixFunctions/arm_mat_cmplx_mult_f32.c ****           /* Decrement the loop counter */
 234:../Dave/Generated/CMSIS_DSP/MatrixFunctions/arm_mat_cmplx_mult_f32.c ****           colCnt--;
 438              	 .loc 1 234 0
 439 037c FB8F     	 ldrh r3,[r7,#62]
 440 037e 013B     	 subs r3,r3,#1
 441 0380 FB87     	 strh r3,[r7,#62]
 442              	.L7:
 215:../Dave/Generated/CMSIS_DSP/MatrixFunctions/arm_mat_cmplx_mult_f32.c ****         {
 443              	 .loc 1 215 0
 444 0382 FB8F     	 ldrh r3,[r7,#62]
 445 0384 002B     	 cmp r3,#0
 446 0386 B4D1     	 bne .L8
 235:../Dave/Generated/CMSIS_DSP/MatrixFunctions/arm_mat_cmplx_mult_f32.c ****         }
 236:../Dave/Generated/CMSIS_DSP/MatrixFunctions/arm_mat_cmplx_mult_f32.c **** 
 237:../Dave/Generated/CMSIS_DSP/MatrixFunctions/arm_mat_cmplx_mult_f32.c ****         sumReal1 += sumReal2;
 447              	 .loc 1 237 0
 448 0388 97ED157A 	 flds s14,[r7,#84]
 449 038c D7ED137A 	 flds s15,[r7,#76]
 450 0390 77EE277A 	 fadds s15,s14,s15
 451 0394 C7ED157A 	 fsts s15,[r7,#84]
 238:../Dave/Generated/CMSIS_DSP/MatrixFunctions/arm_mat_cmplx_mult_f32.c ****         sumImag1 += sumImag2;
 452              	 .loc 1 238 0
 453 0398 97ED147A 	 flds s14,[r7,#80]
 454 039c D7ED127A 	 flds s15,[r7,#72]
 455 03a0 77EE277A 	 fadds s15,s14,s15
 456 03a4 C7ED147A 	 fsts s15,[r7,#80]
 239:../Dave/Generated/CMSIS_DSP/MatrixFunctions/arm_mat_cmplx_mult_f32.c **** 
 240:../Dave/Generated/CMSIS_DSP/MatrixFunctions/arm_mat_cmplx_mult_f32.c ****         /* Store the result in the destination buffer */
 241:../Dave/Generated/CMSIS_DSP/MatrixFunctions/arm_mat_cmplx_mult_f32.c ****         *px++ = sumReal1;
 457              	 .loc 1 241 0
 458 03a8 BB6D     	 ldr r3,[r7,#88]
 459 03aa 1A1D     	 adds r2,r3,#4
 460 03ac BA65     	 str r2,[r7,#88]
 461 03ae 7A6D     	 ldr r2,[r7,#84]
 462 03b0 1A60     	 str r2,[r3]
 242:../Dave/Generated/CMSIS_DSP/MatrixFunctions/arm_mat_cmplx_mult_f32.c ****         *px++ = sumImag1;
 463              	 .loc 1 242 0
 464 03b2 BB6D     	 ldr r3,[r7,#88]
 465 03b4 1A1D     	 adds r2,r3,#4
 466 03b6 BA65     	 str r2,[r7,#88]
 467 03b8 3A6D     	 ldr r2,[r7,#80]
 468 03ba 1A60     	 str r2,[r3]
 243:../Dave/Generated/CMSIS_DSP/MatrixFunctions/arm_mat_cmplx_mult_f32.c **** 
 244:../Dave/Generated/CMSIS_DSP/MatrixFunctions/arm_mat_cmplx_mult_f32.c ****         /* Update the pointer pIn2 to point to the  starting address of the next column */
 245:../Dave/Generated/CMSIS_DSP/MatrixFunctions/arm_mat_cmplx_mult_f32.c ****         j++;
 469              	 .loc 1 245 0
 470 03bc B7F84230 	 ldrh r3,[r7,#66]
 471 03c0 0133     	 adds r3,r3,#1
 472 03c2 A7F84230 	 strh r3,[r7,#66]
 246:../Dave/Generated/CMSIS_DSP/MatrixFunctions/arm_mat_cmplx_mult_f32.c ****         pIn2 = pSrcB->pData + 2u * j;
 473              	 .loc 1 246 0
 474 03c6 BB68     	 ldr r3,[r7,#8]
 475 03c8 5A68     	 ldr r2,[r3,#4]
 476 03ca B7F84230 	 ldrh r3,[r7,#66]
 477 03ce DB00     	 lsls r3,r3,#3
 478 03d0 1344     	 add r3,r3,r2
 479 03d2 3B66     	 str r3,[r7,#96]
 247:../Dave/Generated/CMSIS_DSP/MatrixFunctions/arm_mat_cmplx_mult_f32.c **** 
 248:../Dave/Generated/CMSIS_DSP/MatrixFunctions/arm_mat_cmplx_mult_f32.c ****         /* Decrement the column loop counter */
 249:../Dave/Generated/CMSIS_DSP/MatrixFunctions/arm_mat_cmplx_mult_f32.c ****         col--;
 480              	 .loc 1 249 0
 481 03d4 B7F84630 	 ldrh r3,[r7,#70]
 482 03d8 013B     	 subs r3,r3,#1
 483 03da A7F84630 	 strh r3,[r7,#70]
 250:../Dave/Generated/CMSIS_DSP/MatrixFunctions/arm_mat_cmplx_mult_f32.c **** 
 251:../Dave/Generated/CMSIS_DSP/MatrixFunctions/arm_mat_cmplx_mult_f32.c ****       } while (col > 0u);
 484              	 .loc 1 251 0
 485 03de B7F84630 	 ldrh r3,[r7,#70]
 486 03e2 002B     	 cmp r3,#0
 487 03e4 7FF453AE 	 bne .L9
 252:../Dave/Generated/CMSIS_DSP/MatrixFunctions/arm_mat_cmplx_mult_f32.c **** 
 253:../Dave/Generated/CMSIS_DSP/MatrixFunctions/arm_mat_cmplx_mult_f32.c ****       /* Update the pointer pInA to point to the  starting address of the next row */
 254:../Dave/Generated/CMSIS_DSP/MatrixFunctions/arm_mat_cmplx_mult_f32.c ****       i = i + numColsB;
 488              	 .loc 1 254 0
 489 03e8 B7F84420 	 ldrh r2,[r7,#68]
 490 03ec BB8E     	 ldrh r3,[r7,#52]
 491 03ee 1344     	 add r3,r3,r2
 492 03f0 A7F84430 	 strh r3,[r7,#68]
 255:../Dave/Generated/CMSIS_DSP/MatrixFunctions/arm_mat_cmplx_mult_f32.c ****       pInA = pInA + 2 * numColsA;
 493              	 .loc 1 255 0
 494 03f4 7B8E     	 ldrh r3,[r7,#50]
 495 03f6 DB00     	 lsls r3,r3,#3
 496 03f8 1A46     	 mov r2,r3
 497 03fa FB6D     	 ldr r3,[r7,#92]
 498 03fc 1344     	 add r3,r3,r2
 499 03fe FB65     	 str r3,[r7,#92]
 256:../Dave/Generated/CMSIS_DSP/MatrixFunctions/arm_mat_cmplx_mult_f32.c **** 
 257:../Dave/Generated/CMSIS_DSP/MatrixFunctions/arm_mat_cmplx_mult_f32.c ****       /* Decrement the row loop counter */
 258:../Dave/Generated/CMSIS_DSP/MatrixFunctions/arm_mat_cmplx_mult_f32.c ****       row--;
 500              	 .loc 1 258 0
 501 0400 B7F84030 	 ldrh r3,[r7,#64]
 502 0404 013B     	 subs r3,r3,#1
 503 0406 A7F84030 	 strh r3,[r7,#64]
 259:../Dave/Generated/CMSIS_DSP/MatrixFunctions/arm_mat_cmplx_mult_f32.c **** 
 260:../Dave/Generated/CMSIS_DSP/MatrixFunctions/arm_mat_cmplx_mult_f32.c ****     } while (row > 0u);
 504              	 .loc 1 260 0
 505 040a B7F84030 	 ldrh r3,[r7,#64]
 506 040e 002B     	 cmp r3,#0
 507 0410 7FF42DAE 	 bne .L3
 261:../Dave/Generated/CMSIS_DSP/MatrixFunctions/arm_mat_cmplx_mult_f32.c **** 
 262:../Dave/Generated/CMSIS_DSP/MatrixFunctions/arm_mat_cmplx_mult_f32.c ****     /* Set status as ARM_MATH_SUCCESS */
 263:../Dave/Generated/CMSIS_DSP/MatrixFunctions/arm_mat_cmplx_mult_f32.c ****     status = ARM_MATH_SUCCESS;
 508              	 .loc 1 263 0
 509 0414 0023     	 movs r3,#0
 510 0416 87F83D30 	 strb r3,[r7,#61]
 511              	.L4:
 264:../Dave/Generated/CMSIS_DSP/MatrixFunctions/arm_mat_cmplx_mult_f32.c ****   }
 265:../Dave/Generated/CMSIS_DSP/MatrixFunctions/arm_mat_cmplx_mult_f32.c **** 
 266:../Dave/Generated/CMSIS_DSP/MatrixFunctions/arm_mat_cmplx_mult_f32.c ****   /* Return to application */
 267:../Dave/Generated/CMSIS_DSP/MatrixFunctions/arm_mat_cmplx_mult_f32.c ****   return (status);
 512              	 .loc 1 267 0
 513 041a 97F83D30 	 ldrb r3,[r7,#61]
 514 041e 5BB2     	 sxtb r3,r3
 268:../Dave/Generated/CMSIS_DSP/MatrixFunctions/arm_mat_cmplx_mult_f32.c **** }
 515              	 .loc 1 268 0
 516 0420 1846     	 mov r0,r3
 517 0422 6C37     	 adds r7,r7,#108
 518              	.LCFI3:
 519              	 .cfi_def_cfa_offset 4
 520 0424 BD46     	 mov sp,r7
 521              	.LCFI4:
 522              	 .cfi_def_cfa_register 13
 523              	 
 524 0426 5DF8047B 	 ldr r7,[sp],#4
 525              	.LCFI5:
 526              	 .cfi_restore 7
 527              	 .cfi_def_cfa_offset 0
 528 042a 7047     	 bx lr
 529              	 .cfi_endproc
 530              	.LFE135:
 532              	 .text
 533              	.Letext0:
 534              	 .file 2 "c:\\program files (x86)\\dave\\eclipse\\arm-gcc-49\\arm-none-eabi\\include\\machine\\_default_types.h"
 535              	 .file 3 "c:\\program files (x86)\\dave\\eclipse\\arm-gcc-49\\arm-none-eabi\\include\\stdint.h"
 536              	 .file 4 "F:/Projects/20190909 - 3phase_inverter/3phase_inverter/4. Software_WS/OL_VSC_vitor/Dave/Generated/CMSIS_DSP/arm_math.h"
DEFINED SYMBOLS
                            *ABS*:00000000 arm_mat_cmplx_mult_f32.c
    {standard input}:20     .text.arm_mat_cmplx_mult_f32:00000000 $t
    {standard input}:25     .text.arm_mat_cmplx_mult_f32:00000000 arm_mat_cmplx_mult_f32
                     .debug_frame:00000010 $d

NO UNDEFINED SYMBOLS
