   1              	 .syntax unified
   2              	 .cpu cortex-m4
   3              	 .eabi_attribute 27,3
   4              	 .fpu fpv4-sp-d16
   5              	 .eabi_attribute 20,1
   6              	 .eabi_attribute 21,1
   7              	 .eabi_attribute 23,3
   8              	 .eabi_attribute 24,1
   9              	 .eabi_attribute 25,1
  10              	 .eabi_attribute 26,1
  11              	 .eabi_attribute 30,4
  12              	 .eabi_attribute 34,1
  13              	 .eabi_attribute 18,4
  14              	 .thumb
  15              	 .file "arm_float_to_q31.c"
  16              	 .global __aeabi_f2lz
  17              	 .section .text.arm_float_to_q31,"ax",%progbits
  18              	 .align 1
  19              	 .global arm_float_to_q31
  20              	 .thumb
  21              	 .thumb_func
  23              	arm_float_to_q31:
  24              	 
  25              	 
  26 0000 2DE9F047 	 push {r4,r5,r6,r7,r8,r9,r10,lr}
  27 0004 2DED028B 	 fstmfdd sp!,{d8}
  28 0008 9408     	 lsrs r4,r2,#2
  29 000a 0546     	 mov r5,r0
  30 000c 0F46     	 mov r7,r1
  31 000e 1646     	 mov r6,r2
  32 0010 00F1100A 	 add r10,r0,#16
  33 0014 01F11008 	 add r8,r1,#16
  34 0018 A146     	 mov r9,r4
  35              	.L2:
  36 001a B9F1000F 	 cmp r9,#0
  37 001e 00F08480 	 beq .L29
  38 0022 5AED047A 	 flds s15,[r10,#-16]
  39 0026 9FED588A 	 flds s16,.L31
  40 002a 67EE887A 	 fmuls s15,s15,s16
  41 002e FEEE006A 	 fconsts s13,#224
  42 0032 F5EEC07A 	 fcmpezs s15
  43 0036 F1EE10FA 	 fmstat
  44 003a B6EE007A 	 fconsts s14,#96
  45 003e D8BF     	 it le
  46 0040 B0EE667A 	 fcpysle s14,s13
  47 0044 77EE877A 	 fadds s15,s15,s14
  48 0048 09F1FF39 	 add r9,r9,#-1
  49 004c 17EE900A 	 fmrs r0,s15
  50 0050 FFF7FEFF 	 bl __aeabi_f2lz
  51 0054 5AED037A 	 flds s15,[r10,#-12]
  52 0058 B1EBE07F 	 cmp r1,r0,asr#31
  53 005c 67EE887A 	 fmuls s15,s15,s16
  54 0060 1CBF     	 itt ne
  55 0062 C817     	 asrne r0,r1,#31
  56 0064 80F00040 	 eorne r0,r0,#-2147483648
  57 0068 F5EEC07A 	 fcmpezs s15
  58 006c 18BF     	 it ne
  59 006e C043     	 mvnne r0,r0
  60 0070 FEEE006A 	 fconsts s13,#224
  61 0074 F1EE10FA 	 fmstat
  62 0078 B6EE007A 	 fconsts s14,#96
  63 007c D8BF     	 it le
  64 007e B0EE667A 	 fcpysle s14,s13
  65 0082 77EE877A 	 fadds s15,s15,s14
  66 0086 48F8100C 	 str r0,[r8,#-16]
  67 008a 17EE900A 	 fmrs r0,s15
  68 008e FFF7FEFF 	 bl __aeabi_f2lz
  69 0092 5AED027A 	 flds s15,[r10,#-8]
  70 0096 B1EBE07F 	 cmp r1,r0,asr#31
  71 009a 67EE887A 	 fmuls s15,s15,s16
  72 009e 1CBF     	 itt ne
  73 00a0 C817     	 asrne r0,r1,#31
  74 00a2 80F00040 	 eorne r0,r0,#-2147483648
  75 00a6 F5EEC07A 	 fcmpezs s15
  76 00aa 18BF     	 it ne
  77 00ac C043     	 mvnne r0,r0
  78 00ae FEEE006A 	 fconsts s13,#224
  79 00b2 F1EE10FA 	 fmstat
  80 00b6 B6EE007A 	 fconsts s14,#96
  81 00ba D8BF     	 it le
  82 00bc B0EE667A 	 fcpysle s14,s13
  83 00c0 77EE877A 	 fadds s15,s15,s14
  84 00c4 48F80C0C 	 str r0,[r8,#-12]
  85 00c8 17EE900A 	 fmrs r0,s15
  86 00cc FFF7FEFF 	 bl __aeabi_f2lz
  87 00d0 5AED017A 	 flds s15,[r10,#-4]
  88 00d4 B1EBE07F 	 cmp r1,r0,asr#31
  89 00d8 27EE888A 	 fmuls s16,s15,s16
  90 00dc 1CBF     	 itt ne
  91 00de C817     	 asrne r0,r1,#31
  92 00e0 80F00040 	 eorne r0,r0,#-2147483648
  93 00e4 B5EEC08A 	 fcmpezs s16
  94 00e8 18BF     	 it ne
  95 00ea C043     	 mvnne r0,r0
  96 00ec BEEE007A 	 fconsts s14,#224
  97 00f0 F1EE10FA 	 fmstat
  98 00f4 F6EE007A 	 fconsts s15,#96
  99 00f8 D8BF     	 it le
 100 00fa F0EE477A 	 fcpysle s15,s14
 101 00fe 78EE277A 	 fadds s15,s16,s15
 102 0102 48F8080C 	 str r0,[r8,#-8]
 103 0106 17EE900A 	 fmrs r0,s15
 104 010a FFF7FEFF 	 bl __aeabi_f2lz
 105 010e B1EBE07F 	 cmp r1,r0,asr#31
 106 0112 1EBF     	 ittt ne
 107 0114 C817     	 asrne r0,r1,#31
 108 0116 80F00040 	 eorne r0,r0,#-2147483648
 109 011a C043     	 mvnne r0,r0
 110 011c 48F8040C 	 str r0,[r8,#-4]
 111 0120 0AF1100A 	 add r10,r10,#16
 112 0124 08F11008 	 add r8,r8,#16
 113 0128 77E7     	 b .L2
 114              	.L29:
 115 012a 2401     	 lsls r4,r4,#4
 116 012c 2544     	 add r5,r5,r4
 117 012e 06F00306 	 and r6,r6,#3
 118 0132 043C     	 subs r4,r4,#4
 119 0134 3C44     	 add r4,r4,r7
 120 0136 05EB8606 	 add r6,r5,r6,lsl#2
 121              	.L16:
 122 013a B542     	 cmp r5,r6
 123 013c 20D0     	 beq .L30
 124 013e F5EC017A 	 fldmias r5!,{s15}
 125 0142 9FED117A 	 flds s14,.L31
 126 0146 67EE877A 	 fmuls s15,s15,s14
 127 014a FEEE006A 	 fconsts s13,#224
 128 014e F5EEC07A 	 fcmpezs s15
 129 0152 F1EE10FA 	 fmstat
 130 0156 B6EE007A 	 fconsts s14,#96
 131 015a D8BF     	 it le
 132 015c B0EE667A 	 fcpysle s14,s13
 133 0160 77EE877A 	 fadds s15,s15,s14
 134 0164 17EE900A 	 fmrs r0,s15
 135 0168 FFF7FEFF 	 bl __aeabi_f2lz
 136 016c B1EBE07F 	 cmp r1,r0,asr#31
 137 0170 1EBF     	 ittt ne
 138 0172 C817     	 asrne r0,r1,#31
 139 0174 80F00040 	 eorne r0,r0,#-2147483648
 140 0178 C043     	 mvnne r0,r0
 141 017a 44F8040F 	 str r0,[r4,#4]!
 142 017e DCE7     	 b .L16
 143              	.L30:
 144 0180 BDEC028B 	 fldmfdd sp!,{d8}
 145 0184 BDE8F087 	 pop {r4,r5,r6,r7,r8,r9,r10,pc}
 146              	.L32:
 147              	 .align 2
 148              	.L31:
 149 0188 0000004F 	 .word 1325400064
 151              	 .ident "GCC: (GNU Tools for ARM Embedded Processors) 4.9.3 20141119 (release) [ARM/embedded-4_9-branch revision 218278]"
DEFINED SYMBOLS
                            *ABS*:00000000 arm_float_to_q31.c
    {standard input}:18     .text.arm_float_to_q31:00000000 $t
    {standard input}:23     .text.arm_float_to_q31:00000000 arm_float_to_q31
    {standard input}:149    .text.arm_float_to_q31:00000188 $d

UNDEFINED SYMBOLS
__aeabi_f2lz
