   1              	 .syntax unified
   2              	 .cpu cortex-m4
   3              	 .eabi_attribute 27,3
   4              	 .fpu fpv4-sp-d16
   5              	 .eabi_attribute 20,1
   6              	 .eabi_attribute 21,1
   7              	 .eabi_attribute 23,3
   8              	 .eabi_attribute 24,1
   9              	 .eabi_attribute 25,1
  10              	 .eabi_attribute 26,1
  11              	 .eabi_attribute 30,6
  12              	 .eabi_attribute 34,1
  13              	 .eabi_attribute 18,4
  14              	 .thumb
  15              	 .file "arm_negate_f32.c"
  16              	 .text
  17              	.Ltext0:
  18              	 .cfi_sections .debug_frame
  19              	 .section .text.arm_negate_f32,"ax",%progbits
  20              	 .align 2
  21              	 .global arm_negate_f32
  22              	 .thumb
  23              	 .thumb_func
  25              	arm_negate_f32:
  26              	.LFB135:
  27              	 .file 1 "../Dave/Generated/CMSIS_DSP/BasicMathFunctions/arm_negate_f32.c"
   1:../Dave/Generated/CMSIS_DSP/BasicMathFunctions/arm_negate_f32.c **** /* ----------------------------------------------------------------------
   2:../Dave/Generated/CMSIS_DSP/BasicMathFunctions/arm_negate_f32.c ****  * Project:      CMSIS DSP Library
   3:../Dave/Generated/CMSIS_DSP/BasicMathFunctions/arm_negate_f32.c ****  * Title:        arm_negate_f32.c
   4:../Dave/Generated/CMSIS_DSP/BasicMathFunctions/arm_negate_f32.c ****  * Description:  Negates floating-point vectors
   5:../Dave/Generated/CMSIS_DSP/BasicMathFunctions/arm_negate_f32.c ****  *
   6:../Dave/Generated/CMSIS_DSP/BasicMathFunctions/arm_negate_f32.c ****  * $Date:        27. January 2017
   7:../Dave/Generated/CMSIS_DSP/BasicMathFunctions/arm_negate_f32.c ****  * $Revision:    V.1.5.1
   8:../Dave/Generated/CMSIS_DSP/BasicMathFunctions/arm_negate_f32.c ****  *
   9:../Dave/Generated/CMSIS_DSP/BasicMathFunctions/arm_negate_f32.c ****  * Target Processor: Cortex-M cores
  10:../Dave/Generated/CMSIS_DSP/BasicMathFunctions/arm_negate_f32.c ****  * -------------------------------------------------------------------- */
  11:../Dave/Generated/CMSIS_DSP/BasicMathFunctions/arm_negate_f32.c **** /*
  12:../Dave/Generated/CMSIS_DSP/BasicMathFunctions/arm_negate_f32.c ****  * Copyright (C) 2010-2017 ARM Limited or its affiliates. All rights reserved.
  13:../Dave/Generated/CMSIS_DSP/BasicMathFunctions/arm_negate_f32.c ****  *
  14:../Dave/Generated/CMSIS_DSP/BasicMathFunctions/arm_negate_f32.c ****  * SPDX-License-Identifier: Apache-2.0
  15:../Dave/Generated/CMSIS_DSP/BasicMathFunctions/arm_negate_f32.c ****  *
  16:../Dave/Generated/CMSIS_DSP/BasicMathFunctions/arm_negate_f32.c ****  * Licensed under the Apache License, Version 2.0 (the License); you may
  17:../Dave/Generated/CMSIS_DSP/BasicMathFunctions/arm_negate_f32.c ****  * not use this file except in compliance with the License.
  18:../Dave/Generated/CMSIS_DSP/BasicMathFunctions/arm_negate_f32.c ****  * You may obtain a copy of the License at
  19:../Dave/Generated/CMSIS_DSP/BasicMathFunctions/arm_negate_f32.c ****  *
  20:../Dave/Generated/CMSIS_DSP/BasicMathFunctions/arm_negate_f32.c ****  * www.apache.org/licenses/LICENSE-2.0
  21:../Dave/Generated/CMSIS_DSP/BasicMathFunctions/arm_negate_f32.c ****  *
  22:../Dave/Generated/CMSIS_DSP/BasicMathFunctions/arm_negate_f32.c ****  * Unless required by applicable law or agreed to in writing, software
  23:../Dave/Generated/CMSIS_DSP/BasicMathFunctions/arm_negate_f32.c ****  * distributed under the License is distributed on an AS IS BASIS, WITHOUT
  24:../Dave/Generated/CMSIS_DSP/BasicMathFunctions/arm_negate_f32.c ****  * WARRANTIES OR CONDITIONS OF ANY KIND, either express or implied.
  25:../Dave/Generated/CMSIS_DSP/BasicMathFunctions/arm_negate_f32.c ****  * See the License for the specific language governing permissions and
  26:../Dave/Generated/CMSIS_DSP/BasicMathFunctions/arm_negate_f32.c ****  * limitations under the License.
  27:../Dave/Generated/CMSIS_DSP/BasicMathFunctions/arm_negate_f32.c ****  */
  28:../Dave/Generated/CMSIS_DSP/BasicMathFunctions/arm_negate_f32.c **** 
  29:../Dave/Generated/CMSIS_DSP/BasicMathFunctions/arm_negate_f32.c **** #include "CMSIS_DSP/cmsis_dsp.h"
  30:../Dave/Generated/CMSIS_DSP/BasicMathFunctions/arm_negate_f32.c **** 
  31:../Dave/Generated/CMSIS_DSP/BasicMathFunctions/arm_negate_f32.c **** /**
  32:../Dave/Generated/CMSIS_DSP/BasicMathFunctions/arm_negate_f32.c ****  * @ingroup groupMath
  33:../Dave/Generated/CMSIS_DSP/BasicMathFunctions/arm_negate_f32.c ****  */
  34:../Dave/Generated/CMSIS_DSP/BasicMathFunctions/arm_negate_f32.c **** 
  35:../Dave/Generated/CMSIS_DSP/BasicMathFunctions/arm_negate_f32.c **** /**
  36:../Dave/Generated/CMSIS_DSP/BasicMathFunctions/arm_negate_f32.c ****  * @defgroup negate Vector Negate
  37:../Dave/Generated/CMSIS_DSP/BasicMathFunctions/arm_negate_f32.c ****  *
  38:../Dave/Generated/CMSIS_DSP/BasicMathFunctions/arm_negate_f32.c ****  * Negates the elements of a vector.
  39:../Dave/Generated/CMSIS_DSP/BasicMathFunctions/arm_negate_f32.c ****  *
  40:../Dave/Generated/CMSIS_DSP/BasicMathFunctions/arm_negate_f32.c ****  * <pre>
  41:../Dave/Generated/CMSIS_DSP/BasicMathFunctions/arm_negate_f32.c ****  *     pDst[n] = -pSrc[n],   0 <= n < blockSize.
  42:../Dave/Generated/CMSIS_DSP/BasicMathFunctions/arm_negate_f32.c ****  * </pre>
  43:../Dave/Generated/CMSIS_DSP/BasicMathFunctions/arm_negate_f32.c ****  *
  44:../Dave/Generated/CMSIS_DSP/BasicMathFunctions/arm_negate_f32.c ****  * The functions support in-place computation allowing the source and
  45:../Dave/Generated/CMSIS_DSP/BasicMathFunctions/arm_negate_f32.c ****  * destination pointers to reference the same memory buffer.
  46:../Dave/Generated/CMSIS_DSP/BasicMathFunctions/arm_negate_f32.c ****  * There are separate functions for floating-point, Q7, Q15, and Q31 data types.
  47:../Dave/Generated/CMSIS_DSP/BasicMathFunctions/arm_negate_f32.c ****  */
  48:../Dave/Generated/CMSIS_DSP/BasicMathFunctions/arm_negate_f32.c **** 
  49:../Dave/Generated/CMSIS_DSP/BasicMathFunctions/arm_negate_f32.c **** /**
  50:../Dave/Generated/CMSIS_DSP/BasicMathFunctions/arm_negate_f32.c ****  * @addtogroup negate
  51:../Dave/Generated/CMSIS_DSP/BasicMathFunctions/arm_negate_f32.c ****  * @{
  52:../Dave/Generated/CMSIS_DSP/BasicMathFunctions/arm_negate_f32.c ****  */
  53:../Dave/Generated/CMSIS_DSP/BasicMathFunctions/arm_negate_f32.c **** 
  54:../Dave/Generated/CMSIS_DSP/BasicMathFunctions/arm_negate_f32.c **** /**
  55:../Dave/Generated/CMSIS_DSP/BasicMathFunctions/arm_negate_f32.c ****  * @brief  Negates the elements of a floating-point vector.
  56:../Dave/Generated/CMSIS_DSP/BasicMathFunctions/arm_negate_f32.c ****  * @param[in]  *pSrc points to the input vector
  57:../Dave/Generated/CMSIS_DSP/BasicMathFunctions/arm_negate_f32.c ****  * @param[out]  *pDst points to the output vector
  58:../Dave/Generated/CMSIS_DSP/BasicMathFunctions/arm_negate_f32.c ****  * @param[in]  blockSize number of samples in the vector
  59:../Dave/Generated/CMSIS_DSP/BasicMathFunctions/arm_negate_f32.c ****  * @return none.
  60:../Dave/Generated/CMSIS_DSP/BasicMathFunctions/arm_negate_f32.c ****  */
  61:../Dave/Generated/CMSIS_DSP/BasicMathFunctions/arm_negate_f32.c **** 
  62:../Dave/Generated/CMSIS_DSP/BasicMathFunctions/arm_negate_f32.c **** void arm_negate_f32(
  63:../Dave/Generated/CMSIS_DSP/BasicMathFunctions/arm_negate_f32.c ****   float32_t * pSrc,
  64:../Dave/Generated/CMSIS_DSP/BasicMathFunctions/arm_negate_f32.c ****   float32_t * pDst,
  65:../Dave/Generated/CMSIS_DSP/BasicMathFunctions/arm_negate_f32.c ****   uint32_t blockSize)
  66:../Dave/Generated/CMSIS_DSP/BasicMathFunctions/arm_negate_f32.c **** {
  28              	 .loc 1 66 0
  29              	 .cfi_startproc
  30              	 
  31              	 
  32              	 
  33 0000 80B4     	 push {r7}
  34              	.LCFI0:
  35              	 .cfi_def_cfa_offset 4
  36              	 .cfi_offset 7,-4
  37 0002 8BB0     	 sub sp,sp,#44
  38              	.LCFI1:
  39              	 .cfi_def_cfa_offset 48
  40 0004 00AF     	 add r7,sp,#0
  41              	.LCFI2:
  42              	 .cfi_def_cfa_register 7
  43 0006 F860     	 str r0,[r7,#12]
  44 0008 B960     	 str r1,[r7,#8]
  45 000a 7A60     	 str r2,[r7,#4]
  67:../Dave/Generated/CMSIS_DSP/BasicMathFunctions/arm_negate_f32.c ****   uint32_t blkCnt;                               /* loop counter */
  68:../Dave/Generated/CMSIS_DSP/BasicMathFunctions/arm_negate_f32.c **** 
  69:../Dave/Generated/CMSIS_DSP/BasicMathFunctions/arm_negate_f32.c **** 
  70:../Dave/Generated/CMSIS_DSP/BasicMathFunctions/arm_negate_f32.c **** #if defined (ARM_MATH_DSP)
  71:../Dave/Generated/CMSIS_DSP/BasicMathFunctions/arm_negate_f32.c **** 
  72:../Dave/Generated/CMSIS_DSP/BasicMathFunctions/arm_negate_f32.c **** /* Run the below code for Cortex-M4 and Cortex-M3 */
  73:../Dave/Generated/CMSIS_DSP/BasicMathFunctions/arm_negate_f32.c ****   float32_t in1, in2, in3, in4;                  /* temporary variables */
  74:../Dave/Generated/CMSIS_DSP/BasicMathFunctions/arm_negate_f32.c **** 
  75:../Dave/Generated/CMSIS_DSP/BasicMathFunctions/arm_negate_f32.c ****   /*loop Unrolling */
  76:../Dave/Generated/CMSIS_DSP/BasicMathFunctions/arm_negate_f32.c ****   blkCnt = blockSize >> 2u;
  46              	 .loc 1 76 0
  47 000c 7B68     	 ldr r3,[r7,#4]
  48 000e 9B08     	 lsrs r3,r3,#2
  49 0010 7B62     	 str r3,[r7,#36]
  77:../Dave/Generated/CMSIS_DSP/BasicMathFunctions/arm_negate_f32.c **** 
  78:../Dave/Generated/CMSIS_DSP/BasicMathFunctions/arm_negate_f32.c ****   /* First part of the processing with loop unrolling.  Compute 4 outputs at a time.
  79:../Dave/Generated/CMSIS_DSP/BasicMathFunctions/arm_negate_f32.c ****    ** a second loop below computes the remaining 1 to 3 samples. */
  80:../Dave/Generated/CMSIS_DSP/BasicMathFunctions/arm_negate_f32.c ****   while (blkCnt > 0u)
  50              	 .loc 1 80 0
  51 0012 3BE0     	 b .L2
  52              	.L3:
  81:../Dave/Generated/CMSIS_DSP/BasicMathFunctions/arm_negate_f32.c ****   {
  82:../Dave/Generated/CMSIS_DSP/BasicMathFunctions/arm_negate_f32.c ****     /* read inputs from source */
  83:../Dave/Generated/CMSIS_DSP/BasicMathFunctions/arm_negate_f32.c ****     in1 = *pSrc;
  53              	 .loc 1 83 0
  54 0014 FB68     	 ldr r3,[r7,#12]
  55 0016 1B68     	 ldr r3,[r3]
  56 0018 3B62     	 str r3,[r7,#32]
  84:../Dave/Generated/CMSIS_DSP/BasicMathFunctions/arm_negate_f32.c ****     in2 = *(pSrc + 1);
  57              	 .loc 1 84 0
  58 001a FB68     	 ldr r3,[r7,#12]
  59 001c 5B68     	 ldr r3,[r3,#4]
  60 001e FB61     	 str r3,[r7,#28]
  85:../Dave/Generated/CMSIS_DSP/BasicMathFunctions/arm_negate_f32.c ****     in3 = *(pSrc + 2);
  61              	 .loc 1 85 0
  62 0020 FB68     	 ldr r3,[r7,#12]
  63 0022 9B68     	 ldr r3,[r3,#8]
  64 0024 BB61     	 str r3,[r7,#24]
  86:../Dave/Generated/CMSIS_DSP/BasicMathFunctions/arm_negate_f32.c ****     in4 = *(pSrc + 3);
  65              	 .loc 1 86 0
  66 0026 FB68     	 ldr r3,[r7,#12]
  67 0028 DB68     	 ldr r3,[r3,#12]
  68 002a 7B61     	 str r3,[r7,#20]
  87:../Dave/Generated/CMSIS_DSP/BasicMathFunctions/arm_negate_f32.c **** 
  88:../Dave/Generated/CMSIS_DSP/BasicMathFunctions/arm_negate_f32.c ****     /* negate the input */
  89:../Dave/Generated/CMSIS_DSP/BasicMathFunctions/arm_negate_f32.c ****     in1 = -in1;
  69              	 .loc 1 89 0
  70 002c D7ED087A 	 flds s15,[r7,#32]
  71 0030 F1EE677A 	 fnegs s15,s15
  72 0034 C7ED087A 	 fsts s15,[r7,#32]
  90:../Dave/Generated/CMSIS_DSP/BasicMathFunctions/arm_negate_f32.c ****     in2 = -in2;
  73              	 .loc 1 90 0
  74 0038 D7ED077A 	 flds s15,[r7,#28]
  75 003c F1EE677A 	 fnegs s15,s15
  76 0040 C7ED077A 	 fsts s15,[r7,#28]
  91:../Dave/Generated/CMSIS_DSP/BasicMathFunctions/arm_negate_f32.c ****     in3 = -in3;
  77              	 .loc 1 91 0
  78 0044 D7ED067A 	 flds s15,[r7,#24]
  79 0048 F1EE677A 	 fnegs s15,s15
  80 004c C7ED067A 	 fsts s15,[r7,#24]
  92:../Dave/Generated/CMSIS_DSP/BasicMathFunctions/arm_negate_f32.c ****     in4 = -in4;
  81              	 .loc 1 92 0
  82 0050 D7ED057A 	 flds s15,[r7,#20]
  83 0054 F1EE677A 	 fnegs s15,s15
  84 0058 C7ED057A 	 fsts s15,[r7,#20]
  93:../Dave/Generated/CMSIS_DSP/BasicMathFunctions/arm_negate_f32.c **** 
  94:../Dave/Generated/CMSIS_DSP/BasicMathFunctions/arm_negate_f32.c ****     /* store the result to destination */
  95:../Dave/Generated/CMSIS_DSP/BasicMathFunctions/arm_negate_f32.c ****     *pDst = in1;
  85              	 .loc 1 95 0
  86 005c BB68     	 ldr r3,[r7,#8]
  87 005e 3A6A     	 ldr r2,[r7,#32]
  88 0060 1A60     	 str r2,[r3]
  96:../Dave/Generated/CMSIS_DSP/BasicMathFunctions/arm_negate_f32.c ****     *(pDst + 1) = in2;
  89              	 .loc 1 96 0
  90 0062 BB68     	 ldr r3,[r7,#8]
  91 0064 0433     	 adds r3,r3,#4
  92 0066 FA69     	 ldr r2,[r7,#28]
  93 0068 1A60     	 str r2,[r3]
  97:../Dave/Generated/CMSIS_DSP/BasicMathFunctions/arm_negate_f32.c ****     *(pDst + 2) = in3;
  94              	 .loc 1 97 0
  95 006a BB68     	 ldr r3,[r7,#8]
  96 006c 0833     	 adds r3,r3,#8
  97 006e BA69     	 ldr r2,[r7,#24]
  98 0070 1A60     	 str r2,[r3]
  98:../Dave/Generated/CMSIS_DSP/BasicMathFunctions/arm_negate_f32.c ****     *(pDst + 3) = in4;
  99              	 .loc 1 98 0
 100 0072 BB68     	 ldr r3,[r7,#8]
 101 0074 0C33     	 adds r3,r3,#12
 102 0076 7A69     	 ldr r2,[r7,#20]
 103 0078 1A60     	 str r2,[r3]
  99:../Dave/Generated/CMSIS_DSP/BasicMathFunctions/arm_negate_f32.c **** 
 100:../Dave/Generated/CMSIS_DSP/BasicMathFunctions/arm_negate_f32.c ****     /* update pointers to process next samples */
 101:../Dave/Generated/CMSIS_DSP/BasicMathFunctions/arm_negate_f32.c ****     pSrc += 4u;
 104              	 .loc 1 101 0
 105 007a FB68     	 ldr r3,[r7,#12]
 106 007c 1033     	 adds r3,r3,#16
 107 007e FB60     	 str r3,[r7,#12]
 102:../Dave/Generated/CMSIS_DSP/BasicMathFunctions/arm_negate_f32.c ****     pDst += 4u;
 108              	 .loc 1 102 0
 109 0080 BB68     	 ldr r3,[r7,#8]
 110 0082 1033     	 adds r3,r3,#16
 111 0084 BB60     	 str r3,[r7,#8]
 103:../Dave/Generated/CMSIS_DSP/BasicMathFunctions/arm_negate_f32.c **** 
 104:../Dave/Generated/CMSIS_DSP/BasicMathFunctions/arm_negate_f32.c ****     /* Decrement the loop counter */
 105:../Dave/Generated/CMSIS_DSP/BasicMathFunctions/arm_negate_f32.c ****     blkCnt--;
 112              	 .loc 1 105 0
 113 0086 7B6A     	 ldr r3,[r7,#36]
 114 0088 013B     	 subs r3,r3,#1
 115 008a 7B62     	 str r3,[r7,#36]
 116              	.L2:
  80:../Dave/Generated/CMSIS_DSP/BasicMathFunctions/arm_negate_f32.c ****   {
 117              	 .loc 1 80 0
 118 008c 7B6A     	 ldr r3,[r7,#36]
 119 008e 002B     	 cmp r3,#0
 120 0090 C0D1     	 bne .L3
 106:../Dave/Generated/CMSIS_DSP/BasicMathFunctions/arm_negate_f32.c ****   }
 107:../Dave/Generated/CMSIS_DSP/BasicMathFunctions/arm_negate_f32.c **** 
 108:../Dave/Generated/CMSIS_DSP/BasicMathFunctions/arm_negate_f32.c ****   /* If the blockSize is not a multiple of 4, compute any remaining output samples here.
 109:../Dave/Generated/CMSIS_DSP/BasicMathFunctions/arm_negate_f32.c ****    ** No loop unrolling is used. */
 110:../Dave/Generated/CMSIS_DSP/BasicMathFunctions/arm_negate_f32.c ****   blkCnt = blockSize % 0x4u;
 121              	 .loc 1 110 0
 122 0092 7B68     	 ldr r3,[r7,#4]
 123 0094 03F00303 	 and r3,r3,#3
 124 0098 7B62     	 str r3,[r7,#36]
 111:../Dave/Generated/CMSIS_DSP/BasicMathFunctions/arm_negate_f32.c **** 
 112:../Dave/Generated/CMSIS_DSP/BasicMathFunctions/arm_negate_f32.c **** #else
 113:../Dave/Generated/CMSIS_DSP/BasicMathFunctions/arm_negate_f32.c **** 
 114:../Dave/Generated/CMSIS_DSP/BasicMathFunctions/arm_negate_f32.c ****   /* Run the below code for Cortex-M0 */
 115:../Dave/Generated/CMSIS_DSP/BasicMathFunctions/arm_negate_f32.c **** 
 116:../Dave/Generated/CMSIS_DSP/BasicMathFunctions/arm_negate_f32.c ****   /* Initialize blkCnt with number of samples */
 117:../Dave/Generated/CMSIS_DSP/BasicMathFunctions/arm_negate_f32.c ****   blkCnt = blockSize;
 118:../Dave/Generated/CMSIS_DSP/BasicMathFunctions/arm_negate_f32.c **** 
 119:../Dave/Generated/CMSIS_DSP/BasicMathFunctions/arm_negate_f32.c **** #endif /* #if defined (ARM_MATH_DSP) */
 120:../Dave/Generated/CMSIS_DSP/BasicMathFunctions/arm_negate_f32.c **** 
 121:../Dave/Generated/CMSIS_DSP/BasicMathFunctions/arm_negate_f32.c ****   while (blkCnt > 0u)
 125              	 .loc 1 121 0
 126 009a 0EE0     	 b .L4
 127              	.L5:
 122:../Dave/Generated/CMSIS_DSP/BasicMathFunctions/arm_negate_f32.c ****   {
 123:../Dave/Generated/CMSIS_DSP/BasicMathFunctions/arm_negate_f32.c ****     /* C = -A */
 124:../Dave/Generated/CMSIS_DSP/BasicMathFunctions/arm_negate_f32.c ****     /* Negate and then store the results in the destination buffer. */
 125:../Dave/Generated/CMSIS_DSP/BasicMathFunctions/arm_negate_f32.c ****     *pDst++ = -*pSrc++;
 128              	 .loc 1 125 0
 129 009c BB68     	 ldr r3,[r7,#8]
 130 009e 1A1D     	 adds r2,r3,#4
 131 00a0 BA60     	 str r2,[r7,#8]
 132 00a2 FA68     	 ldr r2,[r7,#12]
 133 00a4 111D     	 adds r1,r2,#4
 134 00a6 F960     	 str r1,[r7,#12]
 135 00a8 D2ED007A 	 flds s15,[r2]
 136 00ac F1EE677A 	 fnegs s15,s15
 137 00b0 C3ED007A 	 fsts s15,[r3]
 126:../Dave/Generated/CMSIS_DSP/BasicMathFunctions/arm_negate_f32.c **** 
 127:../Dave/Generated/CMSIS_DSP/BasicMathFunctions/arm_negate_f32.c ****     /* Decrement the loop counter */
 128:../Dave/Generated/CMSIS_DSP/BasicMathFunctions/arm_negate_f32.c ****     blkCnt--;
 138              	 .loc 1 128 0
 139 00b4 7B6A     	 ldr r3,[r7,#36]
 140 00b6 013B     	 subs r3,r3,#1
 141 00b8 7B62     	 str r3,[r7,#36]
 142              	.L4:
 121:../Dave/Generated/CMSIS_DSP/BasicMathFunctions/arm_negate_f32.c ****   {
 143              	 .loc 1 121 0
 144 00ba 7B6A     	 ldr r3,[r7,#36]
 145 00bc 002B     	 cmp r3,#0
 146 00be EDD1     	 bne .L5
 129:../Dave/Generated/CMSIS_DSP/BasicMathFunctions/arm_negate_f32.c ****   }
 130:../Dave/Generated/CMSIS_DSP/BasicMathFunctions/arm_negate_f32.c **** }
 147              	 .loc 1 130 0
 148 00c0 2C37     	 adds r7,r7,#44
 149              	.LCFI3:
 150              	 .cfi_def_cfa_offset 4
 151 00c2 BD46     	 mov sp,r7
 152              	.LCFI4:
 153              	 .cfi_def_cfa_register 13
 154              	 
 155 00c4 5DF8047B 	 ldr r7,[sp],#4
 156              	.LCFI5:
 157              	 .cfi_restore 7
 158              	 .cfi_def_cfa_offset 0
 159 00c8 7047     	 bx lr
 160              	 .cfi_endproc
 161              	.LFE135:
 163 00ca 00BF     	 .text
 164              	.Letext0:
 165              	 .file 2 "c:\\program files (x86)\\dave\\eclipse\\arm-gcc-49\\arm-none-eabi\\include\\machine\\_default_types.h"
 166              	 .file 3 "c:\\program files (x86)\\dave\\eclipse\\arm-gcc-49\\arm-none-eabi\\include\\stdint.h"
 167              	 .file 4 "F:/Projects/20190909 - 3phase_inverter/3phase_inverter/4. Software_WS/OL_VSC_vitor/Dave/Generated/CMSIS_DSP/arm_math.h"
DEFINED SYMBOLS
                            *ABS*:00000000 arm_negate_f32.c
    {standard input}:20     .text.arm_negate_f32:00000000 $t
    {standard input}:25     .text.arm_negate_f32:00000000 arm_negate_f32
                     .debug_frame:00000010 $d

NO UNDEFINED SYMBOLS
