   1              	 .syntax unified
   2              	 .cpu cortex-m4
   3              	 .eabi_attribute 27,3
   4              	 .fpu fpv4-sp-d16
   5              	 .eabi_attribute 20,1
   6              	 .eabi_attribute 21,1
   7              	 .eabi_attribute 23,3
   8              	 .eabi_attribute 24,1
   9              	 .eabi_attribute 25,1
  10              	 .eabi_attribute 26,1
  11              	 .eabi_attribute 30,4
  12              	 .eabi_attribute 34,1
  13              	 .eabi_attribute 18,4
  14              	 .thumb
  15              	 .file "arm_cos_f32.c"
  16              	 .section .text.arm_cos_f32,"ax",%progbits
  17              	 .align 1
  18              	 .global arm_cos_f32
  19              	 .thumb
  20              	 .thumb_func
  22              	arm_cos_f32:
  23              	 
  24              	 
  25              	 
  26 0000 06EE900A 	 fmsr s13,r0
  27 0004 9FED1C7A 	 flds s14,.L5
  28 0008 1C4A     	 ldr r2,.L5+4
  29 000a F5EE007A 	 fconsts s15,#80
  30 000e E6EE877A 	 vfma.f32 s15,s13,s14
  31 0012 BDEEE77A 	 ftosizs s14,s15
  32 0016 F5EEC07A 	 fcmpezs s15
  33 001a 17EE103A 	 fmrs r3,s14
  34 001e F1EE10FA 	 fmstat
  35 0022 48BF     	 it mi
  36 0024 03F1FF33 	 addmi r3,r3,#-1
  37 0028 07EE103A 	 fmsr s14,r3
  38 002c B8EEC77A 	 fsitos s14,s14
  39 0030 77EEC77A 	 fsubs s15,s15,s14
  40 0034 9FED127A 	 flds s14,.L5+8
  41 0038 67EE877A 	 fmuls s15,s15,s14
  42 003c BCEEE77A 	 ftouizs s14,s15
  43 0040 17EE103A 	 fmrs r3,s14
  44 0044 C3F30803 	 ubfx r3,r3,#0,#9
  45 0048 07EE103A 	 fmsr s14,r3
  46 004c B8EE477A 	 fuitos s14,s14
  47 0050 02EB8301 	 add r1,r2,r3,lsl#2
  48 0054 77EEC77A 	 fsubs s15,s15,s14
  49 0058 D1ED016A 	 flds s13,[r1,#4]
  50 005c B7EE007A 	 fconsts s14,#112
  51 0060 37EE677A 	 fsubs s14,s14,s15
  52 0064 67EEA67A 	 fmuls s15,s15,s13
  53 0068 D1ED006A 	 flds s13,[r1]
  54 006c E7EE267A 	 vfma.f32 s15,s14,s13
  55 0070 17EE900A 	 fmrs r0,s15
  56 0074 7047     	 bx lr
  57              	.L6:
  58 0076 00BF     	 .align 2
  59              	.L5:
  60 0078 83F9223E 	 .word 1042479491
  61 007c 00000000 	 .word sinTable_f32
  62 0080 00000044 	 .word 1140850688
  64              	 .ident "GCC: (GNU Tools for ARM Embedded Processors) 4.9.3 20141119 (release) [ARM/embedded-4_9-branch revision 218278]"
DEFINED SYMBOLS
                            *ABS*:00000000 arm_cos_f32.c
    {standard input}:17     .text.arm_cos_f32:00000000 $t
    {standard input}:22     .text.arm_cos_f32:00000000 arm_cos_f32
    {standard input}:60     .text.arm_cos_f32:00000078 $d

UNDEFINED SYMBOLS
sinTable_f32
