   1              	 .syntax unified
   2              	 .cpu cortex-m4
   3              	 .eabi_attribute 27,3
   4              	 .fpu fpv4-sp-d16
   5              	 .eabi_attribute 20,1
   6              	 .eabi_attribute 21,1
   7              	 .eabi_attribute 23,3
   8              	 .eabi_attribute 24,1
   9              	 .eabi_attribute 25,1
  10              	 .eabi_attribute 26,1
  11              	 .eabi_attribute 30,4
  12              	 .eabi_attribute 34,1
  13              	 .eabi_attribute 18,4
  14              	 .thumb
  15              	 .file "arm_sin_q31.c"
  16              	 .section .text.arm_sin_q31,"ax",%progbits
  17              	 .align 1
  18              	 .global arm_sin_q31
  19              	 .thumb
  20              	 .thumb_func
  22              	arm_sin_q31:
  23              	 
  24              	 
  25 0000 820D     	 lsrs r2,r0,#22
  26 0002 0C4B     	 ldr r3,.L2
  27 0004 511C     	 adds r1,r2,#1
  28 0006 C0F31500 	 ubfx r0,r0,#0,#22
  29 000a 2DE97043 	 push {r4,r5,r6,r8,r9,lr}
  30 000e 4002     	 lsls r0,r0,#9
  31 0010 53F82240 	 ldr r4,[r3,r2,lsl#2]
  32 0014 53F82160 	 ldr r6,[r3,r1,lsl#2]
  33 0018 C0F10041 	 rsb r1,r0,#-2147483648
  34 001c 4FEAE479 	 asr r9,r4,#31
  35 0020 A1FB0445 	 umull r4,r5,r1,r4
  36 0024 01FB0953 	 mla r3,r1,r9,r5
  37 0028 0022     	 movs r2,#0
  38 002a C6FB0023 	 smlal r2,r3,r6,r0
  39 002e 5800     	 lsls r0,r3,#1
  40 0030 BDE87083 	 pop {r4,r5,r6,r8,r9,pc}
  41              	.L3:
  42              	 .align 2
  43              	.L2:
  44 0034 00000000 	 .word sinTable_q31
  46              	 .ident "GCC: (GNU Tools for ARM Embedded Processors) 4.9.3 20141119 (release) [ARM/embedded-4_9-branch revision 218278]"
DEFINED SYMBOLS
                            *ABS*:00000000 arm_sin_q31.c
    {standard input}:17     .text.arm_sin_q31:00000000 $t
    {standard input}:22     .text.arm_sin_q31:00000000 arm_sin_q31
    {standard input}:44     .text.arm_sin_q31:00000034 $d

UNDEFINED SYMBOLS
sinTable_q31
