   1              	 .syntax unified
   2              	 .cpu cortex-m4
   3              	 .eabi_attribute 27,3
   4              	 .fpu fpv4-sp-d16
   5              	 .eabi_attribute 20,1
   6              	 .eabi_attribute 21,1
   7              	 .eabi_attribute 23,3
   8              	 .eabi_attribute 24,1
   9              	 .eabi_attribute 25,1
  10              	 .eabi_attribute 26,1
  11              	 .eabi_attribute 30,6
  12              	 .eabi_attribute 34,1
  13              	 .eabi_attribute 18,4
  14              	 .thumb
  15              	 .file "arm_fill_q7.c"
  16              	 .text
  17              	.Ltext0:
  18              	 .cfi_sections .debug_frame
  19              	 .section .text.arm_fill_q7,"ax",%progbits
  20              	 .align 2
  21              	 .global arm_fill_q7
  22              	 .thumb
  23              	 .thumb_func
  25              	arm_fill_q7:
  26              	.LFB135:
  27              	 .file 1 "../Dave/Generated/CMSIS_DSP/SupportFunctions/arm_fill_q7.c"
   1:../Dave/Generated/CMSIS_DSP/SupportFunctions/arm_fill_q7.c **** /* ----------------------------------------------------------------------
   2:../Dave/Generated/CMSIS_DSP/SupportFunctions/arm_fill_q7.c ****  * Project:      CMSIS DSP Library
   3:../Dave/Generated/CMSIS_DSP/SupportFunctions/arm_fill_q7.c ****  * Title:        arm_fill_q7.c
   4:../Dave/Generated/CMSIS_DSP/SupportFunctions/arm_fill_q7.c ****  * Description:  Fills a constant value into a Q7 vector
   5:../Dave/Generated/CMSIS_DSP/SupportFunctions/arm_fill_q7.c ****  *
   6:../Dave/Generated/CMSIS_DSP/SupportFunctions/arm_fill_q7.c ****  * $Date:        27. January 2017
   7:../Dave/Generated/CMSIS_DSP/SupportFunctions/arm_fill_q7.c ****  * $Revision:    V.1.5.1
   8:../Dave/Generated/CMSIS_DSP/SupportFunctions/arm_fill_q7.c ****  *
   9:../Dave/Generated/CMSIS_DSP/SupportFunctions/arm_fill_q7.c ****  * Target Processor: Cortex-M cores
  10:../Dave/Generated/CMSIS_DSP/SupportFunctions/arm_fill_q7.c ****  * -------------------------------------------------------------------- */
  11:../Dave/Generated/CMSIS_DSP/SupportFunctions/arm_fill_q7.c **** /*
  12:../Dave/Generated/CMSIS_DSP/SupportFunctions/arm_fill_q7.c ****  * Copyright (C) 2010-2017 ARM Limited or its affiliates. All rights reserved.
  13:../Dave/Generated/CMSIS_DSP/SupportFunctions/arm_fill_q7.c ****  *
  14:../Dave/Generated/CMSIS_DSP/SupportFunctions/arm_fill_q7.c ****  * SPDX-License-Identifier: Apache-2.0
  15:../Dave/Generated/CMSIS_DSP/SupportFunctions/arm_fill_q7.c ****  *
  16:../Dave/Generated/CMSIS_DSP/SupportFunctions/arm_fill_q7.c ****  * Licensed under the Apache License, Version 2.0 (the License); you may
  17:../Dave/Generated/CMSIS_DSP/SupportFunctions/arm_fill_q7.c ****  * not use this file except in compliance with the License.
  18:../Dave/Generated/CMSIS_DSP/SupportFunctions/arm_fill_q7.c ****  * You may obtain a copy of the License at
  19:../Dave/Generated/CMSIS_DSP/SupportFunctions/arm_fill_q7.c ****  *
  20:../Dave/Generated/CMSIS_DSP/SupportFunctions/arm_fill_q7.c ****  * www.apache.org/licenses/LICENSE-2.0
  21:../Dave/Generated/CMSIS_DSP/SupportFunctions/arm_fill_q7.c ****  *
  22:../Dave/Generated/CMSIS_DSP/SupportFunctions/arm_fill_q7.c ****  * Unless required by applicable law or agreed to in writing, software
  23:../Dave/Generated/CMSIS_DSP/SupportFunctions/arm_fill_q7.c ****  * distributed under the License is distributed on an AS IS BASIS, WITHOUT
  24:../Dave/Generated/CMSIS_DSP/SupportFunctions/arm_fill_q7.c ****  * WARRANTIES OR CONDITIONS OF ANY KIND, either express or implied.
  25:../Dave/Generated/CMSIS_DSP/SupportFunctions/arm_fill_q7.c ****  * See the License for the specific language governing permissions and
  26:../Dave/Generated/CMSIS_DSP/SupportFunctions/arm_fill_q7.c ****  * limitations under the License.
  27:../Dave/Generated/CMSIS_DSP/SupportFunctions/arm_fill_q7.c ****  */
  28:../Dave/Generated/CMSIS_DSP/SupportFunctions/arm_fill_q7.c **** 
  29:../Dave/Generated/CMSIS_DSP/SupportFunctions/arm_fill_q7.c **** #include "CMSIS_DSP/cmsis_dsp.h"
  30:../Dave/Generated/CMSIS_DSP/SupportFunctions/arm_fill_q7.c **** 
  31:../Dave/Generated/CMSIS_DSP/SupportFunctions/arm_fill_q7.c **** /**
  32:../Dave/Generated/CMSIS_DSP/SupportFunctions/arm_fill_q7.c ****  * @ingroup groupSupport
  33:../Dave/Generated/CMSIS_DSP/SupportFunctions/arm_fill_q7.c ****  */
  34:../Dave/Generated/CMSIS_DSP/SupportFunctions/arm_fill_q7.c **** 
  35:../Dave/Generated/CMSIS_DSP/SupportFunctions/arm_fill_q7.c **** /**
  36:../Dave/Generated/CMSIS_DSP/SupportFunctions/arm_fill_q7.c ****  * @addtogroup Fill
  37:../Dave/Generated/CMSIS_DSP/SupportFunctions/arm_fill_q7.c ****  * @{
  38:../Dave/Generated/CMSIS_DSP/SupportFunctions/arm_fill_q7.c ****  */
  39:../Dave/Generated/CMSIS_DSP/SupportFunctions/arm_fill_q7.c **** 
  40:../Dave/Generated/CMSIS_DSP/SupportFunctions/arm_fill_q7.c **** /**
  41:../Dave/Generated/CMSIS_DSP/SupportFunctions/arm_fill_q7.c ****  * @brief Fills a constant value into a Q7 vector.
  42:../Dave/Generated/CMSIS_DSP/SupportFunctions/arm_fill_q7.c ****  * @param[in]       value input value to be filled
  43:../Dave/Generated/CMSIS_DSP/SupportFunctions/arm_fill_q7.c ****  * @param[out]      *pDst points to output vector
  44:../Dave/Generated/CMSIS_DSP/SupportFunctions/arm_fill_q7.c ****  * @param[in]       blockSize length of the output vector
  45:../Dave/Generated/CMSIS_DSP/SupportFunctions/arm_fill_q7.c ****  * @return none.
  46:../Dave/Generated/CMSIS_DSP/SupportFunctions/arm_fill_q7.c ****  *
  47:../Dave/Generated/CMSIS_DSP/SupportFunctions/arm_fill_q7.c ****  */
  48:../Dave/Generated/CMSIS_DSP/SupportFunctions/arm_fill_q7.c **** 
  49:../Dave/Generated/CMSIS_DSP/SupportFunctions/arm_fill_q7.c **** void arm_fill_q7(
  50:../Dave/Generated/CMSIS_DSP/SupportFunctions/arm_fill_q7.c ****   q7_t value,
  51:../Dave/Generated/CMSIS_DSP/SupportFunctions/arm_fill_q7.c ****   q7_t * pDst,
  52:../Dave/Generated/CMSIS_DSP/SupportFunctions/arm_fill_q7.c ****   uint32_t blockSize)
  53:../Dave/Generated/CMSIS_DSP/SupportFunctions/arm_fill_q7.c **** {
  28              	 .loc 1 53 0
  29              	 .cfi_startproc
  30              	 
  31              	 
  32              	 
  33 0000 80B4     	 push {r7}
  34              	.LCFI0:
  35              	 .cfi_def_cfa_offset 4
  36              	 .cfi_offset 7,-4
  37 0002 87B0     	 sub sp,sp,#28
  38              	.LCFI1:
  39              	 .cfi_def_cfa_offset 32
  40 0004 00AF     	 add r7,sp,#0
  41              	.LCFI2:
  42              	 .cfi_def_cfa_register 7
  43 0006 0346     	 mov r3,r0
  44 0008 B960     	 str r1,[r7,#8]
  45 000a 7A60     	 str r2,[r7,#4]
  46 000c FB73     	 strb r3,[r7,#15]
  54:../Dave/Generated/CMSIS_DSP/SupportFunctions/arm_fill_q7.c ****   uint32_t blkCnt;                               /* loop counter */
  55:../Dave/Generated/CMSIS_DSP/SupportFunctions/arm_fill_q7.c **** 
  56:../Dave/Generated/CMSIS_DSP/SupportFunctions/arm_fill_q7.c **** #if defined (ARM_MATH_DSP)
  57:../Dave/Generated/CMSIS_DSP/SupportFunctions/arm_fill_q7.c **** 
  58:../Dave/Generated/CMSIS_DSP/SupportFunctions/arm_fill_q7.c ****   /* Run the below code for Cortex-M4 and Cortex-M3 */
  59:../Dave/Generated/CMSIS_DSP/SupportFunctions/arm_fill_q7.c **** 
  60:../Dave/Generated/CMSIS_DSP/SupportFunctions/arm_fill_q7.c ****   q31_t packedValue;                             /* value packed to 32 bits */
  61:../Dave/Generated/CMSIS_DSP/SupportFunctions/arm_fill_q7.c **** 
  62:../Dave/Generated/CMSIS_DSP/SupportFunctions/arm_fill_q7.c ****   /*loop Unrolling */
  63:../Dave/Generated/CMSIS_DSP/SupportFunctions/arm_fill_q7.c ****   blkCnt = blockSize >> 2u;
  47              	 .loc 1 63 0
  48 000e 7B68     	 ldr r3,[r7,#4]
  49 0010 9B08     	 lsrs r3,r3,#2
  50 0012 7B61     	 str r3,[r7,#20]
  64:../Dave/Generated/CMSIS_DSP/SupportFunctions/arm_fill_q7.c **** 
  65:../Dave/Generated/CMSIS_DSP/SupportFunctions/arm_fill_q7.c ****   /* Packing four 8 bit values to 32 bit value in order to use SIMD */
  66:../Dave/Generated/CMSIS_DSP/SupportFunctions/arm_fill_q7.c ****   packedValue = __PACKq7(value, value, value, value);
  51              	 .loc 1 66 0
  52 0014 97F90F30 	 ldrsb r3,[r7,#15]
  53 0018 DAB2     	 uxtb r2,r3
  54 001a 97F90F30 	 ldrsb r3,[r7,#15]
  55 001e 1B02     	 lsls r3,r3,#8
  56 0020 9BB2     	 uxth r3,r3
  57 0022 1A43     	 orrs r2,r2,r3
  58 0024 97F90F30 	 ldrsb r3,[r7,#15]
  59 0028 1B04     	 lsls r3,r3,#16
  60 002a 03F47F03 	 and r3,r3,#16711680
  61 002e 1A43     	 orrs r2,r2,r3
  62 0030 97F90F30 	 ldrsb r3,[r7,#15]
  63 0034 1B06     	 lsls r3,r3,#24
  64 0036 1343     	 orrs r3,r3,r2
  65 0038 3B61     	 str r3,[r7,#16]
  67:../Dave/Generated/CMSIS_DSP/SupportFunctions/arm_fill_q7.c **** 
  68:../Dave/Generated/CMSIS_DSP/SupportFunctions/arm_fill_q7.c ****   /* First part of the processing with loop unrolling.  Compute 4 outputs at a time.
  69:../Dave/Generated/CMSIS_DSP/SupportFunctions/arm_fill_q7.c ****    ** a second loop below computes the remaining 1 to 3 samples. */
  70:../Dave/Generated/CMSIS_DSP/SupportFunctions/arm_fill_q7.c ****   while (blkCnt > 0u)
  66              	 .loc 1 70 0
  67 003a 09E0     	 b .L2
  68              	.L3:
  71:../Dave/Generated/CMSIS_DSP/SupportFunctions/arm_fill_q7.c ****   {
  72:../Dave/Generated/CMSIS_DSP/SupportFunctions/arm_fill_q7.c ****     /* C = value */
  73:../Dave/Generated/CMSIS_DSP/SupportFunctions/arm_fill_q7.c ****     /* Fill the value in the destination buffer */
  74:../Dave/Generated/CMSIS_DSP/SupportFunctions/arm_fill_q7.c ****     *__SIMD32(pDst)++ = packedValue;
  69              	 .loc 1 74 0
  70 003c 07F10802 	 add r2,r7,#8
  71 0040 1368     	 ldr r3,[r2]
  72 0042 191D     	 adds r1,r3,#4
  73 0044 1160     	 str r1,[r2]
  74 0046 3A69     	 ldr r2,[r7,#16]
  75 0048 1A60     	 str r2,[r3]
  75:../Dave/Generated/CMSIS_DSP/SupportFunctions/arm_fill_q7.c **** 
  76:../Dave/Generated/CMSIS_DSP/SupportFunctions/arm_fill_q7.c ****     /* Decrement the loop counter */
  77:../Dave/Generated/CMSIS_DSP/SupportFunctions/arm_fill_q7.c ****     blkCnt--;
  76              	 .loc 1 77 0
  77 004a 7B69     	 ldr r3,[r7,#20]
  78 004c 013B     	 subs r3,r3,#1
  79 004e 7B61     	 str r3,[r7,#20]
  80              	.L2:
  70:../Dave/Generated/CMSIS_DSP/SupportFunctions/arm_fill_q7.c ****   {
  81              	 .loc 1 70 0
  82 0050 7B69     	 ldr r3,[r7,#20]
  83 0052 002B     	 cmp r3,#0
  84 0054 F2D1     	 bne .L3
  78:../Dave/Generated/CMSIS_DSP/SupportFunctions/arm_fill_q7.c ****   }
  79:../Dave/Generated/CMSIS_DSP/SupportFunctions/arm_fill_q7.c **** 
  80:../Dave/Generated/CMSIS_DSP/SupportFunctions/arm_fill_q7.c ****   /* If the blockSize is not a multiple of 4, compute any remaining output samples here.
  81:../Dave/Generated/CMSIS_DSP/SupportFunctions/arm_fill_q7.c ****    ** No loop unrolling is used. */
  82:../Dave/Generated/CMSIS_DSP/SupportFunctions/arm_fill_q7.c ****   blkCnt = blockSize % 0x4u;
  85              	 .loc 1 82 0
  86 0056 7B68     	 ldr r3,[r7,#4]
  87 0058 03F00303 	 and r3,r3,#3
  88 005c 7B61     	 str r3,[r7,#20]
  83:../Dave/Generated/CMSIS_DSP/SupportFunctions/arm_fill_q7.c **** 
  84:../Dave/Generated/CMSIS_DSP/SupportFunctions/arm_fill_q7.c **** #else
  85:../Dave/Generated/CMSIS_DSP/SupportFunctions/arm_fill_q7.c **** 
  86:../Dave/Generated/CMSIS_DSP/SupportFunctions/arm_fill_q7.c ****   /* Run the below code for Cortex-M0 */
  87:../Dave/Generated/CMSIS_DSP/SupportFunctions/arm_fill_q7.c **** 
  88:../Dave/Generated/CMSIS_DSP/SupportFunctions/arm_fill_q7.c ****   /* Loop over blockSize number of values */
  89:../Dave/Generated/CMSIS_DSP/SupportFunctions/arm_fill_q7.c ****   blkCnt = blockSize;
  90:../Dave/Generated/CMSIS_DSP/SupportFunctions/arm_fill_q7.c **** 
  91:../Dave/Generated/CMSIS_DSP/SupportFunctions/arm_fill_q7.c **** #endif /* #if defined (ARM_MATH_DSP) */
  92:../Dave/Generated/CMSIS_DSP/SupportFunctions/arm_fill_q7.c **** 
  93:../Dave/Generated/CMSIS_DSP/SupportFunctions/arm_fill_q7.c ****   while (blkCnt > 0u)
  89              	 .loc 1 93 0
  90 005e 07E0     	 b .L4
  91              	.L5:
  94:../Dave/Generated/CMSIS_DSP/SupportFunctions/arm_fill_q7.c ****   {
  95:../Dave/Generated/CMSIS_DSP/SupportFunctions/arm_fill_q7.c ****     /* C = value */
  96:../Dave/Generated/CMSIS_DSP/SupportFunctions/arm_fill_q7.c ****     /* Fill the value in the destination buffer */
  97:../Dave/Generated/CMSIS_DSP/SupportFunctions/arm_fill_q7.c ****     *pDst++ = value;
  92              	 .loc 1 97 0
  93 0060 BB68     	 ldr r3,[r7,#8]
  94 0062 5A1C     	 adds r2,r3,#1
  95 0064 BA60     	 str r2,[r7,#8]
  96 0066 FA7B     	 ldrb r2,[r7,#15]
  97 0068 1A70     	 strb r2,[r3]
  98:../Dave/Generated/CMSIS_DSP/SupportFunctions/arm_fill_q7.c **** 
  99:../Dave/Generated/CMSIS_DSP/SupportFunctions/arm_fill_q7.c ****     /* Decrement the loop counter */
 100:../Dave/Generated/CMSIS_DSP/SupportFunctions/arm_fill_q7.c ****     blkCnt--;
  98              	 .loc 1 100 0
  99 006a 7B69     	 ldr r3,[r7,#20]
 100 006c 013B     	 subs r3,r3,#1
 101 006e 7B61     	 str r3,[r7,#20]
 102              	.L4:
  93:../Dave/Generated/CMSIS_DSP/SupportFunctions/arm_fill_q7.c ****   {
 103              	 .loc 1 93 0
 104 0070 7B69     	 ldr r3,[r7,#20]
 105 0072 002B     	 cmp r3,#0
 106 0074 F4D1     	 bne .L5
 101:../Dave/Generated/CMSIS_DSP/SupportFunctions/arm_fill_q7.c ****   }
 102:../Dave/Generated/CMSIS_DSP/SupportFunctions/arm_fill_q7.c **** }
 107              	 .loc 1 102 0
 108 0076 1C37     	 adds r7,r7,#28
 109              	.LCFI3:
 110              	 .cfi_def_cfa_offset 4
 111 0078 BD46     	 mov sp,r7
 112              	.LCFI4:
 113              	 .cfi_def_cfa_register 13
 114              	 
 115 007a 5DF8047B 	 ldr r7,[sp],#4
 116              	.LCFI5:
 117              	 .cfi_restore 7
 118              	 .cfi_def_cfa_offset 0
 119 007e 7047     	 bx lr
 120              	 .cfi_endproc
 121              	.LFE135:
 123              	 .text
 124              	.Letext0:
 125              	 .file 2 "c:\\program files (x86)\\dave\\eclipse\\arm-gcc-49\\arm-none-eabi\\include\\machine\\_default_types.h"
 126              	 .file 3 "c:\\program files (x86)\\dave\\eclipse\\arm-gcc-49\\arm-none-eabi\\include\\stdint.h"
 127              	 .file 4 "F:/Projects/20190909 - 3phase_inverter/3phase_inverter/4. Software_WS/OL_VSC_vitor/Dave/Generated/CMSIS_DSP/arm_math.h"
DEFINED SYMBOLS
                            *ABS*:00000000 arm_fill_q7.c
    {standard input}:20     .text.arm_fill_q7:00000000 $t
    {standard input}:25     .text.arm_fill_q7:00000000 arm_fill_q7
                     .debug_frame:00000010 $d

NO UNDEFINED SYMBOLS
