   1              	 .syntax unified
   2              	 .cpu cortex-m4
   3              	 .eabi_attribute 27,3
   4              	 .fpu fpv4-sp-d16
   5              	 .eabi_attribute 20,1
   6              	 .eabi_attribute 21,1
   7              	 .eabi_attribute 23,3
   8              	 .eabi_attribute 24,1
   9              	 .eabi_attribute 25,1
  10              	 .eabi_attribute 26,1
  11              	 .eabi_attribute 30,6
  12              	 .eabi_attribute 34,1
  13              	 .eabi_attribute 18,4
  14              	 .thumb
  15              	 .file "arm_q31_to_q7.c"
  16              	 .text
  17              	.Ltext0:
  18              	 .cfi_sections .debug_frame
  19              	 .section .text.arm_q31_to_q7,"ax",%progbits
  20              	 .align 2
  21              	 .global arm_q31_to_q7
  22              	 .thumb
  23              	 .thumb_func
  25              	arm_q31_to_q7:
  26              	.LFB135:
  27              	 .file 1 "../Dave/Generated/CMSIS_DSP/SupportFunctions/arm_q31_to_q7.c"
   1:../Dave/Generated/CMSIS_DSP/SupportFunctions/arm_q31_to_q7.c **** /* ----------------------------------------------------------------------
   2:../Dave/Generated/CMSIS_DSP/SupportFunctions/arm_q31_to_q7.c ****  * Project:      CMSIS DSP Library
   3:../Dave/Generated/CMSIS_DSP/SupportFunctions/arm_q31_to_q7.c ****  * Title:        arm_q31_to_q7.c
   4:../Dave/Generated/CMSIS_DSP/SupportFunctions/arm_q31_to_q7.c ****  * Description:  Converts the elements of the Q31 vector to Q7 vector
   5:../Dave/Generated/CMSIS_DSP/SupportFunctions/arm_q31_to_q7.c ****  *
   6:../Dave/Generated/CMSIS_DSP/SupportFunctions/arm_q31_to_q7.c ****  * $Date:        27. January 2017
   7:../Dave/Generated/CMSIS_DSP/SupportFunctions/arm_q31_to_q7.c ****  * $Revision:    V.1.5.1
   8:../Dave/Generated/CMSIS_DSP/SupportFunctions/arm_q31_to_q7.c ****  *
   9:../Dave/Generated/CMSIS_DSP/SupportFunctions/arm_q31_to_q7.c ****  * Target Processor: Cortex-M cores
  10:../Dave/Generated/CMSIS_DSP/SupportFunctions/arm_q31_to_q7.c ****  * -------------------------------------------------------------------- */
  11:../Dave/Generated/CMSIS_DSP/SupportFunctions/arm_q31_to_q7.c **** /*
  12:../Dave/Generated/CMSIS_DSP/SupportFunctions/arm_q31_to_q7.c ****  * Copyright (C) 2010-2017 ARM Limited or its affiliates. All rights reserved.
  13:../Dave/Generated/CMSIS_DSP/SupportFunctions/arm_q31_to_q7.c ****  *
  14:../Dave/Generated/CMSIS_DSP/SupportFunctions/arm_q31_to_q7.c ****  * SPDX-License-Identifier: Apache-2.0
  15:../Dave/Generated/CMSIS_DSP/SupportFunctions/arm_q31_to_q7.c ****  *
  16:../Dave/Generated/CMSIS_DSP/SupportFunctions/arm_q31_to_q7.c ****  * Licensed under the Apache License, Version 2.0 (the License); you may
  17:../Dave/Generated/CMSIS_DSP/SupportFunctions/arm_q31_to_q7.c ****  * not use this file except in compliance with the License.
  18:../Dave/Generated/CMSIS_DSP/SupportFunctions/arm_q31_to_q7.c ****  * You may obtain a copy of the License at
  19:../Dave/Generated/CMSIS_DSP/SupportFunctions/arm_q31_to_q7.c ****  *
  20:../Dave/Generated/CMSIS_DSP/SupportFunctions/arm_q31_to_q7.c ****  * www.apache.org/licenses/LICENSE-2.0
  21:../Dave/Generated/CMSIS_DSP/SupportFunctions/arm_q31_to_q7.c ****  *
  22:../Dave/Generated/CMSIS_DSP/SupportFunctions/arm_q31_to_q7.c ****  * Unless required by applicable law or agreed to in writing, software
  23:../Dave/Generated/CMSIS_DSP/SupportFunctions/arm_q31_to_q7.c ****  * distributed under the License is distributed on an AS IS BASIS, WITHOUT
  24:../Dave/Generated/CMSIS_DSP/SupportFunctions/arm_q31_to_q7.c ****  * WARRANTIES OR CONDITIONS OF ANY KIND, either express or implied.
  25:../Dave/Generated/CMSIS_DSP/SupportFunctions/arm_q31_to_q7.c ****  * See the License for the specific language governing permissions and
  26:../Dave/Generated/CMSIS_DSP/SupportFunctions/arm_q31_to_q7.c ****  * limitations under the License.
  27:../Dave/Generated/CMSIS_DSP/SupportFunctions/arm_q31_to_q7.c ****  */
  28:../Dave/Generated/CMSIS_DSP/SupportFunctions/arm_q31_to_q7.c **** 
  29:../Dave/Generated/CMSIS_DSP/SupportFunctions/arm_q31_to_q7.c **** #include "CMSIS_DSP/cmsis_dsp.h"
  30:../Dave/Generated/CMSIS_DSP/SupportFunctions/arm_q31_to_q7.c **** 
  31:../Dave/Generated/CMSIS_DSP/SupportFunctions/arm_q31_to_q7.c **** /**
  32:../Dave/Generated/CMSIS_DSP/SupportFunctions/arm_q31_to_q7.c ****  * @ingroup groupSupport
  33:../Dave/Generated/CMSIS_DSP/SupportFunctions/arm_q31_to_q7.c ****  */
  34:../Dave/Generated/CMSIS_DSP/SupportFunctions/arm_q31_to_q7.c **** 
  35:../Dave/Generated/CMSIS_DSP/SupportFunctions/arm_q31_to_q7.c **** /**
  36:../Dave/Generated/CMSIS_DSP/SupportFunctions/arm_q31_to_q7.c ****  * @addtogroup q31_to_x
  37:../Dave/Generated/CMSIS_DSP/SupportFunctions/arm_q31_to_q7.c ****  * @{
  38:../Dave/Generated/CMSIS_DSP/SupportFunctions/arm_q31_to_q7.c ****  */
  39:../Dave/Generated/CMSIS_DSP/SupportFunctions/arm_q31_to_q7.c **** 
  40:../Dave/Generated/CMSIS_DSP/SupportFunctions/arm_q31_to_q7.c **** /**
  41:../Dave/Generated/CMSIS_DSP/SupportFunctions/arm_q31_to_q7.c ****  * @brief Converts the elements of the Q31 vector to Q7 vector.
  42:../Dave/Generated/CMSIS_DSP/SupportFunctions/arm_q31_to_q7.c ****  * @param[in]       *pSrc points to the Q31 input vector
  43:../Dave/Generated/CMSIS_DSP/SupportFunctions/arm_q31_to_q7.c ****  * @param[out]      *pDst points to the Q7 output vector
  44:../Dave/Generated/CMSIS_DSP/SupportFunctions/arm_q31_to_q7.c ****  * @param[in]       blockSize length of the input vector
  45:../Dave/Generated/CMSIS_DSP/SupportFunctions/arm_q31_to_q7.c ****  * @return none.
  46:../Dave/Generated/CMSIS_DSP/SupportFunctions/arm_q31_to_q7.c ****  *
  47:../Dave/Generated/CMSIS_DSP/SupportFunctions/arm_q31_to_q7.c ****  * \par Description:
  48:../Dave/Generated/CMSIS_DSP/SupportFunctions/arm_q31_to_q7.c ****  *
  49:../Dave/Generated/CMSIS_DSP/SupportFunctions/arm_q31_to_q7.c ****  * The equation used for the conversion process is:
  50:../Dave/Generated/CMSIS_DSP/SupportFunctions/arm_q31_to_q7.c ****  *
  51:../Dave/Generated/CMSIS_DSP/SupportFunctions/arm_q31_to_q7.c ****  * <pre>
  52:../Dave/Generated/CMSIS_DSP/SupportFunctions/arm_q31_to_q7.c ****  * 	pDst[n] = (q7_t) pSrc[n] >> 24;   0 <= n < blockSize.
  53:../Dave/Generated/CMSIS_DSP/SupportFunctions/arm_q31_to_q7.c ****  * </pre>
  54:../Dave/Generated/CMSIS_DSP/SupportFunctions/arm_q31_to_q7.c ****  *
  55:../Dave/Generated/CMSIS_DSP/SupportFunctions/arm_q31_to_q7.c ****  */
  56:../Dave/Generated/CMSIS_DSP/SupportFunctions/arm_q31_to_q7.c **** 
  57:../Dave/Generated/CMSIS_DSP/SupportFunctions/arm_q31_to_q7.c **** 
  58:../Dave/Generated/CMSIS_DSP/SupportFunctions/arm_q31_to_q7.c **** void arm_q31_to_q7(
  59:../Dave/Generated/CMSIS_DSP/SupportFunctions/arm_q31_to_q7.c ****   q31_t * pSrc,
  60:../Dave/Generated/CMSIS_DSP/SupportFunctions/arm_q31_to_q7.c ****   q7_t * pDst,
  61:../Dave/Generated/CMSIS_DSP/SupportFunctions/arm_q31_to_q7.c ****   uint32_t blockSize)
  62:../Dave/Generated/CMSIS_DSP/SupportFunctions/arm_q31_to_q7.c **** {
  28              	 .loc 1 62 0
  29              	 .cfi_startproc
  30              	 
  31              	 
  32              	 
  33 0000 80B4     	 push {r7}
  34              	.LCFI0:
  35              	 .cfi_def_cfa_offset 4
  36              	 .cfi_offset 7,-4
  37 0002 8DB0     	 sub sp,sp,#52
  38              	.LCFI1:
  39              	 .cfi_def_cfa_offset 56
  40 0004 00AF     	 add r7,sp,#0
  41              	.LCFI2:
  42              	 .cfi_def_cfa_register 7
  43 0006 F860     	 str r0,[r7,#12]
  44 0008 B960     	 str r1,[r7,#8]
  45 000a 7A60     	 str r2,[r7,#4]
  63:../Dave/Generated/CMSIS_DSP/SupportFunctions/arm_q31_to_q7.c ****   q31_t *pIn = pSrc;                             /* Src pointer */
  46              	 .loc 1 63 0
  47 000c FB68     	 ldr r3,[r7,#12]
  48 000e FB62     	 str r3,[r7,#44]
  64:../Dave/Generated/CMSIS_DSP/SupportFunctions/arm_q31_to_q7.c ****   uint32_t blkCnt;                               /* loop counter */
  65:../Dave/Generated/CMSIS_DSP/SupportFunctions/arm_q31_to_q7.c **** 
  66:../Dave/Generated/CMSIS_DSP/SupportFunctions/arm_q31_to_q7.c **** #if defined (ARM_MATH_DSP)
  67:../Dave/Generated/CMSIS_DSP/SupportFunctions/arm_q31_to_q7.c **** 
  68:../Dave/Generated/CMSIS_DSP/SupportFunctions/arm_q31_to_q7.c ****   /* Run the below code for Cortex-M4 and Cortex-M3 */
  69:../Dave/Generated/CMSIS_DSP/SupportFunctions/arm_q31_to_q7.c ****   q31_t in1, in2, in3, in4;
  70:../Dave/Generated/CMSIS_DSP/SupportFunctions/arm_q31_to_q7.c ****   q7_t out1, out2, out3, out4;
  71:../Dave/Generated/CMSIS_DSP/SupportFunctions/arm_q31_to_q7.c **** 
  72:../Dave/Generated/CMSIS_DSP/SupportFunctions/arm_q31_to_q7.c ****   /*loop Unrolling */
  73:../Dave/Generated/CMSIS_DSP/SupportFunctions/arm_q31_to_q7.c ****   blkCnt = blockSize >> 2u;
  49              	 .loc 1 73 0
  50 0010 7B68     	 ldr r3,[r7,#4]
  51 0012 9B08     	 lsrs r3,r3,#2
  52 0014 BB62     	 str r3,[r7,#40]
  74:../Dave/Generated/CMSIS_DSP/SupportFunctions/arm_q31_to_q7.c **** 
  75:../Dave/Generated/CMSIS_DSP/SupportFunctions/arm_q31_to_q7.c ****   /* First part of the processing with loop unrolling.  Compute 4 outputs at a time.
  76:../Dave/Generated/CMSIS_DSP/SupportFunctions/arm_q31_to_q7.c ****    ** a second loop below computes the remaining 1 to 3 samples. */
  77:../Dave/Generated/CMSIS_DSP/SupportFunctions/arm_q31_to_q7.c ****   while (blkCnt > 0u)
  53              	 .loc 1 77 0
  54 0016 3AE0     	 b .L2
  55              	.L3:
  78:../Dave/Generated/CMSIS_DSP/SupportFunctions/arm_q31_to_q7.c ****   {
  79:../Dave/Generated/CMSIS_DSP/SupportFunctions/arm_q31_to_q7.c ****     /* C = (q7_t) A >> 24 */
  80:../Dave/Generated/CMSIS_DSP/SupportFunctions/arm_q31_to_q7.c ****     /* convert from q31 to q7 and then store the results in the destination buffer */
  81:../Dave/Generated/CMSIS_DSP/SupportFunctions/arm_q31_to_q7.c ****     in1 = *pIn++;
  56              	 .loc 1 81 0
  57 0018 FB6A     	 ldr r3,[r7,#44]
  58 001a 1A1D     	 adds r2,r3,#4
  59 001c FA62     	 str r2,[r7,#44]
  60 001e 1B68     	 ldr r3,[r3]
  61 0020 7B62     	 str r3,[r7,#36]
  82:../Dave/Generated/CMSIS_DSP/SupportFunctions/arm_q31_to_q7.c ****     in2 = *pIn++;
  62              	 .loc 1 82 0
  63 0022 FB6A     	 ldr r3,[r7,#44]
  64 0024 1A1D     	 adds r2,r3,#4
  65 0026 FA62     	 str r2,[r7,#44]
  66 0028 1B68     	 ldr r3,[r3]
  67 002a 3B62     	 str r3,[r7,#32]
  83:../Dave/Generated/CMSIS_DSP/SupportFunctions/arm_q31_to_q7.c ****     in3 = *pIn++;
  68              	 .loc 1 83 0
  69 002c FB6A     	 ldr r3,[r7,#44]
  70 002e 1A1D     	 adds r2,r3,#4
  71 0030 FA62     	 str r2,[r7,#44]
  72 0032 1B68     	 ldr r3,[r3]
  73 0034 FB61     	 str r3,[r7,#28]
  84:../Dave/Generated/CMSIS_DSP/SupportFunctions/arm_q31_to_q7.c ****     in4 = *pIn++;
  74              	 .loc 1 84 0
  75 0036 FB6A     	 ldr r3,[r7,#44]
  76 0038 1A1D     	 adds r2,r3,#4
  77 003a FA62     	 str r2,[r7,#44]
  78 003c 1B68     	 ldr r3,[r3]
  79 003e BB61     	 str r3,[r7,#24]
  85:../Dave/Generated/CMSIS_DSP/SupportFunctions/arm_q31_to_q7.c **** 
  86:../Dave/Generated/CMSIS_DSP/SupportFunctions/arm_q31_to_q7.c ****     out1 = (q7_t) (in1 >> 24);
  80              	 .loc 1 86 0
  81 0040 7B6A     	 ldr r3,[r7,#36]
  82 0042 1B16     	 asrs r3,r3,#24
  83 0044 FB75     	 strb r3,[r7,#23]
  87:../Dave/Generated/CMSIS_DSP/SupportFunctions/arm_q31_to_q7.c ****     out2 = (q7_t) (in2 >> 24);
  84              	 .loc 1 87 0
  85 0046 3B6A     	 ldr r3,[r7,#32]
  86 0048 1B16     	 asrs r3,r3,#24
  87 004a BB75     	 strb r3,[r7,#22]
  88:../Dave/Generated/CMSIS_DSP/SupportFunctions/arm_q31_to_q7.c ****     out3 = (q7_t) (in3 >> 24);
  88              	 .loc 1 88 0
  89 004c FB69     	 ldr r3,[r7,#28]
  90 004e 1B16     	 asrs r3,r3,#24
  91 0050 7B75     	 strb r3,[r7,#21]
  89:../Dave/Generated/CMSIS_DSP/SupportFunctions/arm_q31_to_q7.c ****     out4 = (q7_t) (in4 >> 24);
  92              	 .loc 1 89 0
  93 0052 BB69     	 ldr r3,[r7,#24]
  94 0054 1B16     	 asrs r3,r3,#24
  95 0056 3B75     	 strb r3,[r7,#20]
  90:../Dave/Generated/CMSIS_DSP/SupportFunctions/arm_q31_to_q7.c **** 
  91:../Dave/Generated/CMSIS_DSP/SupportFunctions/arm_q31_to_q7.c ****     *__SIMD32(pDst)++ = __PACKq7(out1, out2, out3, out4);
  96              	 .loc 1 91 0
  97 0058 07F10802 	 add r2,r7,#8
  98 005c 1368     	 ldr r3,[r2]
  99 005e 191D     	 adds r1,r3,#4
 100 0060 1160     	 str r1,[r2]
 101 0062 97F91720 	 ldrsb r2,[r7,#23]
 102 0066 D1B2     	 uxtb r1,r2
 103 0068 97F91620 	 ldrsb r2,[r7,#22]
 104 006c 1202     	 lsls r2,r2,#8
 105 006e 92B2     	 uxth r2,r2
 106 0070 1143     	 orrs r1,r1,r2
 107 0072 97F91520 	 ldrsb r2,[r7,#21]
 108 0076 1204     	 lsls r2,r2,#16
 109 0078 02F47F02 	 and r2,r2,#16711680
 110 007c 1143     	 orrs r1,r1,r2
 111 007e 97F91420 	 ldrsb r2,[r7,#20]
 112 0082 1206     	 lsls r2,r2,#24
 113 0084 0A43     	 orrs r2,r2,r1
 114 0086 1A60     	 str r2,[r3]
  92:../Dave/Generated/CMSIS_DSP/SupportFunctions/arm_q31_to_q7.c **** 
  93:../Dave/Generated/CMSIS_DSP/SupportFunctions/arm_q31_to_q7.c ****     /* Decrement the loop counter */
  94:../Dave/Generated/CMSIS_DSP/SupportFunctions/arm_q31_to_q7.c ****     blkCnt--;
 115              	 .loc 1 94 0
 116 0088 BB6A     	 ldr r3,[r7,#40]
 117 008a 013B     	 subs r3,r3,#1
 118 008c BB62     	 str r3,[r7,#40]
 119              	.L2:
  77:../Dave/Generated/CMSIS_DSP/SupportFunctions/arm_q31_to_q7.c ****   {
 120              	 .loc 1 77 0
 121 008e BB6A     	 ldr r3,[r7,#40]
 122 0090 002B     	 cmp r3,#0
 123 0092 C1D1     	 bne .L3
  95:../Dave/Generated/CMSIS_DSP/SupportFunctions/arm_q31_to_q7.c ****   }
  96:../Dave/Generated/CMSIS_DSP/SupportFunctions/arm_q31_to_q7.c **** 
  97:../Dave/Generated/CMSIS_DSP/SupportFunctions/arm_q31_to_q7.c ****   /* If the blockSize is not a multiple of 4, compute any remaining output samples here.
  98:../Dave/Generated/CMSIS_DSP/SupportFunctions/arm_q31_to_q7.c ****    ** No loop unrolling is used. */
  99:../Dave/Generated/CMSIS_DSP/SupportFunctions/arm_q31_to_q7.c ****   blkCnt = blockSize % 0x4u;
 124              	 .loc 1 99 0
 125 0094 7B68     	 ldr r3,[r7,#4]
 126 0096 03F00303 	 and r3,r3,#3
 127 009a BB62     	 str r3,[r7,#40]
 100:../Dave/Generated/CMSIS_DSP/SupportFunctions/arm_q31_to_q7.c **** 
 101:../Dave/Generated/CMSIS_DSP/SupportFunctions/arm_q31_to_q7.c **** #else
 102:../Dave/Generated/CMSIS_DSP/SupportFunctions/arm_q31_to_q7.c **** 
 103:../Dave/Generated/CMSIS_DSP/SupportFunctions/arm_q31_to_q7.c ****   /* Run the below code for Cortex-M0 */
 104:../Dave/Generated/CMSIS_DSP/SupportFunctions/arm_q31_to_q7.c **** 
 105:../Dave/Generated/CMSIS_DSP/SupportFunctions/arm_q31_to_q7.c ****   /* Loop over blockSize number of values */
 106:../Dave/Generated/CMSIS_DSP/SupportFunctions/arm_q31_to_q7.c ****   blkCnt = blockSize;
 107:../Dave/Generated/CMSIS_DSP/SupportFunctions/arm_q31_to_q7.c **** 
 108:../Dave/Generated/CMSIS_DSP/SupportFunctions/arm_q31_to_q7.c **** #endif /* #if defined (ARM_MATH_DSP) */
 109:../Dave/Generated/CMSIS_DSP/SupportFunctions/arm_q31_to_q7.c **** 
 110:../Dave/Generated/CMSIS_DSP/SupportFunctions/arm_q31_to_q7.c ****   while (blkCnt > 0u)
 128              	 .loc 1 110 0
 129 009c 0CE0     	 b .L4
 130              	.L5:
 111:../Dave/Generated/CMSIS_DSP/SupportFunctions/arm_q31_to_q7.c ****   {
 112:../Dave/Generated/CMSIS_DSP/SupportFunctions/arm_q31_to_q7.c ****     /* C = (q7_t) A >> 24 */
 113:../Dave/Generated/CMSIS_DSP/SupportFunctions/arm_q31_to_q7.c ****     /* convert from q31 to q7 and then store the results in the destination buffer */
 114:../Dave/Generated/CMSIS_DSP/SupportFunctions/arm_q31_to_q7.c ****     *pDst++ = (q7_t) (*pIn++ >> 24);
 131              	 .loc 1 114 0
 132 009e BB68     	 ldr r3,[r7,#8]
 133 00a0 5A1C     	 adds r2,r3,#1
 134 00a2 BA60     	 str r2,[r7,#8]
 135 00a4 FA6A     	 ldr r2,[r7,#44]
 136 00a6 111D     	 adds r1,r2,#4
 137 00a8 F962     	 str r1,[r7,#44]
 138 00aa 1268     	 ldr r2,[r2]
 139 00ac 1216     	 asrs r2,r2,#24
 140 00ae D2B2     	 uxtb r2,r2
 141 00b0 1A70     	 strb r2,[r3]
 115:../Dave/Generated/CMSIS_DSP/SupportFunctions/arm_q31_to_q7.c **** 
 116:../Dave/Generated/CMSIS_DSP/SupportFunctions/arm_q31_to_q7.c ****     /* Decrement the loop counter */
 117:../Dave/Generated/CMSIS_DSP/SupportFunctions/arm_q31_to_q7.c ****     blkCnt--;
 142              	 .loc 1 117 0
 143 00b2 BB6A     	 ldr r3,[r7,#40]
 144 00b4 013B     	 subs r3,r3,#1
 145 00b6 BB62     	 str r3,[r7,#40]
 146              	.L4:
 110:../Dave/Generated/CMSIS_DSP/SupportFunctions/arm_q31_to_q7.c ****   {
 147              	 .loc 1 110 0
 148 00b8 BB6A     	 ldr r3,[r7,#40]
 149 00ba 002B     	 cmp r3,#0
 150 00bc EFD1     	 bne .L5
 118:../Dave/Generated/CMSIS_DSP/SupportFunctions/arm_q31_to_q7.c ****   }
 119:../Dave/Generated/CMSIS_DSP/SupportFunctions/arm_q31_to_q7.c **** 
 120:../Dave/Generated/CMSIS_DSP/SupportFunctions/arm_q31_to_q7.c **** }
 151              	 .loc 1 120 0
 152 00be 3437     	 adds r7,r7,#52
 153              	.LCFI3:
 154              	 .cfi_def_cfa_offset 4
 155 00c0 BD46     	 mov sp,r7
 156              	.LCFI4:
 157              	 .cfi_def_cfa_register 13
 158              	 
 159 00c2 5DF8047B 	 ldr r7,[sp],#4
 160              	.LCFI5:
 161              	 .cfi_restore 7
 162              	 .cfi_def_cfa_offset 0
 163 00c6 7047     	 bx lr
 164              	 .cfi_endproc
 165              	.LFE135:
 167              	 .text
 168              	.Letext0:
 169              	 .file 2 "c:\\program files (x86)\\dave\\eclipse\\arm-gcc-49\\arm-none-eabi\\include\\machine\\_default_types.h"
 170              	 .file 3 "c:\\program files (x86)\\dave\\eclipse\\arm-gcc-49\\arm-none-eabi\\include\\stdint.h"
 171              	 .file 4 "F:/Projects/20190909 - 3phase_inverter/3phase_inverter/4. Software_WS/OL_VSC_vitor/Dave/Generated/CMSIS_DSP/arm_math.h"
DEFINED SYMBOLS
                            *ABS*:00000000 arm_q31_to_q7.c
    {standard input}:20     .text.arm_q31_to_q7:00000000 $t
    {standard input}:25     .text.arm_q31_to_q7:00000000 arm_q31_to_q7
                     .debug_frame:00000010 $d

NO UNDEFINED SYMBOLS
