   1              	 .syntax unified
   2              	 .cpu cortex-m4
   3              	 .eabi_attribute 27,3
   4              	 .fpu fpv4-sp-d16
   5              	 .eabi_attribute 20,1
   6              	 .eabi_attribute 21,1
   7              	 .eabi_attribute 23,3
   8              	 .eabi_attribute 24,1
   9              	 .eabi_attribute 25,1
  10              	 .eabi_attribute 26,1
  11              	 .eabi_attribute 30,6
  12              	 .eabi_attribute 34,1
  13              	 .eabi_attribute 18,4
  14              	 .thumb
  15              	 .file "arm_mean_f32.c"
  16              	 .text
  17              	.Ltext0:
  18              	 .cfi_sections .debug_frame
  19              	 .section .text.arm_mean_f32,"ax",%progbits
  20              	 .align 2
  21              	 .global arm_mean_f32
  22              	 .thumb
  23              	 .thumb_func
  25              	arm_mean_f32:
  26              	.LFB135:
  27              	 .file 1 "../Dave/Generated/CMSIS_DSP/StatisticsFunctions/arm_mean_f32.c"
   1:../Dave/Generated/CMSIS_DSP/StatisticsFunctions/arm_mean_f32.c **** /* ----------------------------------------------------------------------
   2:../Dave/Generated/CMSIS_DSP/StatisticsFunctions/arm_mean_f32.c ****  * Project:      CMSIS DSP Library
   3:../Dave/Generated/CMSIS_DSP/StatisticsFunctions/arm_mean_f32.c ****  * Title:        arm_mean_f32.c
   4:../Dave/Generated/CMSIS_DSP/StatisticsFunctions/arm_mean_f32.c ****  * Description:  Mean value of a floating-point vector
   5:../Dave/Generated/CMSIS_DSP/StatisticsFunctions/arm_mean_f32.c ****  *
   6:../Dave/Generated/CMSIS_DSP/StatisticsFunctions/arm_mean_f32.c ****  * $Date:        27. January 2017
   7:../Dave/Generated/CMSIS_DSP/StatisticsFunctions/arm_mean_f32.c ****  * $Revision:    V.1.5.1
   8:../Dave/Generated/CMSIS_DSP/StatisticsFunctions/arm_mean_f32.c ****  *
   9:../Dave/Generated/CMSIS_DSP/StatisticsFunctions/arm_mean_f32.c ****  * Target Processor: Cortex-M cores
  10:../Dave/Generated/CMSIS_DSP/StatisticsFunctions/arm_mean_f32.c ****  * -------------------------------------------------------------------- */
  11:../Dave/Generated/CMSIS_DSP/StatisticsFunctions/arm_mean_f32.c **** /*
  12:../Dave/Generated/CMSIS_DSP/StatisticsFunctions/arm_mean_f32.c ****  * Copyright (C) 2010-2017 ARM Limited or its affiliates. All rights reserved.
  13:../Dave/Generated/CMSIS_DSP/StatisticsFunctions/arm_mean_f32.c ****  *
  14:../Dave/Generated/CMSIS_DSP/StatisticsFunctions/arm_mean_f32.c ****  * SPDX-License-Identifier: Apache-2.0
  15:../Dave/Generated/CMSIS_DSP/StatisticsFunctions/arm_mean_f32.c ****  *
  16:../Dave/Generated/CMSIS_DSP/StatisticsFunctions/arm_mean_f32.c ****  * Licensed under the Apache License, Version 2.0 (the License); you may
  17:../Dave/Generated/CMSIS_DSP/StatisticsFunctions/arm_mean_f32.c ****  * not use this file except in compliance with the License.
  18:../Dave/Generated/CMSIS_DSP/StatisticsFunctions/arm_mean_f32.c ****  * You may obtain a copy of the License at
  19:../Dave/Generated/CMSIS_DSP/StatisticsFunctions/arm_mean_f32.c ****  *
  20:../Dave/Generated/CMSIS_DSP/StatisticsFunctions/arm_mean_f32.c ****  * www.apache.org/licenses/LICENSE-2.0
  21:../Dave/Generated/CMSIS_DSP/StatisticsFunctions/arm_mean_f32.c ****  *
  22:../Dave/Generated/CMSIS_DSP/StatisticsFunctions/arm_mean_f32.c ****  * Unless required by applicable law or agreed to in writing, software
  23:../Dave/Generated/CMSIS_DSP/StatisticsFunctions/arm_mean_f32.c ****  * distributed under the License is distributed on an AS IS BASIS, WITHOUT
  24:../Dave/Generated/CMSIS_DSP/StatisticsFunctions/arm_mean_f32.c ****  * WARRANTIES OR CONDITIONS OF ANY KIND, either express or implied.
  25:../Dave/Generated/CMSIS_DSP/StatisticsFunctions/arm_mean_f32.c ****  * See the License for the specific language governing permissions and
  26:../Dave/Generated/CMSIS_DSP/StatisticsFunctions/arm_mean_f32.c ****  * limitations under the License.
  27:../Dave/Generated/CMSIS_DSP/StatisticsFunctions/arm_mean_f32.c ****  */
  28:../Dave/Generated/CMSIS_DSP/StatisticsFunctions/arm_mean_f32.c **** 
  29:../Dave/Generated/CMSIS_DSP/StatisticsFunctions/arm_mean_f32.c **** #include "CMSIS_DSP/cmsis_dsp.h"
  30:../Dave/Generated/CMSIS_DSP/StatisticsFunctions/arm_mean_f32.c **** 
  31:../Dave/Generated/CMSIS_DSP/StatisticsFunctions/arm_mean_f32.c **** /**
  32:../Dave/Generated/CMSIS_DSP/StatisticsFunctions/arm_mean_f32.c ****  * @ingroup groupStats
  33:../Dave/Generated/CMSIS_DSP/StatisticsFunctions/arm_mean_f32.c ****  */
  34:../Dave/Generated/CMSIS_DSP/StatisticsFunctions/arm_mean_f32.c **** 
  35:../Dave/Generated/CMSIS_DSP/StatisticsFunctions/arm_mean_f32.c **** /**
  36:../Dave/Generated/CMSIS_DSP/StatisticsFunctions/arm_mean_f32.c ****  * @defgroup mean Mean
  37:../Dave/Generated/CMSIS_DSP/StatisticsFunctions/arm_mean_f32.c ****  *
  38:../Dave/Generated/CMSIS_DSP/StatisticsFunctions/arm_mean_f32.c ****  * Calculates the mean of the input vector. Mean is defined as the average of the elements in the v
  39:../Dave/Generated/CMSIS_DSP/StatisticsFunctions/arm_mean_f32.c ****  * The underlying algorithm is used:
  40:../Dave/Generated/CMSIS_DSP/StatisticsFunctions/arm_mean_f32.c ****  *
  41:../Dave/Generated/CMSIS_DSP/StatisticsFunctions/arm_mean_f32.c ****  * <pre>
  42:../Dave/Generated/CMSIS_DSP/StatisticsFunctions/arm_mean_f32.c ****  * 	Result = (pSrc[0] + pSrc[1] + pSrc[2] + ... + pSrc[blockSize-1]) / blockSize;
  43:../Dave/Generated/CMSIS_DSP/StatisticsFunctions/arm_mean_f32.c ****  * </pre>
  44:../Dave/Generated/CMSIS_DSP/StatisticsFunctions/arm_mean_f32.c ****  *
  45:../Dave/Generated/CMSIS_DSP/StatisticsFunctions/arm_mean_f32.c ****  * There are separate functions for floating-point, Q31, Q15, and Q7 data types.
  46:../Dave/Generated/CMSIS_DSP/StatisticsFunctions/arm_mean_f32.c ****  */
  47:../Dave/Generated/CMSIS_DSP/StatisticsFunctions/arm_mean_f32.c **** 
  48:../Dave/Generated/CMSIS_DSP/StatisticsFunctions/arm_mean_f32.c **** /**
  49:../Dave/Generated/CMSIS_DSP/StatisticsFunctions/arm_mean_f32.c ****  * @addtogroup mean
  50:../Dave/Generated/CMSIS_DSP/StatisticsFunctions/arm_mean_f32.c ****  * @{
  51:../Dave/Generated/CMSIS_DSP/StatisticsFunctions/arm_mean_f32.c ****  */
  52:../Dave/Generated/CMSIS_DSP/StatisticsFunctions/arm_mean_f32.c **** 
  53:../Dave/Generated/CMSIS_DSP/StatisticsFunctions/arm_mean_f32.c **** 
  54:../Dave/Generated/CMSIS_DSP/StatisticsFunctions/arm_mean_f32.c **** /**
  55:../Dave/Generated/CMSIS_DSP/StatisticsFunctions/arm_mean_f32.c ****  * @brief Mean value of a floating-point vector.
  56:../Dave/Generated/CMSIS_DSP/StatisticsFunctions/arm_mean_f32.c ****  * @param[in]       *pSrc points to the input vector
  57:../Dave/Generated/CMSIS_DSP/StatisticsFunctions/arm_mean_f32.c ****  * @param[in]       blockSize length of the input vector
  58:../Dave/Generated/CMSIS_DSP/StatisticsFunctions/arm_mean_f32.c ****  * @param[out]      *pResult mean value returned here
  59:../Dave/Generated/CMSIS_DSP/StatisticsFunctions/arm_mean_f32.c ****  * @return none.
  60:../Dave/Generated/CMSIS_DSP/StatisticsFunctions/arm_mean_f32.c ****  */
  61:../Dave/Generated/CMSIS_DSP/StatisticsFunctions/arm_mean_f32.c **** 
  62:../Dave/Generated/CMSIS_DSP/StatisticsFunctions/arm_mean_f32.c **** void arm_mean_f32(
  63:../Dave/Generated/CMSIS_DSP/StatisticsFunctions/arm_mean_f32.c ****   float32_t * pSrc,
  64:../Dave/Generated/CMSIS_DSP/StatisticsFunctions/arm_mean_f32.c ****   uint32_t blockSize,
  65:../Dave/Generated/CMSIS_DSP/StatisticsFunctions/arm_mean_f32.c ****   float32_t * pResult)
  66:../Dave/Generated/CMSIS_DSP/StatisticsFunctions/arm_mean_f32.c **** {
  28              	 .loc 1 66 0
  29              	 .cfi_startproc
  30              	 
  31              	 
  32              	 
  33 0000 80B4     	 push {r7}
  34              	.LCFI0:
  35              	 .cfi_def_cfa_offset 4
  36              	 .cfi_offset 7,-4
  37 0002 8BB0     	 sub sp,sp,#44
  38              	.LCFI1:
  39              	 .cfi_def_cfa_offset 48
  40 0004 00AF     	 add r7,sp,#0
  41              	.LCFI2:
  42              	 .cfi_def_cfa_register 7
  43 0006 F860     	 str r0,[r7,#12]
  44 0008 B960     	 str r1,[r7,#8]
  45 000a 7A60     	 str r2,[r7,#4]
  67:../Dave/Generated/CMSIS_DSP/StatisticsFunctions/arm_mean_f32.c ****   float32_t sum = 0.0f;                          /* Temporary result storage */
  46              	 .loc 1 67 0
  47 000c 4FF00003 	 mov r3,#0
  48 0010 7B62     	 str r3,[r7,#36]
  68:../Dave/Generated/CMSIS_DSP/StatisticsFunctions/arm_mean_f32.c ****   uint32_t blkCnt;                               /* loop counter */
  69:../Dave/Generated/CMSIS_DSP/StatisticsFunctions/arm_mean_f32.c **** 
  70:../Dave/Generated/CMSIS_DSP/StatisticsFunctions/arm_mean_f32.c **** #if defined (ARM_MATH_DSP)
  71:../Dave/Generated/CMSIS_DSP/StatisticsFunctions/arm_mean_f32.c ****   /* Run the below code for Cortex-M4 and Cortex-M3 */
  72:../Dave/Generated/CMSIS_DSP/StatisticsFunctions/arm_mean_f32.c **** 
  73:../Dave/Generated/CMSIS_DSP/StatisticsFunctions/arm_mean_f32.c ****   float32_t in1, in2, in3, in4;
  74:../Dave/Generated/CMSIS_DSP/StatisticsFunctions/arm_mean_f32.c **** 
  75:../Dave/Generated/CMSIS_DSP/StatisticsFunctions/arm_mean_f32.c ****   /*loop Unrolling */
  76:../Dave/Generated/CMSIS_DSP/StatisticsFunctions/arm_mean_f32.c ****   blkCnt = blockSize >> 2u;
  49              	 .loc 1 76 0
  50 0012 BB68     	 ldr r3,[r7,#8]
  51 0014 9B08     	 lsrs r3,r3,#2
  52 0016 3B62     	 str r3,[r7,#32]
  77:../Dave/Generated/CMSIS_DSP/StatisticsFunctions/arm_mean_f32.c **** 
  78:../Dave/Generated/CMSIS_DSP/StatisticsFunctions/arm_mean_f32.c ****   /* First part of the processing with loop unrolling.  Compute 4 outputs at a time.
  79:../Dave/Generated/CMSIS_DSP/StatisticsFunctions/arm_mean_f32.c ****    ** a second loop below computes the remaining 1 to 3 samples. */
  80:../Dave/Generated/CMSIS_DSP/StatisticsFunctions/arm_mean_f32.c ****   while (blkCnt > 0u)
  53              	 .loc 1 80 0
  54 0018 36E0     	 b .L2
  55              	.L3:
  81:../Dave/Generated/CMSIS_DSP/StatisticsFunctions/arm_mean_f32.c ****   {
  82:../Dave/Generated/CMSIS_DSP/StatisticsFunctions/arm_mean_f32.c ****     /* C = (A[0] + A[1] + A[2] + ... + A[blockSize-1]) */
  83:../Dave/Generated/CMSIS_DSP/StatisticsFunctions/arm_mean_f32.c ****     in1 = *pSrc++;
  56              	 .loc 1 83 0
  57 001a FB68     	 ldr r3,[r7,#12]
  58 001c 1A1D     	 adds r2,r3,#4
  59 001e FA60     	 str r2,[r7,#12]
  60 0020 1B68     	 ldr r3,[r3]
  61 0022 FB61     	 str r3,[r7,#28]
  84:../Dave/Generated/CMSIS_DSP/StatisticsFunctions/arm_mean_f32.c ****     in2 = *pSrc++;
  62              	 .loc 1 84 0
  63 0024 FB68     	 ldr r3,[r7,#12]
  64 0026 1A1D     	 adds r2,r3,#4
  65 0028 FA60     	 str r2,[r7,#12]
  66 002a 1B68     	 ldr r3,[r3]
  67 002c BB61     	 str r3,[r7,#24]
  85:../Dave/Generated/CMSIS_DSP/StatisticsFunctions/arm_mean_f32.c ****     in3 = *pSrc++;
  68              	 .loc 1 85 0
  69 002e FB68     	 ldr r3,[r7,#12]
  70 0030 1A1D     	 adds r2,r3,#4
  71 0032 FA60     	 str r2,[r7,#12]
  72 0034 1B68     	 ldr r3,[r3]
  73 0036 7B61     	 str r3,[r7,#20]
  86:../Dave/Generated/CMSIS_DSP/StatisticsFunctions/arm_mean_f32.c ****     in4 = *pSrc++;
  74              	 .loc 1 86 0
  75 0038 FB68     	 ldr r3,[r7,#12]
  76 003a 1A1D     	 adds r2,r3,#4
  77 003c FA60     	 str r2,[r7,#12]
  78 003e 1B68     	 ldr r3,[r3]
  79 0040 3B61     	 str r3,[r7,#16]
  87:../Dave/Generated/CMSIS_DSP/StatisticsFunctions/arm_mean_f32.c **** 
  88:../Dave/Generated/CMSIS_DSP/StatisticsFunctions/arm_mean_f32.c ****     sum += in1;
  80              	 .loc 1 88 0
  81 0042 97ED097A 	 flds s14,[r7,#36]
  82 0046 D7ED077A 	 flds s15,[r7,#28]
  83 004a 77EE277A 	 fadds s15,s14,s15
  84 004e C7ED097A 	 fsts s15,[r7,#36]
  89:../Dave/Generated/CMSIS_DSP/StatisticsFunctions/arm_mean_f32.c ****     sum += in2;
  85              	 .loc 1 89 0
  86 0052 97ED097A 	 flds s14,[r7,#36]
  87 0056 D7ED067A 	 flds s15,[r7,#24]
  88 005a 77EE277A 	 fadds s15,s14,s15
  89 005e C7ED097A 	 fsts s15,[r7,#36]
  90:../Dave/Generated/CMSIS_DSP/StatisticsFunctions/arm_mean_f32.c ****     sum += in3;
  90              	 .loc 1 90 0
  91 0062 97ED097A 	 flds s14,[r7,#36]
  92 0066 D7ED057A 	 flds s15,[r7,#20]
  93 006a 77EE277A 	 fadds s15,s14,s15
  94 006e C7ED097A 	 fsts s15,[r7,#36]
  91:../Dave/Generated/CMSIS_DSP/StatisticsFunctions/arm_mean_f32.c ****     sum += in4;
  95              	 .loc 1 91 0
  96 0072 97ED097A 	 flds s14,[r7,#36]
  97 0076 D7ED047A 	 flds s15,[r7,#16]
  98 007a 77EE277A 	 fadds s15,s14,s15
  99 007e C7ED097A 	 fsts s15,[r7,#36]
  92:../Dave/Generated/CMSIS_DSP/StatisticsFunctions/arm_mean_f32.c **** 
  93:../Dave/Generated/CMSIS_DSP/StatisticsFunctions/arm_mean_f32.c ****     /* Decrement the loop counter */
  94:../Dave/Generated/CMSIS_DSP/StatisticsFunctions/arm_mean_f32.c ****     blkCnt--;
 100              	 .loc 1 94 0
 101 0082 3B6A     	 ldr r3,[r7,#32]
 102 0084 013B     	 subs r3,r3,#1
 103 0086 3B62     	 str r3,[r7,#32]
 104              	.L2:
  80:../Dave/Generated/CMSIS_DSP/StatisticsFunctions/arm_mean_f32.c ****   {
 105              	 .loc 1 80 0
 106 0088 3B6A     	 ldr r3,[r7,#32]
 107 008a 002B     	 cmp r3,#0
 108 008c C5D1     	 bne .L3
  95:../Dave/Generated/CMSIS_DSP/StatisticsFunctions/arm_mean_f32.c ****   }
  96:../Dave/Generated/CMSIS_DSP/StatisticsFunctions/arm_mean_f32.c **** 
  97:../Dave/Generated/CMSIS_DSP/StatisticsFunctions/arm_mean_f32.c ****   /* If the blockSize is not a multiple of 4, compute any remaining output samples here.
  98:../Dave/Generated/CMSIS_DSP/StatisticsFunctions/arm_mean_f32.c ****    ** No loop unrolling is used. */
  99:../Dave/Generated/CMSIS_DSP/StatisticsFunctions/arm_mean_f32.c ****   blkCnt = blockSize % 0x4u;
 109              	 .loc 1 99 0
 110 008e BB68     	 ldr r3,[r7,#8]
 111 0090 03F00303 	 and r3,r3,#3
 112 0094 3B62     	 str r3,[r7,#32]
 100:../Dave/Generated/CMSIS_DSP/StatisticsFunctions/arm_mean_f32.c **** 
 101:../Dave/Generated/CMSIS_DSP/StatisticsFunctions/arm_mean_f32.c **** #else
 102:../Dave/Generated/CMSIS_DSP/StatisticsFunctions/arm_mean_f32.c ****   /* Run the below code for Cortex-M0 */
 103:../Dave/Generated/CMSIS_DSP/StatisticsFunctions/arm_mean_f32.c **** 
 104:../Dave/Generated/CMSIS_DSP/StatisticsFunctions/arm_mean_f32.c ****   /* Loop over blockSize number of values */
 105:../Dave/Generated/CMSIS_DSP/StatisticsFunctions/arm_mean_f32.c ****   blkCnt = blockSize;
 106:../Dave/Generated/CMSIS_DSP/StatisticsFunctions/arm_mean_f32.c **** 
 107:../Dave/Generated/CMSIS_DSP/StatisticsFunctions/arm_mean_f32.c **** #endif /* #if defined (ARM_MATH_DSP) */
 108:../Dave/Generated/CMSIS_DSP/StatisticsFunctions/arm_mean_f32.c **** 
 109:../Dave/Generated/CMSIS_DSP/StatisticsFunctions/arm_mean_f32.c ****   while (blkCnt > 0u)
 113              	 .loc 1 109 0
 114 0096 0DE0     	 b .L4
 115              	.L5:
 110:../Dave/Generated/CMSIS_DSP/StatisticsFunctions/arm_mean_f32.c ****   {
 111:../Dave/Generated/CMSIS_DSP/StatisticsFunctions/arm_mean_f32.c ****     /* C = (A[0] + A[1] + A[2] + ... + A[blockSize-1]) */
 112:../Dave/Generated/CMSIS_DSP/StatisticsFunctions/arm_mean_f32.c ****     sum += *pSrc++;
 116              	 .loc 1 112 0
 117 0098 FB68     	 ldr r3,[r7,#12]
 118 009a 1A1D     	 adds r2,r3,#4
 119 009c FA60     	 str r2,[r7,#12]
 120 009e D3ED007A 	 flds s15,[r3]
 121 00a2 97ED097A 	 flds s14,[r7,#36]
 122 00a6 77EE277A 	 fadds s15,s14,s15
 123 00aa C7ED097A 	 fsts s15,[r7,#36]
 113:../Dave/Generated/CMSIS_DSP/StatisticsFunctions/arm_mean_f32.c **** 
 114:../Dave/Generated/CMSIS_DSP/StatisticsFunctions/arm_mean_f32.c ****     /* Decrement the loop counter */
 115:../Dave/Generated/CMSIS_DSP/StatisticsFunctions/arm_mean_f32.c ****     blkCnt--;
 124              	 .loc 1 115 0
 125 00ae 3B6A     	 ldr r3,[r7,#32]
 126 00b0 013B     	 subs r3,r3,#1
 127 00b2 3B62     	 str r3,[r7,#32]
 128              	.L4:
 109:../Dave/Generated/CMSIS_DSP/StatisticsFunctions/arm_mean_f32.c ****   {
 129              	 .loc 1 109 0
 130 00b4 3B6A     	 ldr r3,[r7,#32]
 131 00b6 002B     	 cmp r3,#0
 132 00b8 EED1     	 bne .L5
 116:../Dave/Generated/CMSIS_DSP/StatisticsFunctions/arm_mean_f32.c ****   }
 117:../Dave/Generated/CMSIS_DSP/StatisticsFunctions/arm_mean_f32.c **** 
 118:../Dave/Generated/CMSIS_DSP/StatisticsFunctions/arm_mean_f32.c ****   /* C = (A[0] + A[1] + A[2] + ... + A[blockSize-1]) / blockSize  */
 119:../Dave/Generated/CMSIS_DSP/StatisticsFunctions/arm_mean_f32.c ****   /* Store the result to the destination */
 120:../Dave/Generated/CMSIS_DSP/StatisticsFunctions/arm_mean_f32.c ****   *pResult = sum / (float32_t) blockSize;
 133              	 .loc 1 120 0
 134 00ba BB68     	 ldr r3,[r7,#8]
 135 00bc 07EE903A 	 fmsr s15,r3
 136 00c0 F8EE677A 	 fuitos s15,s15
 137 00c4 97ED097A 	 flds s14,[r7,#36]
 138 00c8 C7EE277A 	 fdivs s15,s14,s15
 139 00cc 7B68     	 ldr r3,[r7,#4]
 140 00ce C3ED007A 	 fsts s15,[r3]
 121:../Dave/Generated/CMSIS_DSP/StatisticsFunctions/arm_mean_f32.c **** }
 141              	 .loc 1 121 0
 142 00d2 2C37     	 adds r7,r7,#44
 143              	.LCFI3:
 144              	 .cfi_def_cfa_offset 4
 145 00d4 BD46     	 mov sp,r7
 146              	.LCFI4:
 147              	 .cfi_def_cfa_register 13
 148              	 
 149 00d6 5DF8047B 	 ldr r7,[sp],#4
 150              	.LCFI5:
 151              	 .cfi_restore 7
 152              	 .cfi_def_cfa_offset 0
 153 00da 7047     	 bx lr
 154              	 .cfi_endproc
 155              	.LFE135:
 157              	 .text
 158              	.Letext0:
 159              	 .file 2 "c:\\program files (x86)\\dave\\eclipse\\arm-gcc-49\\arm-none-eabi\\include\\machine\\_default_types.h"
 160              	 .file 3 "c:\\program files (x86)\\dave\\eclipse\\arm-gcc-49\\arm-none-eabi\\include\\stdint.h"
 161              	 .file 4 "F:/Projects/20190909 - 3phase_inverter/3phase_inverter/4. Software_WS/OL_VSC_vitor/Dave/Generated/CMSIS_DSP/arm_math.h"
DEFINED SYMBOLS
                            *ABS*:00000000 arm_mean_f32.c
    {standard input}:20     .text.arm_mean_f32:00000000 $t
    {standard input}:25     .text.arm_mean_f32:00000000 arm_mean_f32
                     .debug_frame:00000010 $d

NO UNDEFINED SYMBOLS
