   1              	 .syntax unified
   2              	 .cpu cortex-m4
   3              	 .eabi_attribute 27,3
   4              	 .fpu fpv4-sp-d16
   5              	 .eabi_attribute 20,1
   6              	 .eabi_attribute 21,1
   7              	 .eabi_attribute 23,3
   8              	 .eabi_attribute 24,1
   9              	 .eabi_attribute 25,1
  10              	 .eabi_attribute 26,1
  11              	 .eabi_attribute 30,6
  12              	 .eabi_attribute 34,1
  13              	 .eabi_attribute 18,4
  14              	 .thumb
  15              	 .file "arm_mean_q7.c"
  16              	 .text
  17              	.Ltext0:
  18              	 .cfi_sections .debug_frame
  19              	 .section .text.arm_mean_q7,"ax",%progbits
  20              	 .align 2
  21              	 .global arm_mean_q7
  22              	 .thumb
  23              	 .thumb_func
  25              	arm_mean_q7:
  26              	.LFB135:
  27              	 .file 1 "../Dave/Generated/CMSIS_DSP/StatisticsFunctions/arm_mean_q7.c"
   1:../Dave/Generated/CMSIS_DSP/StatisticsFunctions/arm_mean_q7.c **** /* ----------------------------------------------------------------------
   2:../Dave/Generated/CMSIS_DSP/StatisticsFunctions/arm_mean_q7.c ****  * Project:      CMSIS DSP Library
   3:../Dave/Generated/CMSIS_DSP/StatisticsFunctions/arm_mean_q7.c ****  * Title:        arm_mean_q7.c
   4:../Dave/Generated/CMSIS_DSP/StatisticsFunctions/arm_mean_q7.c ****  * Description:  Mean value of a Q7 vector
   5:../Dave/Generated/CMSIS_DSP/StatisticsFunctions/arm_mean_q7.c ****  *
   6:../Dave/Generated/CMSIS_DSP/StatisticsFunctions/arm_mean_q7.c ****  * $Date:        27. January 2017
   7:../Dave/Generated/CMSIS_DSP/StatisticsFunctions/arm_mean_q7.c ****  * $Revision:    V.1.5.1
   8:../Dave/Generated/CMSIS_DSP/StatisticsFunctions/arm_mean_q7.c ****  *
   9:../Dave/Generated/CMSIS_DSP/StatisticsFunctions/arm_mean_q7.c ****  * Target Processor: Cortex-M cores
  10:../Dave/Generated/CMSIS_DSP/StatisticsFunctions/arm_mean_q7.c ****  * -------------------------------------------------------------------- */
  11:../Dave/Generated/CMSIS_DSP/StatisticsFunctions/arm_mean_q7.c **** /*
  12:../Dave/Generated/CMSIS_DSP/StatisticsFunctions/arm_mean_q7.c ****  * Copyright (C) 2010-2017 ARM Limited or its affiliates. All rights reserved.
  13:../Dave/Generated/CMSIS_DSP/StatisticsFunctions/arm_mean_q7.c ****  *
  14:../Dave/Generated/CMSIS_DSP/StatisticsFunctions/arm_mean_q7.c ****  * SPDX-License-Identifier: Apache-2.0
  15:../Dave/Generated/CMSIS_DSP/StatisticsFunctions/arm_mean_q7.c ****  *
  16:../Dave/Generated/CMSIS_DSP/StatisticsFunctions/arm_mean_q7.c ****  * Licensed under the Apache License, Version 2.0 (the License); you may
  17:../Dave/Generated/CMSIS_DSP/StatisticsFunctions/arm_mean_q7.c ****  * not use this file except in compliance with the License.
  18:../Dave/Generated/CMSIS_DSP/StatisticsFunctions/arm_mean_q7.c ****  * You may obtain a copy of the License at
  19:../Dave/Generated/CMSIS_DSP/StatisticsFunctions/arm_mean_q7.c ****  *
  20:../Dave/Generated/CMSIS_DSP/StatisticsFunctions/arm_mean_q7.c ****  * www.apache.org/licenses/LICENSE-2.0
  21:../Dave/Generated/CMSIS_DSP/StatisticsFunctions/arm_mean_q7.c ****  *
  22:../Dave/Generated/CMSIS_DSP/StatisticsFunctions/arm_mean_q7.c ****  * Unless required by applicable law or agreed to in writing, software
  23:../Dave/Generated/CMSIS_DSP/StatisticsFunctions/arm_mean_q7.c ****  * distributed under the License is distributed on an AS IS BASIS, WITHOUT
  24:../Dave/Generated/CMSIS_DSP/StatisticsFunctions/arm_mean_q7.c ****  * WARRANTIES OR CONDITIONS OF ANY KIND, either express or implied.
  25:../Dave/Generated/CMSIS_DSP/StatisticsFunctions/arm_mean_q7.c ****  * See the License for the specific language governing permissions and
  26:../Dave/Generated/CMSIS_DSP/StatisticsFunctions/arm_mean_q7.c ****  * limitations under the License.
  27:../Dave/Generated/CMSIS_DSP/StatisticsFunctions/arm_mean_q7.c ****  */
  28:../Dave/Generated/CMSIS_DSP/StatisticsFunctions/arm_mean_q7.c **** 
  29:../Dave/Generated/CMSIS_DSP/StatisticsFunctions/arm_mean_q7.c **** #include "CMSIS_DSP/cmsis_dsp.h"
  30:../Dave/Generated/CMSIS_DSP/StatisticsFunctions/arm_mean_q7.c **** 
  31:../Dave/Generated/CMSIS_DSP/StatisticsFunctions/arm_mean_q7.c **** /**
  32:../Dave/Generated/CMSIS_DSP/StatisticsFunctions/arm_mean_q7.c ****  * @ingroup groupStats
  33:../Dave/Generated/CMSIS_DSP/StatisticsFunctions/arm_mean_q7.c ****  */
  34:../Dave/Generated/CMSIS_DSP/StatisticsFunctions/arm_mean_q7.c **** 
  35:../Dave/Generated/CMSIS_DSP/StatisticsFunctions/arm_mean_q7.c **** /**
  36:../Dave/Generated/CMSIS_DSP/StatisticsFunctions/arm_mean_q7.c ****  * @addtogroup mean
  37:../Dave/Generated/CMSIS_DSP/StatisticsFunctions/arm_mean_q7.c ****  * @{
  38:../Dave/Generated/CMSIS_DSP/StatisticsFunctions/arm_mean_q7.c ****  */
  39:../Dave/Generated/CMSIS_DSP/StatisticsFunctions/arm_mean_q7.c **** 
  40:../Dave/Generated/CMSIS_DSP/StatisticsFunctions/arm_mean_q7.c **** 
  41:../Dave/Generated/CMSIS_DSP/StatisticsFunctions/arm_mean_q7.c **** /**
  42:../Dave/Generated/CMSIS_DSP/StatisticsFunctions/arm_mean_q7.c ****  * @brief Mean value of a Q7 vector.
  43:../Dave/Generated/CMSIS_DSP/StatisticsFunctions/arm_mean_q7.c ****  * @param[in]       *pSrc points to the input vector
  44:../Dave/Generated/CMSIS_DSP/StatisticsFunctions/arm_mean_q7.c ****  * @param[in]       blockSize length of the input vector
  45:../Dave/Generated/CMSIS_DSP/StatisticsFunctions/arm_mean_q7.c ****  * @param[out]      *pResult mean value returned here
  46:../Dave/Generated/CMSIS_DSP/StatisticsFunctions/arm_mean_q7.c ****  * @return none.
  47:../Dave/Generated/CMSIS_DSP/StatisticsFunctions/arm_mean_q7.c ****  *
  48:../Dave/Generated/CMSIS_DSP/StatisticsFunctions/arm_mean_q7.c ****  * @details
  49:../Dave/Generated/CMSIS_DSP/StatisticsFunctions/arm_mean_q7.c ****  * <b>Scaling and Overflow Behavior:</b>
  50:../Dave/Generated/CMSIS_DSP/StatisticsFunctions/arm_mean_q7.c ****  * \par
  51:../Dave/Generated/CMSIS_DSP/StatisticsFunctions/arm_mean_q7.c ****  * The function is implemented using a 32-bit internal accumulator.
  52:../Dave/Generated/CMSIS_DSP/StatisticsFunctions/arm_mean_q7.c ****  * The input is represented in 1.7 format and is accumulated in a 32-bit
  53:../Dave/Generated/CMSIS_DSP/StatisticsFunctions/arm_mean_q7.c ****  * accumulator in 25.7 format.
  54:../Dave/Generated/CMSIS_DSP/StatisticsFunctions/arm_mean_q7.c ****  * There is no risk of internal overflow with this approach, and the
  55:../Dave/Generated/CMSIS_DSP/StatisticsFunctions/arm_mean_q7.c ****  * full precision of intermediate result is preserved.
  56:../Dave/Generated/CMSIS_DSP/StatisticsFunctions/arm_mean_q7.c ****  * Finally, the accumulator is truncated to yield a result of 1.7 format.
  57:../Dave/Generated/CMSIS_DSP/StatisticsFunctions/arm_mean_q7.c ****  *
  58:../Dave/Generated/CMSIS_DSP/StatisticsFunctions/arm_mean_q7.c ****  */
  59:../Dave/Generated/CMSIS_DSP/StatisticsFunctions/arm_mean_q7.c **** 
  60:../Dave/Generated/CMSIS_DSP/StatisticsFunctions/arm_mean_q7.c **** void arm_mean_q7(
  61:../Dave/Generated/CMSIS_DSP/StatisticsFunctions/arm_mean_q7.c ****   q7_t * pSrc,
  62:../Dave/Generated/CMSIS_DSP/StatisticsFunctions/arm_mean_q7.c ****   uint32_t blockSize,
  63:../Dave/Generated/CMSIS_DSP/StatisticsFunctions/arm_mean_q7.c ****   q7_t * pResult)
  64:../Dave/Generated/CMSIS_DSP/StatisticsFunctions/arm_mean_q7.c **** {
  28              	 .loc 1 64 0
  29              	 .cfi_startproc
  30              	 
  31              	 
  32              	 
  33 0000 80B4     	 push {r7}
  34              	.LCFI0:
  35              	 .cfi_def_cfa_offset 4
  36              	 .cfi_offset 7,-4
  37 0002 89B0     	 sub sp,sp,#36
  38              	.LCFI1:
  39              	 .cfi_def_cfa_offset 40
  40 0004 00AF     	 add r7,sp,#0
  41              	.LCFI2:
  42              	 .cfi_def_cfa_register 7
  43 0006 F860     	 str r0,[r7,#12]
  44 0008 B960     	 str r1,[r7,#8]
  45 000a 7A60     	 str r2,[r7,#4]
  65:../Dave/Generated/CMSIS_DSP/StatisticsFunctions/arm_mean_q7.c ****   q31_t sum = 0;                                 /* Temporary result storage */
  46              	 .loc 1 65 0
  47 000c 0023     	 movs r3,#0
  48 000e FB61     	 str r3,[r7,#28]
  66:../Dave/Generated/CMSIS_DSP/StatisticsFunctions/arm_mean_q7.c ****   uint32_t blkCnt;                               /* loop counter */
  67:../Dave/Generated/CMSIS_DSP/StatisticsFunctions/arm_mean_q7.c **** 
  68:../Dave/Generated/CMSIS_DSP/StatisticsFunctions/arm_mean_q7.c **** #if defined (ARM_MATH_DSP)
  69:../Dave/Generated/CMSIS_DSP/StatisticsFunctions/arm_mean_q7.c ****   /* Run the below code for Cortex-M4 and Cortex-M3 */
  70:../Dave/Generated/CMSIS_DSP/StatisticsFunctions/arm_mean_q7.c **** 
  71:../Dave/Generated/CMSIS_DSP/StatisticsFunctions/arm_mean_q7.c ****   q31_t in;
  72:../Dave/Generated/CMSIS_DSP/StatisticsFunctions/arm_mean_q7.c **** 
  73:../Dave/Generated/CMSIS_DSP/StatisticsFunctions/arm_mean_q7.c ****   /*loop Unrolling */
  74:../Dave/Generated/CMSIS_DSP/StatisticsFunctions/arm_mean_q7.c ****   blkCnt = blockSize >> 2u;
  49              	 .loc 1 74 0
  50 0010 BB68     	 ldr r3,[r7,#8]
  51 0012 9B08     	 lsrs r3,r3,#2
  52 0014 BB61     	 str r3,[r7,#24]
  75:../Dave/Generated/CMSIS_DSP/StatisticsFunctions/arm_mean_q7.c **** 
  76:../Dave/Generated/CMSIS_DSP/StatisticsFunctions/arm_mean_q7.c ****   /* First part of the processing with loop unrolling.  Compute 4 outputs at a time.
  77:../Dave/Generated/CMSIS_DSP/StatisticsFunctions/arm_mean_q7.c ****    ** a second loop below computes the remaining 1 to 3 samples. */
  78:../Dave/Generated/CMSIS_DSP/StatisticsFunctions/arm_mean_q7.c ****   while (blkCnt > 0u)
  53              	 .loc 1 78 0
  54 0016 20E0     	 b .L2
  55              	.L3:
  79:../Dave/Generated/CMSIS_DSP/StatisticsFunctions/arm_mean_q7.c ****   {
  80:../Dave/Generated/CMSIS_DSP/StatisticsFunctions/arm_mean_q7.c ****     /* C = (A[0] + A[1] + A[2] + ... + A[blockSize-1]) */
  81:../Dave/Generated/CMSIS_DSP/StatisticsFunctions/arm_mean_q7.c ****     in = *__SIMD32(pSrc)++;
  56              	 .loc 1 81 0
  57 0018 07F10C02 	 add r2,r7,#12
  58 001c 1368     	 ldr r3,[r2]
  59 001e 191D     	 adds r1,r3,#4
  60 0020 1160     	 str r1,[r2]
  61 0022 1B68     	 ldr r3,[r3]
  62 0024 7B61     	 str r3,[r7,#20]
  82:../Dave/Generated/CMSIS_DSP/StatisticsFunctions/arm_mean_q7.c **** 
  83:../Dave/Generated/CMSIS_DSP/StatisticsFunctions/arm_mean_q7.c ****     sum += ((in << 24u) >> 24u);
  63              	 .loc 1 83 0
  64 0026 7B69     	 ldr r3,[r7,#20]
  65 0028 1B06     	 lsls r3,r3,#24
  66 002a 1B16     	 asrs r3,r3,#24
  67 002c FA69     	 ldr r2,[r7,#28]
  68 002e 1344     	 add r3,r3,r2
  69 0030 FB61     	 str r3,[r7,#28]
  84:../Dave/Generated/CMSIS_DSP/StatisticsFunctions/arm_mean_q7.c ****     sum += ((in << 16u) >> 24u);
  70              	 .loc 1 84 0
  71 0032 7B69     	 ldr r3,[r7,#20]
  72 0034 1B04     	 lsls r3,r3,#16
  73 0036 1B16     	 asrs r3,r3,#24
  74 0038 FA69     	 ldr r2,[r7,#28]
  75 003a 1344     	 add r3,r3,r2
  76 003c FB61     	 str r3,[r7,#28]
  85:../Dave/Generated/CMSIS_DSP/StatisticsFunctions/arm_mean_q7.c ****     sum += ((in <<  8u) >> 24u);
  77              	 .loc 1 85 0
  78 003e 7B69     	 ldr r3,[r7,#20]
  79 0040 1B02     	 lsls r3,r3,#8
  80 0042 1B16     	 asrs r3,r3,#24
  81 0044 FA69     	 ldr r2,[r7,#28]
  82 0046 1344     	 add r3,r3,r2
  83 0048 FB61     	 str r3,[r7,#28]
  86:../Dave/Generated/CMSIS_DSP/StatisticsFunctions/arm_mean_q7.c ****     sum +=  (in >> 24u);
  84              	 .loc 1 86 0
  85 004a 7B69     	 ldr r3,[r7,#20]
  86 004c 1B16     	 asrs r3,r3,#24
  87 004e FA69     	 ldr r2,[r7,#28]
  88 0050 1344     	 add r3,r3,r2
  89 0052 FB61     	 str r3,[r7,#28]
  87:../Dave/Generated/CMSIS_DSP/StatisticsFunctions/arm_mean_q7.c **** 
  88:../Dave/Generated/CMSIS_DSP/StatisticsFunctions/arm_mean_q7.c ****     /* Decrement the loop counter */
  89:../Dave/Generated/CMSIS_DSP/StatisticsFunctions/arm_mean_q7.c ****     blkCnt--;
  90              	 .loc 1 89 0
  91 0054 BB69     	 ldr r3,[r7,#24]
  92 0056 013B     	 subs r3,r3,#1
  93 0058 BB61     	 str r3,[r7,#24]
  94              	.L2:
  78:../Dave/Generated/CMSIS_DSP/StatisticsFunctions/arm_mean_q7.c ****   {
  95              	 .loc 1 78 0
  96 005a BB69     	 ldr r3,[r7,#24]
  97 005c 002B     	 cmp r3,#0
  98 005e DBD1     	 bne .L3
  90:../Dave/Generated/CMSIS_DSP/StatisticsFunctions/arm_mean_q7.c ****   }
  91:../Dave/Generated/CMSIS_DSP/StatisticsFunctions/arm_mean_q7.c **** 
  92:../Dave/Generated/CMSIS_DSP/StatisticsFunctions/arm_mean_q7.c ****   /* If the blockSize is not a multiple of 4, compute any remaining output samples here.
  93:../Dave/Generated/CMSIS_DSP/StatisticsFunctions/arm_mean_q7.c ****    ** No loop unrolling is used. */
  94:../Dave/Generated/CMSIS_DSP/StatisticsFunctions/arm_mean_q7.c ****   blkCnt = blockSize % 0x4u;
  99              	 .loc 1 94 0
 100 0060 BB68     	 ldr r3,[r7,#8]
 101 0062 03F00303 	 and r3,r3,#3
 102 0066 BB61     	 str r3,[r7,#24]
  95:../Dave/Generated/CMSIS_DSP/StatisticsFunctions/arm_mean_q7.c **** 
  96:../Dave/Generated/CMSIS_DSP/StatisticsFunctions/arm_mean_q7.c **** #else
  97:../Dave/Generated/CMSIS_DSP/StatisticsFunctions/arm_mean_q7.c ****   /* Run the below code for Cortex-M0 */
  98:../Dave/Generated/CMSIS_DSP/StatisticsFunctions/arm_mean_q7.c **** 
  99:../Dave/Generated/CMSIS_DSP/StatisticsFunctions/arm_mean_q7.c ****   /* Loop over blockSize number of values */
 100:../Dave/Generated/CMSIS_DSP/StatisticsFunctions/arm_mean_q7.c ****   blkCnt = blockSize;
 101:../Dave/Generated/CMSIS_DSP/StatisticsFunctions/arm_mean_q7.c **** 
 102:../Dave/Generated/CMSIS_DSP/StatisticsFunctions/arm_mean_q7.c **** #endif /* #if defined (ARM_MATH_DSP) */
 103:../Dave/Generated/CMSIS_DSP/StatisticsFunctions/arm_mean_q7.c **** 
 104:../Dave/Generated/CMSIS_DSP/StatisticsFunctions/arm_mean_q7.c ****   while (blkCnt > 0u)
 103              	 .loc 1 104 0
 104 0068 0AE0     	 b .L4
 105              	.L5:
 105:../Dave/Generated/CMSIS_DSP/StatisticsFunctions/arm_mean_q7.c ****   {
 106:../Dave/Generated/CMSIS_DSP/StatisticsFunctions/arm_mean_q7.c ****     /* C = (A[0] + A[1] + A[2] + ... + A[blockSize-1]) */
 107:../Dave/Generated/CMSIS_DSP/StatisticsFunctions/arm_mean_q7.c ****     sum += *pSrc++;
 106              	 .loc 1 107 0
 107 006a FB68     	 ldr r3,[r7,#12]
 108 006c 5A1C     	 adds r2,r3,#1
 109 006e FA60     	 str r2,[r7,#12]
 110 0070 1B78     	 ldrb r3,[r3]
 111 0072 5BB2     	 sxtb r3,r3
 112 0074 FA69     	 ldr r2,[r7,#28]
 113 0076 1344     	 add r3,r3,r2
 114 0078 FB61     	 str r3,[r7,#28]
 108:../Dave/Generated/CMSIS_DSP/StatisticsFunctions/arm_mean_q7.c **** 
 109:../Dave/Generated/CMSIS_DSP/StatisticsFunctions/arm_mean_q7.c ****     /* Decrement the loop counter */
 110:../Dave/Generated/CMSIS_DSP/StatisticsFunctions/arm_mean_q7.c ****     blkCnt--;
 115              	 .loc 1 110 0
 116 007a BB69     	 ldr r3,[r7,#24]
 117 007c 013B     	 subs r3,r3,#1
 118 007e BB61     	 str r3,[r7,#24]
 119              	.L4:
 104:../Dave/Generated/CMSIS_DSP/StatisticsFunctions/arm_mean_q7.c ****   {
 120              	 .loc 1 104 0
 121 0080 BB69     	 ldr r3,[r7,#24]
 122 0082 002B     	 cmp r3,#0
 123 0084 F1D1     	 bne .L5
 111:../Dave/Generated/CMSIS_DSP/StatisticsFunctions/arm_mean_q7.c ****   }
 112:../Dave/Generated/CMSIS_DSP/StatisticsFunctions/arm_mean_q7.c **** 
 113:../Dave/Generated/CMSIS_DSP/StatisticsFunctions/arm_mean_q7.c ****   /* C = (A[0] + A[1] + A[2] + ... + A[blockSize-1]) / blockSize  */
 114:../Dave/Generated/CMSIS_DSP/StatisticsFunctions/arm_mean_q7.c ****   /* Store the result to the destination */
 115:../Dave/Generated/CMSIS_DSP/StatisticsFunctions/arm_mean_q7.c ****   *pResult = (q7_t) (sum / (int32_t) blockSize);
 124              	 .loc 1 115 0
 125 0086 BB68     	 ldr r3,[r7,#8]
 126 0088 FA69     	 ldr r2,[r7,#28]
 127 008a 92FBF3F3 	 sdiv r3,r2,r3
 128 008e DAB2     	 uxtb r2,r3
 129 0090 7B68     	 ldr r3,[r7,#4]
 130 0092 1A70     	 strb r2,[r3]
 116:../Dave/Generated/CMSIS_DSP/StatisticsFunctions/arm_mean_q7.c **** }
 131              	 .loc 1 116 0
 132 0094 2437     	 adds r7,r7,#36
 133              	.LCFI3:
 134              	 .cfi_def_cfa_offset 4
 135 0096 BD46     	 mov sp,r7
 136              	.LCFI4:
 137              	 .cfi_def_cfa_register 13
 138              	 
 139 0098 5DF8047B 	 ldr r7,[sp],#4
 140              	.LCFI5:
 141              	 .cfi_restore 7
 142              	 .cfi_def_cfa_offset 0
 143 009c 7047     	 bx lr
 144              	 .cfi_endproc
 145              	.LFE135:
 147 009e 00BF     	 .text
 148              	.Letext0:
 149              	 .file 2 "c:\\program files (x86)\\dave\\eclipse\\arm-gcc-49\\arm-none-eabi\\include\\machine\\_default_types.h"
 150              	 .file 3 "c:\\program files (x86)\\dave\\eclipse\\arm-gcc-49\\arm-none-eabi\\include\\stdint.h"
 151              	 .file 4 "F:/Projects/20190909 - 3phase_inverter/3phase_inverter/4. Software_WS/OL_VSC_vitor/Dave/Generated/CMSIS_DSP/arm_math.h"
DEFINED SYMBOLS
                            *ABS*:00000000 arm_mean_q7.c
    {standard input}:20     .text.arm_mean_q7:00000000 $t
    {standard input}:25     .text.arm_mean_q7:00000000 arm_mean_q7
                     .debug_frame:00000010 $d

NO UNDEFINED SYMBOLS
