   1              	 .syntax unified
   2              	 .cpu cortex-m4
   3              	 .eabi_attribute 27,3
   4              	 .fpu fpv4-sp-d16
   5              	 .eabi_attribute 20,1
   6              	 .eabi_attribute 21,1
   7              	 .eabi_attribute 23,3
   8              	 .eabi_attribute 24,1
   9              	 .eabi_attribute 25,1
  10              	 .eabi_attribute 26,1
  11              	 .eabi_attribute 30,6
  12              	 .eabi_attribute 34,1
  13              	 .eabi_attribute 18,4
  14              	 .thumb
  15              	 .file "arm_mean_q31.c"
  16              	 .text
  17              	.Ltext0:
  18              	 .cfi_sections .debug_frame
  19              	 .global __aeabi_ldivmod
  20              	 .section .text.arm_mean_q31,"ax",%progbits
  21              	 .align 2
  22              	 .global arm_mean_q31
  23              	 .thumb
  24              	 .thumb_func
  26              	arm_mean_q31:
  27              	.LFB135:
  28              	 .file 1 "../Dave/Generated/CMSIS_DSP/StatisticsFunctions/arm_mean_q31.c"
   1:../Dave/Generated/CMSIS_DSP/StatisticsFunctions/arm_mean_q31.c **** /* ----------------------------------------------------------------------
   2:../Dave/Generated/CMSIS_DSP/StatisticsFunctions/arm_mean_q31.c ****  * Project:      CMSIS DSP Library
   3:../Dave/Generated/CMSIS_DSP/StatisticsFunctions/arm_mean_q31.c ****  * Title:        arm_mean_q31.c
   4:../Dave/Generated/CMSIS_DSP/StatisticsFunctions/arm_mean_q31.c ****  * Description:  Mean value of a Q31 vector
   5:../Dave/Generated/CMSIS_DSP/StatisticsFunctions/arm_mean_q31.c ****  *
   6:../Dave/Generated/CMSIS_DSP/StatisticsFunctions/arm_mean_q31.c ****  * $Date:        27. January 2017
   7:../Dave/Generated/CMSIS_DSP/StatisticsFunctions/arm_mean_q31.c ****  * $Revision:    V.1.5.1
   8:../Dave/Generated/CMSIS_DSP/StatisticsFunctions/arm_mean_q31.c ****  *
   9:../Dave/Generated/CMSIS_DSP/StatisticsFunctions/arm_mean_q31.c ****  * Target Processor: Cortex-M cores
  10:../Dave/Generated/CMSIS_DSP/StatisticsFunctions/arm_mean_q31.c ****  * -------------------------------------------------------------------- */
  11:../Dave/Generated/CMSIS_DSP/StatisticsFunctions/arm_mean_q31.c **** /*
  12:../Dave/Generated/CMSIS_DSP/StatisticsFunctions/arm_mean_q31.c ****  * Copyright (C) 2010-2017 ARM Limited or its affiliates. All rights reserved.
  13:../Dave/Generated/CMSIS_DSP/StatisticsFunctions/arm_mean_q31.c ****  *
  14:../Dave/Generated/CMSIS_DSP/StatisticsFunctions/arm_mean_q31.c ****  * SPDX-License-Identifier: Apache-2.0
  15:../Dave/Generated/CMSIS_DSP/StatisticsFunctions/arm_mean_q31.c ****  *
  16:../Dave/Generated/CMSIS_DSP/StatisticsFunctions/arm_mean_q31.c ****  * Licensed under the Apache License, Version 2.0 (the License); you may
  17:../Dave/Generated/CMSIS_DSP/StatisticsFunctions/arm_mean_q31.c ****  * not use this file except in compliance with the License.
  18:../Dave/Generated/CMSIS_DSP/StatisticsFunctions/arm_mean_q31.c ****  * You may obtain a copy of the License at
  19:../Dave/Generated/CMSIS_DSP/StatisticsFunctions/arm_mean_q31.c ****  *
  20:../Dave/Generated/CMSIS_DSP/StatisticsFunctions/arm_mean_q31.c ****  * www.apache.org/licenses/LICENSE-2.0
  21:../Dave/Generated/CMSIS_DSP/StatisticsFunctions/arm_mean_q31.c ****  *
  22:../Dave/Generated/CMSIS_DSP/StatisticsFunctions/arm_mean_q31.c ****  * Unless required by applicable law or agreed to in writing, software
  23:../Dave/Generated/CMSIS_DSP/StatisticsFunctions/arm_mean_q31.c ****  * distributed under the License is distributed on an AS IS BASIS, WITHOUT
  24:../Dave/Generated/CMSIS_DSP/StatisticsFunctions/arm_mean_q31.c ****  * WARRANTIES OR CONDITIONS OF ANY KIND, either express or implied.
  25:../Dave/Generated/CMSIS_DSP/StatisticsFunctions/arm_mean_q31.c ****  * See the License for the specific language governing permissions and
  26:../Dave/Generated/CMSIS_DSP/StatisticsFunctions/arm_mean_q31.c ****  * limitations under the License.
  27:../Dave/Generated/CMSIS_DSP/StatisticsFunctions/arm_mean_q31.c ****  */
  28:../Dave/Generated/CMSIS_DSP/StatisticsFunctions/arm_mean_q31.c **** 
  29:../Dave/Generated/CMSIS_DSP/StatisticsFunctions/arm_mean_q31.c **** #include "CMSIS_DSP/cmsis_dsp.h"
  30:../Dave/Generated/CMSIS_DSP/StatisticsFunctions/arm_mean_q31.c **** 
  31:../Dave/Generated/CMSIS_DSP/StatisticsFunctions/arm_mean_q31.c **** /**
  32:../Dave/Generated/CMSIS_DSP/StatisticsFunctions/arm_mean_q31.c ****  * @ingroup groupStats
  33:../Dave/Generated/CMSIS_DSP/StatisticsFunctions/arm_mean_q31.c ****  */
  34:../Dave/Generated/CMSIS_DSP/StatisticsFunctions/arm_mean_q31.c **** 
  35:../Dave/Generated/CMSIS_DSP/StatisticsFunctions/arm_mean_q31.c **** /**
  36:../Dave/Generated/CMSIS_DSP/StatisticsFunctions/arm_mean_q31.c ****  * @addtogroup mean
  37:../Dave/Generated/CMSIS_DSP/StatisticsFunctions/arm_mean_q31.c ****  * @{
  38:../Dave/Generated/CMSIS_DSP/StatisticsFunctions/arm_mean_q31.c ****  */
  39:../Dave/Generated/CMSIS_DSP/StatisticsFunctions/arm_mean_q31.c **** 
  40:../Dave/Generated/CMSIS_DSP/StatisticsFunctions/arm_mean_q31.c **** 
  41:../Dave/Generated/CMSIS_DSP/StatisticsFunctions/arm_mean_q31.c **** /**
  42:../Dave/Generated/CMSIS_DSP/StatisticsFunctions/arm_mean_q31.c ****  * @brief Mean value of a Q31 vector.
  43:../Dave/Generated/CMSIS_DSP/StatisticsFunctions/arm_mean_q31.c ****  * @param[in]       *pSrc points to the input vector
  44:../Dave/Generated/CMSIS_DSP/StatisticsFunctions/arm_mean_q31.c ****  * @param[in]       blockSize length of the input vector
  45:../Dave/Generated/CMSIS_DSP/StatisticsFunctions/arm_mean_q31.c ****  * @param[out]      *pResult mean value returned here
  46:../Dave/Generated/CMSIS_DSP/StatisticsFunctions/arm_mean_q31.c ****  * @return none.
  47:../Dave/Generated/CMSIS_DSP/StatisticsFunctions/arm_mean_q31.c ****  *
  48:../Dave/Generated/CMSIS_DSP/StatisticsFunctions/arm_mean_q31.c ****  * @details
  49:../Dave/Generated/CMSIS_DSP/StatisticsFunctions/arm_mean_q31.c ****  * <b>Scaling and Overflow Behavior:</b>
  50:../Dave/Generated/CMSIS_DSP/StatisticsFunctions/arm_mean_q31.c ****  *\par
  51:../Dave/Generated/CMSIS_DSP/StatisticsFunctions/arm_mean_q31.c ****  * The function is implemented using a 64-bit internal accumulator.
  52:../Dave/Generated/CMSIS_DSP/StatisticsFunctions/arm_mean_q31.c ****  * The input is represented in 1.31 format and is accumulated in a 64-bit
  53:../Dave/Generated/CMSIS_DSP/StatisticsFunctions/arm_mean_q31.c ****  * accumulator in 33.31 format.
  54:../Dave/Generated/CMSIS_DSP/StatisticsFunctions/arm_mean_q31.c ****  * There is no risk of internal overflow with this approach, and the
  55:../Dave/Generated/CMSIS_DSP/StatisticsFunctions/arm_mean_q31.c ****  * full precision of intermediate result is preserved.
  56:../Dave/Generated/CMSIS_DSP/StatisticsFunctions/arm_mean_q31.c ****  * Finally, the accumulator is truncated to yield a result of 1.31 format.
  57:../Dave/Generated/CMSIS_DSP/StatisticsFunctions/arm_mean_q31.c ****  *
  58:../Dave/Generated/CMSIS_DSP/StatisticsFunctions/arm_mean_q31.c ****  */
  59:../Dave/Generated/CMSIS_DSP/StatisticsFunctions/arm_mean_q31.c **** 
  60:../Dave/Generated/CMSIS_DSP/StatisticsFunctions/arm_mean_q31.c **** void arm_mean_q31(
  61:../Dave/Generated/CMSIS_DSP/StatisticsFunctions/arm_mean_q31.c ****   q31_t * pSrc,
  62:../Dave/Generated/CMSIS_DSP/StatisticsFunctions/arm_mean_q31.c ****   uint32_t blockSize,
  63:../Dave/Generated/CMSIS_DSP/StatisticsFunctions/arm_mean_q31.c ****   q31_t * pResult)
  64:../Dave/Generated/CMSIS_DSP/StatisticsFunctions/arm_mean_q31.c **** {
  29              	 .loc 1 64 0
  30              	 .cfi_startproc
  31              	 
  32              	 
  33 0000 80B5     	 push {r7,lr}
  34              	.LCFI0:
  35              	 .cfi_def_cfa_offset 8
  36              	 .cfi_offset 7,-8
  37              	 .cfi_offset 14,-4
  38 0002 8CB0     	 sub sp,sp,#48
  39              	.LCFI1:
  40              	 .cfi_def_cfa_offset 56
  41 0004 00AF     	 add r7,sp,#0
  42              	.LCFI2:
  43              	 .cfi_def_cfa_register 7
  44 0006 F860     	 str r0,[r7,#12]
  45 0008 B960     	 str r1,[r7,#8]
  46 000a 7A60     	 str r2,[r7,#4]
  65:../Dave/Generated/CMSIS_DSP/StatisticsFunctions/arm_mean_q31.c ****   q63_t sum = 0;                                 /* Temporary result storage */
  47              	 .loc 1 65 0
  48 000c 4FF00002 	 mov r2,#0
  49 0010 4FF00003 	 mov r3,#0
  50 0014 C7E90A23 	 strd r2,[r7,#40]
  66:../Dave/Generated/CMSIS_DSP/StatisticsFunctions/arm_mean_q31.c ****   uint32_t blkCnt;                               /* loop counter */
  67:../Dave/Generated/CMSIS_DSP/StatisticsFunctions/arm_mean_q31.c **** 
  68:../Dave/Generated/CMSIS_DSP/StatisticsFunctions/arm_mean_q31.c **** #if defined (ARM_MATH_DSP)
  69:../Dave/Generated/CMSIS_DSP/StatisticsFunctions/arm_mean_q31.c ****   /* Run the below code for Cortex-M4 and Cortex-M3 */
  70:../Dave/Generated/CMSIS_DSP/StatisticsFunctions/arm_mean_q31.c **** 
  71:../Dave/Generated/CMSIS_DSP/StatisticsFunctions/arm_mean_q31.c ****   q31_t in1, in2, in3, in4;
  72:../Dave/Generated/CMSIS_DSP/StatisticsFunctions/arm_mean_q31.c **** 
  73:../Dave/Generated/CMSIS_DSP/StatisticsFunctions/arm_mean_q31.c ****   /*loop Unrolling */
  74:../Dave/Generated/CMSIS_DSP/StatisticsFunctions/arm_mean_q31.c ****   blkCnt = blockSize >> 2u;
  51              	 .loc 1 74 0
  52 0018 BB68     	 ldr r3,[r7,#8]
  53 001a 9B08     	 lsrs r3,r3,#2
  54 001c 7B62     	 str r3,[r7,#36]
  75:../Dave/Generated/CMSIS_DSP/StatisticsFunctions/arm_mean_q31.c **** 
  76:../Dave/Generated/CMSIS_DSP/StatisticsFunctions/arm_mean_q31.c ****   /* First part of the processing with loop unrolling.  Compute 4 outputs at a time.
  77:../Dave/Generated/CMSIS_DSP/StatisticsFunctions/arm_mean_q31.c ****    ** a second loop below computes the remaining 1 to 3 samples. */
  78:../Dave/Generated/CMSIS_DSP/StatisticsFunctions/arm_mean_q31.c ****   while (blkCnt > 0u)
  55              	 .loc 1 78 0
  56 001e 42E0     	 b .L2
  57              	.L3:
  79:../Dave/Generated/CMSIS_DSP/StatisticsFunctions/arm_mean_q31.c ****   {
  80:../Dave/Generated/CMSIS_DSP/StatisticsFunctions/arm_mean_q31.c ****     /* C = (A[0] + A[1] + A[2] + ... + A[blockSize-1]) */
  81:../Dave/Generated/CMSIS_DSP/StatisticsFunctions/arm_mean_q31.c ****     in1 = *pSrc++;
  58              	 .loc 1 81 0
  59 0020 FB68     	 ldr r3,[r7,#12]
  60 0022 1A1D     	 adds r2,r3,#4
  61 0024 FA60     	 str r2,[r7,#12]
  62 0026 1B68     	 ldr r3,[r3]
  63 0028 3B62     	 str r3,[r7,#32]
  82:../Dave/Generated/CMSIS_DSP/StatisticsFunctions/arm_mean_q31.c ****     in2 = *pSrc++;
  64              	 .loc 1 82 0
  65 002a FB68     	 ldr r3,[r7,#12]
  66 002c 1A1D     	 adds r2,r3,#4
  67 002e FA60     	 str r2,[r7,#12]
  68 0030 1B68     	 ldr r3,[r3]
  69 0032 FB61     	 str r3,[r7,#28]
  83:../Dave/Generated/CMSIS_DSP/StatisticsFunctions/arm_mean_q31.c ****     in3 = *pSrc++;
  70              	 .loc 1 83 0
  71 0034 FB68     	 ldr r3,[r7,#12]
  72 0036 1A1D     	 adds r2,r3,#4
  73 0038 FA60     	 str r2,[r7,#12]
  74 003a 1B68     	 ldr r3,[r3]
  75 003c BB61     	 str r3,[r7,#24]
  84:../Dave/Generated/CMSIS_DSP/StatisticsFunctions/arm_mean_q31.c ****     in4 = *pSrc++;
  76              	 .loc 1 84 0
  77 003e FB68     	 ldr r3,[r7,#12]
  78 0040 1A1D     	 adds r2,r3,#4
  79 0042 FA60     	 str r2,[r7,#12]
  80 0044 1B68     	 ldr r3,[r3]
  81 0046 7B61     	 str r3,[r7,#20]
  85:../Dave/Generated/CMSIS_DSP/StatisticsFunctions/arm_mean_q31.c **** 
  86:../Dave/Generated/CMSIS_DSP/StatisticsFunctions/arm_mean_q31.c ****     sum += in1;
  82              	 .loc 1 86 0
  83 0048 3B6A     	 ldr r3,[r7,#32]
  84 004a 1A46     	 mov r2,r3
  85 004c 4FEAE273 	 asr r3,r2,#31
  86 0050 D7E90A01 	 ldrd r0,[r7,#40]
  87 0054 1218     	 adds r2,r2,r0
  88 0056 43EB0103 	 adc r3,r3,r1
  89 005a C7E90A23 	 strd r2,[r7,#40]
  87:../Dave/Generated/CMSIS_DSP/StatisticsFunctions/arm_mean_q31.c ****     sum += in2;
  90              	 .loc 1 87 0
  91 005e FB69     	 ldr r3,[r7,#28]
  92 0060 1A46     	 mov r2,r3
  93 0062 4FEAE273 	 asr r3,r2,#31
  94 0066 D7E90A01 	 ldrd r0,[r7,#40]
  95 006a 1218     	 adds r2,r2,r0
  96 006c 43EB0103 	 adc r3,r3,r1
  97 0070 C7E90A23 	 strd r2,[r7,#40]
  88:../Dave/Generated/CMSIS_DSP/StatisticsFunctions/arm_mean_q31.c ****     sum += in3;
  98              	 .loc 1 88 0
  99 0074 BB69     	 ldr r3,[r7,#24]
 100 0076 1A46     	 mov r2,r3
 101 0078 4FEAE273 	 asr r3,r2,#31
 102 007c D7E90A01 	 ldrd r0,[r7,#40]
 103 0080 1218     	 adds r2,r2,r0
 104 0082 43EB0103 	 adc r3,r3,r1
 105 0086 C7E90A23 	 strd r2,[r7,#40]
  89:../Dave/Generated/CMSIS_DSP/StatisticsFunctions/arm_mean_q31.c ****     sum += in4;
 106              	 .loc 1 89 0
 107 008a 7B69     	 ldr r3,[r7,#20]
 108 008c 1A46     	 mov r2,r3
 109 008e 4FEAE273 	 asr r3,r2,#31
 110 0092 D7E90A01 	 ldrd r0,[r7,#40]
 111 0096 1218     	 adds r2,r2,r0
 112 0098 43EB0103 	 adc r3,r3,r1
 113 009c C7E90A23 	 strd r2,[r7,#40]
  90:../Dave/Generated/CMSIS_DSP/StatisticsFunctions/arm_mean_q31.c **** 
  91:../Dave/Generated/CMSIS_DSP/StatisticsFunctions/arm_mean_q31.c ****     /* Decrement the loop counter */
  92:../Dave/Generated/CMSIS_DSP/StatisticsFunctions/arm_mean_q31.c ****     blkCnt--;
 114              	 .loc 1 92 0
 115 00a0 7B6A     	 ldr r3,[r7,#36]
 116 00a2 013B     	 subs r3,r3,#1
 117 00a4 7B62     	 str r3,[r7,#36]
 118              	.L2:
  78:../Dave/Generated/CMSIS_DSP/StatisticsFunctions/arm_mean_q31.c ****   {
 119              	 .loc 1 78 0
 120 00a6 7B6A     	 ldr r3,[r7,#36]
 121 00a8 002B     	 cmp r3,#0
 122 00aa B9D1     	 bne .L3
  93:../Dave/Generated/CMSIS_DSP/StatisticsFunctions/arm_mean_q31.c ****   }
  94:../Dave/Generated/CMSIS_DSP/StatisticsFunctions/arm_mean_q31.c **** 
  95:../Dave/Generated/CMSIS_DSP/StatisticsFunctions/arm_mean_q31.c ****   /* If the blockSize is not a multiple of 4, compute any remaining output samples here.
  96:../Dave/Generated/CMSIS_DSP/StatisticsFunctions/arm_mean_q31.c ****    ** No loop unrolling is used. */
  97:../Dave/Generated/CMSIS_DSP/StatisticsFunctions/arm_mean_q31.c ****   blkCnt = blockSize % 0x4u;
 123              	 .loc 1 97 0
 124 00ac BB68     	 ldr r3,[r7,#8]
 125 00ae 03F00303 	 and r3,r3,#3
 126 00b2 7B62     	 str r3,[r7,#36]
  98:../Dave/Generated/CMSIS_DSP/StatisticsFunctions/arm_mean_q31.c **** 
  99:../Dave/Generated/CMSIS_DSP/StatisticsFunctions/arm_mean_q31.c **** #else
 100:../Dave/Generated/CMSIS_DSP/StatisticsFunctions/arm_mean_q31.c ****   /* Run the below code for Cortex-M0 */
 101:../Dave/Generated/CMSIS_DSP/StatisticsFunctions/arm_mean_q31.c **** 
 102:../Dave/Generated/CMSIS_DSP/StatisticsFunctions/arm_mean_q31.c ****   /* Loop over blockSize number of values */
 103:../Dave/Generated/CMSIS_DSP/StatisticsFunctions/arm_mean_q31.c ****   blkCnt = blockSize;
 104:../Dave/Generated/CMSIS_DSP/StatisticsFunctions/arm_mean_q31.c **** 
 105:../Dave/Generated/CMSIS_DSP/StatisticsFunctions/arm_mean_q31.c **** #endif /* #if defined (ARM_MATH_DSP) */
 106:../Dave/Generated/CMSIS_DSP/StatisticsFunctions/arm_mean_q31.c **** 
 107:../Dave/Generated/CMSIS_DSP/StatisticsFunctions/arm_mean_q31.c ****   while (blkCnt > 0u)
 127              	 .loc 1 107 0
 128 00b4 10E0     	 b .L4
 129              	.L5:
 108:../Dave/Generated/CMSIS_DSP/StatisticsFunctions/arm_mean_q31.c ****   {
 109:../Dave/Generated/CMSIS_DSP/StatisticsFunctions/arm_mean_q31.c ****     /* C = (A[0] + A[1] + A[2] + ... + A[blockSize-1]) */
 110:../Dave/Generated/CMSIS_DSP/StatisticsFunctions/arm_mean_q31.c ****     sum += *pSrc++;
 130              	 .loc 1 110 0
 131 00b6 FB68     	 ldr r3,[r7,#12]
 132 00b8 1A1D     	 adds r2,r3,#4
 133 00ba FA60     	 str r2,[r7,#12]
 134 00bc 1B68     	 ldr r3,[r3]
 135 00be 1A46     	 mov r2,r3
 136 00c0 4FEAE273 	 asr r3,r2,#31
 137 00c4 D7E90A01 	 ldrd r0,[r7,#40]
 138 00c8 1218     	 adds r2,r2,r0
 139 00ca 43EB0103 	 adc r3,r3,r1
 140 00ce C7E90A23 	 strd r2,[r7,#40]
 111:../Dave/Generated/CMSIS_DSP/StatisticsFunctions/arm_mean_q31.c **** 
 112:../Dave/Generated/CMSIS_DSP/StatisticsFunctions/arm_mean_q31.c ****     /* Decrement the loop counter */
 113:../Dave/Generated/CMSIS_DSP/StatisticsFunctions/arm_mean_q31.c ****     blkCnt--;
 141              	 .loc 1 113 0
 142 00d2 7B6A     	 ldr r3,[r7,#36]
 143 00d4 013B     	 subs r3,r3,#1
 144 00d6 7B62     	 str r3,[r7,#36]
 145              	.L4:
 107:../Dave/Generated/CMSIS_DSP/StatisticsFunctions/arm_mean_q31.c ****   {
 146              	 .loc 1 107 0
 147 00d8 7B6A     	 ldr r3,[r7,#36]
 148 00da 002B     	 cmp r3,#0
 149 00dc EBD1     	 bne .L5
 114:../Dave/Generated/CMSIS_DSP/StatisticsFunctions/arm_mean_q31.c ****   }
 115:../Dave/Generated/CMSIS_DSP/StatisticsFunctions/arm_mean_q31.c **** 
 116:../Dave/Generated/CMSIS_DSP/StatisticsFunctions/arm_mean_q31.c ****   /* C = (A[0] + A[1] + A[2] + ... + A[blockSize-1]) / blockSize  */
 117:../Dave/Generated/CMSIS_DSP/StatisticsFunctions/arm_mean_q31.c ****   /* Store the result to the destination */
 118:../Dave/Generated/CMSIS_DSP/StatisticsFunctions/arm_mean_q31.c ****   *pResult = (q31_t) (sum / (int32_t) blockSize);
 150              	 .loc 1 118 0
 151 00de BB68     	 ldr r3,[r7,#8]
 152 00e0 1A46     	 mov r2,r3
 153 00e2 4FEAE273 	 asr r3,r2,#31
 154 00e6 D7E90A01 	 ldrd r0,[r7,#40]
 155 00ea FFF7FEFF 	 bl __aeabi_ldivmod
 156 00ee 0246     	 mov r2,r0
 157 00f0 0B46     	 mov r3,r1
 158 00f2 7B68     	 ldr r3,[r7,#4]
 159 00f4 1A60     	 str r2,[r3]
 119:../Dave/Generated/CMSIS_DSP/StatisticsFunctions/arm_mean_q31.c **** }
 160              	 .loc 1 119 0
 161 00f6 3037     	 adds r7,r7,#48
 162              	.LCFI3:
 163              	 .cfi_def_cfa_offset 8
 164 00f8 BD46     	 mov sp,r7
 165              	.LCFI4:
 166              	 .cfi_def_cfa_register 13
 167              	 
 168 00fa 80BD     	 pop {r7,pc}
 169              	 .cfi_endproc
 170              	.LFE135:
 172              	 .text
 173              	.Letext0:
 174              	 .file 2 "c:\\program files (x86)\\dave\\eclipse\\arm-gcc-49\\arm-none-eabi\\include\\machine\\_default_types.h"
 175              	 .file 3 "c:\\program files (x86)\\dave\\eclipse\\arm-gcc-49\\arm-none-eabi\\include\\stdint.h"
 176              	 .file 4 "F:/Projects/20190909 - 3phase_inverter/3phase_inverter/4. Software_WS/OL_VSC_vitor/Dave/Generated/CMSIS_DSP/arm_math.h"
DEFINED SYMBOLS
                            *ABS*:00000000 arm_mean_q31.c
    {standard input}:21     .text.arm_mean_q31:00000000 $t
    {standard input}:26     .text.arm_mean_q31:00000000 arm_mean_q31
                     .debug_frame:00000010 $d

UNDEFINED SYMBOLS
__aeabi_ldivmod
