Removed Pin From Net: NetName=5Vdc Pin=P4-1
Removed Pin From Net: NetName=5gnd Pin=P4-3
Removed Pin From Net: NetName=5Vdc Pin=P5-1
Removed Pin From Net: NetName=5gnd Pin=P5-3
Removed Pin From Net: NetName=5Vdc Pin=P6-1
Removed Pin From Net: NetName=5gnd Pin=P6-3
Removed Pin From Net: NetName=5Vdc Pin=P7-1
Removed Pin From Net: NetName=5gnd Pin=P7-3
Added Component: Designator=*1(COOLER)
Add component. Clean all parameters for all variants
Added Pin To Net: NetName=5gnd1 Pin=P4-3
Added Net: Name=5gnd1
Added Pin To Net: NetName=5gnd2 Pin=P5-3
Added Net: Name=5gnd2
Added Pin To Net: NetName=5gnd3 Pin=P6-3
Added Net: Name=5gnd3
Added Pin To Net: NetName=5gnd4 Pin=P7-3
Added Net: Name=5gnd4
Added Pin To Net: NetName=5VDC1 Pin=P4-1
Added Net: Name=5VDC1
Added Pin To Net: NetName=5VDC2 Pin=P5-1
Added Net: Name=5VDC2
Added Pin To Net: NetName=5VDC3 Pin=P6-1
Added Net: Name=5VDC3
Added Pin To Net: NetName=5VDC4 Pin=P7-1
Added Net: Name=5VDC4
Change Class Name : Old Net Name=inversor_rev2 New Net Name=inversor_rev3
Added Member To Class: ClassName=inversor_rev3 Member=Component *1 *
