Change Component Comment : Designator=CC1 Old Comment=ACHS-7123 New Comment=IC CC 30A SO-8
Change Component Comment : Designator=CC2 Old Comment=ACHS-7123 New Comment=IC CC 30A SO-8
Change Component Comment : Designator=CC3 Old Comment=ACHS-7123 New Comment=IC CC 30A SO-8
Change Component Comment : Designator=U4 Old Comment=AMC1311 New Comment=IC AmpIso UNI AMC1311
Change Component Comment : Designator=U5 Old Comment=AMC1311 New Comment=IC AmpIso UNI AMC1311
Change Component Comment : Designator=C25 Old Comment=Capacitor SMD New Comment=1uF 0805 MLCC 50V X5R
Change Component Comment : Designator=C27 Old Comment=Capacitor SMD New Comment=1uF 0805 MLCC 50V X5R
Change Component Comment : Designator=C28 Old Comment=Capacitor SMD New Comment=1uF 0805 MLCC 50V X5R
Change Component Comment : Designator=C19 Old Comment=Capacitor SMD New Comment=10nF 0805 MLCC 50V X7R
Change Component Comment : Designator=C20 Old Comment=Capacitor SMD New Comment=10nF 0805 MLCC 50V X7R
Change Component Comment : Designator=C21 Old Comment=Capacitor SMD New Comment=10nF 0805 MLCC 50V X7R
Change Component Comment : Designator=C22 Old Comment=Capacitor SMD New Comment=10nF 0805 MLCC 50V X7R
Change Component Comment : Designator=C1 Old Comment=Capacitor SMD New Comment=10uF 0805 MLCC 25V X5R
Change Component Comment : Designator=C2 Old Comment=Capacitor SMD New Comment=10uF 0805 MLCC 25V X5R
Change Component Comment : Designator=C3 Old Comment=Capacitor SMD New Comment=10uF 0805 MLCC 25V X5R
Change Component Comment : Designator=C18 Old Comment=Capacitor SMD New Comment=10uF 0805 MLCC 25V X5R
Change Component Comment : Designator=C23 Old Comment=Capacitor SMD New Comment=10uF 0805 MLCC 25V X5R
Change Component Comment : Designator=C26 Old Comment=Capacitor SMD New Comment=10uF 0805 MLCC 25V X5R
Change Component Comment : Designator=C29 Old Comment=Capacitor SMD New Comment=10uF 0805 MLCC 25V X5R
Change Component Comment : Designator=C4 Old Comment=Capacitor TANT New Comment=10uF 2917 TANT 50V
Change Component Comment : Designator=C5 Old Comment=Capacitor TANT New Comment=10uF 2917 TANT 50V
Change Component Comment : Designator=C6 Old Comment=Capacitor TANT New Comment=10uF 2917 TANT 50V
Change Component Comment : Designator=C7 Old Comment=Capacitor TANT New Comment=10uF 2917 TANT 50V
Change Component Comment : Designator=C8 Old Comment=Capacitor TANT New Comment=10uF 2917 TANT 50V
Change Component Comment : Designator=C9 Old Comment=Capacitor TANT New Comment=10uF 2917 TANT 50V
Change Component Comment : Designator=C16 Old Comment=Capacitor TANT New Comment=10uF 2917 TANT 50V
Change Component Comment : Designator=C17 Old Comment=Capacitor TANT New Comment=10uF 2917 TANT 50V
Change Component Comment : Designator=C24 Old Comment=Capacitor TANT New Comment=10uF 2917 TANT 50V
Change Component Comment : Designator=U3 Old Comment=DC/DC_ISO New Comment=IC CC/CC 1W 5V
Change Component Comment : Designator=C_bus1 Old Comment=DC_BUS Capacitor New Comment=470uF EleCap TH 450V
Change Component Comment : Designator=C_bus2 Old Comment=DC_BUS Capacitor New Comment=470uF EleCap TH 450V
Change Component Comment : Designator=C_bus3 Old Comment=DC_BUS Capacitor New Comment=470uF EleCap TH 450V
Change Component Comment : Designator=C_bus4 Old Comment=DC_BUS Capacitor New Comment=470uF EleCap TH 450V
Change Component Comment : Designator=D1 Old Comment=Diode New Comment=IC DIO generic
Change Component Comment : Designator=D2 Old Comment=Diode New Comment=IC DIO generic
Change Component Comment : Designator=D3 Old Comment=Diode New Comment=IC DIO generic
Change Component Comment : Designator=U2 Old Comment=IKCM30F60GA New Comment=IC IGBT IPM  IKCM30F60GA
Change Component Comment : Designator=R25 Old Comment=R_MEAS New Comment=R 150R 1/8W 0805 1%
Change Component Comment : Designator=R15 Old Comment=Resistor New Comment=R 0 1/8W 0805
Change Component Comment : Designator=R11 Old Comment=Resistor New Comment=R 1k8 1/8W 0805 1%
Change Component Comment : Designator=R14 Old Comment=Resistor New Comment=R 3K 1/8W 0805 1%
Change Component Comment : Designator=R16 Old Comment=Resistor New Comment=R 3k6 1/8W 0805 1%  
Change Component Comment : Designator=R20 Old Comment=Resistor New Comment=R 30k 1/8W 0805 1%
Change Component Comment : Designator=R21 Old Comment=Resistor New Comment=R 30k 1/8W 0805 1%
Change Component Comment : Designator=R22 Old Comment=Resistor New Comment=R 30k 1/8W 0805 1%
Change Component Comment : Designator=R23 Old Comment=Resistor New Comment=R 30k 1/8W 0805 1%
Change Component Comment : Designator=R26 Old Comment=Resistor New Comment=R 30k 1/8W 0805 1%
Change Component Comment : Designator=R27 Old Comment=Resistor New Comment=R 30k 1/8W 0805 1%
Change Component Comment : Designator=R28 Old Comment=Resistor New Comment=R 30k 1/8W 0805 1%
Change Component Comment : Designator=R29 Old Comment=Resistor New Comment=R 30k 1/8W 0805 1%
Change Component Comment : Designator=R30 Old Comment=Resistor New Comment=R 30k 1/8W 0805 1%
Change Component Comment : Designator=R31 Old Comment=Resistor New Comment=R 30k 1/8W 0805 1%
Change Component Comment : Designator=R32 Old Comment=Resistor New Comment=R 30k 1/8W 0805 1%
Change Component Comment : Designator=R33 Old Comment=Resistor New Comment=R 30k 1/8W 0805 1%
Change Component Comment : Designator=R17 Old Comment=Resistor New Comment=R 49k9 1/8W 0805 1%
Change Component Comment : Designator=R18 Old Comment=Resistor New Comment=R 49k9 1/8W 0805 1%
Change Component Comment : Designator=R7 Old Comment=Resistor New Comment=R 0039 3W 6432 1%
Change Component Comment : Designator=R8 Old Comment=Resistor New Comment=R 0039 3W 6432 1%
Change Component Comment : Designator=R9 Old Comment=Resistor New Comment=R 0039 3W 6432 1%
Change Component Comment : Designator=R1 Old Comment=Resistor New Comment=R 100 1/8W 0805 1%
Change Component Comment : Designator=R2 Old Comment=Resistor New Comment=R 100 1/8W 0805 1%
Change Component Comment : Designator=R3 Old Comment=Resistor New Comment=R 100 1/8W 0805 1%
Change Component Comment : Designator=R4 Old Comment=Resistor New Comment=R 100 1/8W 0805 1%
Change Component Comment : Designator=R5 Old Comment=Resistor New Comment=R 100 1/8W 0805 1%
Change Component Comment : Designator=R6 Old Comment=Resistor New Comment=R 100 1/8W 0805 1%
Change Component Comment : Designator=R10 Old Comment=Resistor New Comment=R 100 1/8W 0805 1%
Change Component Comment : Designator=R12 Old Comment=Resistor New Comment=R 100 1/8W 0805 1%
Change Component Comment : Designator=R13 Old Comment=Resistor New Comment=R 100 1/8W 0805 1%
Change Component Comment : Designator=R19 Old Comment=Resistor New Comment=R 330 1/8 0805 1%
Change Component Comment : Designator=R24 Old Comment=Resistor New Comment=R 330 1/8 0805 1%
Change Component Designator: OldDesignator=+VDC NewDesignator=+VDC2
Change Component Description : Designator=U4 Old Description= New Description=Amplificadores de isolamento A 595-AMC1311DWV
Change Component Description : Designator=U5 Old Description= New Description=Amplificadores de isolamento A 595-AMC1311DWV
Change Component Description : Designator=CC1 Old Description= New Description=Sensores de Corrente de Montagem de Painel Hall Effect IC LF 30A 66 mV/A
Change Component Description : Designator=CC2 Old Description= New Description=Sensores de Corrente de Montagem de Painel Hall Effect IC LF 30A 66 mV/A
Change Component Description : Designator=CC3 Old Description= New Description=Sensores de Corrente de Montagem de Painel Hall Effect IC LF 30A 66 mV/A
Change Component Description : Designator=R15 Old Description=0R New Description=Resistores de Filme Espesso - SMD 1/8Watt 0ohms Commercial Use  
Change Component Description : Designator=R11 Old Description=1K8 New Description=Resistores de Filme Espesso - SMD ResA-AS 0805 1k8 1% 125mW TC100
Change Component Description : Designator=D1 Old Description=1N4148 New Description=Diodos - Fins gerais, energia, comutação Hi Conductance Fast
Change Component Description : Designator=D2 Old Description=1N4148 New Description=Diodos - Fins gerais, energia, comutação Hi Conductance Fast
Change Component Description : Designator=D3 Old Description=1N4148 New Description=Diodos - Fins gerais, energia, comutação Hi Conductance Fast
Change Component Description : Designator=C25 Old Description=1uF New Description=Capacitores de cerâmica multicamada MLCC - SMD/SMT 0805 50V 1uF 20% X5R
Change Component Description : Designator=C27 Old Description=1uF New Description=Capacitores de cerâmica multicamada MLCC - SMD/SMT 0805 50V 1uF 20% X5R
Change Component Description : Designator=C28 Old Description=1uF New Description=Capacitores de cerâmica multicamada MLCC - SMD/SMT 0805 50V 1uF 20% X5R
Change Component Description : Designator=R16 Old Description=3K6 New Description=Resistores de Filme Espesso - SMD 1/8watt 3.6Kohms 1%  
Change Component Description : Designator=R14 Old Description=3K New Description=Resistores de Filme Espesso - SMD 1/8watt 3Kohms 1% 100ppm  
Change Component Description : Designator=C10 Old Description=10nF New Description=1nF
Change Component Description : Designator=C11 Old Description=10nF New Description=1nF
Change Component Description : Designator=C12 Old Description=10nF New Description=1nF
Change Component Description : Designator=C13 Old Description=10nF New Description=1nF
Change Component Description : Designator=C14 Old Description=10nF New Description=1nF
Change Component Description : Designator=C15 Old Description=10nF New Description=1nF
Change Component Description : Designator=C19 Old Description=10nF New Description=Capacitores de cerâmica multicamada MLCC - SMD/SMT 10nF 50V X7R 10%
Change Component Description : Designator=C20 Old Description=10nF New Description=Capacitores de cerâmica multicamada MLCC - SMD/SMT 10nF 50V X7R 10%
Change Component Description : Designator=C21 Old Description=10nF New Description=Capacitores de cerâmica multicamada MLCC - SMD/SMT 10nF 50V X7R 10%
Change Component Description : Designator=C22 Old Description=10nF New Description=Capacitores de cerâmica multicamada MLCC - SMD/SMT 10nF 50V X7R 10%
Change Component Description : Designator=C4 Old Description=10uF 50V TANT New Description=Condensadores de tântalo - revestimento sólido de SMD 50V 10uF 10% ESR=0.8Ohms
Change Component Description : Designator=C5 Old Description=10uF 50V TANT New Description=Condensadores de tântalo - revestimento sólido de SMD 50V 10uF 10% ESR=0.8Ohms
Change Component Description : Designator=C6 Old Description=10uF 50V TANT New Description=Condensadores de tântalo - revestimento sólido de SMD 50V 10uF 10% ESR=0.8Ohms
Change Component Description : Designator=C7 Old Description=10uF 50V TANT New Description=Condensadores de tântalo - revestimento sólido de SMD 50V 10uF 10% ESR=0.8Ohms
Change Component Description : Designator=C8 Old Description=10uF 50V TANT New Description=Condensadores de tântalo - revestimento sólido de SMD 50V 10uF 10% ESR=0.8Ohms
Change Component Description : Designator=C9 Old Description=10uF 50V TANT New Description=Condensadores de tântalo - revestimento sólido de SMD 50V 10uF 10% ESR=0.8Ohms
Change Component Description : Designator=C16 Old Description=10uF 50V TANT New Description=Condensadores de tântalo - revestimento sólido de SMD 50V 10uF 10% ESR=0.8Ohms
Change Component Description : Designator=C17 Old Description=10uF 50V TANT New Description=Condensadores de tântalo - revestimento sólido de SMD 50V 10uF 10% ESR=0.8Ohms
Change Component Description : Designator=C24 Old Description=10uF 50V TANT New Description=Condensadores de tântalo - revestimento sólido de SMD 50V 10uF 10% ESR=0.8Ohms
Change Component Description : Designator=C1 Old Description=10uF New Description=Capacitores de cerâmica multicamada MLCC - SMD/SMT 10uF 25V X5R +/-10% 0805 Gen Purp
Change Component Description : Designator=C2 Old Description=10uF New Description=Capacitores de cerâmica multicamada MLCC - SMD/SMT 10uF 25V X5R +/-10% 0805 Gen Purp  
Change Component Description : Designator=C3 Old Description=10uF New Description=Capacitores de cerâmica multicamada MLCC - SMD/SMT 10uF 25V X5R +/-10% 0805 Gen Purp
Change Component Description : Designator=C18 Old Description=10uF New Description=Capacitores de cerâmica multicamada MLCC - SMD/SMT 10uF 25V X5R +/-10% 0805 Gen Purp  
Change Component Description : Designator=C23 Old Description=10uF New Description=Capacitores de cerâmica multicamada MLCC - SMD/SMT 10uF 25V X5R +/-10% 0805 Gen Purp  
Change Component Description : Designator=C26 Old Description=10uF New Description=Capacitores de cerâmica multicamada MLCC - SMD/SMT 10uF 25V X5R +/-10% 0805 Gen Purp  
Change Component Description : Designator=C29 Old Description=10uF New Description=Capacitores de cerâmica multicamada MLCC - SMD/SMT 10uF 25V X5R +/-10% 0805 Gen Purp  
Change Component Description : Designator=R20 Old Description=30K New Description=Resistores de Filme Espesso - SMD 0805 30Kohms 1% AEC-Q200
Change Component Description : Designator=R21 Old Description=30K New Description=Resistores de Filme Espesso - SMD 0805 30Kohms 1% AEC-Q200
Change Component Description : Designator=R22 Old Description=30K New Description=Resistores de Filme Espesso - SMD 0805 30Kohms 1% AEC-Q200
Change Component Description : Designator=R23 Old Description=30K New Description=Resistores de Filme Espesso - SMD 0805 30Kohms 1% AEC-Q200
Change Component Description : Designator=R26 Old Description=30K New Description=Resistores de Filme Espesso - SMD 0805 30Kohms 1% AEC-Q200
Change Component Description : Designator=R27 Old Description=30K New Description=Resistores de Filme Espesso - SMD 0805 30Kohms 1% AEC-Q200
Change Component Description : Designator=R28 Old Description=30K New Description=Resistores de Filme Espesso - SMD 0805 30Kohms 1% AEC-Q200
Change Component Description : Designator=R29 Old Description=30K New Description=Resistores de Filme Espesso - SMD 0805 30Kohms 1% AEC-Q200
Change Component Description : Designator=R30 Old Description=30K New Description=Resistores de Filme Espesso - SMD 0805 30Kohms 1% AEC-Q200
Change Component Description : Designator=R31 Old Description=30K New Description=Resistores de Filme Espesso - SMD 0805 30Kohms 1% AEC-Q200
Change Component Description : Designator=R32 Old Description=30K New Description=Resistores de Filme Espesso - SMD 0805 30Kohms 1% AEC-Q200
Change Component Description : Designator=R33 Old Description=30K New Description=Resistores de Filme Espesso - SMD 0805 30Kohms 1% AEC-Q200
Change Component Description : Designator=R17 Old Description=50K New Description=Resistores de Filme Espesso - SMD 1/8Watt 49.9Kohms 1% Commercial Use
Change Component Description : Designator=R18 Old Description=50K New Description=Resistores de Filme Espesso - SMD 1/8Watt 49.9Kohms 1% Commercial Use
Change Component Description : Designator=R1 Old Description=100R New Description=Resistores de Filme Espesso - SMD 1/8Watt 100ohms 1% Commercial Use
Change Component Description : Designator=R2 Old Description=100R New Description=Resistores de Filme Espesso - SMD 1/8Watt 100ohms 1% Commercial Use
Change Component Description : Designator=R3 Old Description=100R New Description=Resistores de Filme Espesso - SMD 1/8Watt 100ohms 1% Commercial Use
Change Component Description : Designator=R4 Old Description=100R New Description=Resistores de Filme Espesso - SMD 1/8Watt 100ohms 1% Commercial Use
Change Component Description : Designator=R5 Old Description=100R New Description=Resistores de Filme Espesso - SMD 1/8Watt 100ohms 1% Commercial Use
Change Component Description : Designator=R6 Old Description=100R New Description=Resistores de Filme Espesso - SMD 1/8Watt 100ohms 1% Commercial Use
Change Component Description : Designator=R10 Old Description=100R New Description=Resistores de Filme Espesso - SMD 1/8Watt 100ohms 1% Commercial Use
Change Component Description : Designator=R12 Old Description=100R New Description=Resistores de Filme Espesso - SMD 1/8Watt 100ohms 1% Commercial Use
Change Component Description : Designator=R13 Old Description=100R New Description=Resistores de Filme Espesso - SMD 1/8Watt 100ohms 1% Commercial Use
Change Component Description : Designator=R25 Old Description=150R New Description=Resistores de Filme Espesso - SMD 1/8watt 150ohms 1% 100ppm
Change Component Description : Designator=R19 Old Description=330R New Description=Resistores de Filme Espesso - SMD 1/8Watt 330ohms 1% Commercial Use
Change Component Description : Designator=R24 Old Description=330R New Description=Resistores de Filme Espesso - SMD 1/8Watt 330ohms 1% Commercial Use
Change Component Description : Designator=R7 Old Description=Current sense resistor New Description=MCLRP12FTWRR039 -  SMD Current Sense Resistor, 0.039 ohm, LRP Series, 2512 [6432 Metric], 3 W, ± 1%, Metal Strip
Change Component Description : Designator=R8 Old Description=Current sense resistor New Description=MCLRP12FTWRR039 -  SMD Current Sense Resistor, 0.039 ohm, LRP Series, 2512 [6432 Metric], 3 W, ± 1%, Metal Strip
Change Component Description : Designator=R9 Old Description=Current sense resistor New Description=MCLRP12FTWRR039 -  SMD Current Sense Resistor, 0.039 ohm, LRP Series, 2512 [6432 Metric], 3 W, ± 1%, Metal Strip
Change Component Description : Designator=U3 Old Description=DC/DC_ISO New Description=Conversores CC/CC com isolação 1W 5Vin 5Vout 200mA SIP7
Change Component Description : Designator=C_bus1 Old Description=DC_BUS CAP New Description=Capacitores eletrolíticos de alumínio - terminal de pressão 450V 470uF 20% Tol.
Change Component Description : Designator=C_bus2 Old Description=DC_BUS CAP New Description=Capacitores eletrolíticos de alumínio - terminal de pressão 450V 470uF 20% Tol.
Change Component Description : Designator=C_bus3 Old Description=DC_BUS CAP New Description=Capacitores eletrolíticos de alumínio - terminal de pressão 450V 470uF 20% Tol.
Change Component Description : Designator=C_bus4 Old Description=DC_BUS CAP New Description=Capacitores eletrolíticos de alumínio - terminal de pressão 450V 470uF 20% Tol.
Change Component Description : Designator=P1 Old Description=Header, 3 pin New Description=Distribuidores e Alojamento de Fios
Change Component Description : Designator=P2 Old Description=Header, 3 pin New Description=Distribuidores e Alojamento de Fios
Change Component Description : Designator=P3 Old Description=Header, 3 pin New Description=Distribuidores e Alojamento de Fios
Change Component Description : Designator=P4 Old Description=Header, 3 pin New Description=Distribuidores e Alojamento de Fios
Change Component Description : Designator=P5 Old Description=Header, 3 pin New Description=Distribuidores e Alojamento de Fios
Change Component Description : Designator=P6 Old Description=Header, 3 pin New Description=Distribuidores e Alojamento de Fios
Change Component Description : Designator=P7 Old Description=Header, 3 pin New Description=Distribuidores e Alojamento de Fios
Change Component Description : Designator=P8 Old Description=Header, 3 pin New Description=Distribuidores e Alojamento de Fios
Change Component Description : Designator=U2 Old Description=Intelligent Power Module 600V@30A New Description=Controladores e drivers de Motor/Movimento/Ignição IFPS MODULES
Change component parameters: Designator = "R7"; Footprint = "RESC6432X09M"; UniqueID = "\NOWRQKUW"
Change component parameters. Clean all parameters for all variants
Change component parameters (AddParameter): Name = "Farnell VPN"; Value = "2828259"; VariantName = "[No Variations]"
Change component parameters: Designator = "R8"; Footprint = "RESC6432X09M"; UniqueID = "\CPVITICN"
Change component parameters. Clean all parameters for all variants
Change component parameters (AddParameter): Name = "Farnell VPN"; Value = "2828259"; VariantName = "[No Variations]"
Change component parameters: Designator = "R9"; Footprint = "RESC6432X09M"; UniqueID = "\HXFYRXOW"
Change component parameters. Clean all parameters for all variants
Change component parameters (AddParameter): Name = "Farnell VPN"; Value = "2828259"; VariantName = "[No Variations]"
Change component parameters: Designator = "C1"; Footprint = "CAPC_0805"; UniqueID = "\WUOHRCOO"
Change component parameters. Clean all parameters for all variants
Change component parameters (AddParameter): Name = "Mouser VPN"; Value = "963-TMK212BBJ106KG-T"; VariantName = "[No Variations]"
Change component parameters: Designator = "C2"; Footprint = "CAPC_0805"; UniqueID = "\MAIVKOXR"
Change component parameters. Clean all parameters for all variants
Change component parameters (AddParameter): Name = "Mouser VPN"; Value = "963-TMK212BBJ106KG-T"; VariantName = "[No Variations]"
Change component parameters: Designator = "C3"; Footprint = "CAPC_0805"; UniqueID = "\BLNIANSR"
Change component parameters. Clean all parameters for all variants
Change component parameters (AddParameter): Name = "Mouser VPN"; Value = "963-TMK212BBJ106KG-T"; VariantName = "[No Variations]"
Change component parameters: Designator = "C4"; Footprint = "CAPC_2917"; UniqueID = "\ASXKYIVN"
Change component parameters. Clean all parameters for all variants
Change component parameters (AddParameter): Name = "Mouser VPN"; Value = "80-T491D106K050AT"; VariantName = "[No Variations]"
Change component parameters: Designator = "C5"; Footprint = "CAPC_2917"; UniqueID = "\UQNKDAWY"
Change component parameters. Clean all parameters for all variants
Change component parameters (AddParameter): Name = "Mouser VPN"; Value = "80-T491D106K050AT"; VariantName = "[No Variations]"
Change component parameters: Designator = "C6"; Footprint = "CAPC_2917"; UniqueID = "\OJJNAEEC"
Change component parameters. Clean all parameters for all variants
Change component parameters (AddParameter): Name = "Mouser VPN"; Value = "80-T491D106K050AT"; VariantName = "[No Variations]"
Change component parameters: Designator = "C7"; Footprint = "CAPC_2917"; UniqueID = "\VJIQBILN"
Change component parameters. Clean all parameters for all variants
Change component parameters (AddParameter): Name = "Mouser VPN"; Value = "80-T491D106K050AT"; VariantName = "[No Variations]"
Change component parameters: Designator = "C8"; Footprint = "CAPC_2917"; UniqueID = "\XKAHKKVO"
Change component parameters. Clean all parameters for all variants
Change component parameters (AddParameter): Name = "Mouser VPN"; Value = "80-T491D106K050AT"; VariantName = "[No Variations]"
Change component parameters: Designator = "C9"; Footprint = "CAPC_2917"; UniqueID = "\QEAQSYMO"
Change component parameters. Clean all parameters for all variants
Change component parameters (AddParameter): Name = "Mouser VPN"; Value = "80-T491D106K050AT"; VariantName = "[No Variations]"
Change component parameters: Designator = "C18"; Footprint = "CAPC_0805"; UniqueID = "\CPVDIUHX"
Change component parameters. Clean all parameters for all variants
Change component parameters (AddParameter): Name = "Mouser VPN"; Value = "963-TMK212BBJ106KG-T"; VariantName = "[No Variations]"
Change component parameters: Designator = "C19"; Footprint = "CAPC_0805"; UniqueID = "\AWRTTLNP"
Change component parameters. Clean all parameters for all variants
Change component parameters (AddParameter): Name = "Mouser VPN"; Value = "603-CC805KRX7R9BB103"; VariantName = "[No Variations]"
Change component parameters: Designator = "C20"; Footprint = "CAPC_0805"; UniqueID = "\JNFAHNFU"
Change component parameters. Clean all parameters for all variants
Change component parameters (AddParameter): Name = "Mouser VPN"; Value = "603-CC805KRX7R9BB103"; VariantName = "[No Variations]"
Change component parameters: Designator = "C21"; Footprint = "CAPC_0805"; UniqueID = "\BUXYYPRI"
Change component parameters. Clean all parameters for all variants
Change component parameters (AddParameter): Name = "Mouser VPN"; Value = "603-CC805KRX7R9BB103"; VariantName = "[No Variations]"
Change component parameters: Designator = "C22"; Footprint = "CAPC_0805"; UniqueID = "\JCMWCIVG"
Change component parameters. Clean all parameters for all variants
Change component parameters (AddParameter): Name = "Mouser VPN"; Value = "603-CC805KRX7R9BB103"; VariantName = "[No Variations]"
Change component parameters: Designator = "C23"; Footprint = "CAPC_0805"; UniqueID = "\ILEXCKWR"
Change component parameters. Clean all parameters for all variants
Change component parameters (AddParameter): Name = "Mouser VPN"; Value = "963-TMK212BBJ106KG-T"; VariantName = "[No Variations]"
Change component parameters: Designator = "C25"; Footprint = "CAPC_0805"; UniqueID = "\EGINWIEE"
Change component parameters. Clean all parameters for all variants
Change component parameters (AddParameter): Name = "Mouser VPN"; Value = "963-UMK212BJ105MG-T"; VariantName = "[No Variations]"
Change component parameters: Designator = "C26"; Footprint = "CAPC_0805"; UniqueID = "\TUADNVBG"
Change component parameters. Clean all parameters for all variants
Change component parameters (AddParameter): Name = "Mouser VPN"; Value = "963-TMK212BBJ106KG-T"; VariantName = "[No Variations]"
Change component parameters: Designator = "C27"; Footprint = "CAPC_0805"; UniqueID = "\YRSBUDDV"
Change component parameters. Clean all parameters for all variants
Change component parameters (AddParameter): Name = "Mouser VPN"; Value = "963-UMK212BJ105MG-T"; VariantName = "[No Variations]"
Change component parameters: Designator = "C28"; Footprint = "CAPC_0805"; UniqueID = "\PEXIWBXP"
Change component parameters. Clean all parameters for all variants
Change component parameters (AddParameter): Name = "Mouser VPN"; Value = "963-UMK212BJ105MG-T"; VariantName = "[No Variations]"
Change component parameters: Designator = "C29"; Footprint = "CAPC_0805"; UniqueID = "\QFBKWBWL"
Change component parameters. Clean all parameters for all variants
Change component parameters (AddParameter): Name = "Mouser VPN"; Value = "963-TMK212BBJ106KG-T"; VariantName = "[No Variations]"
Change component parameters: Designator = "P1"; Footprint = "MOLEX_3p_105431_1103"; UniqueID = "\GOBWKGSX"
Change component parameters. Clean all parameters for all variants
Change component parameters (AddParameter): Name = "Mouser VPN"; Value = "538-87937-0800"; VariantName = "[No Variations]"
Change component parameters: Designator = "P2"; Footprint = "MOLEX_3p_105431_1103"; UniqueID = "\XSSDGEIF"
Change component parameters. Clean all parameters for all variants
Change component parameters (AddParameter): Name = "Mouser VPN"; Value = "538-87937-0800"; VariantName = "[No Variations]"
Change component parameters: Designator = "P3"; Footprint = "MOLEX_3p_105431_1103"; UniqueID = "\OAUAYXJA"
Change component parameters. Clean all parameters for all variants
Change component parameters (AddParameter): Name = "Mouser VPN"; Value = "538-87937-0800"; VariantName = "[No Variations]"
Change component parameters: Designator = "P4"; Footprint = "MOLEX_3p_105431_1103"; UniqueID = "\KWAOAAYM"
Change component parameters. Clean all parameters for all variants
Change component parameters (AddParameter): Name = "Mouser VPN"; Value = "538-87937-0800"; VariantName = "[No Variations]"
Change component parameters: Designator = "P5"; Footprint = "MOLEX_3p_105431_1103"; UniqueID = "\VIKLMLLR"
Change component parameters. Clean all parameters for all variants
Change component parameters (AddParameter): Name = "Mouser VPN"; Value = "538-87937-0800"; VariantName = "[No Variations]"
Change component parameters: Designator = "P6"; Footprint = "MOLEX_3p_105431_1103"; UniqueID = "\MBKEEMNU"
Change component parameters. Clean all parameters for all variants
Change component parameters (AddParameter): Name = "Mouser VPN"; Value = "538-87937-0800"; VariantName = "[No Variations]"
Change component parameters: Designator = "P7"; Footprint = "MOLEX_3p_105431_1103"; UniqueID = "\CCLQSMIW"
Change component parameters. Clean all parameters for all variants
Change component parameters (AddParameter): Name = "Mouser VPN"; Value = "538-87937-0800"; VariantName = "[No Variations]"
Change component parameters: Designator = "P8"; Footprint = "MOLEX_3p_105431_1103"; UniqueID = "\BWDVKHOX"
Change component parameters. Clean all parameters for all variants
Change component parameters (AddParameter): Name = "Mouser VPN"; Value = "538-87937-0800"; VariantName = "[No Variations]"
Change component parameters: Designator = "R1"; Footprint = "RESC_0805"; UniqueID = "\KXCCFPCQ"
Change component parameters. Clean all parameters for all variants
Change component parameters (AddParameter): Name = "Mouser VPN"; Value = "71-CRCW0805100RFKEAC"; VariantName = "[No Variations]"
Change component parameters: Designator = "R2"; Footprint = "RESC_0805"; UniqueID = "\EAKBVRQS"
Change component parameters. Clean all parameters for all variants
Change component parameters (AddParameter): Name = "Mouser VPN"; Value = "71-CRCW0805100RFKEAC"; VariantName = "[No Variations]"
Change component parameters: Designator = "R3"; Footprint = "RESC_0805"; UniqueID = "\SHNURGFA"
Change component parameters. Clean all parameters for all variants
Change component parameters (AddParameter): Name = "Mouser VPN"; Value = "71-CRCW0805100RFKEAC"; VariantName = "[No Variations]"
Change component parameters: Designator = "R4"; Footprint = "RESC_0805"; UniqueID = "\IXCJODAT"
Change component parameters. Clean all parameters for all variants
Change component parameters (AddParameter): Name = "Mouser VPN"; Value = "71-CRCW0805100RFKEAC"; VariantName = "[No Variations]"
Change component parameters: Designator = "R5"; Footprint = "RESC_0805"; UniqueID = "\MHXWKKOP"
Change component parameters. Clean all parameters for all variants
Change component parameters (AddParameter): Name = "Mouser VPN"; Value = "71-CRCW0805100RFKEAC"; VariantName = "[No Variations]"
Change component parameters: Designator = "R6"; Footprint = "RESC_0805"; UniqueID = "\VYDWOMPI"
Change component parameters. Clean all parameters for all variants
Change component parameters (AddParameter): Name = "Mouser VPN"; Value = "71-CRCW0805100RFKEAC"; VariantName = "[No Variations]"
Change component parameters: Designator = "R10"; Footprint = "RESC_0805"; UniqueID = "\IEIVEPFW"
Change component parameters. Clean all parameters for all variants
Change component parameters (AddParameter): Name = "Mouser VPN"; Value = "71-CRCW0805100RFKEAC"; VariantName = "[No Variations]"
Change component parameters: Designator = "R11"; Footprint = "RESC_0805"; UniqueID = "\MWXTSVHE"
Change component parameters. Clean all parameters for all variants
Change component parameters (AddParameter): Name = "Mouser VPN"; Value = "652-CR0805AFX1801EAS"; VariantName = "[No Variations]"
Change component parameters: Designator = "R12"; Footprint = "RESC_0805"; UniqueID = "\KVTLMWWX"
Change component parameters. Clean all parameters for all variants
Change component parameters (AddParameter): Name = "Mouser VPN"; Value = "71-CRCW0805100RFKEAC"; VariantName = "[No Variations]"
Change component parameters: Designator = "R13"; Footprint = "RESC_0805"; UniqueID = "\SGIISPCP"
Change component parameters. Clean all parameters for all variants
Change component parameters (AddParameter): Name = "Mouser VPN"; Value = "71-CRCW0805100RFKEAC"; VariantName = "[No Variations]"
Change component parameters: Designator = "R14"; Footprint = "RESC_0805"; UniqueID = "\WNEYRPGR"
Change component parameters. Clean all parameters for all variants
Change component parameters (AddParameter): Name = "Mouser VPN"; Value = "71-CRCW0805-3K-E3"; VariantName = "[No Variations]"
Change component parameters: Designator = "R15"; Footprint = "RESC_0805"; UniqueID = "\WKWYMPHQ"
Change component parameters. Clean all parameters for all variants
Change component parameters (AddParameter): Name = "Mouser VPN"; Value = "71-CRCW08050000Z0EAC"; VariantName = "[No Variations]"
Change component parameters: Designator = "R16"; Footprint = "RESC_0805"; UniqueID = "\MSDYSGVB"
Change component parameters. Clean all parameters for all variants
Change component parameters (AddParameter): Name = "Mouser VPN"; Value = "71-CRCW08053K60FKEA"; VariantName = "[No Variations]"
Change component parameters: Designator = "R17"; Footprint = "RESC_0805"; UniqueID = "\JOJBFDKN"
Change component parameters. Clean all parameters for all variants
Change component parameters (AddParameter): Name = "Mouser VPN"; Value = "71-CRCW080549K9FKEAC"; VariantName = "[No Variations]"
Change component parameters: Designator = "R18"; Footprint = "RESC_0805"; UniqueID = "\MLQYJUCF"
Change component parameters. Clean all parameters for all variants
Change component parameters (AddParameter): Name = "Mouser VPN"; Value = "71-CRCW080549K9FKEAC"; VariantName = "[No Variations]"
Change component parameters: Designator = "U2"; Footprint = "ikcm30f60ga"; UniqueID = "\IVEEUTNS"
Change component parameters. Clean all parameters for all variants
Change component parameters (AddParameter): Name = "Mouser VPN"; Value = "726-IKCM30F60GDXKMA1"; VariantName = "[No Variations]"
Change component parameters: Designator = "U4"; Footprint = "AMC1311 - SOIC8"; UniqueID = "\DEGAISQV"
Change component parameters. Clean all parameters for all variants
Change component parameters (AddParameter): Name = "Mouser VPN"; Value = "595-AMC1311DWVR"; VariantName = "[No Variations]"
Change component parameters: Designator = "U5"; Footprint = "AMC1311 - SOIC8"; UniqueID = "\DFTHKDHY"
Change component parameters. Clean all parameters for all variants
Change component parameters (AddParameter): Name = "Mouser VPN"; Value = "595-AMC1311DWVR"; VariantName = "[No Variations]"
Change component parameters: Designator = "R19"; Footprint = "RESC_0805"; UniqueID = "\RWUDFCAK"
Change component parameters. Clean all parameters for all variants
Change component parameters (AddParameter): Name = "Mouser VPN"; Value = "71-CRCW0805330RFKEAC"; VariantName = "[No Variations]"
Change component parameters: Designator = "R20"; Footprint = "RESC_0805"; UniqueID = "\ELCWREDX"
Change component parameters. Clean all parameters for all variants
Change component parameters (AddParameter): Name = "Mouser VPN"; Value = "667-ERJ-6ENF3002V"; VariantName = "[No Variations]"
Change component parameters: Designator = "R21"; Footprint = "RESC_0805"; UniqueID = "\HBWOURAV"
Change component parameters. Clean all parameters for all variants
Change component parameters (AddParameter): Name = "Mouser VPN"; Value = "667-ERJ-6ENF3002V"; VariantName = "[No Variations]"
Change component parameters: Designator = "R22"; Footprint = "RESC_0805"; UniqueID = "\XEFVUNVS"
Change component parameters. Clean all parameters for all variants
Change component parameters (AddParameter): Name = "Mouser VPN"; Value = "667-ERJ-6ENF3002V"; VariantName = "[No Variations]"
Change component parameters: Designator = "R23"; Footprint = "RESC_0805"; UniqueID = "\WYWLXUNG"
Change component parameters. Clean all parameters for all variants
Change component parameters (AddParameter): Name = "Mouser VPN"; Value = "667-ERJ-6ENF3002V"; VariantName = "[No Variations]"
Change component parameters: Designator = "R24"; Footprint = "RESC_0805"; UniqueID = "\NXXABQSN"
Change component parameters. Clean all parameters for all variants
Change component parameters (AddParameter): Name = "Mouser VPN"; Value = "71-CRCW0805330RFKEAC"; VariantName = "[No Variations]"
Change component parameters: Designator = "R25"; Footprint = "RESC_0805"; UniqueID = "\KLCGYUKH"
Change component parameters. Clean all parameters for all variants
Change component parameters (AddParameter): Name = "Mouser VPN"; Value = "71-CRCW0805-150-E3"; VariantName = "[No Variations]"
Change component parameters: Designator = "R26"; Footprint = "RESC_0805"; UniqueID = "\BUORQVUY"
Change component parameters. Clean all parameters for all variants
Change component parameters (AddParameter): Name = "Mouser VPN"; Value = "667-ERJ-6ENF3002V"; VariantName = "[No Variations]"
Change component parameters: Designator = "R27"; Footprint = "RESC_0805"; UniqueID = "\LBLWNXRM"
Change component parameters. Clean all parameters for all variants
Change component parameters (AddParameter): Name = "Mouser VPN"; Value = "667-ERJ-6ENF3002V"; VariantName = "[No Variations]"
Change component parameters: Designator = "R28"; Footprint = "RESC_0805"; UniqueID = "\KLLLGLQX"
Change component parameters. Clean all parameters for all variants
Change component parameters (AddParameter): Name = "Mouser VPN"; Value = "667-ERJ-6ENF3002V"; VariantName = "[No Variations]"
Change component parameters: Designator = "R29"; Footprint = "RESC_0805"; UniqueID = "\VYSFBLYX"
Change component parameters. Clean all parameters for all variants
Change component parameters (AddParameter): Name = "Mouser VPN"; Value = "667-ERJ-6ENF3002V"; VariantName = "[No Variations]"
Change component parameters: Designator = "R30"; Footprint = "RESC_0805"; UniqueID = "\YAVFMULW"
Change component parameters. Clean all parameters for all variants
Change component parameters (AddParameter): Name = "Mouser VPN"; Value = "667-ERJ-6ENF3002V"; VariantName = "[No Variations]"
Change component parameters: Designator = "R31"; Footprint = "RESC_0805"; UniqueID = "\JPUHRAEQ"
Change component parameters. Clean all parameters for all variants
Change component parameters (AddParameter): Name = "Mouser VPN"; Value = "667-ERJ-6ENF3002V"; VariantName = "[No Variations]"
Change component parameters: Designator = "R32"; Footprint = "RESC_0805"; UniqueID = "\QAIEOXMN"
Change component parameters. Clean all parameters for all variants
Change component parameters (AddParameter): Name = "Mouser VPN"; Value = "667-ERJ-6ENF3002V"; VariantName = "[No Variations]"
Change component parameters: Designator = "R33"; Footprint = "RESC_0805"; UniqueID = "\UPXBEVHL"
Change component parameters. Clean all parameters for all variants
Change component parameters (AddParameter): Name = "Mouser VPN"; Value = "667-ERJ-6ENF3002V"; VariantName = "[No Variations]"
Change component parameters: Designator = "U3"; Footprint = "DC/DC_ISO"; UniqueID = "\MEYVRWYS"
Change component parameters. Clean all parameters for all variants
Change component parameters (AddParameter): Name = "Mouser VPN"; Value = "919-RFB-0505S"; VariantName = "[No Variations]"
Change component parameters: Designator = "C_bus1"; Footprint = "Capacitor_DCBUS"; UniqueID = "\SQSLWDCU"
Change component parameters. Clean all parameters for all variants
Change component parameters (AddParameter): Name = "Mouser VPN"; Value = "661-ESMR451N471MR40S"; VariantName = "[No Variations]"
Change component parameters: Designator = "C_bus2"; Footprint = "Capacitor_DCBUS"; UniqueID = "\DPVOGSAI"
Change component parameters. Clean all parameters for all variants
Change component parameters (AddParameter): Name = "Mouser VPN"; Value = "661-ESMR451N471MR40S"; VariantName = "[No Variations]"
Change component parameters: Designator = "C_bus3"; Footprint = "Capacitor_DCBUS"; UniqueID = "\VPBRWWFO"
Change component parameters. Clean all parameters for all variants
Change component parameters (AddParameter): Name = "Mouser VPN"; Value = "661-ESMR451N471MR40S"; VariantName = "[No Variations]"
Change component parameters: Designator = "C_bus4"; Footprint = "Capacitor_DCBUS"; UniqueID = "\BGNKYFBG"
Change component parameters. Clean all parameters for all variants
Change component parameters (AddParameter): Name = "Mouser VPN"; Value = "661-ESMR451N471MR40S"; VariantName = "[No Variations]"
Change component parameters: Designator = "C16"; Footprint = "CAPC_2917"; UniqueID = "\VPEIGCOB"
Change component parameters. Clean all parameters for all variants
Change component parameters (AddParameter): Name = "Mouser VPN"; Value = "80-T491D106K050AT"; VariantName = "[No Variations]"
Change component parameters: Designator = "C17"; Footprint = "CAPC_2917"; UniqueID = "\GCHQQVOT"
Change component parameters. Clean all parameters for all variants
Change component parameters (AddParameter): Name = "Mouser VPN"; Value = "80-T491D106K050AT"; VariantName = "[No Variations]"
Change component parameters: Designator = "C24"; Footprint = "CAPC_2917"; UniqueID = "\NXNJDVFN"
Change component parameters. Clean all parameters for all variants
Change component parameters (AddParameter): Name = "Mouser VPN"; Value = "80-T491D106K050AT"; VariantName = "[No Variations]"
Change component parameters: Designator = "CC1"; Footprint = "CC6303_SOP8"; UniqueID = "\NXLBEUAC"
Change component parameters. Clean all parameters for all variants
Change component parameters (AddParameter): Name = "Mouser VPN"; Value = "630-ACHS-7123-000E"; VariantName = "[No Variations]"
Change component parameters: Designator = "CC2"; Footprint = "CC6303_SOP8"; UniqueID = "\BYYQPGUB"
Change component parameters. Clean all parameters for all variants
Change component parameters (AddParameter): Name = "Mouser VPN"; Value = "630-ACHS-7123-000E"; VariantName = "[No Variations]"
Change component parameters: Designator = "CC3"; Footprint = "CC6303_SOP8"; UniqueID = "\NJHTGFMQ"
Change component parameters. Clean all parameters for all variants
Change component parameters (AddParameter): Name = "Mouser VPN"; Value = "630-ACHS-7123-000E"; VariantName = "[No Variations]"
Change component parameters: Designator = "D1"; Footprint = "Diode_th"; UniqueID = "\SDREUPHQ"
Change component parameters. Clean all parameters for all variants
Change component parameters (AddParameter): Name = "Mouser VPN"; Value = "512-1N4148TR"; VariantName = "[No Variations]"
Change component parameters: Designator = "D2"; Footprint = "Diode_th"; UniqueID = "\TDTJEVVO"
Change component parameters. Clean all parameters for all variants
Change component parameters (AddParameter): Name = "Mouser VPN"; Value = "512-1N4148TR"; VariantName = "[No Variations]"
Change component parameters: Designator = "D3"; Footprint = "Diode_th"; UniqueID = "\NXXWTBRP"
Change component parameters. Clean all parameters for all variants
Change component parameters (AddParameter): Name = "Mouser VPN"; Value = "512-1N4148TR"; VariantName = "[No Variations]"
Added Component: Designator=*1(COOLER)
Add component. Clean all parameters for all variants
Added Member To Class: ClassName=inversor_rev3 Member=Component *1 *
Added Room: Name=inversor_rev3
