Change Component Designator: OldDesignator=+VDC NewDesignator=+VDC2
Change Component Designator: OldDesignator=-VDC NewDesignator=-VDC2
Change Component Designator: OldDesignator=C16 NewDesignator=C20
Change Component Designator: OldDesignator=C17 NewDesignator=C21
Change Component Designator: OldDesignator=C18 NewDesignator=C22
Change Component Designator: OldDesignator=C19 NewDesignator=C23
Change Component Designator: OldDesignator=C20 NewDesignator=C24
Change Component Designator: OldDesignator=C21 NewDesignator=C25
Change Component Designator: OldDesignator=C22 NewDesignator=C26
Change Component Designator: OldDesignator=C23 NewDesignator=C27
Change Component Designator: OldDesignator=C24 NewDesignator=C28
Change Component Designator: OldDesignator=C25 NewDesignator=C29
Change Component Designator: OldDesignator=C26 NewDesignator=C30
Change Component Designator: OldDesignator=C27 NewDesignator=C31
Change Component Designator: OldDesignator=C28 NewDesignator=C32
Change Component Designator: OldDesignator=C29 NewDesignator=C33
Added Component: Designator=C16(Capacitor_DCBUS)
Add component. Clean all parameters for all variants
Add component (AddParameter): Name = "Mouser VPN"; Value = "80-C1812C104KDRAUTO"; VariantName = "[No Variations]"
Add component (AddParameter): Name = "Price"; Value = "0,747"; VariantName = "[No Variations]"
Added Component: Designator=C17(Capacitor_DCBUS)
Add component. Clean all parameters for all variants
Add component (AddParameter): Name = "Mouser VPN"; Value = "80-C1812C104KDRAUTO"; VariantName = "[No Variations]"
Add component (AddParameter): Name = "Price"; Value = "0,747"; VariantName = "[No Variations]"
Added Component: Designator=C18(Capacitor_DCBUS)
Add component. Clean all parameters for all variants
Add component (AddParameter): Name = "Mouser VPN"; Value = "80-C1812C104KDRAUTO"; VariantName = "[No Variations]"
Add component (AddParameter): Name = "Price"; Value = "0,747"; VariantName = "[No Variations]"
Added Component: Designator=C19(Capacitor_DCBUS)
Add component. Clean all parameters for all variants
Add component (AddParameter): Name = "Mouser VPN"; Value = "80-C1812C104KDRAUTO"; VariantName = "[No Variations]"
Add component (AddParameter): Name = "Price"; Value = "0,747"; VariantName = "[No Variations]"
Added Component: Designator=X1(COOLER)
Add component. Clean all parameters for all variants
Add component (AddParameter): Name = "PCDIGA VPN"; Value = "Cooler CPU Cooler Master Hyper H412R"; VariantName = "[No Variations]"
Add component (AddParameter): Name = "Price"; Value = "22,90"; VariantName = "[No Variations]"
Added Pin To Net: NetName=-VDCBUS Pin=C16-1
Added Pin To Net: NetName=+VDCBUS Pin=C16-2
Added Pin To Net: NetName=-VDCBUS Pin=C17-1
Added Pin To Net: NetName=+VDCBUS Pin=C17-2
Added Pin To Net: NetName=-VDCBUS Pin=C18-1
Added Pin To Net: NetName=+VDCBUS Pin=C18-2
Added Pin To Net: NetName=-VDCBUS Pin=C19-1
Added Pin To Net: NetName=+VDCBUS Pin=C19-2
Change Net Name : Old Net Name=NetC20_2 New Net Name=NetC24_2
Change Net Name : Old Net Name=NetC21_2 New Net Name=NetC25_2
Change Net Name : Old Net Name=NetC22_2 New Net Name=NetC26_2
Change Net Name : Old Net Name=NetC27_2 New Net Name=NetC31_2
Added Member To Class: ClassName=inversor_rev3 Member=Component C30 C 10uF 0805 MLCC 25V X5R
Added Member To Class: ClassName=inversor_rev3 Member=Component C31 C1uF 0805 MLCC 50V X5R
Added Member To Class: ClassName=inversor_rev3 Member=Component C32 C1uF 0805 MLCC 50V X5R
Added Member To Class: ClassName=inversor_rev3 Member=Component C33 C 10uF 0805 MLCC 25V X5R
Added Member To Class: ClassName=inversor_rev3 Member=Component X1 X COOLER H412R
