Change Component Designator: OldDesignator=C20 NewDesignator=C24
Change Component Designator: OldDesignator=C21 NewDesignator=C25
Change Component Designator: OldDesignator=C22 NewDesignator=C26
Change Component Designator: OldDesignator=C23 NewDesignator=C27
Change Component Designator: OldDesignator=C24 NewDesignator=C28
Change Component Designator: OldDesignator=C25 NewDesignator=C29
Change Component Designator: OldDesignator=C26 NewDesignator=C30
Change Component Designator: OldDesignator=C27 NewDesignator=C31
Change Component Designator: OldDesignator=C28 NewDesignator=C32
Change Component Designator: OldDesignator=C29 NewDesignator=C33
Change Component Designator: OldDesignator=C30 NewDesignator=C34
Change Component Designator: OldDesignator=C31 NewDesignator=C35
Change Component Designator: OldDesignator=C32 NewDesignator=C36
Change Component Designator: OldDesignator=C33 NewDesignator=C37
Added Component: Designator=C20(CAPC_1812)
Add component. Clean all parameters for all variants
Add component (AddParameter): Name = "Mouser VPN"; Value = "80-C1812C104KDRAUTO"; VariantName = "[No Variations]"
Add component (AddParameter): Name = "Price"; Value = "0,747"; VariantName = "[No Variations]"
Added Component: Designator=C21(CAPC_1812)
Add component. Clean all parameters for all variants
Add component (AddParameter): Name = "Mouser VPN"; Value = "80-C1812C104KDRAUTO"; VariantName = "[No Variations]"
Add component (AddParameter): Name = "Price"; Value = "0,747"; VariantName = "[No Variations]"
Added Component: Designator=C22(CAPC_1812)
Add component. Clean all parameters for all variants
Add component (AddParameter): Name = "Mouser VPN"; Value = "80-C1812C104KDRAUTO"; VariantName = "[No Variations]"
Add component (AddParameter): Name = "Price"; Value = "0,747"; VariantName = "[No Variations]"
Added Component: Designator=C23(CAPC_1812)
Add component. Clean all parameters for all variants
Add component (AddParameter): Name = "Mouser VPN"; Value = "80-C1812C104KDRAUTO"; VariantName = "[No Variations]"
Add component (AddParameter): Name = "Price"; Value = "0,747"; VariantName = "[No Variations]"
Added Pin To Net: NetName=-VDCBUS Pin=C20-1
Added Pin To Net: NetName=+VDCBUS Pin=C20-2
Added Pin To Net: NetName=-VDCBUS Pin=C21-1
Added Pin To Net: NetName=+VDCBUS Pin=C21-2
Added Pin To Net: NetName=-VDCBUS Pin=C22-1
Added Pin To Net: NetName=+VDCBUS Pin=C22-2
Added Pin To Net: NetName=-VDCBUS Pin=C23-1
Added Pin To Net: NetName=+VDCBUS Pin=C23-2
Change Net Name : Old Net Name=NetC24_2 New Net Name=NetC28_2
Change Net Name : Old Net Name=NetC25_2 New Net Name=NetC29_2
Change Net Name : Old Net Name=NetC26_2 New Net Name=NetC30_2
Change Net Name : Old Net Name=NetC31_2 New Net Name=NetC35_2
Added Member To Class: ClassName=inversor_rev3 Member=Component C34 C 10uF 0805 MLCC 25V X5R
Added Member To Class: ClassName=inversor_rev3 Member=Component C35 C1uF 0805 MLCC 50V X5R
Added Member To Class: ClassName=inversor_rev3 Member=Component C36 C1uF 0805 MLCC 50V X5R
Added Member To Class: ClassName=inversor_rev3 Member=Component C37 C 10uF 0805 MLCC 25V X5R
