   1              	 .syntax unified
   2              	 .cpu cortex-m4
   3              	 .eabi_attribute 27,3
   4              	 .fpu fpv4-sp-d16
   5              	 .eabi_attribute 20,1
   6              	 .eabi_attribute 21,1
   7              	 .eabi_attribute 23,3
   8              	 .eabi_attribute 24,1
   9              	 .eabi_attribute 25,1
  10              	 .eabi_attribute 26,1
  11              	 .eabi_attribute 30,6
  12              	 .eabi_attribute 34,1
  13              	 .eabi_attribute 18,4
  14              	 .thumb
  15              	 .file "arm_mat_init_q31.c"
  16              	 .text
  17              	.Ltext0:
  18              	 .cfi_sections .debug_frame
  19              	 .section .text.arm_mat_init_q31,"ax",%progbits
  20              	 .align 2
  21              	 .global arm_mat_init_q31
  22              	 .thumb
  23              	 .thumb_func
  25              	arm_mat_init_q31:
  26              	.LFB135:
  27              	 .file 1 "../Dave/Generated/CMSIS_DSP/MatrixFunctions/arm_mat_init_q31.c"
   1:../Dave/Generated/CMSIS_DSP/MatrixFunctions/arm_mat_init_q31.c **** /* ----------------------------------------------------------------------
   2:../Dave/Generated/CMSIS_DSP/MatrixFunctions/arm_mat_init_q31.c ****  * Project:      CMSIS DSP Library
   3:../Dave/Generated/CMSIS_DSP/MatrixFunctions/arm_mat_init_q31.c ****  * Title:        arm_mat_init_q31.c
   4:../Dave/Generated/CMSIS_DSP/MatrixFunctions/arm_mat_init_q31.c ****  * Description:  Q31 matrix initialization
   5:../Dave/Generated/CMSIS_DSP/MatrixFunctions/arm_mat_init_q31.c ****  *
   6:../Dave/Generated/CMSIS_DSP/MatrixFunctions/arm_mat_init_q31.c ****  * $Date:        27. January 2017
   7:../Dave/Generated/CMSIS_DSP/MatrixFunctions/arm_mat_init_q31.c ****  * $Revision:    V.1.5.1
   8:../Dave/Generated/CMSIS_DSP/MatrixFunctions/arm_mat_init_q31.c ****  *
   9:../Dave/Generated/CMSIS_DSP/MatrixFunctions/arm_mat_init_q31.c ****  * Target Processor: Cortex-M cores
  10:../Dave/Generated/CMSIS_DSP/MatrixFunctions/arm_mat_init_q31.c ****  * -------------------------------------------------------------------- */
  11:../Dave/Generated/CMSIS_DSP/MatrixFunctions/arm_mat_init_q31.c **** /*
  12:../Dave/Generated/CMSIS_DSP/MatrixFunctions/arm_mat_init_q31.c ****  * Copyright (C) 2010-2017 ARM Limited or its affiliates. All rights reserved.
  13:../Dave/Generated/CMSIS_DSP/MatrixFunctions/arm_mat_init_q31.c ****  *
  14:../Dave/Generated/CMSIS_DSP/MatrixFunctions/arm_mat_init_q31.c ****  * SPDX-License-Identifier: Apache-2.0
  15:../Dave/Generated/CMSIS_DSP/MatrixFunctions/arm_mat_init_q31.c ****  *
  16:../Dave/Generated/CMSIS_DSP/MatrixFunctions/arm_mat_init_q31.c ****  * Licensed under the Apache License, Version 2.0 (the License); you may
  17:../Dave/Generated/CMSIS_DSP/MatrixFunctions/arm_mat_init_q31.c ****  * not use this file except in compliance with the License.
  18:../Dave/Generated/CMSIS_DSP/MatrixFunctions/arm_mat_init_q31.c ****  * You may obtain a copy of the License at
  19:../Dave/Generated/CMSIS_DSP/MatrixFunctions/arm_mat_init_q31.c ****  *
  20:../Dave/Generated/CMSIS_DSP/MatrixFunctions/arm_mat_init_q31.c ****  * www.apache.org/licenses/LICENSE-2.0
  21:../Dave/Generated/CMSIS_DSP/MatrixFunctions/arm_mat_init_q31.c ****  *
  22:../Dave/Generated/CMSIS_DSP/MatrixFunctions/arm_mat_init_q31.c ****  * Unless required by applicable law or agreed to in writing, software
  23:../Dave/Generated/CMSIS_DSP/MatrixFunctions/arm_mat_init_q31.c ****  * distributed under the License is distributed on an AS IS BASIS, WITHOUT
  24:../Dave/Generated/CMSIS_DSP/MatrixFunctions/arm_mat_init_q31.c ****  * WARRANTIES OR CONDITIONS OF ANY KIND, either express or implied.
  25:../Dave/Generated/CMSIS_DSP/MatrixFunctions/arm_mat_init_q31.c ****  * See the License for the specific language governing permissions and
  26:../Dave/Generated/CMSIS_DSP/MatrixFunctions/arm_mat_init_q31.c ****  * limitations under the License.
  27:../Dave/Generated/CMSIS_DSP/MatrixFunctions/arm_mat_init_q31.c ****  */
  28:../Dave/Generated/CMSIS_DSP/MatrixFunctions/arm_mat_init_q31.c **** 
  29:../Dave/Generated/CMSIS_DSP/MatrixFunctions/arm_mat_init_q31.c **** #include "CMSIS_DSP/cmsis_dsp.h"
  30:../Dave/Generated/CMSIS_DSP/MatrixFunctions/arm_mat_init_q31.c **** 
  31:../Dave/Generated/CMSIS_DSP/MatrixFunctions/arm_mat_init_q31.c **** /**
  32:../Dave/Generated/CMSIS_DSP/MatrixFunctions/arm_mat_init_q31.c ****  * @ingroup groupMatrix
  33:../Dave/Generated/CMSIS_DSP/MatrixFunctions/arm_mat_init_q31.c ****  */
  34:../Dave/Generated/CMSIS_DSP/MatrixFunctions/arm_mat_init_q31.c **** 
  35:../Dave/Generated/CMSIS_DSP/MatrixFunctions/arm_mat_init_q31.c **** /**
  36:../Dave/Generated/CMSIS_DSP/MatrixFunctions/arm_mat_init_q31.c ****  * @defgroup MatrixInit Matrix Initialization
  37:../Dave/Generated/CMSIS_DSP/MatrixFunctions/arm_mat_init_q31.c ****  *
  38:../Dave/Generated/CMSIS_DSP/MatrixFunctions/arm_mat_init_q31.c ****  */
  39:../Dave/Generated/CMSIS_DSP/MatrixFunctions/arm_mat_init_q31.c **** 
  40:../Dave/Generated/CMSIS_DSP/MatrixFunctions/arm_mat_init_q31.c **** /**
  41:../Dave/Generated/CMSIS_DSP/MatrixFunctions/arm_mat_init_q31.c ****  * @addtogroup MatrixInit
  42:../Dave/Generated/CMSIS_DSP/MatrixFunctions/arm_mat_init_q31.c ****  * @{
  43:../Dave/Generated/CMSIS_DSP/MatrixFunctions/arm_mat_init_q31.c ****  */
  44:../Dave/Generated/CMSIS_DSP/MatrixFunctions/arm_mat_init_q31.c **** 
  45:../Dave/Generated/CMSIS_DSP/MatrixFunctions/arm_mat_init_q31.c ****   /**
  46:../Dave/Generated/CMSIS_DSP/MatrixFunctions/arm_mat_init_q31.c ****    * @brief  Q31 matrix initialization.
  47:../Dave/Generated/CMSIS_DSP/MatrixFunctions/arm_mat_init_q31.c ****    * @param[in,out] *S             points to an instance of the floating-point matrix structure.
  48:../Dave/Generated/CMSIS_DSP/MatrixFunctions/arm_mat_init_q31.c ****    * @param[in]     nRows          number of rows in the matrix.
  49:../Dave/Generated/CMSIS_DSP/MatrixFunctions/arm_mat_init_q31.c ****    * @param[in]     nColumns       number of columns in the matrix.
  50:../Dave/Generated/CMSIS_DSP/MatrixFunctions/arm_mat_init_q31.c ****    * @param[in]     *pData	   points to the matrix data array.
  51:../Dave/Generated/CMSIS_DSP/MatrixFunctions/arm_mat_init_q31.c ****    * @return        none
  52:../Dave/Generated/CMSIS_DSP/MatrixFunctions/arm_mat_init_q31.c ****    */
  53:../Dave/Generated/CMSIS_DSP/MatrixFunctions/arm_mat_init_q31.c **** 
  54:../Dave/Generated/CMSIS_DSP/MatrixFunctions/arm_mat_init_q31.c **** void arm_mat_init_q31(
  55:../Dave/Generated/CMSIS_DSP/MatrixFunctions/arm_mat_init_q31.c ****   arm_matrix_instance_q31 * S,
  56:../Dave/Generated/CMSIS_DSP/MatrixFunctions/arm_mat_init_q31.c ****   uint16_t nRows,
  57:../Dave/Generated/CMSIS_DSP/MatrixFunctions/arm_mat_init_q31.c ****   uint16_t nColumns,
  58:../Dave/Generated/CMSIS_DSP/MatrixFunctions/arm_mat_init_q31.c ****   q31_t * pData)
  59:../Dave/Generated/CMSIS_DSP/MatrixFunctions/arm_mat_init_q31.c **** {
  28              	 .loc 1 59 0
  29              	 .cfi_startproc
  30              	 
  31              	 
  32              	 
  33 0000 80B4     	 push {r7}
  34              	.LCFI0:
  35              	 .cfi_def_cfa_offset 4
  36              	 .cfi_offset 7,-4
  37 0002 85B0     	 sub sp,sp,#20
  38              	.LCFI1:
  39              	 .cfi_def_cfa_offset 24
  40 0004 00AF     	 add r7,sp,#0
  41              	.LCFI2:
  42              	 .cfi_def_cfa_register 7
  43 0006 F860     	 str r0,[r7,#12]
  44 0008 7B60     	 str r3,[r7,#4]
  45 000a 0B46     	 mov r3,r1
  46 000c 7B81     	 strh r3,[r7,#10]
  47 000e 1346     	 mov r3,r2
  48 0010 3B81     	 strh r3,[r7,#8]
  60:../Dave/Generated/CMSIS_DSP/MatrixFunctions/arm_mat_init_q31.c ****   /* Assign Number of Rows */
  61:../Dave/Generated/CMSIS_DSP/MatrixFunctions/arm_mat_init_q31.c ****   S->numRows = nRows;
  49              	 .loc 1 61 0
  50 0012 FB68     	 ldr r3,[r7,#12]
  51 0014 7A89     	 ldrh r2,[r7,#10]
  52 0016 1A80     	 strh r2,[r3]
  62:../Dave/Generated/CMSIS_DSP/MatrixFunctions/arm_mat_init_q31.c **** 
  63:../Dave/Generated/CMSIS_DSP/MatrixFunctions/arm_mat_init_q31.c ****   /* Assign Number of Columns */
  64:../Dave/Generated/CMSIS_DSP/MatrixFunctions/arm_mat_init_q31.c ****   S->numCols = nColumns;
  53              	 .loc 1 64 0
  54 0018 FB68     	 ldr r3,[r7,#12]
  55 001a 3A89     	 ldrh r2,[r7,#8]
  56 001c 5A80     	 strh r2,[r3,#2]
  65:../Dave/Generated/CMSIS_DSP/MatrixFunctions/arm_mat_init_q31.c **** 
  66:../Dave/Generated/CMSIS_DSP/MatrixFunctions/arm_mat_init_q31.c ****   /* Assign Data pointer */
  67:../Dave/Generated/CMSIS_DSP/MatrixFunctions/arm_mat_init_q31.c ****   S->pData = pData;
  57              	 .loc 1 67 0
  58 001e FB68     	 ldr r3,[r7,#12]
  59 0020 7A68     	 ldr r2,[r7,#4]
  60 0022 5A60     	 str r2,[r3,#4]
  68:../Dave/Generated/CMSIS_DSP/MatrixFunctions/arm_mat_init_q31.c **** }
  61              	 .loc 1 68 0
  62 0024 1437     	 adds r7,r7,#20
  63              	.LCFI3:
  64              	 .cfi_def_cfa_offset 4
  65 0026 BD46     	 mov sp,r7
  66              	.LCFI4:
  67              	 .cfi_def_cfa_register 13
  68              	 
  69 0028 5DF8047B 	 ldr r7,[sp],#4
  70              	.LCFI5:
  71              	 .cfi_restore 7
  72              	 .cfi_def_cfa_offset 0
  73 002c 7047     	 bx lr
  74              	 .cfi_endproc
  75              	.LFE135:
  77 002e 00BF     	 .text
  78              	.Letext0:
  79              	 .file 2 "c:\\program files (x86)\\dave\\eclipse\\arm-gcc-49\\arm-none-eabi\\include\\machine\\_default_types.h"
  80              	 .file 3 "c:\\program files (x86)\\dave\\eclipse\\arm-gcc-49\\arm-none-eabi\\include\\stdint.h"
  81              	 .file 4 "C:/Users/VMORAIS/Documents/DAVE_WS/1p_inverter_200V/Dave/Generated/CMSIS_DSP/arm_math.h"
DEFINED SYMBOLS
                            *ABS*:00000000 arm_mat_init_q31.c
    {standard input}:20     .text.arm_mat_init_q31:00000000 $t
    {standard input}:25     .text.arm_mat_init_q31:00000000 arm_mat_init_q31
                     .debug_frame:00000010 $d

NO UNDEFINED SYMBOLS
