Change Component Designator: OldDesignator=C1 NewDesignator=C4
Change Component Designator: OldDesignator=C2 NewDesignator=C5
Change Component Designator: OldDesignator=C3 NewDesignator=C6
Change Component Designator: OldDesignator=C4 NewDesignator=C7
Change Component Designator: OldDesignator=C5 NewDesignator=C8
Change Component Designator: OldDesignator=C6 NewDesignator=C9
Change Component Designator: OldDesignator=C7 NewDesignator=C10
Change Component Designator: OldDesignator=C8 NewDesignator=C11
Change Component Designator: OldDesignator=C9 NewDesignator=C12
Change Component Designator: OldDesignator=C10 NewDesignator=C13
Change Component Designator: OldDesignator=C11 NewDesignator=C14
Change Component Designator: OldDesignator=C12 NewDesignator=C15
Change Component Designator: OldDesignator=C13 NewDesignator=C16
Change Component Designator: OldDesignator=C14 NewDesignator=C17
Change Component Designator: OldDesignator=C15 NewDesignator=C18
Added Component: Designator=C1(CAPC_0805)
Add component. Clean all parameters for all variants
Add component (AddParameter): Name = "LCSC PART #"; Value = "C15850"; VariantName = "[No Variations]"
Add component (AddParameter): Name = "Mouser VPN"; Value = "963-TMK212BBJ106KG-T"; VariantName = "[No Variations]"
Add component (AddParameter): Name = "Price"; Value = "0,162"; VariantName = "[No Variations]"
Added Component: Designator=C2(CAPC_0805)
Add component. Clean all parameters for all variants
Add component (AddParameter): Name = "LCSC PART #"; Value = "C15850"; VariantName = "[No Variations]"
Add component (AddParameter): Name = "Mouser VPN"; Value = "963-TMK212BBJ106KG-T"; VariantName = "[No Variations]"
Add component (AddParameter): Name = "Price"; Value = "0,162"; VariantName = "[No Variations]"
Added Component: Designator=C3(CAPC_0805)
Add component. Clean all parameters for all variants
Add component (AddParameter): Name = "LCSC PART #"; Value = "C15850"; VariantName = "[No Variations]"
Add component (AddParameter): Name = "Mouser VPN"; Value = "963-TMK212BBJ106KG-T"; VariantName = "[No Variations]"
Add component (AddParameter): Name = "Price"; Value = "0,162"; VariantName = "[No Variations]"
Added Pin To Net: NetName=3V3GND Pin=C1-1
Added Pin To Net: NetName=3V3 Pin=C1-2
Added Pin To Net: NetName=3V3GND Pin=C2-1
Added Pin To Net: NetName=3V3 Pin=C2-2
Added Pin To Net: NetName=3V3GND Pin=C3-1
Added Pin To Net: NetName=3V3 Pin=C3-2
Added Member To Class: ClassName=controlo_rev4 Member=Component C16 C 1uF 0805 MLCC 50V X5R
Added Member To Class: ClassName=controlo_rev4 Member=Component C17 C 10nF 0805 MLCC 50V X7R
Added Member To Class: ClassName=controlo_rev4 Member=Component C18 C 10uF 0805 MLCC 25V X5R
