Change Component Comment : Designator=R36 Old Comment=R 3k6 1/8W 0805 .1% New Comment=R 560 1/8W 0805 .1%
Change Component Comment : Designator=R51 Old Comment=R 3k6 1/8W 0805 .1% New Comment=R 560 1/8W 0805 .1%
Change Component Comment : Designator=R52 Old Comment=R 3k6 1/8W 0805 .1% New Comment=R 560 1/8W 0805 .1%
Change component parameters: Designator = "C1"; Footprint = "CAPC_0805"; UniqueID = "\GEWPJDTR"
Change component parameters. Clean all parameters for all variants
Change component parameters (AddParameter): Name = "LCSC PART #"; Value = "C15850"; VariantName = "[No Variations]"
Change component parameters (AddParameter): Name = "Mouser VPN"; Value = "963-TMK212BBJ106KG-T"; VariantName = "[No Variations]"
Change component parameters (AddParameter): Name = "Price"; Value = "0,162"; VariantName = "[No Variations]"
Change component parameters: Designator = "C2"; Footprint = "CAPC_0805"; UniqueID = "\JMJQDAFN"
Change component parameters. Clean all parameters for all variants
Change component parameters (AddParameter): Name = "LCSC PART #"; Value = "C15850"; VariantName = "[No Variations]"
Change component parameters (AddParameter): Name = "Mouser VPN"; Value = "963-TMK212BBJ106KG-T"; VariantName = "[No Variations]"
Change component parameters (AddParameter): Name = "Price"; Value = "0,162"; VariantName = "[No Variations]"
Change component parameters: Designator = "C3"; Footprint = "CAPC_0805"; UniqueID = "\SQWMJOCJ"
Change component parameters. Clean all parameters for all variants
Change component parameters (AddParameter): Name = "LCSC PART #"; Value = "C28323"; VariantName = "[No Variations]"
Change component parameters (AddParameter): Name = "Mouser VPN"; Value = "963-UMK212BJ105MG-T"; VariantName = "[No Variations]"
Change component parameters (AddParameter): Name = "Price"; Value = "0,153"; VariantName = "[No Variations]"
Change component parameters: Designator = "C4"; Footprint = "CAPC_0805"; UniqueID = "\MPIFDFYV"
Change component parameters. Clean all parameters for all variants
Change component parameters (AddParameter): Name = "LCSC PART #"; Value = "C1710"; VariantName = "[No Variations]"
Change component parameters (AddParameter): Name = "Mouser VPN"; Value = "603-CC805KRX7R9BB103"; VariantName = "[No Variations]"
Change component parameters (AddParameter): Name = "Price"; Value = "0,099"; VariantName = "[No Variations]"
Change component parameters: Designator = "C5"; Footprint = "CAPC_0805"; UniqueID = "\YCEOGSUS"
Change component parameters. Clean all parameters for all variants
Change component parameters (AddParameter): Name = "LCSC PART #"; Value = "C15850"; VariantName = "[No Variations]"
Change component parameters (AddParameter): Name = "Mouser VPN"; Value = "963-TMK212BBJ106KG-T"; VariantName = "[No Variations]"
Change component parameters (AddParameter): Name = "Price"; Value = "0,162"; VariantName = "[No Variations]"
Change component parameters: Designator = "C6"; Footprint = "CAPC_0805"; UniqueID = "\OALVHQKW"
Change component parameters. Clean all parameters for all variants
Change component parameters (AddParameter): Name = "LCSC PART #"; Value = "C15850"; VariantName = "[No Variations]"
Change component parameters (AddParameter): Name = "Mouser VPN"; Value = "963-TMK212BBJ106KG-T"; VariantName = "[No Variations]"
Change component parameters (AddParameter): Name = "Price"; Value = "0,162"; VariantName = "[No Variations]"
Change component parameters: Designator = "C7"; Footprint = "CAPC_0805"; UniqueID = "\ALGVGLDW"
Change component parameters. Clean all parameters for all variants
Change component parameters (AddParameter): Name = "LCSC PART #"; Value = "C15850"; VariantName = "[No Variations]"
Change component parameters (AddParameter): Name = "Mouser VPN"; Value = "963-TMK212BBJ106KG-T"; VariantName = "[No Variations]"
Change component parameters (AddParameter): Name = "Price"; Value = "0,162"; VariantName = "[No Variations]"
Change component parameters: Designator = "C8"; Footprint = "CAPC_0805"; UniqueID = "\ITVSOGRK"
Change component parameters. Clean all parameters for all variants
Change component parameters (AddParameter): Name = "LCSC PART #"; Value = "C15850"; VariantName = "[No Variations]"
Change component parameters (AddParameter): Name = "Mouser VPN"; Value = "963-TMK212BBJ106KG-T"; VariantName = "[No Variations]"
Change component parameters (AddParameter): Name = "Price"; Value = "0,162"; VariantName = "[No Variations]"
Change component parameters: Designator = "C9"; Footprint = "CAPC_0805"; UniqueID = "\LEAUYKEE"
Change component parameters. Clean all parameters for all variants
Change component parameters (AddParameter): Name = "LCSC PART #"; Value = "C15850"; VariantName = "[No Variations]"
Change component parameters (AddParameter): Name = "Mouser VPN"; Value = "963-TMK212BBJ106KG-T"; VariantName = "[No Variations]"
Change component parameters (AddParameter): Name = "Price"; Value = "0,162"; VariantName = "[No Variations]"
Change component parameters: Designator = "C10"; Footprint = "CAPC_0805"; UniqueID = "\SKWDABDY"
Change component parameters. Clean all parameters for all variants
Change component parameters (AddParameter): Name = "LCSC PART #"; Value = "C15850"; VariantName = "[No Variations]"
Change component parameters (AddParameter): Name = "Mouser VPN"; Value = "963-TMK212BBJ106KG-T"; VariantName = "[No Variations]"
Change component parameters (AddParameter): Name = "Price"; Value = "0,162"; VariantName = "[No Variations]"
Change component parameters: Designator = "C11"; Footprint = "CAPC_0805"; UniqueID = "\MAFVIOGI"
Change component parameters. Clean all parameters for all variants
Change component parameters (AddParameter): Name = "LCSC PART #"; Value = "C28323"; VariantName = "[No Variations]"
Change component parameters (AddParameter): Name = "Mouser VPN"; Value = "963-UMK212BJ105MG-T"; VariantName = "[No Variations]"
Change component parameters (AddParameter): Name = "Price"; Value = "0,153"; VariantName = "[No Variations]"
Change component parameters: Designator = "C12"; Footprint = "CAPC_0805"; UniqueID = "\UMNLPQRU"
Change component parameters. Clean all parameters for all variants
Change component parameters (AddParameter): Name = "LCSC PART #"; Value = "C1710"; VariantName = "[No Variations]"
Change component parameters (AddParameter): Name = "Mouser VPN"; Value = "603-CC805KRX7R9BB103"; VariantName = "[No Variations]"
Change component parameters (AddParameter): Name = "Price"; Value = "0,099"; VariantName = "[No Variations]"
Change component parameters: Designator = "C13"; Footprint = "CAPC_0805"; UniqueID = "\GPJSUECJ"
Change component parameters. Clean all parameters for all variants
Change component parameters (AddParameter): Name = "LCSC PART #"; Value = "C28323"; VariantName = "[No Variations]"
Change component parameters (AddParameter): Name = "Mouser VPN"; Value = "963-UMK212BJ105MG-T"; VariantName = "[No Variations]"
Change component parameters (AddParameter): Name = "Price"; Value = "0,153"; VariantName = "[No Variations]"
Change component parameters: Designator = "C14"; Footprint = "CAPC_0805"; UniqueID = "\PWEOKXDY"
Change component parameters. Clean all parameters for all variants
Change component parameters (AddParameter): Name = "LCSC PART #"; Value = "C1710"; VariantName = "[No Variations]"
Change component parameters (AddParameter): Name = "Mouser VPN"; Value = "603-CC805KRX7R9BB103"; VariantName = "[No Variations]"
Change component parameters (AddParameter): Name = "Price"; Value = "0,099"; VariantName = "[No Variations]"
Change component parameters: Designator = "C15"; Footprint = "CAPC_0805"; UniqueID = "\FJBYSRYG"
Change component parameters. Clean all parameters for all variants
Change component parameters (AddParameter): Name = "LCSC PART #"; Value = "C15850"; VariantName = "[No Variations]"
Change component parameters (AddParameter): Name = "Mouser VPN"; Value = "963-TMK212BBJ106KG-T"; VariantName = "[No Variations]"
Change component parameters (AddParameter): Name = "Price"; Value = "0,162"; VariantName = "[No Variations]"
Change component parameters: Designator = "R1"; Footprint = "RESC_0805"; UniqueID = "\YAUXQPYN"
Change component parameters. Clean all parameters for all variants
Change component parameters (AddParameter): Name = "LCSC PART #"; Value = "C17477"; VariantName = "[No Variations]"
Change component parameters (AddParameter): Name = "Mouser VPN"; Value = "71-CRCW08050000Z0EAC"; VariantName = "[No Variations]"
Change component parameters (AddParameter): Name = "Price"; Value = "0,09"; VariantName = "[No Variations]"
Change component parameters: Designator = "R2"; Footprint = "RESC_0805"; UniqueID = "\CLYENEOR"
Change component parameters. Clean all parameters for all variants
Change component parameters (AddParameter): Name = "LCSC PART #"; Value = "C17477"; VariantName = "[No Variations]"
Change component parameters (AddParameter): Name = "Mouser VPN"; Value = "71-CRCW08050000Z0EAC"; VariantName = "[No Variations]"
Change component parameters (AddParameter): Name = "Price"; Value = "0,09"; VariantName = "[No Variations]"
Change component parameters: Designator = "R3"; Footprint = "RESC_0805"; UniqueID = "\BNBVPAUW"
Change component parameters. Clean all parameters for all variants
Change component parameters (AddParameter): Name = "LCSC PART #"; Value = "C17477"; VariantName = "[No Variations]"
Change component parameters (AddParameter): Name = "Mouser VPN"; Value = "71-CRCW08050000Z0EAC"; VariantName = "[No Variations]"
Change component parameters (AddParameter): Name = "Price"; Value = "0,09"; VariantName = "[No Variations]"
Change component parameters: Designator = "R4"; Footprint = "RESC_0805"; UniqueID = "\CODXEXQU"
Change component parameters. Clean all parameters for all variants
Change component parameters (AddParameter): Name = "LCSC PART #"; Value = "C17477"; VariantName = "[No Variations]"
Change component parameters (AddParameter): Name = "Mouser VPN"; Value = "71-CRCW08050000Z0EAC"; VariantName = "[No Variations]"
Change component parameters (AddParameter): Name = "Price"; Value = "0,09"; VariantName = "[No Variations]"
Change component parameters: Designator = "R5"; Footprint = "RESC_0805"; UniqueID = "\QFLIXCRX"
Change component parameters. Clean all parameters for all variants
Change component parameters (AddParameter): Name = "LCSC PART #"; Value = "C17477"; VariantName = "[No Variations]"
Change component parameters (AddParameter): Name = "Mouser VPN"; Value = "71-CRCW08050000Z0EAC"; VariantName = "[No Variations]"
Change component parameters (AddParameter): Name = "Price"; Value = "0,09"; VariantName = "[No Variations]"
Change component parameters: Designator = "R6"; Footprint = "RESC_0805"; UniqueID = "\SNHQEKIY"
Change component parameters. Clean all parameters for all variants
Change component parameters (AddParameter): Name = "LCSC PART #"; Value = "C17477"; VariantName = "[No Variations]"
Change component parameters (AddParameter): Name = "Mouser VPN"; Value = "71-CRCW08050000Z0EAC"; VariantName = "[No Variations]"
Change component parameters (AddParameter): Name = "Price"; Value = "0,09"; VariantName = "[No Variations]"
Change component parameters: Designator = "R7"; Footprint = "RESC_0805"; UniqueID = "\JILCGXFD"
Change component parameters. Clean all parameters for all variants
Change component parameters (AddParameter): Name = "LCSC PART #"; Value = "C17477"; VariantName = "[No Variations]"
Change component parameters (AddParameter): Name = "Mouser VPN"; Value = "71-CRCW08050000Z0EAC"; VariantName = "[No Variations]"
Change component parameters (AddParameter): Name = "Price"; Value = "0,09"; VariantName = "[No Variations]"
Change component parameters: Designator = "R8"; Footprint = "RESC_0805"; UniqueID = "\RHHIEKXJ"
Change component parameters. Clean all parameters for all variants
Change component parameters (AddParameter): Name = "LCSC PART #"; Value = "C17477"; VariantName = "[No Variations]"
Change component parameters (AddParameter): Name = "Mouser VPN"; Value = "71-CRCW08050000Z0EAC"; VariantName = "[No Variations]"
Change component parameters (AddParameter): Name = "Price"; Value = "0,09"; VariantName = "[No Variations]"
Change component parameters: Designator = "R9"; Footprint = "RESC_0805"; UniqueID = "\IVPJCASO"
Change component parameters. Clean all parameters for all variants
Change component parameters (AddParameter): Name = "LCSC PART #"; Value = "C17477"; VariantName = "[No Variations]"
Change component parameters (AddParameter): Name = "Mouser VPN"; Value = "71-CRCW08050000Z0EAC"; VariantName = "[No Variations]"
Change component parameters (AddParameter): Name = "Price"; Value = "0,09"; VariantName = "[No Variations]"
Change component parameters: Designator = "R10"; Footprint = "RESC_0805"; UniqueID = "\RQSCFKQM"
Change component parameters. Clean all parameters for all variants
Change component parameters (AddParameter): Name = "LCSC PART #"; Value = "C17477"; VariantName = "[No Variations]"
Change component parameters (AddParameter): Name = "Mouser VPN"; Value = "71-CRCW08050000Z0EAC"; VariantName = "[No Variations]"
Change component parameters (AddParameter): Name = "Price"; Value = "0,09"; VariantName = "[No Variations]"
Change component parameters: Designator = "R11"; Footprint = "RESC_0805"; UniqueID = "\RRWEVLNQ"
Change component parameters. Clean all parameters for all variants
Change component parameters (AddParameter): Name = "LCSC PART #"; Value = "C17477"; VariantName = "[No Variations]"
Change component parameters (AddParameter): Name = "Mouser VPN"; Value = "71-CRCW08050000Z0EAC"; VariantName = "[No Variations]"
Change component parameters (AddParameter): Name = "Price"; Value = "0,09"; VariantName = "[No Variations]"
Change component parameters: Designator = "R12"; Footprint = "RESC_0805"; UniqueID = "\UCCNXHIV"
Change component parameters. Clean all parameters for all variants
Change component parameters (AddParameter): Name = "LCSC PART #"; Value = "C17477"; VariantName = "[No Variations]"
Change component parameters (AddParameter): Name = "Mouser VPN"; Value = "71-CRCW08050000Z0EAC"; VariantName = "[No Variations]"
Change component parameters (AddParameter): Name = "Price"; Value = "0,09"; VariantName = "[No Variations]"
Change component parameters: Designator = "R13"; Footprint = "RESC_0805"; UniqueID = "\TGPEUGYS"
Change component parameters. Clean all parameters for all variants
Change component parameters (AddParameter): Name = "LCSC PART #"; Value = "C17477"; VariantName = "[No Variations]"
Change component parameters (AddParameter): Name = "Mouser VPN"; Value = "71-CRCW08050000Z0EAC"; VariantName = "[No Variations]"
Change component parameters (AddParameter): Name = "Price"; Value = "0,09"; VariantName = "[No Variations]"
Change component parameters: Designator = "R14"; Footprint = "RESC_0805"; UniqueID = "\MIPPENTK"
Change component parameters. Clean all parameters for all variants
Change component parameters (AddParameter): Name = "LCSC PART #"; Value = "C17477"; VariantName = "[No Variations]"
Change component parameters (AddParameter): Name = "Mouser VPN"; Value = "71-CRCW08050000Z0EAC"; VariantName = "[No Variations]"
Change component parameters (AddParameter): Name = "Price"; Value = "0,09"; VariantName = "[No Variations]"
Change component parameters: Designator = "R15"; Footprint = "RESC_0805"; UniqueID = "\MNQMLNHQ"
Change component parameters. Clean all parameters for all variants
Change component parameters (AddParameter): Name = "LCSC PART #"; Value = "C17477"; VariantName = "[No Variations]"
Change component parameters (AddParameter): Name = "Mouser VPN"; Value = "71-CRCW08050000Z0EAC"; VariantName = "[No Variations]"
Change component parameters (AddParameter): Name = "Price"; Value = "0,09"; VariantName = "[No Variations]"
Change component parameters: Designator = "R16"; Footprint = "RESC_0805"; UniqueID = "\JPMOFKGD"
Change component parameters. Clean all parameters for all variants
Change component parameters (AddParameter): Name = "LCSC PART #"; Value = "C17477"; VariantName = "[No Variations]"
Change component parameters (AddParameter): Name = "Mouser VPN"; Value = "71-CRCW08050000Z0EAC"; VariantName = "[No Variations]"
Change component parameters (AddParameter): Name = "Price"; Value = "0,09"; VariantName = "[No Variations]"
Change component parameters: Designator = "R17"; Footprint = "RESC_0805"; UniqueID = "\OFOJOEJJ"
Change component parameters. Clean all parameters for all variants
Change component parameters (AddParameter): Name = "LCSC PART #"; Value = "C27834"; VariantName = "[No Variations]"
Change component parameters (AddParameter): Name = "Mouser VPN"; Value = "667-ERA-6AEB512V"; VariantName = "[No Variations]"
Change component parameters (AddParameter): Name = "Price"; Value = "0,324"; VariantName = "[No Variations]"
Change component parameters: Designator = "R18"; Footprint = "RESC_0805"; UniqueID = "\FKHLLEWB"
Change component parameters. Clean all parameters for all variants
Change component parameters (AddParameter): Name = "LCSC PART #"; Value = "C27834"; VariantName = "[No Variations]"
Change component parameters (AddParameter): Name = "Mouser VPN"; Value = "667-ERA-6AEB512V"; VariantName = "[No Variations]"
Change component parameters (AddParameter): Name = "Price"; Value = "0,324"; VariantName = "[No Variations]"
Change component parameters: Designator = "R19"; Footprint = "RESC_0805"; UniqueID = "\XRUIIATP"
Change component parameters. Clean all parameters for all variants
Change component parameters (AddParameter): Name = "LCSC PART #"; Value = "C27834"; VariantName = "[No Variations]"
Change component parameters (AddParameter): Name = "Mouser VPN"; Value = "667-ERA-6AEB512V"; VariantName = "[No Variations]"
Change component parameters (AddParameter): Name = "Price"; Value = "0,324"; VariantName = "[No Variations]"
Change component parameters: Designator = "R20"; Footprint = "RESC_0805"; UniqueID = "\GCYXRLER"
Change component parameters. Clean all parameters for all variants
Change component parameters (AddParameter): Name = "LCSC PART #"; Value = "C17477"; VariantName = "[No Variations]"
Change component parameters (AddParameter): Name = "Mouser VPN"; Value = "71-CRCW08050000Z0EAC"; VariantName = "[No Variations]"
Change component parameters (AddParameter): Name = "Price"; Value = "0,09"; VariantName = "[No Variations]"
Change component parameters: Designator = "R21"; Footprint = "RESC_0805"; UniqueID = "\CWNXHUQC"
Change component parameters. Clean all parameters for all variants
Change component parameters (AddParameter): Name = "LCSC PART #"; Value = "C17807"; VariantName = "[No Variations]"
Change component parameters (AddParameter): Name = "Mouser VPN"; Value = "66-PCF08C7.5KB"; VariantName = "[No Variations]"
Change component parameters (AddParameter): Name = "Price"; Value = "0,135"; VariantName = "[No Variations]"
Change component parameters: Designator = "R22"; Footprint = "RESC_0805"; UniqueID = "\AQUJSBCT"
Change component parameters. Clean all parameters for all variants
Change component parameters (AddParameter): Name = "LCSC PART #"; Value = "C17807"; VariantName = "[No Variations]"
Change component parameters (AddParameter): Name = "Mouser VPN"; Value = "66-PCF08C7.5KB"; VariantName = "[No Variations]"
Change component parameters (AddParameter): Name = "Price"; Value = "0,135"; VariantName = "[No Variations]"
Change component parameters: Designator = "R23"; Footprint = "RESC_0805"; UniqueID = "\HYUWHSUJ"
Change component parameters. Clean all parameters for all variants
Change component parameters (AddParameter): Name = "LCSC PART #"; Value = "C17807"; VariantName = "[No Variations]"
Change component parameters (AddParameter): Name = "Mouser VPN"; Value = "66-PCF08C7.5KB"; VariantName = "[No Variations]"
Change component parameters (AddParameter): Name = "Price"; Value = "0,135"; VariantName = "[No Variations]"
Change component parameters: Designator = "R24"; Footprint = "RESC_0805"; UniqueID = "\QBKYAGVW"
Change component parameters. Clean all parameters for all variants
Change component parameters (AddParameter): Name = "LCSC PART #"; Value = "C27834"; VariantName = "[No Variations]"
Change component parameters (AddParameter): Name = "Mouser VPN"; Value = "667-ERA-6AEB512V"; VariantName = "[No Variations]"
Change component parameters (AddParameter): Name = "Price"; Value = "0,324"; VariantName = "[No Variations]"
Change component parameters: Designator = "R25"; Footprint = "RESC_0805"; UniqueID = "\HVXFUBXJ"
Change component parameters. Clean all parameters for all variants
Change component parameters (AddParameter): Name = "LCSC PART #"; Value = "C27834"; VariantName = "[No Variations]"
Change component parameters (AddParameter): Name = "Mouser VPN"; Value = "667-ERA-6AEB512V"; VariantName = "[No Variations]"
Change component parameters (AddParameter): Name = "Price"; Value = "0,324"; VariantName = "[No Variations]"
Change component parameters: Designator = "R26"; Footprint = "RESC_0805"; UniqueID = "\AETNAVWN"
Change component parameters. Clean all parameters for all variants
Change component parameters (AddParameter): Name = "LCSC PART #"; Value = "C27834"; VariantName = "[No Variations]"
Change component parameters (AddParameter): Name = "Mouser VPN"; Value = "667-ERA-6AEB512V"; VariantName = "[No Variations]"
Change component parameters (AddParameter): Name = "Price"; Value = "0,324"; VariantName = "[No Variations]"
Change component parameters: Designator = "R27"; Footprint = "RESC_0805"; UniqueID = "\OIWJNGAR"
Change component parameters. Clean all parameters for all variants
Change component parameters (AddParameter): Name = "LCSC PART #"; Value = "C17807"; VariantName = "[No Variations]"
Change component parameters (AddParameter): Name = "Mouser VPN"; Value = "66-PCF08C7.5KB"; VariantName = "[No Variations]"
Change component parameters (AddParameter): Name = "Price"; Value = "0,135"; VariantName = "[No Variations]"
Change component parameters: Designator = "R28"; Footprint = "RESC_0805"; UniqueID = "\SLLRNOEF"
Change component parameters. Clean all parameters for all variants
Change component parameters (AddParameter): Name = "LCSC PART #"; Value = "C17807"; VariantName = "[No Variations]"
Change component parameters (AddParameter): Name = "Mouser VPN"; Value = "66-PCF08C7.5KB"; VariantName = "[No Variations]"
Change component parameters (AddParameter): Name = "Price"; Value = "0,135"; VariantName = "[No Variations]"
Change component parameters: Designator = "R29"; Footprint = "RESC_0805"; UniqueID = "\AQVYPTEK"
Change component parameters. Clean all parameters for all variants
Change component parameters (AddParameter): Name = "LCSC PART #"; Value = "C17807"; VariantName = "[No Variations]"
Change component parameters (AddParameter): Name = "Mouser VPN"; Value = "66-PCF08C7.5KB"; VariantName = "[No Variations]"
Change component parameters (AddParameter): Name = "Price"; Value = "0,135"; VariantName = "[No Variations]"
Change component parameters: Designator = "R30"; Footprint = "RESC_0805"; UniqueID = "\YTPUAJOC"
Change component parameters. Clean all parameters for all variants
Change component parameters (AddParameter): Name = "LCSC PART #"; Value = "C27834"; VariantName = "[No Variations]"
Change component parameters (AddParameter): Name = "Mouser VPN"; Value = "667-ERA-6AEB512V"; VariantName = "[No Variations]"
Change component parameters (AddParameter): Name = "Price"; Value = "0,324"; VariantName = "[No Variations]"
Change component parameters: Designator = "R31"; Footprint = "RESC_0805"; UniqueID = "\VKLVXMMB"
Change component parameters. Clean all parameters for all variants
Change component parameters (AddParameter): Name = "LCSC PART #"; Value = "C27834"; VariantName = "[No Variations]"
Change component parameters (AddParameter): Name = "Mouser VPN"; Value = "667-ERA-6AEB512V"; VariantName = "[No Variations]"
Change component parameters (AddParameter): Name = "Price"; Value = "0,324"; VariantName = "[No Variations]"
Change component parameters: Designator = "R32"; Footprint = "RESC_0805"; UniqueID = "\MSOQLBBY"
Change component parameters. Clean all parameters for all variants
Change component parameters (AddParameter): Name = "LCSC PART #"; Value = "C17807"; VariantName = "[No Variations]"
Change component parameters (AddParameter): Name = "Mouser VPN"; Value = "66-PCF08C7.5KB"; VariantName = "[No Variations]"
Change component parameters (AddParameter): Name = "Price"; Value = "0,135"; VariantName = "[No Variations]"
Change component parameters: Designator = "R33"; Footprint = "RESC_0805"; UniqueID = "\AJXBEAOT"
Change component parameters. Clean all parameters for all variants
Change component parameters (AddParameter): Name = "LCSC PART #"; Value = "C17807"; VariantName = "[No Variations]"
Change component parameters (AddParameter): Name = "Mouser VPN"; Value = "66-PCF08C7.5KB"; VariantName = "[No Variations]"
Change component parameters (AddParameter): Name = "Price"; Value = "0,135"; VariantName = "[No Variations]"
Change component parameters: Designator = "R34"; Footprint = "RESC_0805"; UniqueID = "\HPCSUCLG"
Change component parameters. Clean all parameters for all variants
Change component parameters (AddParameter): Name = "LCSC PART #"; Value = "C17477"; VariantName = "[No Variations]"
Change component parameters (AddParameter): Name = "Mouser VPN"; Value = "71-CRCW08050000Z0EAC"; VariantName = "[No Variations]"
Change component parameters (AddParameter): Name = "Price"; Value = "0,09"; VariantName = "[No Variations]"
Change component parameters: Designator = "R35"; Footprint = "RESC_0805"; UniqueID = "\ABWAEOTR"
Change component parameters. Clean all parameters for all variants
Change component parameters (AddParameter): Name = "LCSC PART #"; Value = "C17630"; VariantName = "[No Variations]"
Change component parameters (AddParameter): Name = "Mouser VPN"; Value = "279-CPF0805B330RE1"; VariantName = "[No Variations]"
Change component parameters (AddParameter): Name = "Price"; Value = "0,126"; VariantName = "[No Variations]"
Change component parameters: Designator = "R37"; Footprint = "RESC_0805"; UniqueID = "\JDILCDKI"
Change component parameters. Clean all parameters for all variants
Change component parameters (AddParameter): Name = "LCSC PART #"; Value = "C17407"; VariantName = "[No Variations]"
Change component parameters (AddParameter): Name = "Mouser VPN"; Value = "284-APC0805B100KN"; VariantName = "[No Variations]"
Change component parameters (AddParameter): Name = "Price"; Value = "0,126"; VariantName = "[No Variations]"
Change component parameters: Designator = "R38"; Footprint = "RESC_0805"; UniqueID = "\SIUKLAQL"
Change component parameters. Clean all parameters for all variants
Change component parameters (AddParameter): Name = "LCSC PART #"; Value = "C17407"; VariantName = "[No Variations]"
Change component parameters (AddParameter): Name = "Mouser VPN"; Value = "284-APC0805B100KN"; VariantName = "[No Variations]"
Change component parameters (AddParameter): Name = "Price"; Value = "0,126"; VariantName = "[No Variations]"
Change component parameters: Designator = "R39"; Footprint = "RESC_0805"; UniqueID = "\FJYJREDQ"
Change component parameters. Clean all parameters for all variants
Change component parameters (AddParameter): Name = "LCSC PART #"; Value = "C17407"; VariantName = "[No Variations]"
Change component parameters (AddParameter): Name = "Mouser VPN"; Value = "284-APC0805B100KN"; VariantName = "[No Variations]"
Change component parameters (AddParameter): Name = "Price"; Value = "0,126"; VariantName = "[No Variations]"
Change component parameters: Designator = "R40"; Footprint = "RESC_0805"; UniqueID = "\VWQXBIBV"
Change component parameters. Clean all parameters for all variants
Change component parameters (AddParameter): Name = "LCSC PART #"; Value = "C17407"; VariantName = "[No Variations]"
Change component parameters (AddParameter): Name = "Mouser VPN"; Value = "284-APC0805B100KN"; VariantName = "[No Variations]"
Change component parameters (AddParameter): Name = "Price"; Value = "0,126"; VariantName = "[No Variations]"
Change component parameters: Designator = "R41"; Footprint = "RESC_0805"; UniqueID = "\LIARSEDD"
Change component parameters. Clean all parameters for all variants
Change component parameters (AddParameter): Name = "LCSC PART #"; Value = "C17407"; VariantName = "[No Variations]"
Change component parameters (AddParameter): Name = "Mouser VPN"; Value = "284-APC0805B100KN"; VariantName = "[No Variations]"
Change component parameters (AddParameter): Name = "Price"; Value = "0,126"; VariantName = "[No Variations]"
Change component parameters: Designator = "R42"; Footprint = "RESC_0805"; UniqueID = "\MEQRBHXI"
Change component parameters. Clean all parameters for all variants
Change component parameters (AddParameter): Name = "LCSC PART #"; Value = "C17477"; VariantName = "[No Variations]"
Change component parameters (AddParameter): Name = "Mouser VPN"; Value = "71-CRCW08050000Z0EAC"; VariantName = "[No Variations]"
Change component parameters (AddParameter): Name = "Price"; Value = "0,09"; VariantName = "[No Variations]"
Change component parameters: Designator = "R43"; Footprint = "RESC_0805"; UniqueID = "\RTBRTUQO"
Change component parameters. Clean all parameters for all variants
Change component parameters (AddParameter): Name = "LCSC PART #"; Value = "C17407"; VariantName = "[No Variations]"
Change component parameters (AddParameter): Name = "Mouser VPN"; Value = "284-APC0805B100KN"; VariantName = "[No Variations]"
Change component parameters (AddParameter): Name = "Price"; Value = "0,126"; VariantName = "[No Variations]"
Change component parameters: Designator = "R44"; Footprint = "RESC_0805"; UniqueID = "\FJEYESST"
Change component parameters. Clean all parameters for all variants
Change component parameters (AddParameter): Name = "LCSC PART #"; Value = "C17407"; VariantName = "[No Variations]"
Change component parameters (AddParameter): Name = "Mouser VPN"; Value = "284-APC0805B100KN"; VariantName = "[No Variations]"
Change component parameters (AddParameter): Name = "Price"; Value = "0,126"; VariantName = "[No Variations]"
Change component parameters: Designator = "R45"; Footprint = "RESC_0805"; UniqueID = "\FHHOTKBJ"
Change component parameters. Clean all parameters for all variants
Change component parameters (AddParameter): Name = "LCSC PART #"; Value = "C17407"; VariantName = "[No Variations]"
Change component parameters (AddParameter): Name = "Mouser VPN"; Value = "284-APC0805B100KN"; VariantName = "[No Variations]"
Change component parameters (AddParameter): Name = "Price"; Value = "0,126"; VariantName = "[No Variations]"
Change component parameters: Designator = "R46"; Footprint = "RESC_0805"; UniqueID = "\BFDVSVSI"
Change component parameters. Clean all parameters for all variants
Change component parameters (AddParameter): Name = "LCSC PART #"; Value = "C17407"; VariantName = "[No Variations]"
Change component parameters (AddParameter): Name = "Mouser VPN"; Value = "284-APC0805B100KN"; VariantName = "[No Variations]"
Change component parameters (AddParameter): Name = "Price"; Value = "0,126"; VariantName = "[No Variations]"
Change component parameters: Designator = "R47"; Footprint = "RESC_0805"; UniqueID = "\EBNVCRHS"
Change component parameters. Clean all parameters for all variants
Change component parameters (AddParameter): Name = "LCSC PART #"; Value = "C17407"; VariantName = "[No Variations]"
Change component parameters (AddParameter): Name = "Mouser VPN"; Value = "284-APC0805B100KN"; VariantName = "[No Variations]"
Change component parameters (AddParameter): Name = "Price"; Value = "0,126"; VariantName = "[No Variations]"
Change component parameters: Designator = "R48"; Footprint = "RESC_0805"; UniqueID = "\JXXQBHTH"
Change component parameters. Clean all parameters for all variants
Change component parameters (AddParameter): Name = "LCSC PART #"; Value = "C17477"; VariantName = "[No Variations]"
Change component parameters (AddParameter): Name = "Mouser VPN"; Value = "71-CRCW08050000Z0EAC"; VariantName = "[No Variations]"
Change component parameters (AddParameter): Name = "Price"; Value = "0,09"; VariantName = "[No Variations]"
Change component parameters: Designator = "R49"; Footprint = "RESC_0805"; UniqueID = "\RYMTHGSQ"
Change component parameters. Clean all parameters for all variants
Change component parameters (AddParameter): Name = "LCSC PART #"; Value = "C17630"; VariantName = "[No Variations]"
Change component parameters (AddParameter): Name = "Mouser VPN"; Value = "279-CPF0805B330RE1"; VariantName = "[No Variations]"
Change component parameters (AddParameter): Name = "Price"; Value = "0,126"; VariantName = "[No Variations]"
Change component parameters: Designator = "R50"; Footprint = "RESC_0805"; UniqueID = "\DHKFWACI"
Change component parameters. Clean all parameters for all variants
Change component parameters (AddParameter): Name = "LCSC PART #"; Value = "C17630"; VariantName = "[No Variations]"
Change component parameters (AddParameter): Name = "Mouser VPN"; Value = "279-CPF0805B330RE1"; VariantName = "[No Variations]"
Change component parameters (AddParameter): Name = "Price"; Value = "0,126"; VariantName = "[No Variations]"
Change component parameters: Designator = "R53"; Footprint = "RESC_0805"; UniqueID = "\KIEEBOLV"
Change component parameters. Clean all parameters for all variants
Change component parameters (AddParameter): Name = "LCSC PART #"; Value = "C17407"; VariantName = "[No Variations]"
Change component parameters (AddParameter): Name = "Mouser VPN"; Value = "284-APC0805B100KN"; VariantName = "[No Variations]"
Change component parameters (AddParameter): Name = "Price"; Value = "0,126"; VariantName = "[No Variations]"
Change component parameters: Designator = "R54"; Footprint = "RESC_0805"; UniqueID = "\QQLLALVO"
Change component parameters. Clean all parameters for all variants
Change component parameters (AddParameter): Name = "LCSC PART #"; Value = "C17407"; VariantName = "[No Variations]"
Change component parameters (AddParameter): Name = "Mouser VPN"; Value = "284-APC0805B100KN"; VariantName = "[No Variations]"
Change component parameters (AddParameter): Name = "Price"; Value = "0,126"; VariantName = "[No Variations]"
Change component parameters: Designator = "R55"; Footprint = "RESC_0805"; UniqueID = "\IYQPBVET"
Change component parameters. Clean all parameters for all variants
Change component parameters (AddParameter): Name = "LCSC PART #"; Value = "C17407"; VariantName = "[No Variations]"
Change component parameters (AddParameter): Name = "Mouser VPN"; Value = "284-APC0805B100KN"; VariantName = "[No Variations]"
Change component parameters (AddParameter): Name = "Price"; Value = "0,126"; VariantName = "[No Variations]"
Change component parameters: Designator = "R56"; Footprint = "RESC_0805"; UniqueID = "\JRJMHIXU"
Change component parameters. Clean all parameters for all variants
Change component parameters (AddParameter): Name = "LCSC PART #"; Value = "C17407"; VariantName = "[No Variations]"
Change component parameters (AddParameter): Name = "Mouser VPN"; Value = "284-APC0805B100KN"; VariantName = "[No Variations]"
Change component parameters (AddParameter): Name = "Price"; Value = "0,126"; VariantName = "[No Variations]"
Change component parameters: Designator = "R57"; Footprint = "RESC_0805"; UniqueID = "\MSWPNDDC"
Change component parameters. Clean all parameters for all variants
Change component parameters (AddParameter): Name = "LCSC PART #"; Value = "C17407"; VariantName = "[No Variations]"
Change component parameters (AddParameter): Name = "Mouser VPN"; Value = "284-APC0805B100KN"; VariantName = "[No Variations]"
Change component parameters (AddParameter): Name = "Price"; Value = "0,126"; VariantName = "[No Variations]"
Change component parameters: Designator = "R58"; Footprint = "RESC_0805"; UniqueID = "\YSSSNCND"
Change component parameters. Clean all parameters for all variants
Change component parameters (AddParameter): Name = "LCSC PART #"; Value = "C17407"; VariantName = "[No Variations]"
Change component parameters (AddParameter): Name = "Mouser VPN"; Value = "284-APC0805B100KN"; VariantName = "[No Variations]"
Change component parameters (AddParameter): Name = "Price"; Value = "0,126"; VariantName = "[No Variations]"
Change component parameters: Designator = "R59"; Footprint = "RESC_0805"; UniqueID = "\PAQGBCEQ"
Change component parameters. Clean all parameters for all variants
Change component parameters (AddParameter): Name = "LCSC PART #"; Value = "C17407"; VariantName = "[No Variations]"
Change component parameters (AddParameter): Name = "Mouser VPN"; Value = "284-APC0805B100KN"; VariantName = "[No Variations]"
Change component parameters (AddParameter): Name = "Price"; Value = "0,126"; VariantName = "[No Variations]"
Change component parameters: Designator = "R60"; Footprint = "RESC_0805"; UniqueID = "\SCXSKCHP"
Change component parameters. Clean all parameters for all variants
Change component parameters (AddParameter): Name = "LCSC PART #"; Value = "C17407"; VariantName = "[No Variations]"
Change component parameters (AddParameter): Name = "Mouser VPN"; Value = "284-APC0805B100KN"; VariantName = "[No Variations]"
Change component parameters (AddParameter): Name = "Price"; Value = "0,126"; VariantName = "[No Variations]"
Change component parameters: Designator = "R61"; Footprint = "RESC_0805"; UniqueID = "\DNWLYVEB"
Change component parameters. Clean all parameters for all variants
Change component parameters (AddParameter): Name = "LCSC PART #"; Value = "C17407"; VariantName = "[No Variations]"
Change component parameters (AddParameter): Name = "Mouser VPN"; Value = "284-APC0805B100KN"; VariantName = "[No Variations]"
Change component parameters (AddParameter): Name = "Price"; Value = "0,126"; VariantName = "[No Variations]"
Change component parameters: Designator = "R62"; Footprint = "RESC_0805"; UniqueID = "\TIGHODNC"
Change component parameters. Clean all parameters for all variants
Change component parameters (AddParameter): Name = "LCSC PART #"; Value = "C17407"; VariantName = "[No Variations]"
Change component parameters (AddParameter): Name = "Mouser VPN"; Value = "284-APC0805B100KN"; VariantName = "[No Variations]"
Change component parameters (AddParameter): Name = "Price"; Value = "0,126"; VariantName = "[No Variations]"
Change component parameters: Designator = "R63"; Footprint = "RESC_0805"; UniqueID = "\UNYSLYEN"
Change component parameters. Clean all parameters for all variants
Change component parameters (AddParameter): Name = "LCSC PART #"; Value = "C17407"; VariantName = "[No Variations]"
Change component parameters (AddParameter): Name = "Mouser VPN"; Value = "284-APC0805B100KN"; VariantName = "[No Variations]"
Change component parameters (AddParameter): Name = "Price"; Value = "0,126"; VariantName = "[No Variations]"
Change component parameters: Designator = "R64"; Footprint = "RESC_0805"; UniqueID = "\QUHOKPOT"
Change component parameters. Clean all parameters for all variants
Change component parameters (AddParameter): Name = "LCSC PART #"; Value = "C17407"; VariantName = "[No Variations]"
Change component parameters (AddParameter): Name = "Mouser VPN"; Value = "284-APC0805B100KN"; VariantName = "[No Variations]"
Change component parameters (AddParameter): Name = "Price"; Value = "0,126"; VariantName = "[No Variations]"
Change component parameters: Designator = "R65"; Footprint = "RESC_0805"; UniqueID = "\DXGYPUOX"
Change component parameters. Clean all parameters for all variants
Change component parameters (AddParameter): Name = "LCSC PART #"; Value = "C17407"; VariantName = "[No Variations]"
Change component parameters (AddParameter): Name = "Mouser VPN"; Value = "284-APC0805B100KN"; VariantName = "[No Variations]"
Change component parameters (AddParameter): Name = "Price"; Value = "0,126"; VariantName = "[No Variations]"
Change component parameters: Designator = "R66"; Footprint = "RESC_0805"; UniqueID = "\JLJRBYJY"
Change component parameters. Clean all parameters for all variants
Change component parameters (AddParameter): Name = "LCSC PART #"; Value = "C17407"; VariantName = "[No Variations]"
Change component parameters (AddParameter): Name = "Mouser VPN"; Value = "284-APC0805B100KN"; VariantName = "[No Variations]"
Change component parameters (AddParameter): Name = "Price"; Value = "0,126"; VariantName = "[No Variations]"
Change component parameters: Designator = "R67"; Footprint = "RESC_0805"; UniqueID = "\MUQHAYUT"
Change component parameters. Clean all parameters for all variants
Change component parameters (AddParameter): Name = "LCSC PART #"; Value = "C17407"; VariantName = "[No Variations]"
Change component parameters (AddParameter): Name = "Mouser VPN"; Value = "284-APC0805B100KN"; VariantName = "[No Variations]"
Change component parameters (AddParameter): Name = "Price"; Value = "0,126"; VariantName = "[No Variations]"
Change component parameters: Designator = "R68"; Footprint = "RESC_0805"; UniqueID = "\GMBEDEIV"
Change component parameters. Clean all parameters for all variants
Change component parameters (AddParameter): Name = "LCSC PART #"; Value = "C17407"; VariantName = "[No Variations]"
Change component parameters (AddParameter): Name = "Mouser VPN"; Value = "284-APC0805B100KN"; VariantName = "[No Variations]"
Change component parameters (AddParameter): Name = "Price"; Value = "0,126"; VariantName = "[No Variations]"
Change component parameters: Designator = "R69"; Footprint = "RESC_0805"; UniqueID = "\EWMCDPNY"
Change component parameters. Clean all parameters for all variants
Change component parameters (AddParameter): Name = "LCSC PART #"; Value = "C17407"; VariantName = "[No Variations]"
Change component parameters (AddParameter): Name = "Mouser VPN"; Value = "284-APC0805B100KN"; VariantName = "[No Variations]"
Change component parameters (AddParameter): Name = "Price"; Value = "0,126"; VariantName = "[No Variations]"
Change component parameters: Designator = "R70"; Footprint = "RESC_0805"; UniqueID = "\JVCSPFPW"
Change component parameters. Clean all parameters for all variants
Change component parameters (AddParameter): Name = "LCSC PART #"; Value = "C17407"; VariantName = "[No Variations]"
Change component parameters (AddParameter): Name = "Mouser VPN"; Value = "284-APC0805B100KN"; VariantName = "[No Variations]"
Change component parameters (AddParameter): Name = "Price"; Value = "0,126"; VariantName = "[No Variations]"
Change component parameters: Designator = "R71"; Footprint = "RESC_0805"; UniqueID = "\MRKHVIEU"
Change component parameters. Clean all parameters for all variants
Change component parameters (AddParameter): Name = "LCSC PART #"; Value = "C17407"; VariantName = "[No Variations]"
Change component parameters (AddParameter): Name = "Mouser VPN"; Value = "284-APC0805B100KN"; VariantName = "[No Variations]"
Change component parameters (AddParameter): Name = "Price"; Value = "0,126"; VariantName = "[No Variations]"
Change component parameters: Designator = "R72"; Footprint = "RESC_0805"; UniqueID = "\AVNCNEVX"
Change component parameters. Clean all parameters for all variants
Change component parameters (AddParameter): Name = "LCSC PART #"; Value = "C17407"; VariantName = "[No Variations]"
Change component parameters (AddParameter): Name = "Mouser VPN"; Value = "284-APC0805B100KN"; VariantName = "[No Variations]"
Change component parameters (AddParameter): Name = "Price"; Value = "0,126"; VariantName = "[No Variations]"
Change component parameters: Designator = "U1"; Footprint = "SOIC-14N"; UniqueID = "\RUVCMQQR"
Change component parameters. Clean all parameters for all variants
Change component parameters (AddParameter): Name = "LCSC PART #"; Value = "C6725"; VariantName = "[No Variations]"
Change component parameters (AddParameter): Name = "Mouser VPN"; Value = "771-HEF4011BTD-T"; VariantName = "[No Variations]"
Change component parameters (AddParameter): Name = "Price"; Value = "0,296"; VariantName = "[No Variations]"
Change component parameters: Designator = "U2"; Footprint = "SOIC-14N"; UniqueID = "\MBSEYAPR"
Change component parameters. Clean all parameters for all variants
Change component parameters (AddParameter): Name = "LCSC PART #"; Value = "C6725"; VariantName = "[No Variations]"
Change component parameters (AddParameter): Name = "Mouser VPN"; Value = "771-HEF4011BTD-T"; VariantName = "[No Variations]"
Change component parameters (AddParameter): Name = "Price"; Value = "0,296"; VariantName = "[No Variations]"
Change component parameters: Designator = "U4"; Footprint = "SOIC-14N"; UniqueID = "\BMVXAVXD"
Change component parameters. Clean all parameters for all variants
Change component parameters (AddParameter): Name = "LCSC PART #"; Value = "C6725"; VariantName = "[No Variations]"
Change component parameters (AddParameter): Name = "Mouser VPN"; Value = "771-HEF4011BTD-T"; VariantName = "[No Variations]"
Change component parameters (AddParameter): Name = "Price"; Value = "0,296"; VariantName = "[No Variations]"
Change component parameters: Designator = "U5"; Footprint = "SOIC8"; UniqueID = "\FVCLMTDF"
Change component parameters. Clean all parameters for all variants
Change component parameters (AddParameter): Name = "LCSC PART #"; Value = "C94069"; VariantName = "[No Variations]"
Change component parameters (AddParameter): Name = "Mouser VPN"; Value = "595-AMC1200BDWVR"; VariantName = "[No Variations]"
Change component parameters (AddParameter): Name = "Price"; Value = "4,62"; VariantName = "[No Variations]"
Change component parameters: Designator = "U8"; Footprint = "SOIC8"; UniqueID = "\LCSOCJJI"
Change component parameters. Clean all parameters for all variants
Change component parameters (AddParameter): Name = "LCSC PART #"; Value = "C94069"; VariantName = "[No Variations]"
Change component parameters (AddParameter): Name = "Mouser VPN"; Value = "595-AMC1200BDWVR"; VariantName = "[No Variations]"
Change component parameters (AddParameter): Name = "Price"; Value = "4,62"; VariantName = "[No Variations]"
Change component parameters: Designator = "U9"; Footprint = "SOIC8"; UniqueID = "\XDOIACSD"
Change component parameters. Clean all parameters for all variants
Change component parameters (AddParameter): Name = "LCSC PART #"; Value = "C94069"; VariantName = "[No Variations]"
Change component parameters (AddParameter): Name = "Mouser VPN"; Value = "595-AMC1200BDWVR"; VariantName = "[No Variations]"
Change component parameters (AddParameter): Name = "Price"; Value = "4,62"; VariantName = "[No Variations]"
Change component parameters: Designator = "R36"; Footprint = "RESC_0805"; UniqueID = "\CLPMOWAX"
Change component parameters. Clean all parameters for all variants
Change component parameters (AddParameter): Name = "LCSC PART #"; Value = "C28636"; VariantName = "[No Variations]"
Change component parameters (AddParameter): Name = "Mouser VPN"; Value = "667-ERJ-PB6B5600V"; VariantName = "[No Variations]"
Change component parameters (AddParameter): Name = "Price"; Value = "0,324"; VariantName = "[No Variations]"
Change component parameters: Designator = "R51"; Footprint = "RESC_0805"; UniqueID = "\NEAXVAFI"
Change component parameters. Clean all parameters for all variants
Change component parameters (AddParameter): Name = "LCSC PART #"; Value = "C28636"; VariantName = "[No Variations]"
Change component parameters (AddParameter): Name = "Mouser VPN"; Value = "667-ERJ-PB6B5600V"; VariantName = "[No Variations]"
Change component parameters (AddParameter): Name = "Price"; Value = "0,324"; VariantName = "[No Variations]"
Change component parameters: Designator = "R52"; Footprint = "RESC_0805"; UniqueID = "\ROKYSBOO"
Change component parameters. Clean all parameters for all variants
Change component parameters (AddParameter): Name = "LCSC PART #"; Value = "C28636"; VariantName = "[No Variations]"
Change component parameters (AddParameter): Name = "Mouser VPN"; Value = "667-ERJ-PB6B5600V"; VariantName = "[No Variations]"
Change component parameters (AddParameter): Name = "Price"; Value = "0,324"; VariantName = "[No Variations]"
Change Class Name : Old Net Name=controlo_rev3 New Net Name=controlo_rev4
Change Room Name: Old Name=controlo_rev3 New Name=controlo_rev4
Change Room Scope: Old Scope=InComponentClass('controlo_rev3') New Scope=InComponentClass('controlo_rev4')
