   1              	 .syntax unified
   2              	 .cpu cortex-m4
   3              	 .eabi_attribute 27,3
   4              	 .fpu fpv4-sp-d16
   5              	 .eabi_attribute 20,1
   6              	 .eabi_attribute 21,1
   7              	 .eabi_attribute 23,3
   8              	 .eabi_attribute 24,1
   9              	 .eabi_attribute 25,1
  10              	 .eabi_attribute 26,1
  11              	 .eabi_attribute 30,4
  12              	 .eabi_attribute 34,1
  13              	 .eabi_attribute 18,4
  14              	 .thumb
  15              	 .file "arm_biquad_cascade_df1_q15.c"
  16              	 .section .text.arm_biquad_cascade_df1_q15,"ax",%progbits
  17              	 .align 1
  18              	 .global arm_biquad_cascade_df1_q15
  19              	 .thumb
  20              	 .thumb_func
  22              	arm_biquad_cascade_df1_q15:
  23              	 
  24              	 
  25 0000 2DE9F04F 	 push {r4,r5,r6,r7,r8,r9,r10,fp,lr}
  26 0004 8BB0     	 sub sp,sp,#44
  27 0006 90F90040 	 ldrsb r4,[r0]
  28 000a 0893     	 str r3,[sp,#32]
  29 000c 90F90C30 	 ldrsb r3,[r0,#12]
  30 0010 0394     	 str r4,[sp,#12]
  31 0012 C3F10F0C 	 rsb ip,r3,#15
  32 0016 1133     	 adds r3,r3,#17
  33 0018 0193     	 str r3,[sp,#4]
  34 001a 089B     	 ldr r3,[sp,#32]
  35 001c 8568     	 ldr r5,[r0,#8]
  36 001e 4468     	 ldr r4,[r0,#4]
  37 0020 0292     	 str r2,[sp,#8]
  38 0022 5B08     	 lsrs r3,r3,#1
  39 0024 0493     	 str r3,[sp,#16]
  40 0026 9B00     	 lsls r3,r3,#2
  41 0028 0793     	 str r3,[sp,#28]
  42 002a 1344     	 add r3,r3,r2
  43 002c 0C35     	 adds r5,r5,#12
  44 002e 0834     	 adds r4,r4,#8
  45 0030 0993     	 str r3,[sp,#36]
  46              	.L5:
  47 0032 029A     	 ldr r2,[sp,#8]
  48 0034 0692     	 str r2,[sp,#24]
  49 0036 55F80C0C 	 ldr r0,[r5,#-12]
  50 003a 55F8087C 	 ldr r7,[r5,#-8]
  51 003e 55F8046C 	 ldr r6,[r5,#-4]
  52 0042 54F808BC 	 ldr fp,[r4,#-8]
  53 0046 54F8043C 	 ldr r3,[r4,#-4]
  54 004a 049A     	 ldr r2,[sp,#16]
  55 004c 0591     	 str r1,[sp,#20]
  56              	.L10:
  57 004e 0092     	 str r2,[sp]
  58 0050 009A     	 ldr r2,[sp]
  59 0052 002A     	 cmp r2,#0
  60 0054 41D0     	 beq .L12
  61 0056 059A     	 ldr r2,[sp,#20]
  62 0058 52F804EB 	 ldr lr,[r2],#4
  63 005c 0592     	 str r2,[sp,#20]
  64              	
  65 005e 20FB0EFA 	 smuad r10,r0,lr
  66              	
  67              	 .thumb
  68 0062 4FEAEA79 	 asr r9,r10,#31
  69 0066 C846     	 mov r8,r9
  70              	
  71 0068 C7FBCBA8 	 smlald r10,r8,r7,fp
  72              	
  73              	
  74 006c C6FBC3A8 	 smlald r10,r8,r6,r3
  75              	
  76              	 .thumb
  77 0070 019A     	 ldr r2,[sp,#4]
  78 0072 2AFA0CFA 	 lsr r10,r10,ip
  79 0076 08FA02F8 	 lsl r8,r8,r2
  80 007a 48EA0A0A 	 orr r10,r8,r10
  81 007e 1FFA8EF8 	 uxth r8,lr
  82              	
  83 0082 0AF30F0A 	 ssat r10,#16,r10
  84              	
  85              	 .thumb
  86 0086 1FFA8AFA 	 uxth r10,r10
  87 008a 48EA0B4B 	 orr fp,r8,fp,lsl#16
  88 008e 4AEA0343 	 orr r3,r10,r3,lsl#16
  89              	
  90 0092 20FB1EFA 	 smuadx r10,r0,lr
  91              	
  92              	 .thumb
  93 0096 4FEAEA79 	 asr r9,r10,#31
  94 009a C846     	 mov r8,r9
  95              	
  96 009c C7FBCBA8 	 smlald r10,r8,r7,fp
  97              	
  98              	
  99 00a0 C6FBC3A8 	 smlald r10,r8,r6,r3
 100              	
 101              	 .thumb
 102 00a4 08FA02F8 	 lsl r8,r8,r2
 103 00a8 2AFA0CFA 	 lsr r10,r10,ip
 104 00ac 069A     	 ldr r2,[sp,#24]
 105 00ae 48EA0A0A 	 orr r10,r8,r10
 106 00b2 1FFA83F8 	 uxth r8,r3
 107              	
 108 00b6 0AF30F0A 	 ssat r10,#16,r10
 109              	
 110              	 .thumb
 111 00ba 48EA0A48 	 orr r8,r8,r10,lsl#16
 112 00be 42F8048B 	 str r8,[r2],#4
 113 00c2 0692     	 str r2,[sp,#24]
 114 00c4 009A     	 ldr r2,[sp]
 115 00c6 4FEA1E4E 	 lsr lr,lr,#16
 116 00ca 1FFA8AFA 	 uxth r10,r10
 117 00ce 4EEA0B4B 	 orr fp,lr,fp,lsl#16
 118 00d2 4AEA0343 	 orr r3,r10,r3,lsl#16
 119 00d6 013A     	 subs r2,r2,#1
 120 00d8 B9E7     	 b .L10
 121              	.L12:
 122 00da 089A     	 ldr r2,[sp,#32]
 123 00dc D207     	 lsls r2,r2,#31
 124 00de 1DD5     	 bpl .L4
 125 00e0 079A     	 ldr r2,[sp,#28]
 126 00e2 895E     	 ldrsh r1,[r1,r2]
 127              	
 128 00e4 20FB01F0 	 smuad r0,r0,r1
 129              	
 130              	 .thumb
 131 00e8 4FEAE079 	 asr r9,r0,#31
 132 00ec CE46     	 mov lr,r9
 133              	
 134 00ee C7FBCB0E 	 smlald r0,lr,r7,fp
 135              	
 136              	
 137 00f2 C6FBC30E 	 smlald r0,lr,r6,r3
 138              	
 139              	 .thumb
 140 00f6 019A     	 ldr r2,[sp,#4]
 141 00f8 0EFA02FE 	 lsl lr,lr,r2
 142 00fc 099A     	 ldr r2,[sp,#36]
 143 00fe 20FA0CF0 	 lsr r0,r0,ip
 144 0102 4EEA000E 	 orr lr,lr,r0
 145 0106 89B2     	 uxth r1,r1
 146              	
 147 0108 0EF30F0E 	 ssat lr,#16,lr
 148              	
 149              	 .thumb
 150 010c A2F800E0 	 strh lr,[r2]
 151 0110 1FFA8EFE 	 uxth lr,lr
 152 0114 41EA0B4B 	 orr fp,r1,fp,lsl#16
 153 0118 4EEA0343 	 orr r3,lr,r3,lsl#16
 154              	.L4:
 155 011c 44F8043C 	 str r3,[r4,#-4]
 156 0120 039B     	 ldr r3,[sp,#12]
 157 0122 44F808BC 	 str fp,[r4,#-8]
 158 0126 013B     	 subs r3,r3,#1
 159 0128 05F10C05 	 add r5,r5,#12
 160 012c 04F10804 	 add r4,r4,#8
 161 0130 0299     	 ldr r1,[sp,#8]
 162 0132 0393     	 str r3,[sp,#12]
 163 0134 7FF47DAF 	 bne .L5
 164 0138 0BB0     	 add sp,sp,#44
 165              	 
 166 013a BDE8F08F 	 pop {r4,r5,r6,r7,r8,r9,r10,fp,pc}
 168              	 .ident "GCC: (GNU Tools for ARM Embedded Processors) 4.9.3 20141119 (release) [ARM/embedded-4_9-branch revision 218278]"
DEFINED SYMBOLS
                            *ABS*:00000000 arm_biquad_cascade_df1_q15.c
    {standard input}:17     .text.arm_biquad_cascade_df1_q15:00000000 $t
    {standard input}:22     .text.arm_biquad_cascade_df1_q15:00000000 arm_biquad_cascade_df1_q15

NO UNDEFINED SYMBOLS
