   1              	 .syntax unified
   2              	 .cpu cortex-m4
   3              	 .eabi_attribute 27,3
   4              	 .fpu fpv4-sp-d16
   5              	 .eabi_attribute 20,1
   6              	 .eabi_attribute 21,1
   7              	 .eabi_attribute 23,3
   8              	 .eabi_attribute 24,1
   9              	 .eabi_attribute 25,1
  10              	 .eabi_attribute 26,1
  11              	 .eabi_attribute 30,4
  12              	 .eabi_attribute 34,1
  13              	 .eabi_attribute 18,4
  14              	 .thumb
  15              	 .file "arm_fir_init_q7.c"
  16              	 .section .text.arm_fir_init_q7,"ax",%progbits
  17              	 .align 1
  18              	 .global arm_fir_init_q7
  19              	 .thumb
  20              	 .thumb_func
  22              	arm_fir_init_q7:
  23              	 
  24              	 
  25 0000 70B5     	 push {r4,r5,r6,lr}
  26 0002 0446     	 mov r4,r0
  27 0004 0E46     	 mov r6,r1
  28 0006 2180     	 strh r1,[r4]
  29 0008 8260     	 str r2,[r0,#8]
  30 000a 049A     	 ldr r2,[sp,#16]
  31 000c 013A     	 subs r2,r2,#1
  32 000e 1D46     	 mov r5,r3
  33 0010 1846     	 mov r0,r3
  34 0012 0021     	 movs r1,#0
  35 0014 3244     	 add r2,r2,r6
  36 0016 FFF7FEFF 	 bl memset
  37 001a 6560     	 str r5,[r4,#4]
  38 001c 70BD     	 pop {r4,r5,r6,pc}
  40              	 .ident "GCC: (GNU Tools for ARM Embedded Processors) 4.9.3 20141119 (release) [ARM/embedded-4_9-branch revision 218278]"
DEFINED SYMBOLS
                            *ABS*:00000000 arm_fir_init_q7.c
    {standard input}:17     .text.arm_fir_init_q7:00000000 $t
    {standard input}:22     .text.arm_fir_init_q7:00000000 arm_fir_init_q7

UNDEFINED SYMBOLS
memset
