   1              	 .syntax unified
   2              	 .cpu cortex-m4
   3              	 .eabi_attribute 27,3
   4              	 .fpu fpv4-sp-d16
   5              	 .eabi_attribute 20,1
   6              	 .eabi_attribute 21,1
   7              	 .eabi_attribute 23,3
   8              	 .eabi_attribute 24,1
   9              	 .eabi_attribute 25,1
  10              	 .eabi_attribute 26,1
  11              	 .eabi_attribute 30,4
  12              	 .eabi_attribute 34,1
  13              	 .eabi_attribute 18,4
  14              	 .thumb
  15              	 .file "arm_fir_decimate_init_q31.c"
  16              	 .section .text.arm_fir_decimate_init_q31,"ax",%progbits
  17              	 .align 1
  18              	 .global arm_fir_decimate_init_q31
  19              	 .thumb
  20              	 .thumb_func
  22              	arm_fir_decimate_init_q31:
  23              	 
  24              	 
  25 0000 F8B5     	 push {r3,r4,r5,r6,r7,lr}
  26 0002 1746     	 mov r7,r2
  27 0004 079A     	 ldr r2,[sp,#28]
  28 0006 B2FBF7F4 	 udiv r4,r2,r7
  29 000a 07FB1424 	 mls r4,r7,r4,r2
  30 000e 0546     	 mov r5,r0
  31 0010 069E     	 ldr r6,[sp,#24]
  32 0012 74B9     	 cbnz r4,.L3
  33 0014 4180     	 strh r1,[r0,#2]
  34 0016 01F18041 	 add r1,r1,#1073741824
  35 001a 0139     	 subs r1,r1,#1
  36 001c 0A44     	 add r2,r2,r1
  37 001e 4360     	 str r3,[r0,#4]
  38 0020 2146     	 mov r1,r4
  39 0022 3046     	 mov r0,r6
  40 0024 9200     	 lsls r2,r2,#2
  41 0026 FFF7FEFF 	 bl memset
  42 002a AE60     	 str r6,[r5,#8]
  43 002c 2F70     	 strb r7,[r5]
  44 002e 2046     	 mov r0,r4
  45 0030 00E0     	 b .L2
  46              	.L3:
  47 0032 FE20     	 movs r0,#254
  48              	.L2:
  49 0034 40B2     	 sxtb r0,r0
  50 0036 F8BD     	 pop {r3,r4,r5,r6,r7,pc}
  52              	 .ident "GCC: (GNU Tools for ARM Embedded Processors) 4.9.3 20141119 (release) [ARM/embedded-4_9-branch revision 218278]"
DEFINED SYMBOLS
                            *ABS*:00000000 arm_fir_decimate_init_q31.c
    {standard input}:17     .text.arm_fir_decimate_init_q31:00000000 $t
    {standard input}:22     .text.arm_fir_decimate_init_q31:00000000 arm_fir_decimate_init_q31

UNDEFINED SYMBOLS
memset
