   1              	 .syntax unified
   2              	 .cpu cortex-m4
   3              	 .eabi_attribute 27,3
   4              	 .fpu fpv4-sp-d16
   5              	 .eabi_attribute 20,1
   6              	 .eabi_attribute 21,1
   7              	 .eabi_attribute 23,3
   8              	 .eabi_attribute 24,1
   9              	 .eabi_attribute 25,1
  10              	 .eabi_attribute 26,1
  11              	 .eabi_attribute 30,4
  12              	 .eabi_attribute 34,1
  13              	 .eabi_attribute 18,4
  14              	 .thumb
  15              	 .file "arm_lms_norm_q15.c"
  16              	 .section .text.arm_lms_norm_q15,"ax",%progbits
  17              	 .align 1
  18              	 .global arm_lms_norm_q15
  19              	 .thumb
  20              	 .thumb_func
  22              	arm_lms_norm_q15:
  23              	 
  24              	 
  25 0000 2DE9F04F 	 push {r4,r5,r6,r7,r8,r9,r10,fp,lr}
  26 0004 8FB0     	 sub sp,sp,#60
  27 0006 B0F800B0 	 ldrh fp,[r0]
  28 000a 0A93     	 str r3,[sp,#40]
  29 000c 8368     	 ldr r3,[r0,#8]
  30 000e 0393     	 str r3,[sp,#12]
  31 0010 8A46     	 mov r10,r1
  32 0012 8389     	 ldrh r3,[r0,#12]
  33 0014 4168     	 ldr r1,[r0,#4]
  34 0016 0B93     	 str r3,[sp,#44]
  35 0018 837B     	 ldrb r3,[r0,#14]
  36 001a 0992     	 str r2,[sp,#36]
  37 001c 01EB4B04 	 add r4,r1,fp,lsl#1
  38 0020 C3F10F02 	 rsb r2,r3,#15
  39 0024 043C     	 subs r4,r4,#4
  40 0026 0C92     	 str r2,[sp,#48]
  41 0028 0794     	 str r4,[sp,#28]
  42 002a 4FEA9B02 	 lsr r2,fp,#2
  43 002e 039C     	 ldr r4,[sp,#12]
  44 0030 B0F91470 	 ldrsh r7,[r0,#20]
  45 0034 D200     	 lsls r2,r2,#3
  46 0036 1133     	 adds r3,r3,#17
  47 0038 8E18     	 adds r6,r1,r2
  48 003a A218     	 adds r2,r4,r2
  49 003c 0D93     	 str r3,[sp,#52]
  50 003e 0892     	 str r2,[sp,#32]
  51 0040 C38A     	 ldrh r3,[r0,#22]
  52 0042 199A     	 ldr r2,[sp,#100]
  53 0044 0292     	 str r2,[sp,#8]
  54 0046 8E46     	 mov lr,r1
  55              	.L2:
  56 0048 029A     	 ldr r2,[sp,#8]
  57 004a 002A     	 cmp r2,#0
  58 004c 00F0F780 	 beq .L20
  59 0050 079C     	 ldr r4,[sp,#28]
  60 0052 BAF80020 	 ldrh r2,[r10]
  61 0056 24F8022F 	 strh r2,[r4,#2]!
  62 005a 3AF8022B 	 ldrh r2,[r10],#2
  63 005e 0794     	 str r4,[sp,#28]
  64 0060 13FB03F3 	 smulbb r3,r3,r3
  65 0064 A7EBE333 	 sub r3,r7,r3,asr#15
  66 0068 12FB02F2 	 smulbb r2,r2,r2
  67 006c 03EBE237 	 add r7,r3,r2,asr#15
  68 0070 039B     	 ldr r3,[sp,#12]
  69 0072 0696     	 str r6,[sp,#24]
  70 0074 03F10804 	 add r4,r3,#8
  71 0078 0022     	 movs r2,#0
  72 007a 0023     	 movs r3,#0
  73 007c CDE90023 	 strd r2,[sp]
  74 0080 A046     	 mov r8,r4
  75 0082 F446     	 mov ip,lr
  76              	.L3:
  77 0084 B445     	 cmp ip,r6
  78 0086 14D0     	 beq .L21
  79 0088 5CF8083B 	 ldr r3,[ip],#8
  80 008c DDF80090 	 ldr r9,[sp]
  81 0090 019D     	 ldr r5,[sp,#4]
  82 0092 58F8082C 	 ldr r2,[r8,#-8]
  83              	
  84 0096 C3FBC295 	 smlald r9,r5,r3,r2
  85              	
  86              	 .thumb
  87 009a 5CF8043C 	 ldr r3,[ip,#-4]
  88 009e 58F8042C 	 ldr r2,[r8,#-4]
  89              	
  90 00a2 C3FBC295 	 smlald r9,r5,r3,r2
  91              	
  92              	 .thumb
  93 00a6 CDF80090 	 str r9,[sp]
  94 00aa 0195     	 str r5,[sp,#4]
  95 00ac 08F10808 	 add r8,r8,#8
  96 00b0 E8E7     	 b .L3
  97              	.L21:
  98 00b2 0BF00305 	 and r5,fp,#3
  99 00b6 089B     	 ldr r3,[sp,#32]
 100 00b8 0593     	 str r3,[sp,#20]
 101 00ba 0496     	 str r6,[sp,#16]
 102 00bc AC46     	 mov ip,r5
 103              	.L5:
 104 00be BCF1000F 	 cmp ip,#0
 105 00c2 14D0     	 beq .L22
 106 00c4 049A     	 ldr r2,[sp,#16]
 107 00c6 32F8023B 	 ldrh r3,[r2],#2
 108 00ca 0492     	 str r2,[sp,#16]
 109 00cc 059A     	 ldr r2,[sp,#20]
 110 00ce 9946     	 mov r9,r3
 111 00d0 32F8023B 	 ldrh r3,[r2],#2
 112 00d4 0592     	 str r2,[sp,#20]
 113 00d6 9846     	 mov r8,r3
 114 00d8 4246     	 mov r2,r8
 115 00da 4B46     	 mov r3,r9
 116 00dc DDE90089 	 ldrd r8,[sp]
 117 00e0 C3FB8289 	 smlalbb r8,r9,r3,r2
 118 00e4 CDE90089 	 strd r8,[sp]
 119 00e8 0CF1FF3C 	 add ip,ip,#-1
 120 00ec E7E7     	 b .L5
 121              	.L22:
 122 00ee 0D9B     	 ldr r3,[sp,#52]
 123 00f0 019A     	 ldr r2,[sp,#4]
 124 00f2 02FA03FC 	 lsl ip,r2,r3
 125 00f6 0C9A     	 ldr r2,[sp,#48]
 126 00f8 009B     	 ldr r3,[sp]
 127 00fa D340     	 lsrs r3,r3,r2
 128 00fc 43EA0C02 	 orr r2,r3,ip
 129 0100 0A9B     	 ldr r3,[sp,#40]
 130              	
 131 0102 02F30F02 	 ssat r2,#16,r2
 132              	
 133              	 .thumb
 134 0106 23F8022B 	 strh r2,[r3],#2
 135 010a 0A93     	 str r3,[sp,#40]
 136 010c 099B     	 ldr r3,[sp,#36]
 137 010e 33F802CB 	 ldrh ip,[r3],#2
 138 0112 0993     	 str r3,[sp,#36]
 139 0114 C2EB0C03 	 rsb r3,r2,ip
 140 0118 189A     	 ldr r2,[sp,#96]
 141 011a D0F810C0 	 ldr ip,[r0,#16]
 142 011e 9BB2     	 uxth r3,r3
 143 0120 22F8023B 	 strh r3,[r2],#2
 144 0124 1892     	 str r2,[sp,#96]
 145 0126 7A1D     	 adds r2,r7,#5
 146 0128 12B2     	 sxth r2,r2
 147 012a 002A     	 cmp r2,#0
 148 012c D6BF     	 itet le
 149 012e C2F10008 	 rsble r8,r2,#0
 150 0132 B2FA82F8 	 clzgt r8,r2
 151 0136 B8FA88F8 	 clzle r8,r8
 152 013a A8F11108 	 sub r8,r8,#17
 153 013e 02FA08F2 	 lsl r2,r2,r8
 154 0142 92B2     	 uxth r2,r2
 155 0144 C2F30529 	 ubfx r9,r2,#8,#6
 156 0148 C8F10E08 	 rsb r8,r8,#14
 157 014c 3CF819C0 	 ldrh ip,[ip,r9,lsl#1]
 158 0150 12FB0CF9 	 smulbb r9,r2,ip
 159 0154 4FEAE939 	 asr r9,r9,#15
 160 0158 C9F5FF49 	 rsb r9,r9,#32640
 161 015c 09F17F09 	 add r9,r9,#127
 162 0160 0FFA8CFC 	 sxth ip,ip
 163 0164 0CFB09FC 	 mul ip,ip,r9
 164 0168 CCF38F3C 	 ubfx ip,ip,#14,#16
 165 016c 12FB0CF2 	 smulbb r2,r2,ip
 166 0170 D213     	 asrs r2,r2,#15
 167 0172 C2F5FF42 	 rsb r2,r2,#32640
 168 0176 7F32     	 adds r2,r2,#127
 169 0178 0FFA8CFC 	 sxth ip,ip
 170 017c 0CFB02FC 	 mul ip,ip,r2
 171 0180 BDF82C20 	 ldrh r2,[sp,#44]
 172 0184 13FB02F3 	 smulbb r3,r3,r2
 173 0188 CCF38F3C 	 ubfx ip,ip,#14,#16
 174 018c C3F3CF33 	 ubfx r3,r3,#15,#16
 175 0190 13FB0CF3 	 smulbb r3,r3,ip
 176 0194 43FA08F3 	 asr r3,r3,r8
 177 0198 7246     	 mov r2,lr
 178              	
 179 019a 03F30F03 	 ssat r3,#16,r3
 180              	
 181              	 .thumb
 182 019e 9BB2     	 uxth r3,r3
 183              	.L9:
 184 01a0 B242     	 cmp r2,r6
 185 01a2 04F10804 	 add r4,r4,#8
 186 01a6 31D0     	 beq .L23
 187 01a8 B2F80080 	 ldrh r8,[r2]
 188 01ac 34F910CC 	 ldrsh ip,[r4,#-16]
 189 01b0 13FB08F8 	 smulbb r8,r3,r8
 190 01b4 0CEBE83C 	 add ip,ip,r8,asr#15
 191              	
 192 01b8 0CF30F0C 	 ssat ip,#16,ip
 193              	
 194              	 .thumb
 195 01bc 24F810CC 	 strh ip,[r4,#-16]
 196 01c0 B2F80280 	 ldrh r8,[r2,#2]
 197 01c4 34F90ECC 	 ldrsh ip,[r4,#-14]
 198 01c8 13FB08F8 	 smulbb r8,r3,r8
 199 01cc 0CEBE83C 	 add ip,ip,r8,asr#15
 200              	
 201 01d0 0CF30F0C 	 ssat ip,#16,ip
 202              	
 203              	 .thumb
 204 01d4 24F80ECC 	 strh ip,[r4,#-14]
 205 01d8 B2F80480 	 ldrh r8,[r2,#4]
 206 01dc 34F90CCC 	 ldrsh ip,[r4,#-12]
 207 01e0 13FB08F8 	 smulbb r8,r3,r8
 208 01e4 0832     	 adds r2,r2,#8
 209 01e6 0CEBE83C 	 add ip,ip,r8,asr#15
 210              	
 211 01ea 0CF30F0C 	 ssat ip,#16,ip
 212              	
 213              	 .thumb
 214 01ee 24F80CCC 	 strh ip,[r4,#-12]
 215 01f2 32F8028C 	 ldrh r8,[r2,#-2]
 216 01f6 34F90ACC 	 ldrsh ip,[r4,#-10]
 217 01fa 13FB08F8 	 smulbb r8,r3,r8
 218 01fe 0CEBE83C 	 add ip,ip,r8,asr#15
 219              	
 220 0202 0CF30F0C 	 ssat ip,#16,ip
 221              	
 222              	 .thumb
 223 0206 24F80ACC 	 strh ip,[r4,#-10]
 224 020a C9E7     	 b .L9
 225              	.L23:
 226 020c 089C     	 ldr r4,[sp,#32]
 227              	.L11:
 228 020e 7DB1     	 cbz r5,.L24
 229 0210 069A     	 ldr r2,[sp,#24]
 230 0212 32F802CB 	 ldrh ip,[r2],#2
 231 0216 0692     	 str r2,[sp,#24]
 232 0218 B4F90020 	 ldrsh r2,[r4]
 233 021c 13FB0CFC 	 smulbb ip,r3,ip
 234 0220 02EBEC32 	 add r2,r2,ip,asr#15
 235 0224 013D     	 subs r5,r5,#1
 236              	
 237 0226 02F30F02 	 ssat r2,#16,r2
 238              	
 239              	 .thumb
 240 022a 24F8022B 	 strh r2,[r4],#2
 241 022e EEE7     	 b .L11
 242              	.L24:
 243 0230 029A     	 ldr r2,[sp,#8]
 244 0232 3EF8023B 	 ldrh r3,[lr],#2
 245 0236 013A     	 subs r2,r2,#1
 246 0238 0292     	 str r2,[sp,#8]
 247 023a 0236     	 adds r6,r6,#2
 248 023c 04E7     	 b .L2
 249              	.L20:
 250 023e 199A     	 ldr r2,[sp,#100]
 251 0240 C382     	 strh r3,[r0,#22]
 252 0242 01EB4201 	 add r1,r1,r2,lsl#1
 253 0246 0BF1FF33 	 add r3,fp,#-1
 254 024a 4268     	 ldr r2,[r0,#4]
 255 024c 8782     	 strh r7,[r0,#20]
 256 024e 9808     	 lsrs r0,r3,#2
 257 0250 02F10805 	 add r5,r2,#8
 258 0254 01F10804 	 add r4,r1,#8
 259 0258 0646     	 mov r6,r0
 260              	.L14:
 261 025a 0835     	 adds r5,r5,#8
 262 025c 0834     	 adds r4,r4,#8
 263 025e 4EB1     	 cbz r6,.L25
 264 0260 54F8107C 	 ldr r7,[r4,#-16]
 265 0264 45F8107C 	 str r7,[r5,#-16]
 266 0268 54F80C7C 	 ldr r7,[r4,#-12]
 267 026c 45F80C7C 	 str r7,[r5,#-12]
 268 0270 013E     	 subs r6,r6,#1
 269 0272 F2E7     	 b .L14
 270              	.L25:
 271 0274 C000     	 lsls r0,r0,#3
 272 0276 0144     	 add r1,r1,r0
 273 0278 03F00303 	 and r3,r3,#3
 274 027c 0238     	 subs r0,r0,#2
 275 027e 0244     	 add r2,r2,r0
 276 0280 01EB4303 	 add r3,r1,r3,lsl#1
 277              	.L16:
 278 0284 9942     	 cmp r1,r3
 279 0286 04D0     	 beq .L26
 280 0288 31F8020B 	 ldrh r0,[r1],#2
 281 028c 22F8020F 	 strh r0,[r2,#2]!
 282 0290 F8E7     	 b .L16
 283              	.L26:
 284 0292 0FB0     	 add sp,sp,#60
 285              	 
 286 0294 BDE8F08F 	 pop {r4,r5,r6,r7,r8,r9,r10,fp,pc}
 288              	 .ident "GCC: (GNU Tools for ARM Embedded Processors) 4.9.3 20141119 (release) [ARM/embedded-4_9-branch revision 218278]"
DEFINED SYMBOLS
                            *ABS*:00000000 arm_lms_norm_q15.c
    {standard input}:17     .text.arm_lms_norm_q15:00000000 $t
    {standard input}:22     .text.arm_lms_norm_q15:00000000 arm_lms_norm_q15

NO UNDEFINED SYMBOLS
