   1              	 .syntax unified
   2              	 .cpu cortex-m4
   3              	 .eabi_attribute 27,3
   4              	 .fpu fpv4-sp-d16
   5              	 .eabi_attribute 20,1
   6              	 .eabi_attribute 21,1
   7              	 .eabi_attribute 23,3
   8              	 .eabi_attribute 24,1
   9              	 .eabi_attribute 25,1
  10              	 .eabi_attribute 26,1
  11              	 .eabi_attribute 30,4
  12              	 .eabi_attribute 34,1
  13              	 .eabi_attribute 18,4
  14              	 .thumb
  15              	 .file "arm_lms_init_q31.c"
  16              	 .section .text.arm_lms_init_q31,"ax",%progbits
  17              	 .align 1
  18              	 .global arm_lms_init_q31
  19              	 .thumb
  20              	 .thumb_func
  22              	arm_lms_init_q31:
  23              	 
  24              	 
  25 0000 38B5     	 push {r3,r4,r5,lr}
  26 0002 8260     	 str r2,[r0,#8]
  27 0004 059A     	 ldr r2,[sp,#20]
  28 0006 0180     	 strh r1,[r0]
  29 0008 02F18042 	 add r2,r2,#1073741824
  30 000c 013A     	 subs r2,r2,#1
  31 000e 0A44     	 add r2,r2,r1
  32 0010 0446     	 mov r4,r0
  33 0012 0021     	 movs r1,#0
  34 0014 1846     	 mov r0,r3
  35 0016 9200     	 lsls r2,r2,#2
  36 0018 1D46     	 mov r5,r3
  37 001a FFF7FEFF 	 bl memset
  38 001e 049B     	 ldr r3,[sp,#16]
  39 0020 E360     	 str r3,[r4,#12]
  40 0022 069B     	 ldr r3,[sp,#24]
  41 0024 6560     	 str r5,[r4,#4]
  42 0026 2361     	 str r3,[r4,#16]
  43 0028 38BD     	 pop {r3,r4,r5,pc}
  45              	 .ident "GCC: (GNU Tools for ARM Embedded Processors) 4.9.3 20141119 (release) [ARM/embedded-4_9-branch revision 218278]"
DEFINED SYMBOLS
                            *ABS*:00000000 arm_lms_init_q31.c
    {standard input}:17     .text.arm_lms_init_q31:00000000 $t
    {standard input}:22     .text.arm_lms_init_q31:00000000 arm_lms_init_q31

UNDEFINED SYMBOLS
memset
