   1              	 .syntax unified
   2              	 .cpu cortex-m4
   3              	 .eabi_attribute 27,3
   4              	 .fpu fpv4-sp-d16
   5              	 .eabi_attribute 20,1
   6              	 .eabi_attribute 21,1
   7              	 .eabi_attribute 23,3
   8              	 .eabi_attribute 24,1
   9              	 .eabi_attribute 25,1
  10              	 .eabi_attribute 26,1
  11              	 .eabi_attribute 30,4
  12              	 .eabi_attribute 34,1
  13              	 .eabi_attribute 18,4
  14              	 .thumb
  15              	 .file "arm_fir_sparse_init_f32.c"
  16              	 .section .text.arm_fir_sparse_init_f32,"ax",%progbits
  17              	 .align 1
  18              	 .global arm_fir_sparse_init_f32
  19              	 .thumb
  20              	 .thumb_func
  22              	arm_fir_sparse_init_f32:
  23              	 
  24              	 
  25 0000 38B5     	 push {r3,r4,r5,lr}
  26 0002 8260     	 str r2,[r0,#8]
  27 0004 049A     	 ldr r2,[sp,#16]
  28 0006 0261     	 str r2,[r0,#16]
  29 0008 1D46     	 mov r5,r3
  30 000a 069A     	 ldr r2,[sp,#24]
  31 000c BDF81430 	 ldrh r3,[sp,#20]
  32 0010 0180     	 strh r1,[r0]
  33 0012 0446     	 mov r4,r0
  34 0014 0021     	 movs r1,#0
  35 0016 1A44     	 add r2,r2,r3
  36 0018 8381     	 strh r3,[r0,#12]
  37 001a 4180     	 strh r1,[r0,#2]
  38 001c 9200     	 lsls r2,r2,#2
  39 001e 2846     	 mov r0,r5
  40 0020 FFF7FEFF 	 bl memset
  41 0024 6560     	 str r5,[r4,#4]
  42 0026 38BD     	 pop {r3,r4,r5,pc}
  44              	 .ident "GCC: (GNU Tools for ARM Embedded Processors) 4.9.3 20141119 (release) [ARM/embedded-4_9-branch revision 218278]"
DEFINED SYMBOLS
                            *ABS*:00000000 arm_fir_sparse_init_f32.c
    {standard input}:17     .text.arm_fir_sparse_init_f32:00000000 $t
    {standard input}:22     .text.arm_fir_sparse_init_f32:00000000 arm_fir_sparse_init_f32

UNDEFINED SYMBOLS
memset
