   1              	 .syntax unified
   2              	 .cpu cortex-m4
   3              	 .eabi_attribute 27,3
   4              	 .fpu fpv4-sp-d16
   5              	 .eabi_attribute 20,1
   6              	 .eabi_attribute 21,1
   7              	 .eabi_attribute 23,3
   8              	 .eabi_attribute 24,1
   9              	 .eabi_attribute 25,1
  10              	 .eabi_attribute 26,1
  11              	 .eabi_attribute 30,4
  12              	 .eabi_attribute 34,1
  13              	 .eabi_attribute 18,4
  14              	 .thumb
  15              	 .file "arm_fir_init_q15.c"
  16              	 .section .text.arm_fir_init_q15,"ax",%progbits
  17              	 .align 1
  18              	 .global arm_fir_init_q15
  19              	 .thumb
  20              	 .thumb_func
  22              	arm_fir_init_q15:
  23              	 
  24              	 
  25 0000 70B5     	 push {r4,r5,r6,lr}
  26 0002 11F00104 	 ands r4,r1,#1
  27 0006 0546     	 mov r5,r0
  28 0008 1E46     	 mov r6,r3
  29 000a 0BD1     	 bne .L3
  30 000c 8260     	 str r2,[r0,#8]
  31 000e 049A     	 ldr r2,[sp,#16]
  32 0010 0180     	 strh r1,[r0]
  33 0012 0A44     	 add r2,r2,r1
  34 0014 1846     	 mov r0,r3
  35 0016 2146     	 mov r1,r4
  36 0018 5200     	 lsls r2,r2,#1
  37 001a FFF7FEFF 	 bl memset
  38 001e 6E60     	 str r6,[r5,#4]
  39 0020 2046     	 mov r0,r4
  40 0022 00E0     	 b .L2
  41              	.L3:
  42 0024 FF20     	 movs r0,#255
  43              	.L2:
  44 0026 40B2     	 sxtb r0,r0
  45 0028 70BD     	 pop {r4,r5,r6,pc}
  47              	 .ident "GCC: (GNU Tools for ARM Embedded Processors) 4.9.3 20141119 (release) [ARM/embedded-4_9-branch revision 218278]"
DEFINED SYMBOLS
                            *ABS*:00000000 arm_fir_init_q15.c
    {standard input}:17     .text.arm_fir_init_q15:00000000 $t
    {standard input}:22     .text.arm_fir_init_q15:00000000 arm_fir_init_q15

UNDEFINED SYMBOLS
memset
