   1              	 .syntax unified
   2              	 .cpu cortex-m4
   3              	 .eabi_attribute 27,3
   4              	 .fpu fpv4-sp-d16
   5              	 .eabi_attribute 20,1
   6              	 .eabi_attribute 21,1
   7              	 .eabi_attribute 23,3
   8              	 .eabi_attribute 24,1
   9              	 .eabi_attribute 25,1
  10              	 .eabi_attribute 26,1
  11              	 .eabi_attribute 30,4
  12              	 .eabi_attribute 34,1
  13              	 .eabi_attribute 18,4
  14              	 .thumb
  15              	 .file "arm_biquad_cascade_df1_q31.c"
  16              	 .global __aeabi_lasr
  17              	 .section .text.arm_biquad_cascade_df1_q31,"ax",%progbits
  18              	 .align 1
  19              	 .global arm_biquad_cascade_df1_q31
  20              	 .thumb
  21              	 .thumb_func
  23              	arm_biquad_cascade_df1_q31:
  24              	 
  25              	 
  26 0000 2DE9F04F 	 push {r4,r5,r6,r7,r8,r9,r10,fp,lr}
  27 0004 91B0     	 sub sp,sp,#68
  28 0006 4568     	 ldr r5,[r0,#4]
  29 0008 0A92     	 str r2,[sp,#40]
  30 000a 027B     	 ldrb r2,[r0,#12]
  31 000c 0991     	 str r1,[sp,#36]
  32 000e 511C     	 adds r1,r2,#1
  33 0010 C2F11F02 	 rsb r2,r2,#31
  34 0014 0192     	 str r2,[sp,#4]
  35 0016 0268     	 ldr r2,[r0]
  36 0018 0B92     	 str r2,[sp,#44]
  37 001a 9A08     	 lsrs r2,r3,#2
  38 001c 0C92     	 str r2,[sp,#48]
  39 001e 8268     	 ldr r2,[r0,#8]
  40 0020 0791     	 str r1,[sp,#28]
  41 0022 02F1140C 	 add ip,r2,#20
  42 0026 0C9A     	 ldr r2,[sp,#48]
  43 0028 1201     	 lsls r2,r2,#4
  44 002a 0D92     	 str r2,[sp,#52]
  45 002c 0D99     	 ldr r1,[sp,#52]
  46 002e 0A9A     	 ldr r2,[sp,#40]
  47 0030 03F00303 	 and r3,r3,#3
  48 0034 0A44     	 add r2,r2,r1
  49 0036 9B00     	 lsls r3,r3,#2
  50 0038 1035     	 adds r5,r5,#16
  51 003a 0F92     	 str r2,[sp,#60]
  52 003c 0E93     	 str r3,[sp,#56]
  53              	.L6:
  54 003e 5CF8143C 	 ldr r3,[ip,#-20]
  55 0042 0293     	 str r3,[sp,#8]
  56 0044 5CF8103C 	 ldr r3,[ip,#-16]
  57 0048 0393     	 str r3,[sp,#12]
  58 004a 5CF80C3C 	 ldr r3,[ip,#-12]
  59 004e 0493     	 str r3,[sp,#16]
  60 0050 5CF8083C 	 ldr r3,[ip,#-8]
  61 0054 0593     	 str r3,[sp,#20]
  62 0056 5CF8043C 	 ldr r3,[ip,#-4]
  63 005a 0693     	 str r3,[sp,#24]
  64 005c 55F8106C 	 ldr r6,[r5,#-16]
  65 0060 55F80CEC 	 ldr lr,[r5,#-12]
  66 0064 55F8084C 	 ldr r4,[r5,#-8]
  67 0068 55F8043C 	 ldr r3,[r5,#-4]
  68 006c DDF824B0 	 ldr fp,[sp,#36]
  69 0070 DDF828A0 	 ldr r10,[sp,#40]
  70 0074 0C9A     	 ldr r2,[sp,#48]
  71              	.L8:
  72 0076 0892     	 str r2,[sp,#32]
  73 0078 089A     	 ldr r2,[sp,#32]
  74 007a 0BF1100B 	 add fp,fp,#16
  75 007e 0AF1100A 	 add r10,r10,#16
  76 0082 002A     	 cmp r2,#0
  77 0084 68D0     	 beq .L10
  78 0086 039A     	 ldr r2,[sp,#12]
  79 0088 5BF8100C 	 ldr r0,[fp,#-16]
  80 008c 029F     	 ldr r7,[sp,#8]
  81 008e 82FB0689 	 smull r8,r9,r2,r6
  82 0092 029A     	 ldr r2,[sp,#8]
  83 0094 C0FB0289 	 smlal r8,r9,r0,r2
  84 0098 049A     	 ldr r2,[sp,#16]
  85 009a CEFB0289 	 smlal r8,r9,lr,r2
  86 009e 059A     	 ldr r2,[sp,#20]
  87 00a0 C4FB0289 	 smlal r8,r9,r4,r2
  88 00a4 069A     	 ldr r2,[sp,#24]
  89 00a6 C3FB0289 	 smlal r8,r9,r3,r2
  90 00aa 019A     	 ldr r2,[sp,#4]
  91 00ac 079B     	 ldr r3,[sp,#28]
  92 00ae 28FA02F8 	 lsr r8,r8,r2
  93 00b2 09FA03F3 	 lsl r3,r9,r3
  94 00b6 43EA0801 	 orr r1,r3,r8
  95 00ba 4AF8101C 	 str r1,[r10,#-16]
  96 00be 039B     	 ldr r3,[sp,#12]
  97 00c0 5BF80C8C 	 ldr r8,[fp,#-12]
  98 00c4 83FB0023 	 smull r2,r3,r3,r0
  99 00c8 C8FB0723 	 smlal r2,r3,r8,r7
 100 00cc 049F     	 ldr r7,[sp,#16]
 101 00ce C6FB0723 	 smlal r2,r3,r6,r7
 102 00d2 059E     	 ldr r6,[sp,#20]
 103 00d4 C1FB0623 	 smlal r2,r3,r1,r6
 104 00d8 069E     	 ldr r6,[sp,#24]
 105 00da C4FB0623 	 smlal r2,r3,r4,r6
 106 00de 079C     	 ldr r4,[sp,#28]
 107 00e0 A340     	 lsls r3,r3,r4
 108 00e2 019C     	 ldr r4,[sp,#4]
 109 00e4 E240     	 lsrs r2,r2,r4
 110 00e6 1A43     	 orrs r2,r2,r3
 111 00e8 039B     	 ldr r3,[sp,#12]
 112 00ea 4AF80C2C 	 str r2,[r10,#-12]
 113 00ee 5BF808EC 	 ldr lr,[fp,#-8]
 114 00f2 83FB0867 	 smull r6,r7,r3,r8
 115 00f6 029B     	 ldr r3,[sp,#8]
 116 00f8 CEFB0367 	 smlal r6,r7,lr,r3
 117 00fc 049B     	 ldr r3,[sp,#16]
 118 00fe C0FB0367 	 smlal r6,r7,r0,r3
 119 0102 059B     	 ldr r3,[sp,#20]
 120 0104 C2FB0367 	 smlal r6,r7,r2,r3
 121 0108 069B     	 ldr r3,[sp,#24]
 122 010a C1FB0367 	 smlal r6,r7,r1,r3
 123 010e 079B     	 ldr r3,[sp,#28]
 124 0110 E640     	 lsrs r6,r6,r4
 125 0112 07FA03F1 	 lsl r1,r7,r3
 126 0116 41EA0603 	 orr r3,r1,r6
 127 011a 4AF8083C 	 str r3,[r10,#-8]
 128 011e 0399     	 ldr r1,[sp,#12]
 129 0120 029C     	 ldr r4,[sp,#8]
 130 0122 5BF8046C 	 ldr r6,[fp,#-4]
 131 0126 81FB0E01 	 smull r0,r1,r1,lr
 132 012a C6FB0401 	 smlal r0,r1,r6,r4
 133 012e 049C     	 ldr r4,[sp,#16]
 134 0130 C8FB0401 	 smlal r0,r1,r8,r4
 135 0134 059C     	 ldr r4,[sp,#20]
 136 0136 C3FB0401 	 smlal r0,r1,r3,r4
 137 013a 069C     	 ldr r4,[sp,#24]
 138 013c C2FB0401 	 smlal r0,r1,r2,r4
 139 0140 079A     	 ldr r2,[sp,#28]
 140 0142 019C     	 ldr r4,[sp,#4]
 141 0144 01FA02F2 	 lsl r2,r1,r2
 142 0148 E040     	 lsrs r0,r0,r4
 143 014a 42EA0004 	 orr r4,r2,r0
 144 014e 089A     	 ldr r2,[sp,#32]
 145 0150 4AF8044C 	 str r4,[r10,#-4]
 146 0154 013A     	 subs r2,r2,#1
 147 0156 8EE7     	 b .L8
 148              	.L10:
 149 0158 099A     	 ldr r2,[sp,#36]
 150 015a 0D99     	 ldr r1,[sp,#52]
 151 015c DDF83C90 	 ldr r9,[sp,#60]
 152 0160 0A44     	 add r2,r2,r1
 153 0162 1746     	 mov r7,r2
 154 0164 0E9A     	 ldr r2,[sp,#56]
 155 0166 07EB020A 	 add r10,r7,r2
 156              	.L4:
 157 016a 5745     	 cmp r7,r10
 158 016c 1ED0     	 beq .L11
 159 016e 039A     	 ldr r2,[sp,#12]
 160 0170 57F8048B 	 ldr r8,[r7],#4
 161 0174 CDF820C0 	 str ip,[sp,#32]
 162 0178 82FB0601 	 smull r0,r1,r2,r6
 163 017c 029A     	 ldr r2,[sp,#8]
 164 017e C8FB0201 	 smlal r0,r1,r8,r2
 165 0182 049A     	 ldr r2,[sp,#16]
 166 0184 CEFB0201 	 smlal r0,r1,lr,r2
 167 0188 059A     	 ldr r2,[sp,#20]
 168 018a C4FB0201 	 smlal r0,r1,r4,r2
 169 018e 069A     	 ldr r2,[sp,#24]
 170 0190 C3FB0201 	 smlal r0,r1,r3,r2
 171 0194 019A     	 ldr r2,[sp,#4]
 172 0196 FFF7FEFF 	 bl __aeabi_lasr
 173 019a 2346     	 mov r3,r4
 174 019c B646     	 mov lr,r6
 175 019e 49F8040B 	 str r0,[r9],#4
 176 01a2 0446     	 mov r4,r0
 177 01a4 4646     	 mov r6,r8
 178 01a6 DDF820C0 	 ldr ip,[sp,#32]
 179 01aa DEE7     	 b .L4
 180              	.L11:
 181 01ac 45F8043C 	 str r3,[r5,#-4]
 182 01b0 0A9B     	 ldr r3,[sp,#40]
 183 01b2 0993     	 str r3,[sp,#36]
 184 01b4 0B9B     	 ldr r3,[sp,#44]
 185 01b6 45F8106C 	 str r6,[r5,#-16]
 186 01ba 013B     	 subs r3,r3,#1
 187 01bc 45F80CEC 	 str lr,[r5,#-12]
 188 01c0 45F8084C 	 str r4,[r5,#-8]
 189 01c4 0CF1140C 	 add ip,ip,#20
 190 01c8 05F11005 	 add r5,r5,#16
 191 01cc 0B93     	 str r3,[sp,#44]
 192 01ce 7FF436AF 	 bne .L6
 193 01d2 11B0     	 add sp,sp,#68
 194              	 
 195 01d4 BDE8F08F 	 pop {r4,r5,r6,r7,r8,r9,r10,fp,pc}
 197              	 .ident "GCC: (GNU Tools for ARM Embedded Processors) 4.9.3 20141119 (release) [ARM/embedded-4_9-branch revision 218278]"
DEFINED SYMBOLS
                            *ABS*:00000000 arm_biquad_cascade_df1_q31.c
    {standard input}:18     .text.arm_biquad_cascade_df1_q31:00000000 $t
    {standard input}:23     .text.arm_biquad_cascade_df1_q31:00000000 arm_biquad_cascade_df1_q31

UNDEFINED SYMBOLS
__aeabi_lasr
