   1              	 .syntax unified
   2              	 .cpu cortex-m4
   3              	 .eabi_attribute 27,3
   4              	 .fpu fpv4-sp-d16
   5              	 .eabi_attribute 20,1
   6              	 .eabi_attribute 21,1
   7              	 .eabi_attribute 23,3
   8              	 .eabi_attribute 24,1
   9              	 .eabi_attribute 25,1
  10              	 .eabi_attribute 26,1
  11              	 .eabi_attribute 30,4
  12              	 .eabi_attribute 34,1
  13              	 .eabi_attribute 18,4
  14              	 .thumb
  15              	 .file "xmc_usbd.c"
  16              	 .section .text.XMC_USBD_lReadFifo,"ax",%progbits
  17              	 .align 1
  18              	 .thumb
  19              	 .thumb_func
  21              	XMC_USBD_lReadFifo:
  22              	 
  23              	 
  24 0000 F0B5     	 push {r4,r5,r6,r7,lr}
  25 0002 1F4C     	 ldr r4,.L17
  26 0004 04EB8003 	 add r3,r4,r0,lsl#2
  27 0008 D4F8E051 	 ldr r5,[r4,#480]
  28 000c D3F8C431 	 ldr r3,[r3,#452]
  29 0010 1B68     	 ldr r3,[r3]
  30 0012 1B04     	 lsls r3,r3,#16
  31 0014 32D5     	 bpl .L1
  32 0016 3423     	 movs r3,#52
  33 0018 03FB0043 	 mla r3,r3,r0,r4
  34 001c 5B6A     	 ldr r3,[r3,#36]
  35 001e 6BB3     	 cbz r3,.L1
  36 0020 8E08     	 lsrs r6,r1,#2
  37 0022 0022     	 movs r2,#0
  38              	.L3:
  39 0024 B242     	 cmp r2,r6
  40 0026 08D0     	 beq .L16
  41 0028 3423     	 movs r3,#52
  42 002a 03FB0043 	 mla r3,r3,r0,r4
  43 002e 2F68     	 ldr r7,[r5]
  44 0030 5B6A     	 ldr r3,[r3,#36]
  45 0032 43F82270 	 str r7,[r3,r2,lsl#2]
  46 0036 0132     	 adds r2,r2,#1
  47 0038 F4E7     	 b .L3
  48              	.L16:
  49 003a 9300     	 lsls r3,r2,#2
  50 003c 9942     	 cmp r1,r3
  51 003e 09D1     	 bne .L5
  52              	.L8:
  53 0040 3423     	 movs r3,#52
  54 0042 03FB0044 	 mla r4,r3,r0,r4
  55 0046 E36A     	 ldr r3,[r4,#44]
  56 0048 0B44     	 add r3,r3,r1
  57 004a E362     	 str r3,[r4,#44]
  58 004c 636A     	 ldr r3,[r4,#36]
  59 004e 1944     	 add r1,r1,r3
  60 0050 6162     	 str r1,[r4,#36]
  61 0052 F0BD     	 pop {r4,r5,r6,r7,pc}
  62              	.L5:
  63 0054 D207     	 lsls r2,r2,#31
  64 0056 2F68     	 ldr r7,[r5]
  65 0058 D21A     	 subs r2,r2,r3
  66              	.L6:
  67 005a 8B42     	 cmp r3,r1
  68 005c F0D2     	 bcs .L8
  69 005e 3425     	 movs r5,#52
  70 0060 05FB0045 	 mla r5,r5,r0,r4
  71 0064 9E18     	 adds r6,r3,r2
  72 0066 F600     	 lsls r6,r6,#3
  73 0068 D5F824E0 	 ldr lr,[r5,#36]
  74 006c FF25     	 movs r5,#255
  75 006e B540     	 lsls r5,r5,r6
  76 0070 3D40     	 ands r5,r5,r7
  77 0072 F540     	 lsrs r5,r5,r6
  78 0074 0EF80350 	 strb r5,[lr,r3]
  79 0078 0133     	 adds r3,r3,#1
  80 007a EEE7     	 b .L6
  81              	.L1:
  82 007c F0BD     	 pop {r4,r5,r6,r7,pc}
  83              	.L18:
  84 007e 00BF     	 .align 2
  85              	.L17:
  86 0080 00000000 	 .word xmc_device
  88              	 .section .text.XMC_USBD_lFlushTXFifo,"ax",%progbits
  89              	 .align 1
  90              	 .thumb
  91              	 .thumb_func
  93              	XMC_USBD_lFlushTXFifo:
  94              	 
  95              	 
  96              	 
  97 0000 82B0     	 sub sp,sp,#8
  98 0002 0023     	 movs r3,#0
  99 0004 0193     	 str r3,[sp,#4]
 100 0006 019B     	 ldr r3,[sp,#4]
 101 0008 43F02003 	 orr r3,r3,#32
 102 000c 0193     	 str r3,[sp,#4]
 103 000e 019B     	 ldr r3,[sp,#4]
 104 0010 00F01F00 	 and r0,r0,#31
 105 0014 23F4F863 	 bic r3,r3,#1984
 106 0018 43EA8010 	 orr r0,r3,r0,lsl#6
 107 001c 064B     	 ldr r3,.L22
 108 001e 0190     	 str r0,[sp,#4]
 109 0020 D3F8A031 	 ldr r3,[r3,#416]
 110 0024 019A     	 ldr r2,[sp,#4]
 111 0026 1A61     	 str r2,[r3,#16]
 112              	.L20:
 113 0028 1A69     	 ldr r2,[r3,#16]
 114 002a 0192     	 str r2,[sp,#4]
 115 002c 019A     	 ldr r2,[sp,#4]
 116 002e 9206     	 lsls r2,r2,#26
 117 0030 FAD4     	 bmi .L20
 118 0032 02B0     	 add sp,sp,#8
 119              	 
 120 0034 7047     	 bx lr
 121              	.L23:
 122 0036 00BF     	 .align 2
 123              	.L22:
 124 0038 00000000 	 .word xmc_device
 126              	 .section .text.XMC_USBD_lFlushRXFifo,"ax",%progbits
 127              	 .align 1
 128              	 .thumb
 129              	 .thumb_func
 131              	XMC_USBD_lFlushRXFifo:
 132              	 
 133              	 
 134              	 
 135 0000 82B0     	 sub sp,sp,#8
 136 0002 0023     	 movs r3,#0
 137 0004 0193     	 str r3,[sp,#4]
 138 0006 019B     	 ldr r3,[sp,#4]
 139 0008 43F01003 	 orr r3,r3,#16
 140 000c 0193     	 str r3,[sp,#4]
 141 000e 064B     	 ldr r3,.L27
 142 0010 019A     	 ldr r2,[sp,#4]
 143 0012 D3F8A031 	 ldr r3,[r3,#416]
 144 0016 1A61     	 str r2,[r3,#16]
 145              	.L25:
 146 0018 1A69     	 ldr r2,[r3,#16]
 147 001a 0192     	 str r2,[sp,#4]
 148 001c 019A     	 ldr r2,[sp,#4]
 149 001e D206     	 lsls r2,r2,#27
 150 0020 FAD4     	 bmi .L25
 151 0022 02B0     	 add sp,sp,#8
 152              	 
 153 0024 7047     	 bx lr
 154              	.L28:
 155 0026 00BF     	 .align 2
 156              	.L27:
 157 0028 00000000 	 .word xmc_device
 159              	 .section .text.XMC_USBD_lStartReadXfer,"ax",%progbits
 160              	 .align 1
 161              	 .thumb
 162              	 .thumb_func
 164              	XMC_USBD_lStartReadXfer:
 165              	 
 166              	 
 167 0000 826A     	 ldr r2,[r0,#40]
 168 0002 8168     	 ldr r1,[r0,#8]
 169 0004 30B5     	 push {r4,r5,lr}
 170 0006 046B     	 ldr r4,[r0,#48]
 171 0008 C1F31201 	 ubfx r1,r1,#0,#19
 172 000c A51A     	 subs r5,r4,r2
 173 000e 8D42     	 cmp r5,r1
 174 0010 88BF     	 it hi
 175 0012 5218     	 addhi r2,r2,r1
 176 0014 0178     	 ldrb r1,[r0]
 177 0016 8CBF     	 ite hi
 178 0018 8262     	 strhi r2,[r0,#40]
 179 001a 8462     	 strls r4,[r0,#40]
 180 001c 0A07     	 lsls r2,r1,#28
 181 001e 4FF00003 	 mov r3,#0
 182 0022 07D1     	 bne .L32
 183 0024 0122     	 movs r2,#1
 184 0026 62F3D443 	 bfi r3,r2,#19,#2
 185 002a 43F0C043 	 orr r3,r3,#1610612736
 186 002e 64F30603 	 bfi r3,r4,#0,#7
 187 0032 14E0     	 b .L33
 188              	.L32:
 189 0034 826A     	 ldr r2,[r0,#40]
 190 0036 2AB9     	 cbnz r2,.L34
 191 0038 62F31203 	 bfi r3,r2,#0,#19
 192 003c 0122     	 movs r2,#1
 193 003e 62F3DC43 	 bfi r3,r2,#19,#10
 194 0042 0CE0     	 b .L33
 195              	.L34:
 196 0044 C46A     	 ldr r4,[r0,#44]
 197 0046 121B     	 subs r2,r2,r4
 198 0048 4468     	 ldr r4,[r0,#4]
 199 004a C4F3C625 	 ubfx r5,r4,#11,#7
 200 004e 5419     	 adds r4,r2,r5
 201 0050 013C     	 subs r4,r4,#1
 202 0052 B4FBF5F4 	 udiv r4,r4,r5
 203 0056 64F3DC43 	 bfi r3,r4,#19,#10
 204 005a 62F31203 	 bfi r3,r2,#0,#19
 205              	.L33:
 206 005e 0C4A     	 ldr r2,.L36
 207 0060 1268     	 ldr r2,[r2]
 208 0062 547B     	 ldrb r4,[r2,#13]
 209 0064 0B4A     	 ldr r2,.L36+4
 210 0066 3CB9     	 cbnz r4,.L35
 211 0068 01F00F04 	 and r4,r1,#15
 212 006c 02EB8404 	 add r4,r2,r4,lsl#2
 213 0070 406A     	 ldr r0,[r0,#36]
 214 0072 D4F8C441 	 ldr r4,[r4,#452]
 215 0076 6061     	 str r0,[r4,#20]
 216              	.L35:
 217 0078 01F00F01 	 and r1,r1,#15
 218 007c 02EB8101 	 add r1,r2,r1,lsl#2
 219 0080 D1F8C421 	 ldr r2,[r1,#452]
 220 0084 1361     	 str r3,[r2,#16]
 221 0086 1368     	 ldr r3,[r2]
 222 0088 43F00443 	 orr r3,r3,#-2080374784
 223 008c 1360     	 str r3,[r2]
 224 008e 30BD     	 pop {r4,r5,pc}
 225              	.L37:
 226              	 .align 2
 227              	.L36:
 228 0090 00000000 	 .word usbd_init
 229 0094 00000000 	 .word xmc_device
 231              	 .section .text.XMC_USBD_lStartWriteXfer,"ax",%progbits
 232              	 .align 1
 233              	 .thumb
 234              	 .thumb_func
 236              	XMC_USBD_lStartWriteXfer:
 237              	 
 238              	 
 239 0000 0178     	 ldrb r1,[r0]
 240 0002 D0F830C0 	 ldr ip,[r0,#48]
 241 0006 2DE9F041 	 push {r4,r5,r6,r7,r8,lr}
 242 000a 01F00F07 	 and r7,r1,#15
 243 000e 07F16A03 	 add r3,r7,#106
 244 0012 294C     	 ldr r4,.L46
 245 0014 8668     	 ldr r6,[r0,#8]
 246 0016 54F823E0 	 ldr lr,[r4,r3,lsl#2]
 247 001a 836A     	 ldr r3,[r0,#40]
 248 001c DEF80050 	 ldr r5,[lr]
 249 0020 C3EB0C08 	 rsb r8,r3,ip
 250 0024 C6F31206 	 ubfx r6,r6,#0,#19
 251 0028 B045     	 cmp r8,r6
 252 002a 2ABF     	 itet cs
 253 002c 9B19     	 addcs r3,r3,r6
 254 002e C0F828C0 	 strcc ip,[r0,#40]
 255 0032 8362     	 strcs r3,[r0,#40]
 256 0034 836A     	 ldr r3,[r0,#40]
 257 0036 0022     	 movs r2,#0
 258 0038 2BB9     	 cbnz r3,.L41
 259 003a 63F31202 	 bfi r2,r3,#0,#19
 260 003e 0123     	 movs r3,#1
 261 0040 63F3DC42 	 bfi r2,r3,#19,#10
 262 0044 2CE0     	 b .L42
 263              	.L41:
 264 0046 11F00F0F 	 tst r1,#15
 265 004a C66A     	 ldr r6,[r0,#44]
 266 004c 07D1     	 bne .L43
 267 004e 4FF0010C 	 mov ip,#1
 268 0052 6CF3DC42 	 bfi r2,ip,#19,#10
 269 0056 9B1B     	 subs r3,r3,r6
 270 0058 63F31202 	 bfi r2,r3,#0,#19
 271 005c 0FE0     	 b .L44
 272              	.L43:
 273 005e 9B1B     	 subs r3,r3,r6
 274 0060 4668     	 ldr r6,[r0,#4]
 275 0062 C6F3C626 	 ubfx r6,r6,#11,#7
 276 0066 06F1FF3C 	 add ip,r6,#-1
 277 006a 63F31202 	 bfi r2,r3,#0,#19
 278 006e 1FFA8CFC 	 uxth ip,ip
 279 0072 1CFA83F3 	 uxtah r3,ip,r3
 280 0076 93FBF6F3 	 sdiv r3,r3,r6
 281 007a 63F3DC42 	 bfi r2,r3,#19,#10
 282              	.L44:
 283 007e 0F4B     	 ldr r3,.L46+4
 284 0080 1B68     	 ldr r3,[r3]
 285 0082 5B7B     	 ldrb r3,[r3,#13]
 286 0084 1BB9     	 cbnz r3,.L45
 287 0086 436A     	 ldr r3,[r0,#36]
 288 0088 CEF81430 	 str r3,[lr,#20]
 289 008c 08E0     	 b .L42
 290              	.L45:
 291 008e 012B     	 cmp r3,#1
 292 0090 01BF     	 itttt eq
 293 0092 D4F8A461 	 ldreq r6,[r4,#420]
 294 0096 706B     	 ldreq r0,[r6,#52]
 295 0098 BB40     	 lsleq r3,r3,r7
 296 009a 0343     	 orreq r3,r3,r0
 297 009c 08BF     	 it eq
 298 009e 7363     	 streq r3,[r6,#52]
 299              	.L42:
 300 00a0 01F00F01 	 and r1,r1,#15
 301 00a4 6A31     	 adds r1,r1,#106
 302 00a6 45F00445 	 orr r5,r5,#-2080374784
 303 00aa 54F82130 	 ldr r3,[r4,r1,lsl#2]
 304 00ae 1A61     	 str r2,[r3,#16]
 305 00b0 1D60     	 str r5,[r3]
 306 00b2 BDE8F081 	 pop {r4,r5,r6,r7,r8,pc}
 307              	.L47:
 308 00b6 00BF     	 .align 2
 309              	.L46:
 310 00b8 00000000 	 .word xmc_device
 311 00bc 00000000 	 .word usbd_init
 313              	 .section .text.XMC_USBD_GetCapabilities,"ax",%progbits
 314              	 .align 1
 315              	 .global XMC_USBD_GetCapabilities
 316              	 .thumb
 317              	 .thumb_func
 319              	XMC_USBD_GetCapabilities:
 320              	 
 321              	 
 322              	 
 323 0000 40F2DF10 	 movw r0,#479
 324 0004 7047     	 bx lr
 326              	 .section .text.XMC_USBD_DeviceConnect,"ax",%progbits
 327              	 .align 1
 328              	 .global XMC_USBD_DeviceConnect
 329              	 .thumb
 330              	 .thumb_func
 332              	XMC_USBD_DeviceConnect:
 333              	 
 334              	 
 335              	 
 336 0000 044B     	 ldr r3,.L50
 337 0002 D3F8A421 	 ldr r2,[r3,#420]
 338 0006 5368     	 ldr r3,[r2,#4]
 339 0008 6FF34103 	 bfc r3,#1,#1
 340 000c 5360     	 str r3,[r2,#4]
 341 000e 0020     	 movs r0,#0
 342 0010 7047     	 bx lr
 343              	.L51:
 344 0012 00BF     	 .align 2
 345              	.L50:
 346 0014 00000000 	 .word xmc_device
 348              	 .section .text.XMC_USBD_DeviceDisconnect,"ax",%progbits
 349              	 .align 1
 350              	 .global XMC_USBD_DeviceDisconnect
 351              	 .thumb
 352              	 .thumb_func
 354              	XMC_USBD_DeviceDisconnect:
 355              	 
 356              	 
 357              	 
 358 0000 044B     	 ldr r3,.L53
 359 0002 D3F8A421 	 ldr r2,[r3,#420]
 360 0006 5368     	 ldr r3,[r2,#4]
 361 0008 43F00203 	 orr r3,r3,#2
 362 000c 5360     	 str r3,[r2,#4]
 363 000e 0020     	 movs r0,#0
 364 0010 7047     	 bx lr
 365              	.L54:
 366 0012 00BF     	 .align 2
 367              	.L53:
 368 0014 00000000 	 .word xmc_device
 370              	 .section .text.XMC_USBD_EndpointReadStart,"ax",%progbits
 371              	 .align 1
 372              	 .global XMC_USBD_EndpointReadStart
 373              	 .thumb
 374              	 .thumb_func
 376              	XMC_USBD_EndpointReadStart:
 377              	 
 378              	 
 379 0000 10B5     	 push {r4,lr}
 380 0002 0E4A     	 ldr r2,.L59
 381 0004 00F00F03 	 and r3,r0,#15
 382 0008 3420     	 movs r0,#52
 383 000a 00FB0320 	 mla r0,r0,r3,r2
 384 000e 4468     	 ldr r4,[r0,#4]
 385 0010 C4F30014 	 ubfx r4,r4,#4,#1
 386 0014 84B9     	 cbnz r4,.L58
 387 0016 0379     	 ldrb r3,[r0,#4]
 388 0018 5B07     	 lsls r3,r3,#29
 389 001a 0DD5     	 bpl .L58
 390 001c 4369     	 ldr r3,[r0,#20]
 391 001e 9942     	 cmp r1,r3
 392 0020 94BF     	 ite ls
 393 0022 0163     	 strls r1,[r0,#48]
 394 0024 0363     	 strhi r3,[r0,#48]
 395 0026 C368     	 ldr r3,[r0,#12]
 396 0028 C462     	 str r4,[r0,#44]
 397 002a 8462     	 str r4,[r0,#40]
 398 002c 4362     	 str r3,[r0,#36]
 399 002e 0461     	 str r4,[r0,#16]
 400 0030 FFF7FEFF 	 bl XMC_USBD_lStartReadXfer
 401 0034 2046     	 mov r0,r4
 402 0036 10BD     	 pop {r4,pc}
 403              	.L58:
 404 0038 0120     	 movs r0,#1
 405 003a 10BD     	 pop {r4,pc}
 406              	.L60:
 407              	 .align 2
 408              	.L59:
 409 003c 00000000 	 .word xmc_device
 411              	 .section .text.XMC_USBD_DeviceSetAddress,"ax",%progbits
 412              	 .align 1
 413              	 .global XMC_USBD_DeviceSetAddress
 414              	 .thumb
 415              	 .thumb_func
 417              	XMC_USBD_DeviceSetAddress:
 418              	 
 419              	 
 420              	 
 421 0000 044B     	 ldr r3,.L63
 422 0002 D3F8A431 	 ldr r3,[r3,#420]
 423 0006 1A68     	 ldr r2,[r3]
 424 0008 11B9     	 cbnz r1,.L62
 425 000a 60F30A12 	 bfi r2,r0,#4,#7
 426 000e 1A60     	 str r2,[r3]
 427              	.L62:
 428 0010 0020     	 movs r0,#0
 429 0012 7047     	 bx lr
 430              	.L64:
 431              	 .align 2
 432              	.L63:
 433 0014 00000000 	 .word xmc_device
 435              	 .section .text.XMC_USBD_EndpointStall,"ax",%progbits
 436              	 .align 1
 437              	 .global XMC_USBD_EndpointStall
 438              	 .thumb
 439              	 .thumb_func
 441              	XMC_USBD_EndpointStall:
 442              	 
 443              	 
 444 0000 10B5     	 push {r4,lr}
 445 0002 1D4A     	 ldr r2,.L75
 446 0004 00F00F04 	 and r4,r0,#15
 447 0008 40B2     	 sxtb r0,r0
 448 000a C1B1     	 cbz r1,.L66
 449 000c 3423     	 movs r3,#52
 450 000e 6343     	 muls r3,r4,r3
 451 0010 0028     	 cmp r0,#0
 452 0012 D35C     	 ldrb r3,[r2,r3]
 453 0014 03F00F03 	 and r3,r3,#15
 454 0018 ABBF     	 itete ge
 455 001a 02EB8303 	 addge r3,r2,r3,lsl#2
 456 001e 6A33     	 addlt r3,r3,#106
 457 0020 D3F8C411 	 ldrge r1,[r3,#452]
 458 0024 52F82310 	 ldrlt r1,[r2,r3,lsl#2]
 459 0028 0B68     	 ldr r3,[r1]
 460 002a 43F40013 	 orr r3,r3,#2097152
 461 002e 0B60     	 str r3,[r1]
 462 0030 3423     	 movs r3,#52
 463 0032 03FB0422 	 mla r2,r3,r4,r2
 464 0036 1379     	 ldrb r3,[r2,#4]
 465 0038 43F02003 	 orr r3,r3,#32
 466 003c 19E0     	 b .L74
 467              	.L66:
 468 003e 3423     	 movs r3,#52
 469 0040 6343     	 muls r3,r4,r3
 470 0042 0028     	 cmp r0,#0
 471 0044 D35C     	 ldrb r3,[r2,r3]
 472 0046 03F00F03 	 and r3,r3,#15
 473 004a ABBF     	 itete ge
 474 004c 02EB8303 	 addge r3,r2,r3,lsl#2
 475 0050 6A33     	 addlt r3,r3,#106
 476 0052 D3F8C401 	 ldrge r0,[r3,#452]
 477 0056 52F82300 	 ldrlt r0,[r2,r3,lsl#2]
 478 005a 0368     	 ldr r3,[r0]
 479 005c 61F35553 	 bfi r3,r1,#21,#1
 480 0060 43F08053 	 orr r3,r3,#268435456
 481 0064 0360     	 str r3,[r0]
 482 0066 3423     	 movs r3,#52
 483 0068 03FB0422 	 mla r2,r3,r4,r2
 484 006c 1379     	 ldrb r3,[r2,#4]
 485 006e 6FF34513 	 bfc r3,#5,#1
 486              	.L74:
 487 0072 1371     	 strb r3,[r2,#4]
 488 0074 0020     	 movs r0,#0
 489 0076 10BD     	 pop {r4,pc}
 490              	.L76:
 491              	 .align 2
 492              	.L75:
 493 0078 00000000 	 .word xmc_device
 495              	 .section .text.XMC_USBD_EndpointAbort,"ax",%progbits
 496              	 .align 1
 497              	 .global XMC_USBD_EndpointAbort
 498              	 .thumb
 499              	 .thumb_func
 501              	XMC_USBD_EndpointAbort:
 502              	 
 503              	 
 504              	 
 505 0000 00F00F02 	 and r2,r0,#15
 506 0004 3421     	 movs r1,#52
 507 0006 114B     	 ldr r3,.L83
 508 0008 5143     	 muls r1,r2,r1
 509 000a 5818     	 adds r0,r3,r1
 510 000c 595C     	 ldrb r1,[r3,r1]
 511 000e 0906     	 lsls r1,r1,#24
 512 0010 42BF     	 ittt mi
 513 0012 4168     	 ldrmi r1,[r0,#4]
 514 0014 21F00801 	 bicmi r1,r1,#8
 515 0018 4160     	 strmi r1,[r0,#4]
 516 001a 3421     	 movs r1,#52
 517 001c 5143     	 muls r1,r2,r1
 518 001e 5818     	 adds r0,r3,r1
 519 0020 595C     	 ldrb r1,[r3,r1]
 520 0022 0906     	 lsls r1,r1,#24
 521 0024 5EBF     	 ittt pl
 522 0026 4168     	 ldrpl r1,[r0,#4]
 523 0028 21F01001 	 bicpl r1,r1,#16
 524 002c 4160     	 strpl r1,[r0,#4]
 525 002e 3420     	 movs r0,#52
 526 0030 00FB0233 	 mla r3,r0,r2,r3
 527 0034 0020     	 movs r0,#0
 528 0036 1A79     	 ldrb r2,[r3,#4]
 529 0038 1861     	 str r0,[r3,#16]
 530 003a 6FF34512 	 bfc r2,#5,#1
 531 003e 1A71     	 strb r2,[r3,#4]
 532 0040 9861     	 str r0,[r3,#24]
 533 0042 9862     	 str r0,[r3,#40]
 534 0044 D862     	 str r0,[r3,#44]
 535 0046 1863     	 str r0,[r3,#48]
 536 0048 7047     	 bx lr
 537              	.L84:
 538 004a 00BF     	 .align 2
 539              	.L83:
 540 004c 00000000 	 .word xmc_device
 542              	 .section .text.XMC_USBD_EndpointUnconfigure,"ax",%progbits
 543              	 .align 1
 544              	 .global XMC_USBD_EndpointUnconfigure
 545              	 .thumb
 546              	 .thumb_func
 548              	XMC_USBD_EndpointUnconfigure:
 549              	 
 550              	 
 551 0000 2DE9F041 	 push {r4,r5,r6,r7,r8,lr}
 552 0004 384B     	 ldr r3,.L102
 553 0006 00F00F04 	 and r4,r0,#15
 554 000a 3422     	 movs r2,#52
 555 000c 6243     	 muls r2,r4,r2
 556 000e 03EB020E 	 add lr,r3,r2
 557 0012 D3F8A461 	 ldr r6,[r3,#420]
 558 0016 9EF80410 	 ldrb r1,[lr,#4]
 559 001a 9A5C     	 ldrb r2,[r3,r2]
 560 001c F569     	 ldr r5,[r6,#28]
 561 001e 11F0040F 	 tst r1,#4
 562 0022 4FF00007 	 mov r7,#0
 563 0026 02F00F0C 	 and ip,r2,#15
 564 002a 4FF00100 	 mov r0,#1
 565 002e 58D0     	 beq .L86
 566 0030 01F0FB01 	 and r1,r1,#251
 567 0034 6FF34511 	 bfc r1,#5,#1
 568 0038 8EF80410 	 strb r1,[lr,#4]
 569 003c DEF80410 	 ldr r1,[lr,#4]
 570 0040 21F01001 	 bic r1,r1,#16
 571 0044 CEF80410 	 str r1,[lr,#4]
 572 0048 DEF80410 	 ldr r1,[lr,#4]
 573 004c 67F3CF37 	 bfi r7,r7,#15,#1
 574 0050 21F00801 	 bic r1,r1,#8
 575 0054 00FA0CF0 	 lsl r0,r0,ip
 576 0058 47F09047 	 orr r7,r7,#1207959552
 577 005c 22F07F02 	 bic r2,r2,#127
 578 0060 CEF80410 	 str r1,[lr,#4]
 579 0064 6FF35557 	 bfc r7,#21,#1
 580 0068 02F0FF08 	 and r8,r2,#255
 581 006c C143     	 mvns r1,r0
 582 006e AAB9     	 cbnz r2,.L87
 583 0070 9EF80420 	 ldrb r2,[lr,#4]
 584 0074 9007     	 lsls r0,r2,#30
 585 0076 11D0     	 beq .L87
 586              	.L90:
 587 0078 03EB8C0C 	 add ip,r3,ip,lsl#2
 588 007c DCF8C421 	 ldr r2,[ip,#452]
 589 0080 1760     	 str r7,[r2]
 590 0082 01EA1542 	 and r2,r1,r5,lsr#16
 591 0086 62F31F45 	 bfi r5,r2,#16,#16
 592 008a 184A     	 ldr r2,.L102+4
 593 008c 1268     	 ldr r2,[r2]
 594 008e 527B     	 ldrb r2,[r2,#13]
 595 0090 012A     	 cmp r2,#1
 596 0092 16D1     	 bne .L91
 597 0094 726B     	 ldr r2,[r6,#52]
 598 0096 0A40     	 ands r2,r2,r1
 599 0098 7263     	 str r2,[r6,#52]
 600 009a 12E0     	 b .L91
 601              	.L87:
 602 009c 0CF16A02 	 add r2,ip,#106
 603 00a0 53F82220 	 ldr r2,[r3,r2,lsl#2]
 604 00a4 1760     	 str r7,[r2]
 605 00a6 01EA0502 	 and r2,r1,r5
 606 00aa 62F30F05 	 bfi r5,r2,#0,#16
 607 00ae B8F1000F 	 cmp r8,#0
 608 00b2 E1D0     	 beq .L90
 609 00b4 0C48     	 ldr r0,.L102
 610 00b6 3422     	 movs r2,#52
 611 00b8 02FB0402 	 mla r2,r2,r4,r0
 612 00bc 1279     	 ldrb r2,[r2,#4]
 613 00be 9207     	 lsls r2,r2,#30
 614 00c0 DAD0     	 beq .L90
 615              	.L91:
 616 00c2 3420     	 movs r0,#52
 617 00c4 00FB0430 	 mla r0,r0,r4,r3
 618 00c8 F561     	 str r5,[r6,#28]
 619 00ca 8188     	 ldrh r1,[r0,#4]
 620 00cc 0122     	 movs r2,#1
 621 00ce C1F38311 	 ubfx r1,r1,#6,#4
 622 00d2 8A40     	 lsls r2,r2,r1
 623 00d4 B3F8FC11 	 ldrh r1,[r3,#508]
 624 00d8 21EA0202 	 bic r2,r1,r2
 625 00dc A3F8FC21 	 strh r2,[r3,#508]
 626 00e0 0020     	 movs r0,#0
 627              	.L86:
 628 00e2 BDE8F081 	 pop {r4,r5,r6,r7,r8,pc}
 629              	.L103:
 630 00e6 00BF     	 .align 2
 631              	.L102:
 632 00e8 00000000 	 .word xmc_device
 633 00ec 00000000 	 .word usbd_init
 635              	 .section .text.XMC_USBD_GetFrameNumber,"ax",%progbits
 636              	 .align 1
 637              	 .global XMC_USBD_GetFrameNumber
 638              	 .thumb
 639              	 .thumb_func
 641              	XMC_USBD_GetFrameNumber:
 642              	 
 643              	 
 644              	 
 645 0000 034B     	 ldr r3,.L105
 646 0002 D3F8A431 	 ldr r3,[r3,#420]
 647 0006 9868     	 ldr r0,[r3,#8]
 648 0008 C0F30D20 	 ubfx r0,r0,#8,#14
 649 000c 7047     	 bx lr
 650              	.L106:
 651 000e 00BF     	 .align 2
 652              	.L105:
 653 0010 00000000 	 .word xmc_device
 655              	 .section .text.XMC_USBD_IsEnumDone,"ax",%progbits
 656              	 .align 1
 657              	 .global XMC_USBD_IsEnumDone
 658              	 .thumb
 659              	 .thumb_func
 661              	XMC_USBD_IsEnumDone:
 662              	 
 663              	 
 664              	 
 665 0000 044B     	 ldr r3,.L108
 666 0002 93F8FE01 	 ldrb r0,[r3,#510]
 667 0006 00F00500 	 and r0,r0,#5
 668 000a 431F     	 subs r3,r0,#5
 669 000c 5842     	 rsbs r0,r3,#0
 670 000e 5841     	 adcs r0,r0,r3
 671 0010 7047     	 bx lr
 672              	.L109:
 673 0012 00BF     	 .align 2
 674              	.L108:
 675 0014 00000000 	 .word xmc_device
 677              	 .section .text.XMC_USBD_Uninitialize,"ax",%progbits
 678              	 .align 1
 679              	 .global XMC_USBD_Uninitialize
 680              	 .thumb
 681              	 .thumb_func
 683              	XMC_USBD_Uninitialize:
 684              	 
 685              	 
 686 0000 0748     	 ldr r0,.L111
 687 0002 D0F8A421 	 ldr r2,[r0,#420]
 688 0006 08B5     	 push {r3,lr}
 689 0008 5368     	 ldr r3,[r2,#4]
 690 000a 43F00203 	 orr r3,r3,#2
 691 000e 5360     	 str r3,[r2,#4]
 692 0010 0021     	 movs r1,#0
 693 0012 4FF40272 	 mov r2,#520
 694 0016 FFF7FEFF 	 bl memset
 695 001a 0020     	 movs r0,#0
 696 001c 08BD     	 pop {r3,pc}
 697              	.L112:
 698 001e 00BF     	 .align 2
 699              	.L111:
 700 0020 00000000 	 .word xmc_device
 702              	 .section .text.XMC_USBD_EndpointConfigure,"ax",%progbits
 703              	 .align 1
 704              	 .global XMC_USBD_EndpointConfigure
 705              	 .thumb
 706              	 .thumb_func
 708              	XMC_USBD_EndpointConfigure:
 709              	 
 710              	 
 711 0000 2DE9F84F 	 push {r3,r4,r5,r6,r7,r8,r9,r10,fp,lr}
 712 0004 DFF8B491 	 ldr r9,.L147+8
 713 0008 1546     	 mov r5,r2
 714 000a 00F00F08 	 and r8,r0,#15
 715 000e 3422     	 movs r2,#52
 716 0010 02FB08FB 	 mul fp,r2,r8
 717 0014 0BEB0904 	 add r4,fp,r9
 718 0018 D9F8A431 	 ldr r3,[r9,#420]
 719 001c 8246     	 mov r10,r0
 720 001e 0E46     	 mov r6,r1
 721 0020 2046     	 mov r0,r4
 722 0022 0021     	 movs r1,#0
 723 0024 DF69     	 ldr r7,[r3,#28]
 724 0026 FFF7FEFF 	 bl memset
 725 002a 2379     	 ldrb r3,[r4,#4]
 726 002c 0BF809A0 	 strb r10,[fp,r9]
 727 0030 43F00403 	 orr r3,r3,#4
 728 0034 2371     	 strb r3,[r4,#4]
 729 0036 6368     	 ldr r3,[r4,#4]
 730 0038 2046     	 mov r0,r4
 731 003a 65F3D123 	 bfi r3,r5,#11,#7
 732 003e 40F8043F 	 str r3,[r0,#4]!
 733 0042 4B46     	 mov r3,r9
 734 0044 4268     	 ldr r2,[r0,#4]
 735 0046 BAF1000F 	 cmp r10,#0
 736 004a 02D0     	 beq .L114
 737 004c 4FF6C071 	 movw r1,#65472
 738 0050 00E0     	 b .L144
 739              	.L114:
 740 0052 4021     	 movs r1,#64
 741              	.L144:
 742 0054 61F31202 	 bfi r2,r1,#0,#19
 743 0058 4260     	 str r2,[r0,#4]
 744 005a 3422     	 movs r2,#52
 745 005c 02FB08F2 	 mul r2,r2,r8
 746 0060 DFF85CE1 	 ldr lr,.L147+12
 747 0064 995C     	 ldrb r1,[r3,r2]
 748 0066 01F00F01 	 and r1,r1,#15
 749 006a 0802     	 lsls r0,r1,#8
 750 006c 9C18     	 adds r4,r3,r2
 751 006e 0EEB000C 	 add ip,lr,r0
 752 0072 0EF5E06E 	 add lr,lr,#1792
 753 0076 7044     	 add r0,r0,lr
 754 0078 E060     	 str r0,[r4,#12]
 755 007a 4E48     	 ldr r0,.L147
 756 007c C4F81CC0 	 str ip,[r4,#28]
 757 0080 50F82100 	 ldr r0,[r0,r1,lsl#2]
 758 0084 2062     	 str r0,[r4,#32]
 759 0086 4C48     	 ldr r0,.L147+4
 760 0088 50F82100 	 ldr r0,[r0,r1,lsl#2]
 761 008c 6061     	 str r0,[r4,#20]
 762 008e 9A5C     	 ldrb r2,[r3,r2]
 763 0090 1006     	 lsls r0,r2,#24
 764 0092 01D4     	 bmi .L116
 765 0094 002E     	 cmp r6,#0
 766 0096 54D1     	 bne .L117
 767              	.L116:
 768 0098 01F16A02 	 add r2,r1,#106
 769 009c 53F822C0 	 ldr ip,[r3,r2,lsl#2]
 770 00a0 DCF80020 	 ldr r2,[ip]
 771 00a4 42F40042 	 orr r2,r2,#32768
 772 00a8 66F39342 	 bfi r2,r6,#18,#2
 773 00ac 9EB9     	 cbnz r6,.L118
 774 00ae 102D     	 cmp r5,#16
 775 00b0 0DD0     	 beq .L120
 776 00b2 03D8     	 bhi .L121
 777 00b4 082D     	 cmp r5,#8
 778 00b6 10D1     	 bne .L119
 779 00b8 0320     	 movs r0,#3
 780 00ba 09E0     	 b .L145
 781              	.L121:
 782 00bc 202D     	 cmp r5,#32
 783 00be 04D0     	 beq .L123
 784 00c0 402D     	 cmp r5,#64
 785 00c2 0AD1     	 bne .L119
 786 00c4 66F30A02 	 bfi r2,r6,#0,#11
 787 00c8 07E0     	 b .L119
 788              	.L123:
 789 00ca 0120     	 movs r0,#1
 790 00cc 00E0     	 b .L145
 791              	.L120:
 792 00ce 0220     	 movs r0,#2
 793              	.L145:
 794 00d0 60F30A02 	 bfi r2,r0,#0,#11
 795 00d4 01E0     	 b .L119
 796              	.L118:
 797 00d6 65F30A02 	 bfi r2,r5,#0,#11
 798              	.L119:
 799 00da 42F08052 	 orr r2,r2,#268435456
 800 00de B3F8FCE1 	 ldrh lr,[r3,#508]
 801 00e2 6FF35552 	 bfc r2,#21,#1
 802 00e6 4FF00009 	 mov r9,#0
 803 00ea 0120     	 movs r0,#1
 804              	.L125:
 805 00ec 10EA0E0F 	 tst r0,lr
 806 00f0 5FFA89F4 	 uxtb r4,r9
 807 00f4 07D0     	 beq .L126
 808 00f6 09F10109 	 add r9,r9,#1
 809 00fa 4000     	 lsls r0,r0,#1
 810 00fc B9F1070F 	 cmp r9,#7
 811 0100 80B2     	 uxth r0,r0
 812 0102 F3D1     	 bne .L125
 813 0104 4C46     	 mov r4,r9
 814              	.L126:
 815 0106 10EA0E0F 	 tst r0,lr
 816 010a 04BF     	 itt eq
 817 010c 40EA0E00 	 orreq r0,r0,lr
 818 0110 A3F8FC01 	 strheq r0,[r3,#508]
 819 0114 4FF03400 	 mov r0,#52
 820 0118 00FB0830 	 mla r0,r0,r8,r3
 821 011c 18BF     	 it ne
 822 011e 0024     	 movne r4,#0
 823 0120 B0F804E0 	 ldrh lr,[r0,#4]
 824 0124 04F00F04 	 and r4,r4,#15
 825 0128 64F39952 	 bfi r2,r4,#22,#4
 826 012c 64F3891E 	 bfi lr,r4,#6,#4
 827 0130 A0F804E0 	 strh lr,[r0,#4]
 828 0134 CCF80020 	 str r2,[ip]
 829 0138 0122     	 movs r2,#1
 830 013a 8A40     	 lsls r2,r2,r1
 831 013c 3A43     	 orrs r2,r2,r7
 832 013e 62F30F07 	 bfi r7,r2,#0,#16
 833              	.L117:
 834 0142 3422     	 movs r2,#52
 835 0144 02FB08F8 	 mul r8,r2,r8
 836 0148 13F80820 	 ldrb r2,[r3,r8]
 837 014c 1206     	 lsls r2,r2,#24
 838 014e 00D5     	 bpl .L129
 839 0150 56BB     	 cbnz r6,.L130
 840              	.L129:
 841 0152 03EB8102 	 add r2,r3,r1,lsl#2
 842 0156 D2F8C401 	 ldr r0,[r2,#452]
 843 015a 0268     	 ldr r2,[r0]
 844 015c 42F40042 	 orr r2,r2,#32768
 845 0160 66F39342 	 bfi r2,r6,#18,#2
 846 0164 9EB9     	 cbnz r6,.L131
 847 0166 102D     	 cmp r5,#16
 848 0168 0DD0     	 beq .L133
 849 016a 03D8     	 bhi .L134
 850 016c 082D     	 cmp r5,#8
 851 016e 10D1     	 bne .L132
 852 0170 0324     	 movs r4,#3
 853 0172 09E0     	 b .L146
 854              	.L134:
 855 0174 202D     	 cmp r5,#32
 856 0176 04D0     	 beq .L136
 857 0178 402D     	 cmp r5,#64
 858 017a 0AD1     	 bne .L132
 859 017c 66F30A02 	 bfi r2,r6,#0,#11
 860 0180 07E0     	 b .L132
 861              	.L136:
 862 0182 0124     	 movs r4,#1
 863 0184 00E0     	 b .L146
 864              	.L133:
 865 0186 0224     	 movs r4,#2
 866              	.L146:
 867 0188 64F30A02 	 bfi r2,r4,#0,#11
 868 018c 01E0     	 b .L132
 869              	.L131:
 870 018e 65F30A02 	 bfi r2,r5,#0,#11
 871              	.L132:
 872 0192 42F08052 	 orr r2,r2,#268435456
 873 0196 6FF35552 	 bfc r2,#21,#1
 874 019a 0260     	 str r2,[r0]
 875 019c 0122     	 movs r2,#1
 876 019e 8A40     	 lsls r2,r2,r1
 877 01a0 42EA1742 	 orr r2,r2,r7,lsr#16
 878 01a4 62F31F47 	 bfi r7,r2,#16,#16
 879              	.L130:
 880 01a8 D3F8A431 	 ldr r3,[r3,#420]
 881 01ac 0020     	 movs r0,#0
 882 01ae DF61     	 str r7,[r3,#28]
 883 01b0 BDE8F88F 	 pop {r3,r4,r5,r6,r7,r8,r9,r10,fp,pc}
 884              	.L148:
 885              	 .align 2
 886              	.L147:
 887 01b4 00000000 	 .word .LANCHOR1
 888 01b8 00000000 	 .word .LANCHOR2
 889 01bc 00000000 	 .word xmc_device
 890 01c0 00000000 	 .word .LANCHOR0
 892              	 .section .text.XMC_USBD_EndpointRead,"ax",%progbits
 893              	 .align 1
 894              	 .global XMC_USBD_EndpointRead
 895              	 .thumb
 896              	 .thumb_func
 898              	XMC_USBD_EndpointRead:
 899              	 
 900              	 
 901 0000 38B5     	 push {r3,r4,r5,lr}
 902 0002 0C4C     	 ldr r4,.L152
 903 0004 3423     	 movs r3,#52
 904 0006 03FB0044 	 mla r4,r3,r0,r4
 905 000a 0846     	 mov r0,r1
 906 000c 2569     	 ldr r5,[r4,#16]
 907 000e A369     	 ldr r3,[r4,#24]
 908 0010 9542     	 cmp r5,r2
 909 0012 28BF     	 it cs
 910 0014 1546     	 movcs r5,r2
 911 0016 E268     	 ldr r2,[r4,#12]
 912 0018 D118     	 adds r1,r2,r3
 913 001a 2A46     	 mov r2,r5
 914 001c FFF7FEFF 	 bl memcpy
 915 0020 2369     	 ldr r3,[r4,#16]
 916 0022 5B1B     	 subs r3,r3,r5
 917 0024 2361     	 str r3,[r4,#16]
 918 0026 0BB1     	 cbz r3,.L150
 919 0028 A369     	 ldr r3,[r4,#24]
 920 002a 2B44     	 add r3,r3,r5
 921              	.L150:
 922 002c A361     	 str r3,[r4,#24]
 923 002e 2846     	 mov r0,r5
 924 0030 38BD     	 pop {r3,r4,r5,pc}
 925              	.L153:
 926 0032 00BF     	 .align 2
 927              	.L152:
 928 0034 00000000 	 .word xmc_device
 930              	 .section .text.XMC_USBD_EndpointWrite,"ax",%progbits
 931              	 .align 1
 932              	 .global XMC_USBD_EndpointWrite
 933              	 .thumb
 934              	 .thumb_func
 936              	XMC_USBD_EndpointWrite:
 937              	 
 938              	 
 939 0000 F8B5     	 push {r3,r4,r5,r6,r7,lr}
 940 0002 134B     	 ldr r3,.L158
 941 0004 00F00F00 	 and r0,r0,#15
 942 0008 3424     	 movs r4,#52
 943 000a 04FB0034 	 mla r4,r4,r0,r3
 944 000e 2379     	 ldrb r3,[r4,#4]
 945 0010 5807     	 lsls r0,r3,#29
 946 0012 19D5     	 bpl .L156
 947 0014 6368     	 ldr r3,[r4,#4]
 948 0016 1B07     	 lsls r3,r3,#28
 949 0018 18D4     	 bmi .L157
 950 001a 236A     	 ldr r3,[r4,#32]
 951 001c E069     	 ldr r0,[r4,#28]
 952 001e 9A42     	 cmp r2,r3
 953 0020 28BF     	 it cs
 954 0022 1A46     	 movcs r2,r3
 955 0024 1546     	 mov r5,r2
 956 0026 FFF7FEFF 	 bl memcpy
 957 002a E369     	 ldr r3,[r4,#28]
 958 002c 6362     	 str r3,[r4,#36]
 959 002e 0023     	 movs r3,#0
 960 0030 A362     	 str r3,[r4,#40]
 961 0032 E362     	 str r3,[r4,#44]
 962 0034 6368     	 ldr r3,[r4,#4]
 963 0036 2563     	 str r5,[r4,#48]
 964 0038 43F00803 	 orr r3,r3,#8
 965 003c 2046     	 mov r0,r4
 966 003e 6360     	 str r3,[r4,#4]
 967 0040 FFF7FEFF 	 bl XMC_USBD_lStartWriteXfer
 968 0044 206B     	 ldr r0,[r4,#48]
 969 0046 F8BD     	 pop {r3,r4,r5,r6,r7,pc}
 970              	.L156:
 971 0048 0120     	 movs r0,#1
 972 004a F8BD     	 pop {r3,r4,r5,r6,r7,pc}
 973              	.L157:
 974 004c 0020     	 movs r0,#0
 975 004e F8BD     	 pop {r3,r4,r5,r6,r7,pc}
 976              	.L159:
 977              	 .align 2
 978              	.L158:
 979 0050 00000000 	 .word xmc_device
 981              	 .section .text.XMC_USBD_lDeviceActive,"ax",%progbits
 982              	 .align 1
 983              	 .global XMC_USBD_lDeviceActive
 984              	 .thumb
 985              	 .thumb_func
 987              	XMC_USBD_lDeviceActive:
 988              	 
 989              	 
 990 0000 10B5     	 push {r4,lr}
 991 0002 0023     	 movs r3,#0
 992 0004 017B     	 ldrb r1,[r0,#12]
 993 0006 1846     	 mov r0,r3
 994              	.L161:
 995 0008 DAB2     	 uxtb r2,r3
 996 000a 8A42     	 cmp r2,r1
 997 000c 0FD2     	 bcs .L166
 998 000e 084C     	 ldr r4,.L167
 999 0010 3422     	 movs r2,#52
 1000 0012 02FB0342 	 mla r2,r2,r3,r4
 1001 0016 5468     	 ldr r4,[r2,#4]
 1002 0018 2407     	 lsls r4,r4,#28
 1003 001a 05D4     	 bmi .L164
 1004 001c 5268     	 ldr r2,[r2,#4]
 1005 001e 12F0100F 	 tst r2,#16
 1006 0022 18BF     	 it ne
 1007 0024 0120     	 movne r0,#1
 1008 0026 00E0     	 b .L162
 1009              	.L164:
 1010 0028 0120     	 movs r0,#1
 1011              	.L162:
 1012 002a 0133     	 adds r3,r3,#1
 1013 002c ECE7     	 b .L161
 1014              	.L166:
 1015 002e 10BD     	 pop {r4,pc}
 1016              	.L168:
 1017              	 .align 2
 1018              	.L167:
 1019 0030 00000000 	 .word xmc_device
 1021              	 .section .text.XMC_USBD_DeviceGetState,"ax",%progbits
 1022              	 .align 1
 1023              	 .global XMC_USBD_DeviceGetState
 1024              	 .thumb
 1025              	 .thumb_func
 1027              	XMC_USBD_DeviceGetState:
 1028              	 
 1029              	 
 1030 0000 70B5     	 push {r4,r5,r6,lr}
 1031 0002 0B4E     	 ldr r6,.L170
 1032 0004 96F8FE51 	 ldrb r5,[r6,#510]
 1033 0008 FFF7FEFF 	 bl XMC_USBD_lDeviceActive
 1034 000c 96F8FE31 	 ldrb r3,[r6,#510]
 1035 0010 0024     	 movs r4,#0
 1036 0012 C3F38003 	 ubfx r3,r3,#2,#1
 1037 0016 05F00105 	 and r5,r5,#1
 1038 001a 63F30004 	 bfi r4,r3,#0,#1
 1039 001e 65F34104 	 bfi r4,r5,#1,#1
 1040 0022 60F38204 	 bfi r4,r0,#2,#1
 1041 0026 0123     	 movs r3,#1
 1042 0028 63F3C404 	 bfi r4,r3,#3,#2
 1043 002c 2046     	 mov r0,r4
 1044 002e 70BD     	 pop {r4,r5,r6,pc}
 1045              	.L171:
 1046              	 .align 2
 1047              	.L170:
 1048 0030 00000000 	 .word xmc_device
 1050              	 .section .text.XMC_USBD_Enable,"ax",%progbits
 1051              	 .align 1
 1052              	 .global XMC_USBD_Enable
 1053              	 .thumb
 1054              	 .thumb_func
 1056              	XMC_USBD_Enable:
 1057              	 
 1058              	 
 1059 0000 08B5     	 push {r3,lr}
 1060 0002 0348     	 ldr r0,.L173
 1061 0004 FFF7FEFF 	 bl XMC_SCU_RESET_DeassertPeripheralReset
 1062 0008 BDE80840 	 pop {r3,lr}
 1063 000c FFF7FEBF 	 b XMC_SCU_POWER_EnableUsb
 1064              	.L174:
 1065              	 .align 2
 1066              	.L173:
 1067 0010 80000020 	 .word 536871040
 1069              	 .section .text.XMC_USBD_Init,"ax",%progbits
 1070              	 .align 1
 1071              	 .global XMC_USBD_Init
 1072              	 .thumb
 1073              	 .thumb_func
 1075              	XMC_USBD_Init:
 1076              	 
 1077              	 
 1078 0000 38B5     	 push {r3,r4,r5,lr}
 1079 0002 0546     	 mov r5,r0
 1080 0004 FFF7FEFF 	 bl XMC_USBD_Enable
 1081 0008 394B     	 ldr r3,.L187
 1082 000a 1D60     	 str r5,[r3]
 1083 000c 0023     	 movs r3,#0
 1084              	.L176:
 1085 000e 3949     	 ldr r1,.L187+4
 1086 0010 4022     	 movs r2,#64
 1087 0012 41F82320 	 str r2,[r1,r3,lsl#2]
 1088 0016 3849     	 ldr r1,.L187+8
 1089 0018 41F82320 	 str r2,[r1,r3,lsl#2]
 1090 001c 0133     	 adds r3,r3,#1
 1091 001e 072B     	 cmp r3,#7
 1092 0020 F5D1     	 bne .L176
 1093 0022 364C     	 ldr r4,.L187+12
 1094 0024 0021     	 movs r1,#0
 1095 0026 4FF40272 	 mov r2,#520
 1096 002a 2046     	 mov r0,r4
 1097 002c FFF7FEFF 	 bl memset
 1098 0030 6B68     	 ldr r3,[r5,#4]
 1099 0032 C4F80032 	 str r3,[r4,#512]
 1100 0036 AB68     	 ldr r3,[r5,#8]
 1101 0038 C4F80432 	 str r3,[r4,#516]
 1102 003c 2B68     	 ldr r3,[r5]
 1103 003e C4F8A031 	 str r3,[r4,#416]
 1104 0042 03F50062 	 add r2,r3,#2048
 1105 0046 C4F8A421 	 str r2,[r4,#420]
 1106 004a 04F5D271 	 add r1,r4,#420
 1107 004e 03F51062 	 add r2,r3,#2304
 1108 0052 03F51E60 	 add r0,r3,#2528
 1109              	.L177:
 1110 0056 41F8042F 	 str r2,[r1,#4]!
 1111 005a 2032     	 adds r2,r2,#32
 1112 005c 8242     	 cmp r2,r0
 1113 005e FAD1     	 bne .L177
 1114 0060 2749     	 ldr r1,.L187+16
 1115 0062 03F53062 	 add r2,r3,#2816
 1116 0066 03F53E60 	 add r0,r3,#3040
 1117              	.L178:
 1118 006a 41F8042F 	 str r2,[r1,#4]!
 1119 006e 2032     	 adds r2,r2,#32
 1120 0070 8242     	 cmp r2,r0
 1121 0072 FAD1     	 bne .L178
 1122 0074 2349     	 ldr r1,.L187+20
 1123 0076 0022     	 movs r2,#0
 1124              	.L179:
 1125 0078 0132     	 adds r2,r2,#1
 1126 007a 03EB0230 	 add r0,r3,r2,lsl#12
 1127 007e 072A     	 cmp r2,#7
 1128 0080 41F8040F 	 str r0,[r1,#4]!
 1129 0084 F8D1     	 bne .L179
 1130 0086 9A68     	 ldr r2,[r3,#8]
 1131 0088 697B     	 ldrb r1,[r5,#13]
 1132 008a 42F08102 	 orr r2,r2,#129
 1133 008e 11B9     	 cbnz r1,.L180
 1134 0090 42F02002 	 orr r2,r2,#32
 1135 0094 01E0     	 b .L181
 1136              	.L180:
 1137 0096 6FF34512 	 bfc r2,#5,#1
 1138              	.L181:
 1139 009a 9A60     	 str r2,[r3,#8]
 1140 009c DA68     	 ldr r2,[r3,#12]
 1141 009e 42F08042 	 orr r2,r2,#1073741824
 1142 00a2 42F48072 	 orr r2,r2,#256
 1143 00a6 DA60     	 str r2,[r3,#12]
 1144 00a8 D3F80028 	 ldr r2,[r3,#2048]
 1145 00ac 42F00302 	 orr r2,r2,#3
 1146 00b0 6FF3D752 	 bfc r2,#23,#1
 1147 00b4 C3F80028 	 str r2,[r3,#2048]
 1148 00b8 D3F80428 	 ldr r2,[r3,#2052]
 1149 00bc 42F00202 	 orr r2,r2,#2
 1150 00c0 C3F80428 	 str r2,[r3,#2052]
 1151 00c4 1020     	 movs r0,#16
 1152 00c6 FFF7FEFF 	 bl XMC_USBD_lFlushTXFifo
 1153 00ca FFF7FEFF 	 bl XMC_USBD_lFlushRXFifo
 1154 00ce D4F8A021 	 ldr r2,[r4,#416]
 1155 00d2 0D49     	 ldr r1,.L187+24
 1156 00d4 6C7B     	 ldrb r4,[r5,#13]
 1157 00d6 0020     	 movs r0,#0
 1158 00d8 4FF0FF33 	 mov r3,#-1
 1159 00dc 9061     	 str r0,[r2,#24]
 1160 00de 5361     	 str r3,[r2,#20]
 1161 00e0 0A4B     	 ldr r3,.L187+28
 1162 00e2 012C     	 cmp r4,#1
 1163 00e4 08BF     	 it eq
 1164 00e6 0B46     	 moveq r3,r1
 1165 00e8 43F44023 	 orr r3,r3,#786432
 1166 00ec 9361     	 str r3,[r2,#24]
 1167 00ee 38BD     	 pop {r3,r4,r5,pc}
 1168              	.L188:
 1169              	 .align 2
 1170              	.L187:
 1171 00f0 00000000 	 .word usbd_init
 1172 00f4 00000000 	 .word .LANCHOR2
 1173 00f8 00000000 	 .word .LANCHOR1
 1174 00fc 00000000 	 .word xmc_device
 1175 0100 C0010000 	 .word xmc_device+448
 1176 0104 DC010000 	 .word xmc_device+476
 1177 0108 1E3C00C0 	 .word -1073726434
 1178 010c 0E3C00C0 	 .word -1073726450
 1180              	 .section .text.XMC_USBD_Disable,"ax",%progbits
 1181              	 .align 1
 1182              	 .global XMC_USBD_Disable
 1183              	 .thumb
 1184              	 .thumb_func
 1186              	XMC_USBD_Disable:
 1187              	 
 1188              	 
 1189 0000 08B5     	 push {r3,lr}
 1190 0002 0348     	 ldr r0,.L190
 1191 0004 FFF7FEFF 	 bl XMC_SCU_RESET_AssertPeripheralReset
 1192 0008 BDE80840 	 pop {r3,lr}
 1193 000c FFF7FEBF 	 b XMC_SCU_POWER_DisableUsb
 1194              	.L191:
 1195              	 .align 2
 1196              	.L190:
 1197 0010 80000020 	 .word 536871040
 1199              	 .section .text.XMC_USBD_ClearEvent,"ax",%progbits
 1200              	 .align 1
 1201              	 .global XMC_USBD_ClearEvent
 1202              	 .thumb
 1203              	 .thumb_func
 1205              	XMC_USBD_ClearEvent:
 1206              	 
 1207              	 
 1208              	 
 1209 0000 0023     	 movs r3,#0
 1210 0002 0D28     	 cmp r0,#13
 1211 0004 1ED8     	 bhi .L193
 1212 0006 DFE800F0 	 tbb [pc,r0]
 1213              	.L195:
 1214 000a 07       	 .byte (.L194-.L195)/2
 1215 000b 1D       	 .byte (.L193-.L195)/2
 1216 000c 1D       	 .byte (.L193-.L195)/2
 1217 000d 1D       	 .byte (.L193-.L195)/2
 1218 000e 0A       	 .byte (.L196-.L195)/2
 1219 000f 1D       	 .byte (.L193-.L195)/2
 1220 0010 0D       	 .byte (.L197-.L195)/2
 1221 0011 10       	 .byte (.L199-.L195)/2
 1222 0012 10       	 .byte (.L199-.L195)/2
 1223 0013 13       	 .byte (.L200-.L195)/2
 1224 0014 15       	 .byte (.L201-.L195)/2
 1225 0015 18       	 .byte (.L202-.L195)/2
 1226 0016 1D       	 .byte (.L193-.L195)/2
 1227 0017 1B       	 .byte (.L203-.L195)/2
 1228              	 .p2align 1
 1229              	.L194:
 1230 0018 4FF08043 	 mov r3,#1073741824
 1231 001c 12E0     	 b .L193
 1232              	.L196:
 1233 001e 4FF48053 	 mov r3,#4096
 1234 0022 0FE0     	 b .L193
 1235              	.L197:
 1236 0024 4FF40063 	 mov r3,#2048
 1237 0028 0CE0     	 b .L193
 1238              	.L199:
 1239 002a 4FF00043 	 mov r3,#-2147483648
 1240 002e 09E0     	 b .L193
 1241              	.L200:
 1242 0030 0823     	 movs r3,#8
 1243 0032 07E0     	 b .L193
 1244              	.L201:
 1245 0034 4FF48063 	 mov r3,#1024
 1246 0038 04E0     	 b .L193
 1247              	.L202:
 1248 003a 4FF40053 	 mov r3,#8192
 1249 003e 01E0     	 b .L193
 1250              	.L203:
 1251 0040 4FF40023 	 mov r3,#524288
 1252              	.L193:
 1253 0044 024A     	 ldr r2,.L204
 1254 0046 D2F8A021 	 ldr r2,[r2,#416]
 1255 004a 5361     	 str r3,[r2,#20]
 1256 004c 7047     	 bx lr
 1257              	.L205:
 1258 004e 00BF     	 .align 2
 1259              	.L204:
 1260 0050 00000000 	 .word xmc_device
 1262              	 .section .text.XMC_USBD_ClearEventINEP,"ax",%progbits
 1263              	 .align 1
 1264              	 .global XMC_USBD_ClearEventINEP
 1265              	 .thumb
 1266              	 .thumb_func
 1268              	XMC_USBD_ClearEventINEP:
 1269              	 
 1270              	 
 1271              	 
 1272 0000 6A31     	 adds r1,r1,#106
 1273 0002 024B     	 ldr r3,.L207
 1274 0004 53F82130 	 ldr r3,[r3,r1,lsl#2]
 1275 0008 9860     	 str r0,[r3,#8]
 1276 000a 7047     	 bx lr
 1277              	.L208:
 1278              	 .align 2
 1279              	.L207:
 1280 000c 00000000 	 .word xmc_device
 1282              	 .section .text.XMC_USBD_ClearEventOUTEP,"ax",%progbits
 1283              	 .align 1
 1284              	 .global XMC_USBD_ClearEventOUTEP
 1285              	 .thumb
 1286              	 .thumb_func
 1288              	XMC_USBD_ClearEventOUTEP:
 1289              	 
 1290              	 
 1291              	 
 1292 0000 034B     	 ldr r3,.L210
 1293 0002 03EB8101 	 add r1,r3,r1,lsl#2
 1294 0006 D1F8C431 	 ldr r3,[r1,#452]
 1295 000a 9860     	 str r0,[r3,#8]
 1296 000c 7047     	 bx lr
 1297              	.L211:
 1298 000e 00BF     	 .align 2
 1299              	.L210:
 1300 0010 00000000 	 .word xmc_device
 1302              	 .section .text.XMC_USBD_EnableEventOUTEP,"ax",%progbits
 1303              	 .align 1
 1304              	 .global XMC_USBD_EnableEventOUTEP
 1305              	 .thumb
 1306              	 .thumb_func
 1308              	XMC_USBD_EnableEventOUTEP:
 1309              	 
 1310              	 
 1311              	 
 1312 0000 034B     	 ldr r3,.L213
 1313 0002 D3F8A421 	 ldr r2,[r3,#420]
 1314 0006 5369     	 ldr r3,[r2,#20]
 1315 0008 1843     	 orrs r0,r0,r3
 1316 000a 5061     	 str r0,[r2,#20]
 1317 000c 7047     	 bx lr
 1318              	.L214:
 1319 000e 00BF     	 .align 2
 1320              	.L213:
 1321 0010 00000000 	 .word xmc_device
 1323              	 .section .text.XMC_USBD_EnableEventINEP,"ax",%progbits
 1324              	 .align 1
 1325              	 .global XMC_USBD_EnableEventINEP
 1326              	 .thumb
 1327              	 .thumb_func
 1329              	XMC_USBD_EnableEventINEP:
 1330              	 
 1331              	 
 1332              	 
 1333 0000 034B     	 ldr r3,.L216
 1334 0002 D3F8A421 	 ldr r2,[r3,#420]
 1335 0006 1369     	 ldr r3,[r2,#16]
 1336 0008 1843     	 orrs r0,r0,r3
 1337 000a 1061     	 str r0,[r2,#16]
 1338 000c 7047     	 bx lr
 1339              	.L217:
 1340 000e 00BF     	 .align 2
 1341              	.L216:
 1342 0010 00000000 	 .word xmc_device
 1344              	 .section .text.XMC_USBD_IRQHandler,"ax",%progbits
 1345              	 .align 1
 1346              	 .global XMC_USBD_IRQHandler
 1347              	 .thumb
 1348              	 .thumb_func
 1350              	XMC_USBD_IRQHandler:
 1351              	 
 1352              	 
 1353 0000 2DE9F04F 	 push {r4,r5,r6,r7,r8,r9,r10,fp,lr}
 1354 0004 C14C     	 ldr r4,.L322
 1355 0006 D4F8A031 	 ldr r3,[r4,#416]
 1356 000a 9F69     	 ldr r7,[r3,#24]
 1357 000c 5D69     	 ldr r5,[r3,#20]
 1358 000e 3D40     	 ands r5,r5,r7
 1359 0010 5FFA85F8 	 uxtb r8,r5
 1360 0014 18F0080F 	 tst r8,#8
 1361 0018 85B0     	 sub sp,sp,#20
 1362 001a 0646     	 mov r6,r0
 1363 001c 06D0     	 beq .L219
 1364 001e 0920     	 movs r0,#9
 1365 0020 D4F80032 	 ldr r3,[r4,#512]
 1366 0024 9847     	 blx r3
 1367 0026 0920     	 movs r0,#9
 1368 0028 FFF7FEFF 	 bl XMC_USBD_ClearEvent
 1369              	.L219:
 1370 002c 737B     	 ldrb r3,[r6,#13]
 1371 002e 012B     	 cmp r3,#1
 1372 0030 19D1     	 bne .L220
 1373 0032 18F0100F 	 tst r8,#16
 1374 0036 16D0     	 beq .L220
 1375 0038 D4F8A031 	 ldr r3,[r4,#416]
 1376 003c 6FF30417 	 bfc r7,#4,#1
 1377 0040 9F61     	 str r7,[r3,#24]
 1378 0042 196A     	 ldr r1,[r3,#32]
 1379 0044 C1F34343 	 ubfx r3,r1,#17,#4
 1380 0048 022B     	 cmp r3,#2
 1381 004a 01D0     	 beq .L223
 1382 004c 062B     	 cmp r3,#6
 1383 004e 05D1     	 bne .L221
 1384              	.L223:
 1385 0050 01F00F00 	 and r0,r1,#15
 1386 0054 C1F30A11 	 ubfx r1,r1,#4,#11
 1387 0058 FFF7FEFF 	 bl XMC_USBD_lReadFifo
 1388              	.L221:
 1389 005c D4F8A031 	 ldr r3,[r4,#416]
 1390 0060 47F01007 	 orr r7,r7,#16
 1391 0064 9F61     	 str r7,[r3,#24]
 1392              	.L220:
 1393 0066 C5F30727 	 ubfx r7,r5,#8,#8
 1394 006a 7A07     	 lsls r2,r7,#29
 1395 006c 02D5     	 bpl .L224
 1396 006e 0A20     	 movs r0,#10
 1397 0070 FFF7FEFF 	 bl XMC_USBD_ClearEvent
 1398              	.L224:
 1399 0074 3B07     	 lsls r3,r7,#28
 1400 0076 06D5     	 bpl .L225
 1401 0078 0620     	 movs r0,#6
 1402 007a D4F80032 	 ldr r3,[r4,#512]
 1403 007e 9847     	 blx r3
 1404 0080 0620     	 movs r0,#6
 1405 0082 FFF7FEFF 	 bl XMC_USBD_ClearEvent
 1406              	.L225:
 1407 0086 4FEA1568 	 lsr r8,r5,#24
 1408 008a 18F0800F 	 tst r8,#128
 1409 008e 06D0     	 beq .L226
 1410 0090 0820     	 movs r0,#8
 1411 0092 D4F80032 	 ldr r3,[r4,#512]
 1412 0096 9847     	 blx r3
 1413 0098 0820     	 movs r0,#8
 1414 009a FFF7FEFF 	 bl XMC_USBD_ClearEvent
 1415              	.L226:
 1416 009e 18F0400F 	 tst r8,#64
 1417 00a2 0CD0     	 beq .L227
 1418 00a4 94F8FE31 	 ldrb r3,[r4,#510]
 1419 00a8 43F00403 	 orr r3,r3,#4
 1420 00ac 84F8FE31 	 strb r3,[r4,#510]
 1421 00b0 0020     	 movs r0,#0
 1422 00b2 D4F80032 	 ldr r3,[r4,#512]
 1423 00b6 9847     	 blx r3
 1424 00b8 0020     	 movs r0,#0
 1425 00ba FFF7FEFF 	 bl XMC_USBD_ClearEvent
 1426              	.L227:
 1427 00be F806     	 lsls r0,r7,#27
 1428 00c0 5CD5     	 bpl .L228
 1429 00c2 D4F8A421 	 ldr r2,[r4,#420]
 1430 00c6 5368     	 ldr r3,[r2,#4]
 1431 00c8 43F00103 	 orr r3,r3,#1
 1432 00cc 5360     	 str r3,[r2,#4]
 1433 00ce 904B     	 ldr r3,.L322+4
 1434 00d0 03F11C00 	 add r0,r3,#28
 1435              	.L229:
 1436 00d4 53F8041F 	 ldr r1,[r3,#4]!
 1437 00d8 0A68     	 ldr r2,[r1]
 1438 00da 42F00062 	 orr r2,r2,#134217728
 1439 00de 6FF35552 	 bfc r2,#21,#1
 1440 00e2 8342     	 cmp r3,r0
 1441 00e4 0A60     	 str r2,[r1]
 1442 00e6 F5D1     	 bne .L229
 1443 00e8 D4F8A031 	 ldr r3,[r4,#416]
 1444 00ec 4021     	 movs r1,#64
 1445 00ee 4FF48012 	 mov r2,#1048576
 1446 00f2 61F30F02 	 bfi r2,r1,#0,#16
 1447 00f6 5962     	 str r1,[r3,#36]
 1448 00f8 9A62     	 str r2,[r3,#40]
 1449 00fa 864A     	 ldr r2,.L322+8
 1450 00fc C3F80421 	 str r2,[r3,#260]
 1451 0100 1032     	 adds r2,r2,#16
 1452 0102 C3F80821 	 str r2,[r3,#264]
 1453 0106 1032     	 adds r2,r2,#16
 1454 0108 C3F80C21 	 str r2,[r3,#268]
 1455 010c 1032     	 adds r2,r2,#16
 1456 010e C3F81021 	 str r2,[r3,#272]
 1457 0112 1032     	 adds r2,r2,#16
 1458 0114 C3F81421 	 str r2,[r3,#276]
 1459 0118 1032     	 adds r2,r2,#16
 1460 011a C3F81821 	 str r2,[r3,#280]
 1461 011e 1020     	 movs r0,#16
 1462 0120 FFF7FEFF 	 bl XMC_USBD_lFlushTXFifo
 1463 0124 0020     	 movs r0,#0
 1464 0126 FFF7FEFF 	 bl XMC_USBD_lFlushTXFifo
 1465 012a FFF7FEFF 	 bl XMC_USBD_lFlushRXFifo
 1466 012e D4F8A431 	 ldr r3,[r4,#420]
 1467 0132 4FF00112 	 mov r2,#65537
 1468 0136 DA61     	 str r2,[r3,#28]
 1469 0138 0F20     	 movs r0,#15
 1470 013a FFF7FEFF 	 bl XMC_USBD_EnableEventOUTEP
 1471 013e 0F20     	 movs r0,#15
 1472 0140 FFF7FEFF 	 bl XMC_USBD_EnableEventINEP
 1473 0144 D4F8A421 	 ldr r2,[r4,#420]
 1474 0148 1368     	 ldr r3,[r2]
 1475 014a 4FF00008 	 mov r8,#0
 1476 014e 68F30A13 	 bfi r3,r8,#4,#7
 1477 0152 1360     	 str r3,[r2]
 1478 0154 737B     	 ldrb r3,[r6,#13]
 1479 0156 012B     	 cmp r3,#1
 1480 0158 08BF     	 it eq
 1481 015a C2F83480 	 streq r8,[r2,#52]
 1482 015e 6368     	 ldr r3,[r4,#4]
 1483 0160 23F01003 	 bic r3,r3,#16
 1484 0164 6360     	 str r3,[r4,#4]
 1485 0166 6368     	 ldr r3,[r4,#4]
 1486 0168 23F00803 	 bic r3,r3,#8
 1487 016c 6360     	 str r3,[r4,#4]
 1488 016e 0420     	 movs r0,#4
 1489 0170 D4F80032 	 ldr r3,[r4,#512]
 1490 0174 9847     	 blx r3
 1491 0176 0420     	 movs r0,#4
 1492 0178 FFF7FEFF 	 bl XMC_USBD_ClearEvent
 1493              	.L228:
 1494 017c B906     	 lsls r1,r7,#26
 1495 017e 19D5     	 bpl .L231
 1496 0180 D4F8A821 	 ldr r2,[r4,#424]
 1497 0184 1368     	 ldr r3,[r2]
 1498 0186 6FF30A03 	 bfc r3,#0,#11
 1499 018a 1360     	 str r3,[r2]
 1500 018c 94F8FE31 	 ldrb r3,[r4,#510]
 1501 0190 43F00503 	 orr r3,r3,#5
 1502 0194 84F8FE31 	 strb r3,[r4,#510]
 1503 0198 0220     	 movs r0,#2
 1504 019a D4F80032 	 ldr r3,[r4,#512]
 1505 019e 9847     	 blx r3
 1506 01a0 D4F8A021 	 ldr r2,[r4,#416]
 1507 01a4 D368     	 ldr r3,[r2,#12]
 1508 01a6 0921     	 movs r1,#9
 1509 01a8 61F38D23 	 bfi r3,r1,#10,#4
 1510 01ac D360     	 str r3,[r2,#12]
 1511 01ae 0B20     	 movs r0,#11
 1512 01b0 FFF7FEFF 	 bl XMC_USBD_ClearEvent
 1513              	.L231:
 1514 01b4 C5F30747 	 ubfx r7,r5,#16,#8
 1515 01b8 7A07     	 lsls r2,r7,#29
 1516 01ba 40F1BB80 	 bpl .L232
 1517 01be D4F8A431 	 ldr r3,[r4,#420]
 1518 01c2 9A69     	 ldr r2,[r3,#24]
 1519 01c4 1B69     	 ldr r3,[r3,#16]
 1520 01c6 0193     	 str r3,[sp,#4]
 1521 01c8 4FF0000A 	 mov r10,#0
 1522 01cc 93B2     	 uxth r3,r2
 1523 01ce 0293     	 str r3,[sp,#8]
 1524 01d0 D046     	 mov r8,r10
 1525              	.L233:
 1526 01d2 029B     	 ldr r3,[sp,#8]
 1527 01d4 5FFA8AF4 	 uxtb r4,r10
 1528 01d8 2341     	 asrs r3,r3,r4
 1529 01da 00F0A880 	 beq .L320
 1530 01de DB07     	 lsls r3,r3,#31
 1531 01e0 40F1A280 	 bpl .L234
 1532 01e4 494A     	 ldr r2,.L322
 1533 01e6 04F16A03 	 add r3,r4,#106
 1534 01ea 4FF0340E 	 mov lr,#52
 1535 01ee 0EFB04FE 	 mul lr,lr,r4
 1536 01f2 52F82300 	 ldr r0,[r2,r3,lsl#2]
 1537 01f6 D2F8A431 	 ldr r3,[r2,#420]
 1538 01fa D0F808C0 	 ldr ip,[r0,#8]
 1539 01fe 5B6B     	 ldr r3,[r3,#52]
 1540 0200 02EB0E01 	 add r1,r2,lr
 1541 0204 12F80EE0 	 ldrb lr,[r2,lr]
 1542 0208 0EF00F09 	 and r9,lr,#15
 1543 020c 23FA09F3 	 lsr r3,r3,r9
 1544 0210 4FEAC319 	 lsl r9,r3,#7
 1545 0214 019B     	 ldr r3,[sp,#4]
 1546 0216 5FFA89F9 	 uxtb r9,r9
 1547 021a 49EA0309 	 orr r9,r9,r3
 1548 021e 737B     	 ldrb r3,[r6,#13]
 1549 0220 09EA0C09 	 and r9,r9,ip
 1550 0224 13B9     	 cbnz r3,.L235
 1551 0226 D0F81080 	 ldr r8,[r0,#16]
 1552 022a 3CE0     	 b .L236
 1553              	.L235:
 1554 022c 012B     	 cmp r3,#1
 1555 022e 3AD1     	 bne .L236
 1556 0230 19F0800F 	 tst r9,#128
 1557 0234 37D0     	 beq .L236
 1558 0236 0EF00F0E 	 and lr,lr,#15
 1559 023a 0EF17800 	 add r0,lr,#120
 1560 023e 0EF16A0E 	 add lr,lr,#106
 1561 0242 52F82000 	 ldr r0,[r2,r0,lsl#2]
 1562 0246 0390     	 str r0,[sp,#12]
 1563 0248 886A     	 ldr r0,[r1,#40]
 1564 024a C96A     	 ldr r1,[r1,#44]
 1565 024c 52F82E20 	 ldr r2,[r2,lr,lsl#2]
 1566 0250 401A     	 subs r0,r0,r1
 1567 0252 9269     	 ldr r2,[r2,#24]
 1568 0254 1DD0     	 beq .L237
 1569 0256 00F1030C 	 add ip,r0,#3
 1570 025a 92B2     	 uxth r2,r2
 1571 025c 4FEA9C0C 	 lsr ip,ip,#2
 1572 0260 9445     	 cmp ip,r2
 1573 0262 84BF     	 itt hi
 1574 0264 9000     	 lslhi r0,r2,#2
 1575 0266 9446     	 movhi ip,r2
 1576 0268 4FF0000B 	 mov fp,#0
 1577              	.L239:
 1578 026c E345     	 cmp fp,ip
 1579 026e 10D0     	 beq .L237
 1580 0270 2649     	 ldr r1,.L322
 1581 0272 3422     	 movs r2,#52
 1582 0274 02FB041E 	 mla lr,r2,r4,r1
 1583 0278 0BF1010B 	 add fp,fp,#1
 1584 027c DEF82410 	 ldr r1,[lr,#36]
 1585 0280 0A68     	 ldr r2,[r1]
 1586 0282 0399     	 ldr r1,[sp,#12]
 1587 0284 0A60     	 str r2,[r1]
 1588 0286 DEF82420 	 ldr r2,[lr,#36]
 1589 028a 0432     	 adds r2,r2,#4
 1590 028c CEF82420 	 str r2,[lr,#36]
 1591 0290 ECE7     	 b .L239
 1592              	.L237:
 1593 0292 1E4A     	 ldr r2,.L322
 1594 0294 3421     	 movs r1,#52
 1595 0296 01FB0421 	 mla r1,r1,r4,r2
 1596 029a CA6A     	 ldr r2,[r1,#44]
 1597 029c 0244     	 add r2,r2,r0
 1598 029e CA62     	 str r2,[r1,#44]
 1599 02a0 4A6A     	 ldr r2,[r1,#36]
 1600 02a2 0244     	 add r2,r2,r0
 1601 02a4 4A62     	 str r2,[r1,#36]
 1602              	.L236:
 1603 02a6 19F0010F 	 tst r9,#1
 1604 02aa 37D0     	 beq .L241
 1605 02ac 83B9     	 cbnz r3,.L243
 1606 02ae 28F06042 	 bic r2,r8,#-536870912
 1607 02b2 6AB9     	 cbnz r2,.L243
 1608 02b4 154A     	 ldr r2,.L322
 1609 02b6 3421     	 movs r1,#52
 1610 02b8 01FB0421 	 mla r1,r1,r4,r2
 1611 02bc D1F828E0 	 ldr lr,[r1,#40]
 1612 02c0 CA6A     	 ldr r2,[r1,#44]
 1613 02c2 486A     	 ldr r0,[r1,#36]
 1614 02c4 C1F82CE0 	 str lr,[r1,#44]
 1615 02c8 C2EB0E02 	 rsb r2,r2,lr
 1616 02cc 0244     	 add r2,r2,r0
 1617 02ce 4A62     	 str r2,[r1,#36]
 1618              	.L243:
 1619 02d0 DFF838E0 	 ldr lr,.L322
 1620 02d4 3420     	 movs r0,#52
 1621 02d6 00FB04E0 	 mla r0,r0,r4,lr
 1622 02da 016B     	 ldr r1,[r0,#48]
 1623 02dc 826A     	 ldr r2,[r0,#40]
 1624 02de 9142     	 cmp r1,r2
 1625 02e0 1AD1     	 bne .L245
 1626 02e2 4268     	 ldr r2,[r0,#4]
 1627 02e4 22F00802 	 bic r2,r2,#8
 1628 02e8 012B     	 cmp r3,#1
 1629 02ea 4260     	 str r2,[r0,#4]
 1630 02ec 01BF     	 itttt eq
 1631 02ee DEF8A421 	 ldreq r2,[lr,#420]
 1632 02f2 516B     	 ldreq r1,[r2,#52]
 1633 02f4 A340     	 lsleq r3,r3,r4
 1634 02f6 21EA0303 	 biceq r3,r1,r3
 1635 02fa 08BF     	 it eq
 1636 02fc 5363     	 streq r3,[r2,#52]
 1637 02fe 44F08000 	 orr r0,r4,#128
 1638 0302 DEF80432 	 ldr r3,[lr,#516]
 1639 0306 0221     	 movs r1,#2
 1640 0308 9847     	 blx r3
 1641 030a 07E0     	 b .L241
 1642              	.L323:
 1643              	 .align 2
 1644              	.L322:
 1645 030c 00000000 	 .word xmc_device
 1646 0310 C0010000 	 .word xmc_device+448
 1647 0314 50001000 	 .word 1048656
 1648              	.L245:
 1649 0318 FFF7FEFF 	 bl XMC_USBD_lStartWriteXfer
 1650              	.L241:
 1651 031c 6A34     	 adds r4,r4,#106
 1652 031e 564B     	 ldr r3,.L324
 1653 0320 53F82430 	 ldr r3,[r3,r4,lsl#2]
 1654 0324 C3F80890 	 str r9,[r3,#8]
 1655              	.L234:
 1656 0328 0AF1010A 	 add r10,r10,#1
 1657 032c 51E7     	 b .L233
 1658              	.L320:
 1659 032e 0E20     	 movs r0,#14
 1660 0330 FFF7FEFF 	 bl XMC_USBD_ClearEvent
 1661              	.L232:
 1662 0334 3807     	 lsls r0,r7,#28
 1663 0336 40F18780 	 bpl .L248
 1664 033a 4F4A     	 ldr r2,.L324
 1665 033c D2F8A411 	 ldr r1,[r2,#420]
 1666 0340 8B69     	 ldr r3,[r1,#24]
 1667 0342 CF69     	 ldr r7,[r1,#28]
 1668 0344 4969     	 ldr r1,[r1,#20]
 1669 0346 0191     	 str r1,[sp,#4]
 1670 0348 C3F30F43 	 ubfx r3,r3,#16,#16
 1671 034c 4FF00008 	 mov r8,#0
 1672 0350 03EA1747 	 and r7,r3,r7,lsr#16
 1673 0354 C246     	 mov r10,r8
 1674 0356 9346     	 mov fp,r2
 1675              	.L249:
 1676 0358 5FFA8AF4 	 uxtb r4,r10
 1677 035c 57FA04F3 	 asrs r3,r7,r4
 1678 0360 6FD0     	 beq .L321
 1679 0362 D907     	 lsls r1,r3,#31
 1680 0364 6AD5     	 bpl .L250
 1681 0366 0BEB8403 	 add r3,fp,r4,lsl#2
 1682 036a 019A     	 ldr r2,[sp,#4]
 1683 036c D3F8C411 	 ldr r1,[r3,#452]
 1684 0370 8B68     	 ldr r3,[r1,#8]
 1685 0372 03EA0209 	 and r9,r3,r2
 1686 0376 737B     	 ldrb r3,[r6,#13]
 1687 0378 0BB9     	 cbnz r3,.L251
 1688 037a D1F81080 	 ldr r8,[r1,#16]
 1689              	.L251:
 1690 037e 5FFA89FC 	 uxtb ip,r9
 1691 0382 1CF0080F 	 tst ip,#8
 1692 0386 29D0     	 beq .L252
 1693 0388 3420     	 movs r0,#52
 1694 038a 00FB04B0 	 mla r0,r0,r4,fp
 1695 038e 0179     	 ldrb r1,[r0,#4]
 1696 0390 6FF34511 	 bfc r1,#5,#1
 1697 0394 0171     	 strb r1,[r0,#4]
 1698 0396 2BB9     	 cbnz r3,.L253
 1699 0398 C8F34173 	 ubfx r3,r8,#29,#2
 1700 039c DB00     	 lsls r3,r3,#3
 1701 039e C3F11803 	 rsb r3,r3,#24
 1702 03a2 04E0     	 b .L319
 1703              	.L253:
 1704 03a4 012B     	 cmp r3,#1
 1705 03a6 03D1     	 bne .L254
 1706 03a8 C16A     	 ldr r1,[r0,#44]
 1707 03aa 0369     	 ldr r3,[r0,#16]
 1708 03ac 0B44     	 add r3,r3,r1
 1709              	.L319:
 1710 03ae 0361     	 str r3,[r0,#16]
 1711              	.L254:
 1712 03b0 3423     	 movs r3,#52
 1713 03b2 03FB04B3 	 mla r3,r3,r4,fp
 1714 03b6 CDF808C0 	 str ip,[sp,#8]
 1715 03ba 5968     	 ldr r1,[r3,#4]
 1716 03bc 21F01001 	 bic r1,r1,#16
 1717 03c0 5960     	 str r1,[r3,#4]
 1718 03c2 0020     	 movs r0,#0
 1719 03c4 DBF80432 	 ldr r3,[fp,#516]
 1720 03c8 0146     	 mov r1,r0
 1721 03ca 9847     	 blx r3
 1722 03cc 0BEB8403 	 add r3,fp,r4,lsl#2
 1723 03d0 0821     	 movs r1,#8
 1724 03d2 D3F8C431 	 ldr r3,[r3,#452]
 1725 03d6 DDF808C0 	 ldr ip,[sp,#8]
 1726 03da 9960     	 str r1,[r3,#8]
 1727              	.L252:
 1728 03dc 1CF0010F 	 tst ip,#1
 1729 03e0 26D0     	 beq .L255
 1730 03e2 737B     	 ldrb r3,[r6,#13]
 1731 03e4 73B9     	 cbnz r3,.L256
 1732 03e6 3423     	 movs r3,#52
 1733 03e8 03FB04B3 	 mla r3,r3,r4,fp
 1734 03ec C8F3120C 	 ubfx ip,r8,#0,#19
 1735 03f0 D96A     	 ldr r1,[r3,#44]
 1736 03f2 986A     	 ldr r0,[r3,#40]
 1737 03f4 401A     	 subs r0,r0,r1
 1738 03f6 CCEB0000 	 rsb r0,ip,r0
 1739 03fa 0144     	 add r1,r1,r0
 1740 03fc D962     	 str r1,[r3,#44]
 1741 03fe 596A     	 ldr r1,[r3,#36]
 1742 0400 0144     	 add r1,r1,r0
 1743 0402 5962     	 str r1,[r3,#36]
 1744              	.L256:
 1745 0404 3420     	 movs r0,#52
 1746 0406 00FB04B0 	 mla r0,r0,r4,fp
 1747 040a 016B     	 ldr r1,[r0,#48]
 1748 040c 836A     	 ldr r3,[r0,#40]
 1749 040e 9942     	 cmp r1,r3
 1750 0410 0CD1     	 bne .L257
 1751 0412 C36A     	 ldr r3,[r0,#44]
 1752 0414 0361     	 str r3,[r0,#16]
 1753 0416 4368     	 ldr r3,[r0,#4]
 1754 0418 23F01003 	 bic r3,r3,#16
 1755 041c 4360     	 str r3,[r0,#4]
 1756 041e 164B     	 ldr r3,.L324
 1757 0420 2046     	 mov r0,r4
 1758 0422 D3F80432 	 ldr r3,[r3,#516]
 1759 0426 0121     	 movs r1,#1
 1760 0428 9847     	 blx r3
 1761 042a 01E0     	 b .L255
 1762              	.L257:
 1763 042c FFF7FEFF 	 bl XMC_USBD_lStartReadXfer
 1764              	.L255:
 1765 0430 0BEB8404 	 add r4,fp,r4,lsl#2
 1766 0434 D4F8C431 	 ldr r3,[r4,#452]
 1767 0438 C3F80890 	 str r9,[r3,#8]
 1768              	.L250:
 1769 043c 0AF1010A 	 add r10,r10,#1
 1770 0440 8AE7     	 b .L249
 1771              	.L321:
 1772 0442 0D20     	 movs r0,#13
 1773 0444 FFF7FEFF 	 bl XMC_USBD_ClearEvent
 1774              	.L248:
 1775 0448 6A07     	 lsls r2,r5,#29
 1776 044a 12D5     	 bpl .L218
 1777 044c 0A4C     	 ldr r4,.L324
 1778 044e D4F8A031 	 ldr r3,[r4,#416]
 1779 0452 5D68     	 ldr r5,[r3,#4]
 1780 0454 6B07     	 lsls r3,r5,#29
 1781 0456 09D5     	 bpl .L260
 1782 0458 94F8FE31 	 ldrb r3,[r4,#510]
 1783 045c 6FF38203 	 bfc r3,#2,#1
 1784 0460 84F8FE31 	 strb r3,[r4,#510]
 1785 0464 0120     	 movs r0,#1
 1786 0466 D4F80032 	 ldr r3,[r4,#512]
 1787 046a 9847     	 blx r3
 1788              	.L260:
 1789 046c D4F8A031 	 ldr r3,[r4,#416]
 1790 0470 5D60     	 str r5,[r3,#4]
 1791              	.L218:
 1792 0472 05B0     	 add sp,sp,#20
 1793              	 
 1794 0474 BDE8F08F 	 pop {r4,r5,r6,r7,r8,r9,r10,fp,pc}
 1795              	.L325:
 1796              	 .align 2
 1797              	.L324:
 1798 0478 00000000 	 .word xmc_device
 1800              	 .global Driver_USBD0
 1801              	 .comm usbd_init,4,4
 1802              	 .comm xmc_device,520,4
 1803              	 .global XMC_USBD_EP_IN_BUFFERSIZE
 1804              	 .global XMC_USBD_EP_OUT_BUFFERSIZE
 1805              	 .section .rodata.Driver_USBD0,"a",%progbits
 1806              	 .align 2
 1809              	Driver_USBD0:
 1810 0000 00000000 	 .word XMC_USBD_GetCapabilities
 1811 0004 00000000 	 .word XMC_USBD_Init
 1812 0008 00000000 	 .word XMC_USBD_Uninitialize
 1813 000c 00000000 	 .word XMC_USBD_DeviceConnect
 1814 0010 00000000 	 .word XMC_USBD_DeviceDisconnect
 1815 0014 00000000 	 .word XMC_USBD_DeviceGetState
 1816 0018 00000000 	 .word XMC_USBD_DeviceSetAddress
 1817 001c 00000000 	 .word XMC_USBD_EndpointConfigure
 1818 0020 00000000 	 .word XMC_USBD_EndpointUnconfigure
 1819 0024 00000000 	 .word XMC_USBD_EndpointStall
 1820 0028 00000000 	 .word XMC_USBD_EndpointReadStart
 1821 002c 00000000 	 .word XMC_USBD_EndpointRead
 1822 0030 00000000 	 .word XMC_USBD_EndpointWrite
 1823 0034 00000000 	 .word XMC_USBD_EndpointAbort
 1824 0038 00000000 	 .word XMC_USBD_GetFrameNumber
 1825 003c 00000000 	 .word XMC_USBD_IsEnumDone
 1826              	 .section USB_RAM,"aw",%progbits
 1827              	 .align 2
 1828              	 .set .LANCHOR0,.+0
 1831              	XMC_USBD_EP_IN_BUFFER:
 1832 0000 00000000 	 .space 1792
 1832      00000000 
 1832      00000000 
 1832      00000000 
 1832      00000000 
 1835              	XMC_USBD_EP_OUT_BUFFER:
 1836 0700 00000000 	 .space 1792
 1836      00000000 
 1836      00000000 
 1836      00000000 
 1836      00000000 
 1837              	 .section .bss.XMC_USBD_EP_OUT_BUFFERSIZE,"aw",%nobits
 1838              	 .align 2
 1839              	 .set .LANCHOR2,.+0
 1842              	XMC_USBD_EP_OUT_BUFFERSIZE:
 1843 0000 00000000 	 .space 28
 1843      00000000 
 1843      00000000 
 1843      00000000 
 1843      00000000 
 1844              	 .section .bss.XMC_USBD_EP_IN_BUFFERSIZE,"aw",%nobits
 1845              	 .align 2
 1846              	 .set .LANCHOR1,.+0
 1849              	XMC_USBD_EP_IN_BUFFERSIZE:
 1850 0000 00000000 	 .space 28
 1850      00000000 
 1850      00000000 
 1850      00000000 
 1850      00000000 
 1851              	 .ident "GCC: (GNU Tools for ARM Embedded Processors) 4.9.3 20141119 (release) [ARM/embedded-4_9-branch revision 218278]"
DEFINED SYMBOLS
                            *ABS*:00000000 xmc_usbd.c
    {standard input}:17     .text.XMC_USBD_lReadFifo:00000000 $t
    {standard input}:21     .text.XMC_USBD_lReadFifo:00000000 XMC_USBD_lReadFifo
    {standard input}:86     .text.XMC_USBD_lReadFifo:00000080 $d
                            *COM*:00000208 xmc_device
    {standard input}:89     .text.XMC_USBD_lFlushTXFifo:00000000 $t
    {standard input}:93     .text.XMC_USBD_lFlushTXFifo:00000000 XMC_USBD_lFlushTXFifo
    {standard input}:124    .text.XMC_USBD_lFlushTXFifo:00000038 $d
    {standard input}:127    .text.XMC_USBD_lFlushRXFifo:00000000 $t
    {standard input}:131    .text.XMC_USBD_lFlushRXFifo:00000000 XMC_USBD_lFlushRXFifo
    {standard input}:157    .text.XMC_USBD_lFlushRXFifo:00000028 $d
    {standard input}:160    .text.XMC_USBD_lStartReadXfer:00000000 $t
    {standard input}:164    .text.XMC_USBD_lStartReadXfer:00000000 XMC_USBD_lStartReadXfer
    {standard input}:228    .text.XMC_USBD_lStartReadXfer:00000090 $d
                            *COM*:00000004 usbd_init
    {standard input}:232    .text.XMC_USBD_lStartWriteXfer:00000000 $t
    {standard input}:236    .text.XMC_USBD_lStartWriteXfer:00000000 XMC_USBD_lStartWriteXfer
    {standard input}:310    .text.XMC_USBD_lStartWriteXfer:000000b8 $d
    {standard input}:314    .text.XMC_USBD_GetCapabilities:00000000 $t
    {standard input}:319    .text.XMC_USBD_GetCapabilities:00000000 XMC_USBD_GetCapabilities
    {standard input}:327    .text.XMC_USBD_DeviceConnect:00000000 $t
    {standard input}:332    .text.XMC_USBD_DeviceConnect:00000000 XMC_USBD_DeviceConnect
    {standard input}:346    .text.XMC_USBD_DeviceConnect:00000014 $d
    {standard input}:349    .text.XMC_USBD_DeviceDisconnect:00000000 $t
    {standard input}:354    .text.XMC_USBD_DeviceDisconnect:00000000 XMC_USBD_DeviceDisconnect
    {standard input}:368    .text.XMC_USBD_DeviceDisconnect:00000014 $d
    {standard input}:371    .text.XMC_USBD_EndpointReadStart:00000000 $t
    {standard input}:376    .text.XMC_USBD_EndpointReadStart:00000000 XMC_USBD_EndpointReadStart
    {standard input}:409    .text.XMC_USBD_EndpointReadStart:0000003c $d
    {standard input}:412    .text.XMC_USBD_DeviceSetAddress:00000000 $t
    {standard input}:417    .text.XMC_USBD_DeviceSetAddress:00000000 XMC_USBD_DeviceSetAddress
    {standard input}:433    .text.XMC_USBD_DeviceSetAddress:00000014 $d
    {standard input}:436    .text.XMC_USBD_EndpointStall:00000000 $t
    {standard input}:441    .text.XMC_USBD_EndpointStall:00000000 XMC_USBD_EndpointStall
    {standard input}:493    .text.XMC_USBD_EndpointStall:00000078 $d
    {standard input}:496    .text.XMC_USBD_EndpointAbort:00000000 $t
    {standard input}:501    .text.XMC_USBD_EndpointAbort:00000000 XMC_USBD_EndpointAbort
    {standard input}:540    .text.XMC_USBD_EndpointAbort:0000004c $d
    {standard input}:543    .text.XMC_USBD_EndpointUnconfigure:00000000 $t
    {standard input}:548    .text.XMC_USBD_EndpointUnconfigure:00000000 XMC_USBD_EndpointUnconfigure
    {standard input}:632    .text.XMC_USBD_EndpointUnconfigure:000000e8 $d
    {standard input}:636    .text.XMC_USBD_GetFrameNumber:00000000 $t
    {standard input}:641    .text.XMC_USBD_GetFrameNumber:00000000 XMC_USBD_GetFrameNumber
    {standard input}:653    .text.XMC_USBD_GetFrameNumber:00000010 $d
    {standard input}:656    .text.XMC_USBD_IsEnumDone:00000000 $t
    {standard input}:661    .text.XMC_USBD_IsEnumDone:00000000 XMC_USBD_IsEnumDone
    {standard input}:675    .text.XMC_USBD_IsEnumDone:00000014 $d
    {standard input}:678    .text.XMC_USBD_Uninitialize:00000000 $t
    {standard input}:683    .text.XMC_USBD_Uninitialize:00000000 XMC_USBD_Uninitialize
    {standard input}:700    .text.XMC_USBD_Uninitialize:00000020 $d
    {standard input}:703    .text.XMC_USBD_EndpointConfigure:00000000 $t
    {standard input}:708    .text.XMC_USBD_EndpointConfigure:00000000 XMC_USBD_EndpointConfigure
    {standard input}:887    .text.XMC_USBD_EndpointConfigure:000001b4 $d
    {standard input}:893    .text.XMC_USBD_EndpointRead:00000000 $t
    {standard input}:898    .text.XMC_USBD_EndpointRead:00000000 XMC_USBD_EndpointRead
    {standard input}:928    .text.XMC_USBD_EndpointRead:00000034 $d
    {standard input}:931    .text.XMC_USBD_EndpointWrite:00000000 $t
    {standard input}:936    .text.XMC_USBD_EndpointWrite:00000000 XMC_USBD_EndpointWrite
    {standard input}:979    .text.XMC_USBD_EndpointWrite:00000050 $d
    {standard input}:982    .text.XMC_USBD_lDeviceActive:00000000 $t
    {standard input}:987    .text.XMC_USBD_lDeviceActive:00000000 XMC_USBD_lDeviceActive
    {standard input}:1019   .text.XMC_USBD_lDeviceActive:00000030 $d
    {standard input}:1022   .text.XMC_USBD_DeviceGetState:00000000 $t
    {standard input}:1027   .text.XMC_USBD_DeviceGetState:00000000 XMC_USBD_DeviceGetState
    {standard input}:1048   .text.XMC_USBD_DeviceGetState:00000030 $d
    {standard input}:1051   .text.XMC_USBD_Enable:00000000 $t
    {standard input}:1056   .text.XMC_USBD_Enable:00000000 XMC_USBD_Enable
    {standard input}:1067   .text.XMC_USBD_Enable:00000010 $d
    {standard input}:1070   .text.XMC_USBD_Init:00000000 $t
    {standard input}:1075   .text.XMC_USBD_Init:00000000 XMC_USBD_Init
    {standard input}:1171   .text.XMC_USBD_Init:000000f0 $d
    {standard input}:1181   .text.XMC_USBD_Disable:00000000 $t
    {standard input}:1186   .text.XMC_USBD_Disable:00000000 XMC_USBD_Disable
    {standard input}:1197   .text.XMC_USBD_Disable:00000010 $d
    {standard input}:1200   .text.XMC_USBD_ClearEvent:00000000 $t
    {standard input}:1205   .text.XMC_USBD_ClearEvent:00000000 XMC_USBD_ClearEvent
    {standard input}:1214   .text.XMC_USBD_ClearEvent:0000000a $d
    {standard input}:1228   .text.XMC_USBD_ClearEvent:00000018 $t
    {standard input}:1260   .text.XMC_USBD_ClearEvent:00000050 $d
    {standard input}:1263   .text.XMC_USBD_ClearEventINEP:00000000 $t
    {standard input}:1268   .text.XMC_USBD_ClearEventINEP:00000000 XMC_USBD_ClearEventINEP
    {standard input}:1280   .text.XMC_USBD_ClearEventINEP:0000000c $d
    {standard input}:1283   .text.XMC_USBD_ClearEventOUTEP:00000000 $t
    {standard input}:1288   .text.XMC_USBD_ClearEventOUTEP:00000000 XMC_USBD_ClearEventOUTEP
    {standard input}:1300   .text.XMC_USBD_ClearEventOUTEP:00000010 $d
    {standard input}:1303   .text.XMC_USBD_EnableEventOUTEP:00000000 $t
    {standard input}:1308   .text.XMC_USBD_EnableEventOUTEP:00000000 XMC_USBD_EnableEventOUTEP
    {standard input}:1321   .text.XMC_USBD_EnableEventOUTEP:00000010 $d
    {standard input}:1324   .text.XMC_USBD_EnableEventINEP:00000000 $t
    {standard input}:1329   .text.XMC_USBD_EnableEventINEP:00000000 XMC_USBD_EnableEventINEP
    {standard input}:1342   .text.XMC_USBD_EnableEventINEP:00000010 $d
    {standard input}:1345   .text.XMC_USBD_IRQHandler:00000000 $t
    {standard input}:1350   .text.XMC_USBD_IRQHandler:00000000 XMC_USBD_IRQHandler
    {standard input}:1645   .text.XMC_USBD_IRQHandler:0000030c $d
    {standard input}:1649   .text.XMC_USBD_IRQHandler:00000318 $t
    {standard input}:1798   .text.XMC_USBD_IRQHandler:00000478 $d
    {standard input}:1809   .rodata.Driver_USBD0:00000000 Driver_USBD0
    {standard input}:1849   .bss.XMC_USBD_EP_IN_BUFFERSIZE:00000000 XMC_USBD_EP_IN_BUFFERSIZE
    {standard input}:1842   .bss.XMC_USBD_EP_OUT_BUFFERSIZE:00000000 XMC_USBD_EP_OUT_BUFFERSIZE
    {standard input}:1806   .rodata.Driver_USBD0:00000000 $d
    {standard input}:1827   USB_RAM:00000000 $d
    {standard input}:1831   USB_RAM:00000000 XMC_USBD_EP_IN_BUFFER
    {standard input}:1835   USB_RAM:00000700 XMC_USBD_EP_OUT_BUFFER
    {standard input}:1838   .bss.XMC_USBD_EP_OUT_BUFFERSIZE:00000000 $d
    {standard input}:1845   .bss.XMC_USBD_EP_IN_BUFFERSIZE:00000000 $d

UNDEFINED SYMBOLS
memset
memcpy
XMC_SCU_RESET_DeassertPeripheralReset
XMC_SCU_POWER_EnableUsb
XMC_SCU_RESET_AssertPeripheralReset
XMC_SCU_POWER_DisableUsb
