   1              	 .syntax unified
   2              	 .cpu cortex-m4
   3              	 .eabi_attribute 27,3
   4              	 .fpu fpv4-sp-d16
   5              	 .eabi_attribute 20,1
   6              	 .eabi_attribute 21,1
   7              	 .eabi_attribute 23,3
   8              	 .eabi_attribute 24,1
   9              	 .eabi_attribute 25,1
  10              	 .eabi_attribute 26,1
  11              	 .eabi_attribute 30,6
  12              	 .eabi_attribute 34,1
  13              	 .eabi_attribute 18,4
  14              	 .thumb
  15              	 .file "arm_min_q15.c"
  16              	 .text
  17              	.Ltext0:
  18              	 .cfi_sections .debug_frame
  19              	 .section .text.arm_min_q15,"ax",%progbits
  20              	 .align 2
  21              	 .global arm_min_q15
  22              	 .thumb
  23              	 .thumb_func
  25              	arm_min_q15:
  26              	.LFB135:
  27              	 .file 1 "../Dave/Generated/CMSIS_DSP/StatisticsFunctions/arm_min_q15.c"
   1:../Dave/Generated/CMSIS_DSP/StatisticsFunctions/arm_min_q15.c **** /* ----------------------------------------------------------------------
   2:../Dave/Generated/CMSIS_DSP/StatisticsFunctions/arm_min_q15.c ****  * Project:      CMSIS DSP Library
   3:../Dave/Generated/CMSIS_DSP/StatisticsFunctions/arm_min_q15.c ****  * Title:        arm_min_q15.c
   4:../Dave/Generated/CMSIS_DSP/StatisticsFunctions/arm_min_q15.c ****  * Description:  Minimum value of a Q15 vector
   5:../Dave/Generated/CMSIS_DSP/StatisticsFunctions/arm_min_q15.c ****  *
   6:../Dave/Generated/CMSIS_DSP/StatisticsFunctions/arm_min_q15.c ****  * $Date:        27. January 2017
   7:../Dave/Generated/CMSIS_DSP/StatisticsFunctions/arm_min_q15.c ****  * $Revision:    V.1.5.1
   8:../Dave/Generated/CMSIS_DSP/StatisticsFunctions/arm_min_q15.c ****  *
   9:../Dave/Generated/CMSIS_DSP/StatisticsFunctions/arm_min_q15.c ****  * Target Processor: Cortex-M cores
  10:../Dave/Generated/CMSIS_DSP/StatisticsFunctions/arm_min_q15.c ****  * -------------------------------------------------------------------- */
  11:../Dave/Generated/CMSIS_DSP/StatisticsFunctions/arm_min_q15.c **** /*
  12:../Dave/Generated/CMSIS_DSP/StatisticsFunctions/arm_min_q15.c ****  * Copyright (C) 2010-2017 ARM Limited or its affiliates. All rights reserved.
  13:../Dave/Generated/CMSIS_DSP/StatisticsFunctions/arm_min_q15.c ****  *
  14:../Dave/Generated/CMSIS_DSP/StatisticsFunctions/arm_min_q15.c ****  * SPDX-License-Identifier: Apache-2.0
  15:../Dave/Generated/CMSIS_DSP/StatisticsFunctions/arm_min_q15.c ****  *
  16:../Dave/Generated/CMSIS_DSP/StatisticsFunctions/arm_min_q15.c ****  * Licensed under the Apache License, Version 2.0 (the License); you may
  17:../Dave/Generated/CMSIS_DSP/StatisticsFunctions/arm_min_q15.c ****  * not use this file except in compliance with the License.
  18:../Dave/Generated/CMSIS_DSP/StatisticsFunctions/arm_min_q15.c ****  * You may obtain a copy of the License at
  19:../Dave/Generated/CMSIS_DSP/StatisticsFunctions/arm_min_q15.c ****  *
  20:../Dave/Generated/CMSIS_DSP/StatisticsFunctions/arm_min_q15.c ****  * www.apache.org/licenses/LICENSE-2.0
  21:../Dave/Generated/CMSIS_DSP/StatisticsFunctions/arm_min_q15.c ****  *
  22:../Dave/Generated/CMSIS_DSP/StatisticsFunctions/arm_min_q15.c ****  * Unless required by applicable law or agreed to in writing, software
  23:../Dave/Generated/CMSIS_DSP/StatisticsFunctions/arm_min_q15.c ****  * distributed under the License is distributed on an AS IS BASIS, WITHOUT
  24:../Dave/Generated/CMSIS_DSP/StatisticsFunctions/arm_min_q15.c ****  * WARRANTIES OR CONDITIONS OF ANY KIND, either express or implied.
  25:../Dave/Generated/CMSIS_DSP/StatisticsFunctions/arm_min_q15.c ****  * See the License for the specific language governing permissions and
  26:../Dave/Generated/CMSIS_DSP/StatisticsFunctions/arm_min_q15.c ****  * limitations under the License.
  27:../Dave/Generated/CMSIS_DSP/StatisticsFunctions/arm_min_q15.c ****  */
  28:../Dave/Generated/CMSIS_DSP/StatisticsFunctions/arm_min_q15.c **** 
  29:../Dave/Generated/CMSIS_DSP/StatisticsFunctions/arm_min_q15.c **** #include "CMSIS_DSP/cmsis_dsp.h"
  30:../Dave/Generated/CMSIS_DSP/StatisticsFunctions/arm_min_q15.c **** 
  31:../Dave/Generated/CMSIS_DSP/StatisticsFunctions/arm_min_q15.c **** /**
  32:../Dave/Generated/CMSIS_DSP/StatisticsFunctions/arm_min_q15.c ****  * @ingroup groupStats
  33:../Dave/Generated/CMSIS_DSP/StatisticsFunctions/arm_min_q15.c ****  */
  34:../Dave/Generated/CMSIS_DSP/StatisticsFunctions/arm_min_q15.c **** 
  35:../Dave/Generated/CMSIS_DSP/StatisticsFunctions/arm_min_q15.c **** 
  36:../Dave/Generated/CMSIS_DSP/StatisticsFunctions/arm_min_q15.c **** /**
  37:../Dave/Generated/CMSIS_DSP/StatisticsFunctions/arm_min_q15.c ****  * @addtogroup Min
  38:../Dave/Generated/CMSIS_DSP/StatisticsFunctions/arm_min_q15.c ****  * @{
  39:../Dave/Generated/CMSIS_DSP/StatisticsFunctions/arm_min_q15.c ****  */
  40:../Dave/Generated/CMSIS_DSP/StatisticsFunctions/arm_min_q15.c **** 
  41:../Dave/Generated/CMSIS_DSP/StatisticsFunctions/arm_min_q15.c **** 
  42:../Dave/Generated/CMSIS_DSP/StatisticsFunctions/arm_min_q15.c **** /**
  43:../Dave/Generated/CMSIS_DSP/StatisticsFunctions/arm_min_q15.c ****  * @brief Minimum value of a Q15 vector.
  44:../Dave/Generated/CMSIS_DSP/StatisticsFunctions/arm_min_q15.c ****  * @param[in]       *pSrc points to the input vector
  45:../Dave/Generated/CMSIS_DSP/StatisticsFunctions/arm_min_q15.c ****  * @param[in]       blockSize length of the input vector
  46:../Dave/Generated/CMSIS_DSP/StatisticsFunctions/arm_min_q15.c ****  * @param[out]      *pResult minimum value returned here
  47:../Dave/Generated/CMSIS_DSP/StatisticsFunctions/arm_min_q15.c ****  * @param[out]      *pIndex index of minimum value returned here
  48:../Dave/Generated/CMSIS_DSP/StatisticsFunctions/arm_min_q15.c ****  * @return none.
  49:../Dave/Generated/CMSIS_DSP/StatisticsFunctions/arm_min_q15.c ****  */
  50:../Dave/Generated/CMSIS_DSP/StatisticsFunctions/arm_min_q15.c **** 
  51:../Dave/Generated/CMSIS_DSP/StatisticsFunctions/arm_min_q15.c **** void arm_min_q15(
  52:../Dave/Generated/CMSIS_DSP/StatisticsFunctions/arm_min_q15.c ****   q15_t * pSrc,
  53:../Dave/Generated/CMSIS_DSP/StatisticsFunctions/arm_min_q15.c ****   uint32_t blockSize,
  54:../Dave/Generated/CMSIS_DSP/StatisticsFunctions/arm_min_q15.c ****   q15_t * pResult,
  55:../Dave/Generated/CMSIS_DSP/StatisticsFunctions/arm_min_q15.c ****   uint32_t * pIndex)
  56:../Dave/Generated/CMSIS_DSP/StatisticsFunctions/arm_min_q15.c **** {
  28              	 .loc 1 56 0
  29              	 .cfi_startproc
  30              	 
  31              	 
  32              	 
  33 0000 80B4     	 push {r7}
  34              	.LCFI0:
  35              	 .cfi_def_cfa_offset 4
  36              	 .cfi_offset 7,-4
  37 0002 8BB0     	 sub sp,sp,#44
  38              	.LCFI1:
  39              	 .cfi_def_cfa_offset 48
  40 0004 00AF     	 add r7,sp,#0
  41              	.LCFI2:
  42              	 .cfi_def_cfa_register 7
  43 0006 F860     	 str r0,[r7,#12]
  44 0008 B960     	 str r1,[r7,#8]
  45 000a 7A60     	 str r2,[r7,#4]
  46 000c 3B60     	 str r3,[r7]
  57:../Dave/Generated/CMSIS_DSP/StatisticsFunctions/arm_min_q15.c **** #if defined (ARM_MATH_DSP)
  58:../Dave/Generated/CMSIS_DSP/StatisticsFunctions/arm_min_q15.c ****   /* Run the below code for Cortex-M4 and Cortex-M3 */
  59:../Dave/Generated/CMSIS_DSP/StatisticsFunctions/arm_min_q15.c **** 
  60:../Dave/Generated/CMSIS_DSP/StatisticsFunctions/arm_min_q15.c ****   q15_t minVal1, minVal2, out;                   /* Temporary variables to store the output value. 
  61:../Dave/Generated/CMSIS_DSP/StatisticsFunctions/arm_min_q15.c ****   uint32_t blkCnt, outIndex, count;              /* loop counter */
  62:../Dave/Generated/CMSIS_DSP/StatisticsFunctions/arm_min_q15.c **** 
  63:../Dave/Generated/CMSIS_DSP/StatisticsFunctions/arm_min_q15.c ****   /* Initialise the count value. */
  64:../Dave/Generated/CMSIS_DSP/StatisticsFunctions/arm_min_q15.c ****   count = 0u;
  47              	 .loc 1 64 0
  48 000e 0023     	 movs r3,#0
  49 0010 BB61     	 str r3,[r7,#24]
  65:../Dave/Generated/CMSIS_DSP/StatisticsFunctions/arm_min_q15.c ****   /* Initialise the index value to zero. */
  66:../Dave/Generated/CMSIS_DSP/StatisticsFunctions/arm_min_q15.c ****   outIndex = 0u;
  50              	 .loc 1 66 0
  51 0012 0023     	 movs r3,#0
  52 0014 FB61     	 str r3,[r7,#28]
  67:../Dave/Generated/CMSIS_DSP/StatisticsFunctions/arm_min_q15.c ****   /* Load first input value that act as reference value for comparision */
  68:../Dave/Generated/CMSIS_DSP/StatisticsFunctions/arm_min_q15.c ****   out = *pSrc++;
  53              	 .loc 1 68 0
  54 0016 FB68     	 ldr r3,[r7,#12]
  55 0018 9A1C     	 adds r2,r3,#2
  56 001a FA60     	 str r2,[r7,#12]
  57 001c 1B88     	 ldrh r3,[r3]
  58 001e FB84     	 strh r3,[r7,#38]
  69:../Dave/Generated/CMSIS_DSP/StatisticsFunctions/arm_min_q15.c **** 
  70:../Dave/Generated/CMSIS_DSP/StatisticsFunctions/arm_min_q15.c ****   /* Loop unrolling */
  71:../Dave/Generated/CMSIS_DSP/StatisticsFunctions/arm_min_q15.c ****   blkCnt = (blockSize - 1u) >> 2u;
  59              	 .loc 1 71 0
  60 0020 BB68     	 ldr r3,[r7,#8]
  61 0022 013B     	 subs r3,r3,#1
  62 0024 9B08     	 lsrs r3,r3,#2
  63 0026 3B62     	 str r3,[r7,#32]
  72:../Dave/Generated/CMSIS_DSP/StatisticsFunctions/arm_min_q15.c **** 
  73:../Dave/Generated/CMSIS_DSP/StatisticsFunctions/arm_min_q15.c ****   while (blkCnt > 0u)
  64              	 .loc 1 73 0
  65 0028 45E0     	 b .L2
  66              	.L7:
  74:../Dave/Generated/CMSIS_DSP/StatisticsFunctions/arm_min_q15.c ****   {
  75:../Dave/Generated/CMSIS_DSP/StatisticsFunctions/arm_min_q15.c ****     /* Initialize minVal to the next consecutive values one by one */
  76:../Dave/Generated/CMSIS_DSP/StatisticsFunctions/arm_min_q15.c ****     minVal1 = *pSrc++;
  67              	 .loc 1 76 0
  68 002a FB68     	 ldr r3,[r7,#12]
  69 002c 9A1C     	 adds r2,r3,#2
  70 002e FA60     	 str r2,[r7,#12]
  71 0030 1B88     	 ldrh r3,[r3]
  72 0032 FB82     	 strh r3,[r7,#22]
  77:../Dave/Generated/CMSIS_DSP/StatisticsFunctions/arm_min_q15.c ****     minVal2 = *pSrc++;
  73              	 .loc 1 77 0
  74 0034 FB68     	 ldr r3,[r7,#12]
  75 0036 9A1C     	 adds r2,r3,#2
  76 0038 FA60     	 str r2,[r7,#12]
  77 003a 1B88     	 ldrh r3,[r3]
  78 003c BB82     	 strh r3,[r7,#20]
  78:../Dave/Generated/CMSIS_DSP/StatisticsFunctions/arm_min_q15.c **** 
  79:../Dave/Generated/CMSIS_DSP/StatisticsFunctions/arm_min_q15.c ****     /* compare for the minimum value */
  80:../Dave/Generated/CMSIS_DSP/StatisticsFunctions/arm_min_q15.c ****     if (out > minVal1)
  79              	 .loc 1 80 0
  80 003e B7F92620 	 ldrsh r2,[r7,#38]
  81 0042 B7F91630 	 ldrsh r3,[r7,#22]
  82 0046 9A42     	 cmp r2,r3
  83 0048 04DD     	 ble .L3
  81:../Dave/Generated/CMSIS_DSP/StatisticsFunctions/arm_min_q15.c ****     {
  82:../Dave/Generated/CMSIS_DSP/StatisticsFunctions/arm_min_q15.c ****       /* Update the minimum value and its index */
  83:../Dave/Generated/CMSIS_DSP/StatisticsFunctions/arm_min_q15.c ****       out = minVal1;
  84              	 .loc 1 83 0
  85 004a FB8A     	 ldrh r3,[r7,#22]
  86 004c FB84     	 strh r3,[r7,#38]
  84:../Dave/Generated/CMSIS_DSP/StatisticsFunctions/arm_min_q15.c ****       outIndex = count + 1u;
  87              	 .loc 1 84 0
  88 004e BB69     	 ldr r3,[r7,#24]
  89 0050 0133     	 adds r3,r3,#1
  90 0052 FB61     	 str r3,[r7,#28]
  91              	.L3:
  85:../Dave/Generated/CMSIS_DSP/StatisticsFunctions/arm_min_q15.c ****     }
  86:../Dave/Generated/CMSIS_DSP/StatisticsFunctions/arm_min_q15.c **** 
  87:../Dave/Generated/CMSIS_DSP/StatisticsFunctions/arm_min_q15.c ****     /* compare for the minimum value */
  88:../Dave/Generated/CMSIS_DSP/StatisticsFunctions/arm_min_q15.c ****     if (out > minVal2)
  92              	 .loc 1 88 0
  93 0054 B7F92620 	 ldrsh r2,[r7,#38]
  94 0058 B7F91430 	 ldrsh r3,[r7,#20]
  95 005c 9A42     	 cmp r2,r3
  96 005e 04DD     	 ble .L4
  89:../Dave/Generated/CMSIS_DSP/StatisticsFunctions/arm_min_q15.c ****     {
  90:../Dave/Generated/CMSIS_DSP/StatisticsFunctions/arm_min_q15.c ****       /* Update the minimum value and its index */
  91:../Dave/Generated/CMSIS_DSP/StatisticsFunctions/arm_min_q15.c ****       out = minVal2;
  97              	 .loc 1 91 0
  98 0060 BB8A     	 ldrh r3,[r7,#20]
  99 0062 FB84     	 strh r3,[r7,#38]
  92:../Dave/Generated/CMSIS_DSP/StatisticsFunctions/arm_min_q15.c ****       outIndex = count + 2u;
 100              	 .loc 1 92 0
 101 0064 BB69     	 ldr r3,[r7,#24]
 102 0066 0233     	 adds r3,r3,#2
 103 0068 FB61     	 str r3,[r7,#28]
 104              	.L4:
  93:../Dave/Generated/CMSIS_DSP/StatisticsFunctions/arm_min_q15.c ****     }
  94:../Dave/Generated/CMSIS_DSP/StatisticsFunctions/arm_min_q15.c **** 
  95:../Dave/Generated/CMSIS_DSP/StatisticsFunctions/arm_min_q15.c ****     /* Initialize minVal to the next consecutive values one by one */
  96:../Dave/Generated/CMSIS_DSP/StatisticsFunctions/arm_min_q15.c ****     minVal1 = *pSrc++;
 105              	 .loc 1 96 0
 106 006a FB68     	 ldr r3,[r7,#12]
 107 006c 9A1C     	 adds r2,r3,#2
 108 006e FA60     	 str r2,[r7,#12]
 109 0070 1B88     	 ldrh r3,[r3]
 110 0072 FB82     	 strh r3,[r7,#22]
  97:../Dave/Generated/CMSIS_DSP/StatisticsFunctions/arm_min_q15.c ****     minVal2 = *pSrc++;
 111              	 .loc 1 97 0
 112 0074 FB68     	 ldr r3,[r7,#12]
 113 0076 9A1C     	 adds r2,r3,#2
 114 0078 FA60     	 str r2,[r7,#12]
 115 007a 1B88     	 ldrh r3,[r3]
 116 007c BB82     	 strh r3,[r7,#20]
  98:../Dave/Generated/CMSIS_DSP/StatisticsFunctions/arm_min_q15.c **** 
  99:../Dave/Generated/CMSIS_DSP/StatisticsFunctions/arm_min_q15.c ****     /* compare for the minimum value */
 100:../Dave/Generated/CMSIS_DSP/StatisticsFunctions/arm_min_q15.c ****     if (out > minVal1)
 117              	 .loc 1 100 0
 118 007e B7F92620 	 ldrsh r2,[r7,#38]
 119 0082 B7F91630 	 ldrsh r3,[r7,#22]
 120 0086 9A42     	 cmp r2,r3
 121 0088 04DD     	 ble .L5
 101:../Dave/Generated/CMSIS_DSP/StatisticsFunctions/arm_min_q15.c ****     {
 102:../Dave/Generated/CMSIS_DSP/StatisticsFunctions/arm_min_q15.c ****       /* Update the minimum value and its index */
 103:../Dave/Generated/CMSIS_DSP/StatisticsFunctions/arm_min_q15.c ****       out = minVal1;
 122              	 .loc 1 103 0
 123 008a FB8A     	 ldrh r3,[r7,#22]
 124 008c FB84     	 strh r3,[r7,#38]
 104:../Dave/Generated/CMSIS_DSP/StatisticsFunctions/arm_min_q15.c ****       outIndex = count + 3u;
 125              	 .loc 1 104 0
 126 008e BB69     	 ldr r3,[r7,#24]
 127 0090 0333     	 adds r3,r3,#3
 128 0092 FB61     	 str r3,[r7,#28]
 129              	.L5:
 105:../Dave/Generated/CMSIS_DSP/StatisticsFunctions/arm_min_q15.c ****     }
 106:../Dave/Generated/CMSIS_DSP/StatisticsFunctions/arm_min_q15.c **** 
 107:../Dave/Generated/CMSIS_DSP/StatisticsFunctions/arm_min_q15.c ****     /* compare for the minimum value */
 108:../Dave/Generated/CMSIS_DSP/StatisticsFunctions/arm_min_q15.c ****     if (out > minVal2)
 130              	 .loc 1 108 0
 131 0094 B7F92620 	 ldrsh r2,[r7,#38]
 132 0098 B7F91430 	 ldrsh r3,[r7,#20]
 133 009c 9A42     	 cmp r2,r3
 134 009e 04DD     	 ble .L6
 109:../Dave/Generated/CMSIS_DSP/StatisticsFunctions/arm_min_q15.c ****     {
 110:../Dave/Generated/CMSIS_DSP/StatisticsFunctions/arm_min_q15.c ****       /* Update the minimum value and its index */
 111:../Dave/Generated/CMSIS_DSP/StatisticsFunctions/arm_min_q15.c ****       out = minVal2;
 135              	 .loc 1 111 0
 136 00a0 BB8A     	 ldrh r3,[r7,#20]
 137 00a2 FB84     	 strh r3,[r7,#38]
 112:../Dave/Generated/CMSIS_DSP/StatisticsFunctions/arm_min_q15.c ****       outIndex = count + 4u;
 138              	 .loc 1 112 0
 139 00a4 BB69     	 ldr r3,[r7,#24]
 140 00a6 0433     	 adds r3,r3,#4
 141 00a8 FB61     	 str r3,[r7,#28]
 142              	.L6:
 113:../Dave/Generated/CMSIS_DSP/StatisticsFunctions/arm_min_q15.c ****     }
 114:../Dave/Generated/CMSIS_DSP/StatisticsFunctions/arm_min_q15.c **** 
 115:../Dave/Generated/CMSIS_DSP/StatisticsFunctions/arm_min_q15.c ****     count += 4u;
 143              	 .loc 1 115 0
 144 00aa BB69     	 ldr r3,[r7,#24]
 145 00ac 0433     	 adds r3,r3,#4
 146 00ae BB61     	 str r3,[r7,#24]
 116:../Dave/Generated/CMSIS_DSP/StatisticsFunctions/arm_min_q15.c **** 
 117:../Dave/Generated/CMSIS_DSP/StatisticsFunctions/arm_min_q15.c ****     /* Decrement the loop counter */
 118:../Dave/Generated/CMSIS_DSP/StatisticsFunctions/arm_min_q15.c ****     blkCnt--;
 147              	 .loc 1 118 0
 148 00b0 3B6A     	 ldr r3,[r7,#32]
 149 00b2 013B     	 subs r3,r3,#1
 150 00b4 3B62     	 str r3,[r7,#32]
 151              	.L2:
  73:../Dave/Generated/CMSIS_DSP/StatisticsFunctions/arm_min_q15.c ****   {
 152              	 .loc 1 73 0
 153 00b6 3B6A     	 ldr r3,[r7,#32]
 154 00b8 002B     	 cmp r3,#0
 155 00ba B6D1     	 bne .L7
 119:../Dave/Generated/CMSIS_DSP/StatisticsFunctions/arm_min_q15.c ****   }
 120:../Dave/Generated/CMSIS_DSP/StatisticsFunctions/arm_min_q15.c **** 
 121:../Dave/Generated/CMSIS_DSP/StatisticsFunctions/arm_min_q15.c ****   /* if (blockSize - 1u) is not multiple of 4 */
 122:../Dave/Generated/CMSIS_DSP/StatisticsFunctions/arm_min_q15.c ****   blkCnt = (blockSize - 1u) % 4u;
 156              	 .loc 1 122 0
 157 00bc BB68     	 ldr r3,[r7,#8]
 158 00be 013B     	 subs r3,r3,#1
 159 00c0 03F00303 	 and r3,r3,#3
 160 00c4 3B62     	 str r3,[r7,#32]
 123:../Dave/Generated/CMSIS_DSP/StatisticsFunctions/arm_min_q15.c **** 
 124:../Dave/Generated/CMSIS_DSP/StatisticsFunctions/arm_min_q15.c **** #else
 125:../Dave/Generated/CMSIS_DSP/StatisticsFunctions/arm_min_q15.c ****   /* Run the below code for Cortex-M0 */
 126:../Dave/Generated/CMSIS_DSP/StatisticsFunctions/arm_min_q15.c **** 
 127:../Dave/Generated/CMSIS_DSP/StatisticsFunctions/arm_min_q15.c ****   q15_t minVal1, out;                            /* Temporary variables to store the output value. 
 128:../Dave/Generated/CMSIS_DSP/StatisticsFunctions/arm_min_q15.c ****   uint32_t blkCnt, outIndex;                     /* loop counter */
 129:../Dave/Generated/CMSIS_DSP/StatisticsFunctions/arm_min_q15.c **** 
 130:../Dave/Generated/CMSIS_DSP/StatisticsFunctions/arm_min_q15.c ****   /* Initialise the index value to zero. */
 131:../Dave/Generated/CMSIS_DSP/StatisticsFunctions/arm_min_q15.c ****   outIndex = 0u;
 132:../Dave/Generated/CMSIS_DSP/StatisticsFunctions/arm_min_q15.c ****   /* Load first input value that act as reference value for comparision */
 133:../Dave/Generated/CMSIS_DSP/StatisticsFunctions/arm_min_q15.c ****   out = *pSrc++;
 134:../Dave/Generated/CMSIS_DSP/StatisticsFunctions/arm_min_q15.c **** 
 135:../Dave/Generated/CMSIS_DSP/StatisticsFunctions/arm_min_q15.c ****   blkCnt = (blockSize - 1u);
 136:../Dave/Generated/CMSIS_DSP/StatisticsFunctions/arm_min_q15.c **** 
 137:../Dave/Generated/CMSIS_DSP/StatisticsFunctions/arm_min_q15.c **** #endif /* #if defined (ARM_MATH_DSP) */
 138:../Dave/Generated/CMSIS_DSP/StatisticsFunctions/arm_min_q15.c **** 
 139:../Dave/Generated/CMSIS_DSP/StatisticsFunctions/arm_min_q15.c ****   while (blkCnt > 0u)
 161              	 .loc 1 139 0
 162 00c6 13E0     	 b .L8
 163              	.L10:
 140:../Dave/Generated/CMSIS_DSP/StatisticsFunctions/arm_min_q15.c ****   {
 141:../Dave/Generated/CMSIS_DSP/StatisticsFunctions/arm_min_q15.c ****     /* Initialize minVal to the next consecutive values one by one */
 142:../Dave/Generated/CMSIS_DSP/StatisticsFunctions/arm_min_q15.c ****     minVal1 = *pSrc++;
 164              	 .loc 1 142 0
 165 00c8 FB68     	 ldr r3,[r7,#12]
 166 00ca 9A1C     	 adds r2,r3,#2
 167 00cc FA60     	 str r2,[r7,#12]
 168 00ce 1B88     	 ldrh r3,[r3]
 169 00d0 FB82     	 strh r3,[r7,#22]
 143:../Dave/Generated/CMSIS_DSP/StatisticsFunctions/arm_min_q15.c **** 
 144:../Dave/Generated/CMSIS_DSP/StatisticsFunctions/arm_min_q15.c ****     /* compare for the minimum value */
 145:../Dave/Generated/CMSIS_DSP/StatisticsFunctions/arm_min_q15.c ****     if (out > minVal1)
 170              	 .loc 1 145 0
 171 00d2 B7F92620 	 ldrsh r2,[r7,#38]
 172 00d6 B7F91630 	 ldrsh r3,[r7,#22]
 173 00da 9A42     	 cmp r2,r3
 174 00dc 05DD     	 ble .L9
 146:../Dave/Generated/CMSIS_DSP/StatisticsFunctions/arm_min_q15.c ****     {
 147:../Dave/Generated/CMSIS_DSP/StatisticsFunctions/arm_min_q15.c ****       /* Update the minimum value and it's index */
 148:../Dave/Generated/CMSIS_DSP/StatisticsFunctions/arm_min_q15.c ****       out = minVal1;
 175              	 .loc 1 148 0
 176 00de FB8A     	 ldrh r3,[r7,#22]
 177 00e0 FB84     	 strh r3,[r7,#38]
 149:../Dave/Generated/CMSIS_DSP/StatisticsFunctions/arm_min_q15.c ****       outIndex = blockSize - blkCnt;
 178              	 .loc 1 149 0
 179 00e2 BA68     	 ldr r2,[r7,#8]
 180 00e4 3B6A     	 ldr r3,[r7,#32]
 181 00e6 D31A     	 subs r3,r2,r3
 182 00e8 FB61     	 str r3,[r7,#28]
 183              	.L9:
 150:../Dave/Generated/CMSIS_DSP/StatisticsFunctions/arm_min_q15.c ****     }
 151:../Dave/Generated/CMSIS_DSP/StatisticsFunctions/arm_min_q15.c **** 
 152:../Dave/Generated/CMSIS_DSP/StatisticsFunctions/arm_min_q15.c ****     /* Decrement the loop counter */
 153:../Dave/Generated/CMSIS_DSP/StatisticsFunctions/arm_min_q15.c ****     blkCnt--;
 184              	 .loc 1 153 0
 185 00ea 3B6A     	 ldr r3,[r7,#32]
 186 00ec 013B     	 subs r3,r3,#1
 187 00ee 3B62     	 str r3,[r7,#32]
 188              	.L8:
 139:../Dave/Generated/CMSIS_DSP/StatisticsFunctions/arm_min_q15.c ****   {
 189              	 .loc 1 139 0
 190 00f0 3B6A     	 ldr r3,[r7,#32]
 191 00f2 002B     	 cmp r3,#0
 192 00f4 E8D1     	 bne .L10
 154:../Dave/Generated/CMSIS_DSP/StatisticsFunctions/arm_min_q15.c ****   }
 155:../Dave/Generated/CMSIS_DSP/StatisticsFunctions/arm_min_q15.c **** 
 156:../Dave/Generated/CMSIS_DSP/StatisticsFunctions/arm_min_q15.c ****   /* Store the minimum value and it's index into destination pointers */
 157:../Dave/Generated/CMSIS_DSP/StatisticsFunctions/arm_min_q15.c ****   *pResult = out;
 193              	 .loc 1 157 0
 194 00f6 7B68     	 ldr r3,[r7,#4]
 195 00f8 FA8C     	 ldrh r2,[r7,#38]
 196 00fa 1A80     	 strh r2,[r3]
 158:../Dave/Generated/CMSIS_DSP/StatisticsFunctions/arm_min_q15.c ****   *pIndex = outIndex;
 197              	 .loc 1 158 0
 198 00fc 3B68     	 ldr r3,[r7]
 199 00fe FA69     	 ldr r2,[r7,#28]
 200 0100 1A60     	 str r2,[r3]
 159:../Dave/Generated/CMSIS_DSP/StatisticsFunctions/arm_min_q15.c **** }
 201              	 .loc 1 159 0
 202 0102 2C37     	 adds r7,r7,#44
 203              	.LCFI3:
 204              	 .cfi_def_cfa_offset 4
 205 0104 BD46     	 mov sp,r7
 206              	.LCFI4:
 207              	 .cfi_def_cfa_register 13
 208              	 
 209 0106 5DF8047B 	 ldr r7,[sp],#4
 210              	.LCFI5:
 211              	 .cfi_restore 7
 212              	 .cfi_def_cfa_offset 0
 213 010a 7047     	 bx lr
 214              	 .cfi_endproc
 215              	.LFE135:
 217              	 .text
 218              	.Letext0:
 219              	 .file 2 "c:\\program files (x86)\\dave\\eclipse\\arm-gcc-49\\arm-none-eabi\\include\\machine\\_default_types.h"
 220              	 .file 3 "c:\\program files (x86)\\dave\\eclipse\\arm-gcc-49\\arm-none-eabi\\include\\stdint.h"
 221              	 .file 4 "C:/Users/VMORAIS/Documents/DAVE_WS/1p_inverter_200V/Dave/Generated/CMSIS_DSP/arm_math.h"
DEFINED SYMBOLS
                            *ABS*:00000000 arm_min_q15.c
    {standard input}:20     .text.arm_min_q15:00000000 $t
    {standard input}:25     .text.arm_min_q15:00000000 arm_min_q15
                     .debug_frame:00000010 $d

NO UNDEFINED SYMBOLS
